nohup: ignoring input

Attaching package: ‘igraph’

The following objects are masked from ‘package:stats’:

    decompose, spectrum

The following object is masked from ‘package:base’:

    union

Warning message:
no DISPLAY variable so Tk is not available 

Attaching package: ‘xtable’

The following object is masked from ‘package:RSiena’:

    xtable

[1] "1"
[1] "/scratch/krm7/artwork/DATAandCODE/data/100_unique_id/p1"
  effectName        include fix   test  initialValue parm
1 mnet: betweenness TRUE    FALSE FALSE          0   0   
  effectName        include fix   test  initialValue parm
1 pnet: betweenness TRUE    FALSE FALSE          0   0   
  effectName include fix   test  initialValue parm
1 mnet: pnet TRUE    FALSE FALSE          0   0   
  effectName include fix   test  initialValue parm
1 pnet: mnet TRUE    FALSE FALSE          0   0   
  effectName                include fix   test  initialValue parm
1 mnet: ranking ego and alt TRUE    FALSE FALSE          0   0   
2 mnet: ranking similarity  TRUE    FALSE FALSE          0   0   
  effectName                 include fix   test  initialValue parm
1 mnet: soloshow ego and alt TRUE    FALSE FALSE          0   0   
2 mnet: soloshow similarity  TRUE    FALSE FALSE          0   0   
  effectName              include fix   test  initialValue parm
1 mnet: award ego and alt TRUE    FALSE FALSE          0   0   
2 mnet: award similarity  TRUE    FALSE FALSE          0   0   
  effectName                  include fix   test  initialValue parm
1 mnet: meanprice ego and alt TRUE    FALSE FALSE          0   0   
2 mnet: meanprice similarity  TRUE    FALSE FALSE          0   0   
  effectName                    include fix   test  initialValue parm
1 mnet: festbiennal ego and alt TRUE    FALSE FALSE          0   0   
2 mnet: festbiennal similarity  TRUE    FALSE FALSE          0   0   
  effectName                  include fix   test  initialValue parm
1 mnet: groupshow ego and alt TRUE    FALSE FALSE          0   0   
2 mnet: groupshow similarity  TRUE    FALSE FALSE          0   0   
  effectName                include fix   test  initialValue parm
1 pnet: ranking ego and alt TRUE    FALSE FALSE          0   0   
2 pnet: ranking similarity  TRUE    FALSE FALSE          0   0   
  effectName                 include fix   test  initialValue parm
1 pnet: soloshow ego and alt TRUE    FALSE FALSE          0   0   
2 pnet: soloshow similarity  TRUE    FALSE FALSE          0   0   
  effectName              include fix   test  initialValue parm
1 pnet: award ego and alt TRUE    FALSE FALSE          0   0   
2 pnet: award similarity  TRUE    FALSE FALSE          0   0   
  effectName                  include fix   test  initialValue parm
1 pnet: meanprice ego and alt TRUE    FALSE FALSE          0   0   
2 pnet: meanprice similarity  TRUE    FALSE FALSE          0   0   
  effectName                    include fix   test  initialValue parm
1 pnet: festbiennal ego and alt TRUE    FALSE FALSE          0   0   
2 pnet: festbiennal similarity  TRUE    FALSE FALSE          0   0   
[1] "/scratch/krm7/artwork/result/two_net_model_period_1_n_100_cycle4ND_181203"
siena07 will create an output file /scratch/krm7/artwork/result/two_net_model_period_1_n_100_cycle4ND_181203.txt .
[1] "2020-11-06 23:26:37 GST"
No X11 device available, forcing use of batch mode

Start phase 0 
theta: 15.799 12.325 44.157 21.171  0.199  0.000  0.000  0.000  0.000  0.000  0.000  0.000  0.000  0.000  0.000  0.000  0.000  0.000  0.000 47.752 48.035 27.352 37.451  0.193  0.000  0.000  0.000  0.000  0.000  0.000  0.000  0.000  0.000  0.000  0.000  0.000 

Start phase 1 
Phase 1 Iteration 1 Progress: 0%
Phase 1 Iteration 41 Progress: 0%
Phase 1 Iteration 81 Progress: 0%
theta:  1.58e+01  1.25e+01  4.41e+01  2.13e+01  2.32e-01 -1.77e-03 -3.60e-05 -3.12e-03 -1.47e-03 -2.07e-02 -2.13e-03 -5.32e-03  5.50e-05  9.30e-02  8.99e-05  3.08e-02 -6.49e-05  4.10e-02  2.54e-02  4.83e+01  4.89e+01  2.79e+01  3.85e+01  2.63e-01 -3.04e-03  4.26e-05  9.96e-03 -2.09e-05 -2.02e-02 -8.44e-03 -1.48e-02  2.88e-05  2.62e-02 -1.42e-03 -1.04e-02  4.27e-03 

Start phase 2.1
Phase 2 Subphase 1 Iteration 1 Progress: 67%
Phase 2 Subphase 1 Iteration 2 Progress: 67%
theta  1.53e+01  1.32e+01  4.40e+01  2.11e+01  3.77e-01 -1.41e-02 -2.34e-04 -1.93e-02 -2.51e-03 -1.43e-01 -1.53e-02 -2.51e-02  5.54e-05  3.07e-01 -1.30e-03  1.66e-01  3.63e-04  1.63e-01  2.65e-01  4.87e+01  4.88e+01  2.75e+01  4.00e+01  4.63e-01 -1.67e-02  2.09e-04  4.51e-02  1.43e-03 -9.09e-02 -3.35e-02 -4.41e-02  5.48e-05  6.76e-02 -7.06e-03  5.32e-02  1.57e-01 
ac  1.1348  1.0320  1.1247  1.1805  1.2080  1.0557  1.1399  1.1321  1.0667  1.6016  0.9243  1.0360  0.8654  0.8088  0.9319  0.8992  1.0419  0.9550  1.1262  1.0871  1.0889  1.1006  1.0983  0.0548  1.0584  1.0477  1.0717  1.2360 -1.2880  0.9235  1.0716  1.0479  1.0368  0.8826  0.8915  1.0653 
Phase 2 Subphase 1 Iteration 3 Progress: 67%
Phase 2 Subphase 1 Iteration 4 Progress: 67%
theta  1.41e+01  1.52e+01  4.38e+01  2.12e+01  8.46e-01 -5.25e-02 -8.17e-04 -7.88e-02 -6.28e-03 -4.88e-01 -5.13e-02 -8.36e-02  5.42e-05  9.32e-01 -2.67e-03  5.61e-01  1.63e-03  5.01e-01  9.80e-01  5.03e+01  4.87e+01  2.69e+01  4.53e+01  1.11e+00 -5.92e-02  6.85e-04  1.33e-01  5.09e-03 -2.93e-01 -1.06e-01 -1.29e-01  1.36e-04  1.79e-01 -2.40e-02  2.30e-01  6.03e-01 
ac 1.233 1.136 1.223 1.205 1.153 1.168 1.214 1.222 1.122 1.590 1.095 1.169 0.937 0.894 1.024 1.006 1.121 1.024 1.230 1.216 1.205 1.207 1.111 0.813 1.177 1.157 1.202 1.307 0.736 1.003 1.170 1.140 1.116 1.100 1.061 1.140 
Phase 2 Subphase 1 Iteration 5 Progress: 67%
Phase 2 Subphase 1 Iteration 6 Progress: 67%
theta  1.45e+01  1.69e+01  4.88e+01  2.65e+01  1.39e+00 -1.00e-01 -1.68e-03 -3.87e-01 -6.31e-03 -8.44e-01 -7.32e-02 -1.05e-01 -4.32e-05  1.51e+00  2.66e-02  9.36e-01  5.06e-03  6.26e-01  1.85e+00  5.25e+01  5.00e+01  2.42e+01  5.31e+01  1.79e+00 -9.73e-02  7.10e-04  1.09e-01  7.60e-03 -4.52e-01 -1.69e-01 -1.93e-01  3.29e-04  2.32e-01 -4.73e-02  4.29e-01  8.20e-01 
ac 1.235 1.150 1.110 1.212 1.180 1.178 1.184 1.209 1.107 1.259 1.114 1.165 1.020 1.013 1.047 1.033 1.098 1.013 1.156 1.199 1.200 1.211 1.066 0.936 1.150 1.160 1.206 1.280 0.817 0.949 1.087 1.171 1.156 1.101 1.052 1.134 
Phase 2 Subphase 1 Iteration 7 Progress: 67%
Phase 2 Subphase 1 Iteration 8 Progress: 67%
theta 16.630474 15.306890 65.417022 33.563903  1.621375 -0.138245 -0.003034 -1.205208  0.004699 -1.086385 -0.075629 -0.064356 -0.000382  1.902556  0.109105  1.069167  0.015668  0.239036  2.866605 52.766383 53.227843 12.156000 60.956603  1.800154 -0.089678 -0.000361 -0.108347  0.018926 -0.338877 -0.156750 -0.162531  0.000624  0.307156 -0.058751  0.437211  0.526764 
ac 1.224 1.147 1.091 1.210 1.176 1.177 1.188 1.208 1.127 1.272 1.113 1.165 1.022 1.014 1.076 1.071 1.105 1.042 1.144 1.190 1.200 1.190 1.055 0.939 1.153 1.147 0.879 1.287 0.802 0.955 1.071 1.179 1.164 1.118 1.054 1.135 
Phase 2 Subphase 1 Iteration 9 Progress: 67%
Phase 2 Subphase 1 Iteration 10 Progress: 67%
theta 16.126133 12.528972 95.370836 45.178403  1.857185 -0.185865 -0.004662 -2.277773 -0.001251 -1.188797 -0.099178  0.031797 -0.000913  2.342471  0.210945  1.326681  0.029838 -0.026949  4.350855 58.905553 59.551959 14.289090 82.437906  1.853870 -0.085021 -0.001259 -0.690110  0.032774 -0.245961 -0.099777 -0.090396  0.000969  0.436527 -0.058061  0.248622  0.255116 
ac 1.208 1.143 1.094 1.213 1.177 1.176 1.193 1.215 1.130 1.257 1.102 1.159 1.029 1.021 1.079 1.075 1.111 1.055 1.144 1.185 1.199 1.180 1.058 0.943 1.154 1.133 0.932 1.280 0.851 0.984 1.073 1.179 1.164 0.959 0.947 1.140 
Phase 2 Subphase 1 Iteration 100 Progress: 69%
theta  13.37906   9.21068 907.59279 458.07780  12.10955  -1.84287  -0.02146 -12.53668  -0.24241  -6.17745  -0.68593   0.76863  -0.00594   6.30450   1.31693  10.96841   0.17246   7.69063  46.21565 126.90028 103.75447  12.02541 810.71835   1.72491  -0.07604  -0.00208  -1.56156   0.03017  -0.00859  -0.00810   0.05760   0.00176   1.30270  -0.05234  -0.05450   0.15478 
ac  1.3070  1.2495  0.9176  1.4893  1.3422  1.0998  1.1507  1.3924  1.0723  0.6339  0.9065  0.7291  1.0657  1.0337  1.0537  0.9602  1.1403  0.9852  0.9227  0.7957  0.5722  1.0815  0.8102 -0.7108  0.4313  0.1212  0.2584 -0.0288 -0.0180  1.1370  1.0944  0.6541  0.8790 -0.4794 -0.0894  0.4737 
Phase 2 Subphase 1 Iteration 1 Progress: 69%
Phase 2 Subphase 1 Iteration 2 Progress: 69%
Phase 2 Subphase 1 Iteration 3 Progress: 69%
Phase 2 Subphase 1 Iteration 4 Progress: 69%
Phase 2 Subphase 1 Iteration 5 Progress: 69%
Phase 2 Subphase 1 Iteration 6 Progress: 69%
Phase 2 Subphase 1 Iteration 7 Progress: 69%
Phase 2 Subphase 1 Iteration 8 Progress: 69%
Phase 2 Subphase 1 Iteration 9 Progress: 69%
Phase 2 Subphase 1 Iteration 10 Progress: 69%
Phase 2 Subphase 1 Iteration 1 Progress: 69%
Phase 2 Subphase 1 Iteration 2 Progress: 69%
Phase 2 Subphase 1 Iteration 3 Progress: 69%
Phase 2 Subphase 1 Iteration 4 Progress: 69%
Phase 2 Subphase 1 Iteration 5 Progress: 69%
Phase 2 Subphase 1 Iteration 6 Progress: 69%
Phase 2 Subphase 1 Iteration 7 Progress: 69%
Phase 2 Subphase 1 Iteration 8 Progress: 69%
Phase 2 Subphase 1 Iteration 9 Progress: 69%
Phase 2 Subphase 1 Iteration 10 Progress: 69%
Phase 2 Subphase 1 Iteration 1 Progress: 69%
Phase 2 Subphase 1 Iteration 2 Progress: 69%
Phase 2 Subphase 1 Iteration 3 Progress: 69%
Phase 2 Subphase 1 Iteration 4 Progress: 69%
Phase 2 Subphase 1 Iteration 5 Progress: 69%
Phase 2 Subphase 1 Iteration 6 Progress: 69%
Phase 2 Subphase 1 Iteration 7 Progress: 69%
Phase 2 Subphase 1 Iteration 8 Progress: 69%
Phase 2 Subphase 1 Iteration 9 Progress: 69%
Phase 2 Subphase 1 Iteration 10 Progress: 69%
Phase 2 Subphase 1 Iteration 100 Progress: 71%
theta  1.49e+01  9.47e+00  3.54e+03  1.73e+03  3.50e+01 -6.05e+00 -5.29e-02 -2.76e+01 -5.80e-01 -1.46e+01 -6.76e-01  1.97e+00 -1.86e-02  2.02e+01  4.33e+00  4.06e+01  3.61e-01  1.95e+01  1.44e+02  1.15e+02  1.07e+02  1.11e+01  1.80e+03  1.73e+00 -7.50e-02 -2.23e-03 -1.67e+00  3.26e-02  4.73e-02 -1.22e-02  5.21e-02  1.77e-03  1.29e+00 -5.02e-02 -1.28e-01  1.41e-01 
ac  1.430086  1.801258  0.948382  1.573278  1.132319  0.659713  2.590227  1.789354 -0.697746  0.739410  1.453613 -0.437960  1.038944  1.016569 -0.393113  1.157254  1.826104  1.147726  0.960066 -1.114117 -0.169486  0.850311 -1.298678 -0.775136 -1.047185 -0.081929  0.179177 -0.215425  0.000512  1.076712  0.924730 -0.949177 -1.372868 -0.479878 -0.148155 -1.187108 
Phase 2 Subphase 1 Iteration 200 Progress: 72%
theta  1.49e+01  9.46e+00  4.68e+03  2.25e+03  4.47e+01 -7.78e+00 -6.61e-02 -3.46e+01 -7.27e-01 -1.83e+01 -7.40e-01  2.62e+00 -2.45e-02  2.61e+01  5.70e+00  5.39e+01  4.42e-01  2.42e+01  1.83e+02  1.17e+02  1.08e+02  1.07e+01  2.10e+03  1.73e+00 -7.51e-02 -2.32e-03 -1.74e+00  3.28e-02  5.64e-02 -1.53e-03  9.27e-02  1.90e-03  1.52e+00 -4.60e-02  1.42e-02  1.34e-01 
ac  1.3960  1.8186  0.9472  1.5502  1.1336  0.6570  2.9316  1.7657 -0.6346  0.7428  1.2477 -0.3261  1.0409  1.0171 -0.3970  1.2212  1.8639  1.1760  0.9955 -1.2647 -0.1707  0.8474 -1.2824 -0.8022 -1.0999 -0.0772  0.2160 -0.2105 -0.0216  1.0345  0.8926 -0.9983 -1.3458 -0.4972 -0.1495 -1.2452 
theta  1.47e+01  9.86e+00  3.62e+03  1.77e+03  3.57e+01 -6.17e+00 -5.39e-02 -2.81e+01 -5.93e-01 -1.50e+01 -6.77e-01  2.02e+00 -1.91e-02  2.06e+01  4.43e+00  4.17e+01  3.67e-01  2.00e+01  1.46e+02  1.16e+02  1.07e+02  1.24e+01  1.82e+03  1.84e+00 -8.16e-02 -2.11e-03 -1.66e+00  3.05e-02  1.99e-02 -1.84e-02  4.48e-02  1.80e-03  1.35e+00 -4.50e-02 -9.32e-02  1.96e-01 
ac  1.390  1.819  0.946  1.537  1.135  0.657  3.044  1.766 -0.662  0.748  1.239 -0.329  1.041  1.018 -0.426  1.247  1.868  1.179  0.996 -1.278 -0.174  0.848 -1.284 -0.806 -1.104 -0.077  0.220 -0.199 -0.011  1.035  0.902 -1.004 -1.319 -0.502 -0.151 -1.253 
theta:  1.47e+01  9.86e+00  3.62e+03  1.77e+03  3.57e+01 -6.17e+00 -5.39e-02 -2.81e+01 -5.93e-01 -1.50e+01 -6.77e-01  2.02e+00 -1.91e-02  2.06e+01  4.43e+00  4.17e+01  3.67e-01  2.00e+01  1.46e+02  1.16e+02  1.07e+02  1.24e+01  1.82e+03  1.84e+00 -8.16e-02 -2.11e-03 -1.66e+00  3.05e-02  1.99e-02 -1.84e-02  4.48e-02  1.80e-03  1.35e+00 -4.50e-02 -9.32e-02  1.96e-01 

Start phase 2.2
Phase 2 Subphase 2 Iteration 1 Progress: 72%
Phase 2 Subphase 2 Iteration 2 Progress: 72%
Phase 2 Subphase 2 Iteration 3 Progress: 72%
Phase 2 Subphase 2 Iteration 4 Progress: 72%
Phase 2 Subphase 2 Iteration 5 Progress: 72%
Phase 2 Subphase 2 Iteration 6 Progress: 72%
Phase 2 Subphase 2 Iteration 7 Progress: 72%
Phase 2 Subphase 2 Iteration 8 Progress: 72%
Phase 2 Subphase 2 Iteration 9 Progress: 72%
Phase 2 Subphase 2 Iteration 10 Progress: 72%
Phase 2 Subphase 2 Iteration 100 Progress: 74%
theta  1.49e+01  1.04e+01  4.57e+03  2.20e+03  4.36e+01 -7.59e+00 -6.49e-02 -3.42e+01 -6.98e-01 -1.77e+01 -7.20e-01  2.61e+00 -2.41e-02  2.53e+01  5.60e+00  5.23e+01  4.36e-01  2.30e+01  1.78e+02  1.47e+02  1.27e+02  1.23e+01  2.02e+03  1.83e+00 -8.09e-02 -2.05e-03 -1.64e+00  3.00e-02  1.40e-02 -1.66e-02  4.04e-02  1.69e-03  1.21e+00 -3.71e-02 -3.16e-02  1.83e-01 
ac  0.873  0.794  1.024  0.834  0.962  1.225  0.548  0.782  0.181  1.124  0.614 -0.456  0.973  0.981 -0.558  0.682  0.718  0.895  0.982 -0.128  2.850  1.040 -0.771 -1.340 -0.665  1.759  1.034  1.474  1.210  1.040  1.072 -0.302  0.108 -2.103  2.065 -0.538 
Phase 2 Subphase 2 Iteration 1 Progress: 74%
Phase 2 Subphase 2 Iteration 2 Progress: 74%
Phase 2 Subphase 2 Iteration 3 Progress: 74%
Phase 2 Subphase 2 Iteration 4 Progress: 74%
Phase 2 Subphase 2 Iteration 5 Progress: 74%
Phase 2 Subphase 2 Iteration 6 Progress: 74%
Phase 2 Subphase 2 Iteration 7 Progress: 74%
Phase 2 Subphase 2 Iteration 8 Progress: 74%
Phase 2 Subphase 2 Iteration 9 Progress: 74%
Phase 2 Subphase 2 Iteration 10 Progress: 74%
Phase 2 Subphase 2 Iteration 1 Progress: 74%
Phase 2 Subphase 2 Iteration 2 Progress: 74%
Phase 2 Subphase 2 Iteration 3 Progress: 74%
Phase 2 Subphase 2 Iteration 4 Progress: 74%
Phase 2 Subphase 2 Iteration 5 Progress: 74%
Phase 2 Subphase 2 Iteration 6 Progress: 74%
Phase 2 Subphase 2 Iteration 7 Progress: 74%
Phase 2 Subphase 2 Iteration 8 Progress: 74%
Phase 2 Subphase 2 Iteration 9 Progress: 74%
Phase 2 Subphase 2 Iteration 10 Progress: 74%
Phase 2 Subphase 2 Iteration 1 Progress: 74%
Phase 2 Subphase 2 Iteration 2 Progress: 74%
Phase 2 Subphase 2 Iteration 3 Progress: 74%
Phase 2 Subphase 2 Iteration 4 Progress: 74%
Phase 2 Subphase 2 Iteration 5 Progress: 74%
Phase 2 Subphase 2 Iteration 6 Progress: 74%
Phase 2 Subphase 2 Iteration 7 Progress: 74%
Phase 2 Subphase 2 Iteration 8 Progress: 74%
Phase 2 Subphase 2 Iteration 9 Progress: 74%
Phase 2 Subphase 2 Iteration 10 Progress: 74%
Phase 2 Subphase 2 Iteration 100 Progress: 76%
theta  1.45e+01  1.03e+01  6.70e+03  3.12e+03  6.11e+01 -1.07e+01 -8.96e-02 -4.75e+01 -8.81e-01 -2.38e+01 -7.57e-01  3.92e+00 -3.59e-02  3.49e+01  8.09e+00  7.60e+01  5.81e-01  3.12e+01  2.50e+02  1.63e+02  1.30e+02  1.23e+01  2.38e+03  1.83e+00 -8.04e-02 -2.10e-03 -1.70e+00  2.73e-02  3.53e-02 -9.03e-03  7.58e-02  1.72e-03  1.36e+00 -3.57e-02 -1.83e-02  1.77e-01 
ac  0.9002  0.8125  1.0331  0.8283  0.9159  1.2104  0.5045  0.7775  0.0556  1.1185  0.5467 -0.2781  0.9971  0.9973 -0.3688  0.7474  0.7715  0.9111  1.1069 -0.3876  3.0243  1.0374 -1.1419 -1.2850 -0.7024  1.7810  1.0370  1.2799  1.1835  0.9547  0.9904 -0.2349  0.1274 -1.8983  1.6570 -0.6396 
Phase 2 Subphase 2 Iteration 200 Progress: 78%
theta  1.47e+01  1.03e+01  7.68e+03  3.54e+03  6.91e+01 -1.22e+01 -1.01e-01 -5.39e+01 -9.84e-01 -2.65e+01 -7.21e-01  4.64e+00 -4.13e-02  3.96e+01  9.24e+00  8.71e+01  6.49e-01  3.53e+01  2.82e+02  1.64e+02  1.29e+02  1.22e+01  2.54e+03  1.84e+00 -8.07e-02 -2.12e-03 -1.71e+00  2.87e-02  4.48e-02 -6.00e-03  7.22e-02  1.67e-03  1.25e+00 -3.43e-02 -1.93e-02  1.89e-01 
ac  0.8708  0.8014  1.0335  0.8253  0.9176  1.2365  0.4668  0.7613 -0.0525  1.1060  0.5818 -0.1894  0.9837  0.9884 -0.3348  0.7261  0.7283  0.8809  1.0860 -0.4196  3.4449  1.0350 -1.1660 -1.3096 -0.7084  1.8709  0.9826  1.3598  1.1768  0.9748  1.0205 -0.2478  0.0892 -2.1359  1.9951 -0.6638 
theta  1.47e+01  1.02e+01  6.86e+03  3.18e+03  6.24e+01 -1.10e+01 -9.14e-02 -4.86e+01 -9.01e-01 -2.42e+01 -7.29e-01  4.08e+00 -3.68e-02  3.57e+01  8.27e+00  7.78e+01  5.92e-01  3.19e+01  2.55e+02  1.63e+02  1.29e+02  1.18e+01  2.41e+03  1.79e+00 -7.83e-02 -2.14e-03 -1.70e+00  2.92e-02  5.29e-02 -9.24e-03  6.92e-02  1.70e-03  1.27e+00 -3.54e-02  8.59e-04  1.60e-01 
ac  0.8688  0.7967  1.0338  0.8282  0.9197  1.2360  0.4579  0.7579 -0.0783  1.1250  0.5794 -0.0965  0.9814  0.9874 -0.3172  0.7384  0.7274  0.8816  1.0800 -0.4235  3.4864  1.0369 -1.1882 -1.3016 -0.7085  1.8836  0.9788  1.4047  1.1873  0.9811  1.0179 -0.2354  0.1024 -2.1248  1.9910 -0.6623 
theta:  1.47e+01  1.02e+01  6.86e+03  3.18e+03  6.24e+01 -1.10e+01 -9.14e-02 -4.86e+01 -9.01e-01 -2.42e+01 -7.29e-01  4.08e+00 -3.68e-02  3.57e+01  8.27e+00  7.78e+01  5.92e-01  3.19e+01  2.55e+02  1.63e+02  1.29e+02  1.18e+01  2.41e+03  1.79e+00 -7.83e-02 -2.14e-03 -1.70e+00  2.92e-02  5.29e-02 -9.24e-03  6.92e-02  1.70e-03  1.27e+00 -3.54e-02  8.59e-04  1.60e-01 

Start phase 2.3
Phase 2 Subphase 3 Iteration 1 Progress: 78%
Phase 2 Subphase 3 Iteration 2 Progress: 78%
Phase 2 Subphase 3 Iteration 3 Progress: 78%
Phase 2 Subphase 3 Iteration 4 Progress: 78%
Phase 2 Subphase 3 Iteration 5 Progress: 78%
Phase 2 Subphase 3 Iteration 6 Progress: 78%
Phase 2 Subphase 3 Iteration 7 Progress: 78%
Phase 2 Subphase 3 Iteration 8 Progress: 78%
Phase 2 Subphase 3 Iteration 9 Progress: 78%
Phase 2 Subphase 3 Iteration 10 Progress: 78%
Phase 2 Subphase 3 Iteration 100 Progress: 79%
theta  1.49e+01  1.03e+01  7.46e+03  3.44e+03  6.72e+01 -1.18e+01 -9.84e-02 -5.25e+01 -9.60e-01 -2.60e+01 -7.28e-01  4.56e+00 -4.01e-02  3.87e+01  8.98e+00  8.44e+01  6.36e-01  3.42e+01  2.75e+02  1.68e+02  1.32e+02  1.16e+01  2.49e+03  1.79e+00 -7.79e-02 -2.13e-03 -1.70e+00  2.87e-02  6.85e-02 -1.49e-02  5.34e-02  1.67e-03  1.20e+00 -3.44e-02  1.32e-02  1.60e-01 
ac  1.0026  0.9951  0.9916  0.9897  1.0041  0.9946  1.0016  1.0291  0.3286  0.9368  0.7900  0.0825  0.9992  1.0003  0.0294  0.8390  1.0037  1.0077  0.9688  0.9093  0.9250  0.9984  0.3274  0.1352  0.6391  1.0074  0.9530  0.7636  0.6305  0.9359  0.9262 -0.0818  0.3724  0.5873  0.8815  0.4309 
Phase 2 Subphase 3 Iteration 200 Progress: 81%
theta  1.48e+01  1.02e+01  8.08e+03  3.70e+03  7.23e+01 -1.27e+01 -1.06e-01 -5.67e+01 -1.01e+00 -2.79e+01 -7.51e-01  4.93e+00 -4.36e-02  4.16e+01  9.70e+00  9.12e+01  6.80e-01  3.67e+01  2.95e+02  1.72e+02  1.34e+02  1.14e+01  2.57e+03  1.78e+00 -7.75e-02 -2.13e-03 -1.71e+00  2.85e-02  3.82e-02 -1.20e-02  6.69e-02  1.70e-03  1.24e+00 -3.34e-02  3.53e-02  1.52e-01 
ac  0.99388  1.00404  0.99326  0.99325  0.99619  0.99478  0.95513  1.00178  0.33986  0.98178  0.77980  0.04102  1.00501  1.00238  0.09173  0.88867  0.99734  0.98559  0.97860  0.81354  0.93157  0.99617  0.41247  0.02910  0.65859  0.95108  0.93561  0.79578  0.64118  0.92507  0.88701 -0.00604  0.39660  0.44881  0.84378  0.37437 
theta  1.48e+01  1.02e+01  7.70e+03  3.54e+03  6.92e+01 -1.22e+01 -1.01e-01 -5.42e+01 -9.79e-01 -2.67e+01 -7.47e-01  4.68e+00 -4.15e-02  3.98e+01  9.26e+00  8.70e+01  6.53e-01  3.52e+01  2.82e+02  1.69e+02  1.33e+02  1.16e+01  2.52e+03  1.79e+00 -7.77e-02 -2.14e-03 -1.70e+00  2.87e-02  6.14e-02 -1.14e-02  6.33e-02  1.68e-03  1.25e+00 -3.37e-02  1.72e-02  1.55e-01 
ac  0.99398  0.99930  0.99391  0.99242  0.99666  0.99840  0.92383  0.99209  0.36064  0.97339  0.79509  0.06600  1.00335  1.00242  0.08635  0.88517  0.99314  0.96246  0.97771  0.80838  0.96636  0.99993  0.38674 -0.00194  0.68284  0.95785  0.90860  0.80885  0.61970  0.93739  0.88852  0.01347  0.41853  0.46859  0.87868  0.35446 
theta:  1.48e+01  1.02e+01  7.70e+03  3.54e+03  6.92e+01 -1.22e+01 -1.01e-01 -5.42e+01 -9.79e-01 -2.67e+01 -7.47e-01  4.68e+00 -4.15e-02  3.98e+01  9.26e+00  8.70e+01  6.53e-01  3.52e+01  2.82e+02  1.69e+02  1.33e+02  1.16e+01  2.52e+03  1.79e+00 -7.77e-02 -2.14e-03 -1.70e+00  2.87e-02  6.14e-02 -1.14e-02  6.33e-02  1.68e-03  1.25e+00 -3.37e-02  1.72e-02  1.55e-01 

Start phase 2.4
Phase 2 Subphase 4 Iteration 1 Progress: 81%
Phase 2 Subphase 4 Iteration 2 Progress: 81%
Phase 2 Subphase 4 Iteration 3 Progress: 81%
Phase 2 Subphase 4 Iteration 4 Progress: 81%
Phase 2 Subphase 4 Iteration 5 Progress: 81%
Phase 2 Subphase 4 Iteration 6 Progress: 81%
Phase 2 Subphase 4 Iteration 7 Progress: 81%
Phase 2 Subphase 4 Iteration 8 Progress: 81%
Phase 2 Subphase 4 Iteration 9 Progress: 81%
Phase 2 Subphase 4 Iteration 10 Progress: 81%
Phase 2 Subphase 4 Iteration 100 Progress: 83%
theta  1.47e+01  1.03e+01  8.00e+03  3.66e+03  7.16e+01 -1.26e+01 -1.05e-01 -5.63e+01 -1.01e+00 -2.75e+01 -7.55e-01  4.89e+00 -4.32e-02  4.13e+01  9.62e+00  9.05e+01  6.74e-01  3.64e+01  2.92e+02  1.71e+02  1.32e+02  1.16e+01  2.56e+03  1.79e+00 -7.78e-02 -2.15e-03 -1.72e+00  2.90e-02  7.41e-02 -1.08e-02  6.35e-02  1.66e-03  1.19e+00 -3.28e-02  3.41e-02  1.57e-01 
ac 0.972 0.994 1.002 1.014 0.998 1.000 1.007 1.046 0.143 1.007 1.044 0.166 1.000 1.004 0.212 0.930 0.970 0.930 0.979 0.823 0.985 1.001 0.782 0.101 0.817 0.991 0.914 0.811 0.653 1.022 0.987 0.089 0.552 0.634 0.915 0.453 
Phase 2 Subphase 4 Iteration 200 Progress: 84%
theta  1.48e+01  1.03e+01  8.31e+03  3.79e+03  7.41e+01 -1.31e+01 -1.09e-01 -5.85e+01 -1.04e+00 -2.84e+01 -7.63e-01  5.10e+00 -4.50e-02  4.27e+01  9.98e+00  9.40e+01  6.96e-01  3.76e+01  3.03e+02  1.73e+02  1.33e+02  1.15e+01  2.60e+03  1.78e+00 -7.75e-02 -2.15e-03 -1.70e+00  2.92e-02  6.30e-02 -1.09e-02  7.01e-02  1.65e-03  1.20e+00 -3.31e-02  2.93e-02  1.55e-01 
ac 0.9876 1.0032 1.0022 1.0011 0.9951 1.0005 0.9214 0.9934 0.2303 1.0171 0.9210 0.1962 0.9976 0.9994 0.0157 0.8967 0.9855 0.9603 1.0015 0.8227 0.9878 1.0016 0.7012 0.1133 0.8484 0.9932 0.9194 0.8112 0.6167 1.0142 0.9896 0.0640 0.4090 0.6446 0.9226 0.4740 
Phase 2 Subphase 4 Iteration 300 Progress: 86%
theta  1.48e+01  1.03e+01  8.63e+03  3.92e+03  7.66e+01 -1.35e+01 -1.12e-01 -6.07e+01 -1.07e+00 -2.93e+01 -7.80e-01  5.30e+00 -4.67e-02  4.42e+01  1.03e+01  9.74e+01  7.18e-01  3.88e+01  3.13e+02  1.75e+02  1.34e+02  1.16e+01  2.64e+03  1.79e+00 -7.76e-02 -2.14e-03 -1.71e+00  2.89e-02  4.45e-02 -1.19e-02  6.66e-02  1.67e-03  1.23e+00 -3.30e-02  1.72e-02  1.53e-01 
ac  0.9881  1.0017  0.9986  0.9929  0.9959  0.9999  0.9423  0.9886  0.2245  0.9870  0.8472  0.1087  0.9996  0.9971 -0.0359  0.9129  1.0014  0.9869  0.9919  0.8512  0.9763  0.9991  0.7323  0.1797  0.8697  0.9881  0.9274  0.8398  0.6083  1.0077  0.9925  0.0798  0.4237  0.5847  0.9035  0.4685 
theta  1.48e+01  1.03e+01  8.30e+03  3.79e+03  7.40e+01 -1.30e+01 -1.08e-01 -5.84e+01 -1.03e+00 -2.84e+01 -7.67e-01  5.08e+00 -4.49e-02  4.27e+01  9.96e+00  9.38e+01  6.95e-01  3.76e+01  3.02e+02  1.73e+02  1.33e+02  1.16e+01  2.60e+03  1.79e+00 -7.77e-02 -2.15e-03 -1.71e+00  2.88e-02  6.16e-02 -9.73e-03  6.81e-02  1.67e-03  1.22e+00 -3.38e-02  1.73e-02  1.54e-01 
ac  0.99997  1.00585  0.99992  0.99225  0.99497  0.99932  0.96417  0.99564  0.28137  0.97466  0.83655  0.12312  1.00096  0.99991 -0.00918  0.93649  1.00834  0.99314  0.99740  0.85100  0.97322  0.99997  0.74217  0.14817  0.88240  0.97172  0.91069  0.81866  0.59665  1.01089  1.00393  0.13257  0.46448  0.58893  0.91192  0.45641 
theta:  1.48e+01  1.03e+01  8.30e+03  3.79e+03  7.40e+01 -1.30e+01 -1.08e-01 -5.84e+01 -1.03e+00 -2.84e+01 -7.67e-01  5.08e+00 -4.49e-02  4.27e+01  9.96e+00  9.38e+01  6.95e-01  3.76e+01  3.02e+02  1.73e+02  1.33e+02  1.16e+01  2.60e+03  1.79e+00 -7.77e-02 -2.15e-03 -1.71e+00  2.88e-02  6.16e-02 -9.73e-03  6.81e-02  1.67e-03  1.22e+00 -3.38e-02  1.73e-02  1.54e-01 

Start phase 3 
Phase 3 Iteration 1 Progress 85%
Estimates, standard errors and convergence t-ratios

                                         Estimate    Standard       Convergence 
                                                       Error          t-ratio   
   1. rate constant mnet rate (period 1)   14.7847 (       5.4988 )     1.8869  
   2. rate constant mnet rate (period 2)   10.2562 (       2.7101 )     2.4410  
   3. rate constant mnet rate (period 3) 8300.4114 (  319839.0245 )    -6.7305  
   4. rate constant mnet rate (period 4) 3786.6391 (  322997.5271 )    -2.3327  
   5. eval mnet: degree (density)          74.0163 (  321719.9623 )     3.3944  
   6. eval mnet: betweenness              -13.0492 (  660717.4818 )     6.4225  
   7. eval mnet: ranking ego and alt       -0.1084 ( 2488401.1128 )     0.6639  
   8. eval mnet: ranking similarity       -58.3885 (       8.3527 )    -1.3455  
   9. eval mnet: soloshow ego and alt      -1.0348 (  337300.5403 )    -0.1463  
  10. eval mnet: soloshow similarity      -28.4015 (       1.0530 )    -2.2791  
  11. eval mnet: award ego and alt         -0.7672 (       0.9563 )     0.5413  
  12. eval mnet: award similarity           5.0795 (       0.9378 )     0.0505  
  13. eval mnet: meanprice ego and alt     -0.0449 ( 1155067.6016 )   -11.5933  
  14. eval mnet: meanprice similarity      42.6532 (       6.5058 )    13.1342  
  15. eval mnet: festbiennal ego and alt    9.9616 (       1.0474 )    -0.0236  
  16. eval mnet: festbiennal similarity    93.8218 (       7.9686 )     0.8473  
  17. eval mnet: groupshow ego and alt      0.6949 (       0.0754 )    -2.7672  
  18. eval mnet: groupshow similarity      37.5516 (       6.3077 )     2.6574  
  19. eval mnet: pnet                     302.2225 (      14.8937 )    -1.2452  
  20. rate constant pnet rate (period 1)  172.8900 (  323060.5963 )    -0.3881  
  21. rate constant pnet rate (period 2)  133.3335 (      40.0768 )     0.8709  
  22. rate constant pnet rate (period 3)   11.6087 (       2.2505 )    -7.5304  
  23. rate constant pnet rate (period 4) 2597.9097 (     316.5756 )     0.2718  
  24. eval pnet: degree (density)           1.7863 (       0.0873 )    -0.1963  
  25. eval pnet: betweenness               -0.0777 (       0.0030 )    -0.5874  
  26. eval pnet: ranking ego and alt       -0.0021 (       0.0011 )    -1.7919  
  27. eval pnet: ranking similarity        -1.7061 (       0.7919 )     1.0211  
  28. eval pnet: soloshow ego and alt       0.0288 (       0.0094 )     0.8666  
  29. eval pnet: soloshow similarity        0.0616 (       0.8622 )    -0.9394  
  30. eval pnet: award ego and alt         -0.0097 (       0.1071 )    -2.8210  
  31. eval pnet: award similarity           0.0681 (       0.4765 )     2.2000  
  32. eval pnet: meanprice ego and alt      0.0017 (       0.0042 )    -0.2197  
  33. eval pnet: meanprice similarity       1.2187 (       3.7539 )     0.6951  
  34. eval pnet: festbiennal ego and alt   -0.0338 (       0.0400 )    -0.4122  
  35. eval pnet: festbiennal similarity     0.0173 (       0.6770 )     1.0949  
  36. eval pnet: mnet                       0.1542 (       0.0911 )     0.2944  

Overall maximum convergence ratio:   23.3828 


Total of 2694 iteration steps.

Covariance matrix of estimates (correlations below diagonal)

 3.023700e+01 -1.172000e+00  2.374738e+05  2.416548e+05  2.317925e+05 -4.333174e+05 -9.705281e+05  2.021100e+01  1.463563e+05 -1.058000e+00  4.111000e+00  3.228000e+00  3.090935e+05 -3.128400e+01  4.644000e+00  2.916800e+01 -1.830000e-01 -2.035200e+01  7.317100e+01  2.350604e+05  1.100090e+02  4.587000e+00  1.461851e+03 -1.610000e-01  2.000000e-03  5.000000e-03  3.703000e+00 -1.300000e-02 -3.838000e+00 -4.100000e-02 -2.095000e+00  1.800000e-02  1.154200e+01  8.300000e-02  2.800000e+00  3.290000e-01
-7.900000e-02  7.345000e+00  6.695791e+04  6.781398e+04  6.372243e+04  3.887988e+05 -6.837817e+04  7.514000e+00  8.048397e+04  3.940000e-01  1.300000e-01  4.350000e-01 -6.596258e+05 -4.960000e-01 -7.690000e-01 -9.039000e+00 -7.700000e-02 -5.973000e+00 -2.276000e+00  5.958100e+04  5.607700e+01 -1.889000e+00 -2.443600e+01  1.000000e-01 -3.000000e-03  0.000000e+00  2.680000e-01 -7.000000e-03 -2.830000e-01  1.630000e-01  4.650000e-01 -4.000000e-03 -5.015000e+00  2.200000e-02  2.790000e-01 -2.000000e-03
 1.350000e-01  7.700000e-02  1.022970e+11  1.031840e+11  1.028386e+11  9.156583e+10 -6.738629e+11  8.172232e+05  1.058527e+11  8.951792e+04  7.304182e+04  5.885433e+04  6.391816e+10 -5.201943e+05  1.243841e+05  8.224313e+05 -5.254761e+03 -5.309880e+05  8.587090e+05  1.031730e+11  3.671692e+06 -1.327410e+04  2.421231e+07  2.393369e+03 -1.951470e+02  8.277500e+01  5.190131e+04 -5.012770e+02 -9.910252e+04 -2.606711e+03 -4.347103e+04  2.565700e+02  1.093432e+05 -3.860271e+03 -5.271734e+03  5.724654e+03
 1.360000e-01  7.700000e-02  9.990000e-01  1.043274e+11  1.037945e+11  9.088188e+10 -6.754721e+11  8.132778e+05  1.069170e+11  9.350232e+04  7.186916e+04  5.852314e+04  6.111283e+10 -5.223422e+05  1.261770e+05  8.399723e+05 -5.184568e+03 -5.293807e+05  8.694152e+05  1.042105e+11  3.651763e+06 -1.115539e+04  2.421199e+07  2.173370e+03 -1.884830e+02  8.393100e+01  5.248790e+04 -4.927570e+02 -9.930839e+04 -2.686022e+03 -4.389198e+04  2.600450e+02  1.120593e+05 -3.846602e+03 -4.871782e+03  5.923023e+03
 1.310000e-01  7.300000e-02  9.990000e-01  9.990000e-01  1.035037e+11  9.193692e+10 -6.776186e+11  8.064057e+05  1.065736e+11  9.175749e+04  7.145442e+04  5.738639e+04  6.413350e+10 -5.111643e+05  1.250462e+05  8.325905e+05 -5.122126e+03 -5.221668e+05  8.517120e+05  1.037978e+11  3.615050e+06 -1.058206e+04  2.394430e+07  2.196507e+03 -1.883940e+02  8.281700e+01  5.156779e+04 -4.915960e+02 -9.845544e+04 -2.775277e+03 -4.369665e+04  2.571560e+02  1.116716e+05 -3.937901e+03 -6.353125e+03  5.834143e+03
-1.190000e-01  2.170000e-01  4.330000e-01  4.260000e-01  4.330000e-01  4.365476e+11 -9.916558e+11 -1.458535e+04  9.878214e+10  2.114322e+04 -3.428873e+04 -2.917767e+04  8.915067e+10  3.152447e+05 -8.247014e+04 -5.995111e+05  6.276800e+01  7.637239e+03 -1.685168e+06  9.187785e+10  1.357961e+06 -8.854156e+04 -2.263639e+06  7.761605e+03 -1.485760e+02 -8.074600e+01 -4.158452e+04 -1.878683e+03  1.723347e+04  4.859370e+02  3.195835e+04 -3.884180e+02 -3.222512e+05 -2.448719e+03 -6.045329e+04 -1.023386e+04
-7.100000e-02 -1.000000e-02 -8.470000e-01 -8.400000e-01 -8.460000e-01 -6.030000e-01  6.192140e+12 -3.369340e+06 -7.227455e+11 -1.109818e+05 -3.816271e+05 -1.443276e+05 -1.762257e+12  3.278938e+06 -7.235078e+05 -5.583224e+06  1.672374e+04  2.168000e+06 -2.708549e+06 -6.817230e+11 -1.619730e+07 -4.490242e+05 -1.758740e+08 -1.896378e+04  1.114128e+03 -3.293650e+02 -1.773680e+05  5.005177e+03  4.649934e+05  4.999649e+04  3.091017e+05 -1.739737e+03 -1.212448e+06  3.441342e+04  2.570490e+05 -1.408730e+03
 4.400000e-01  3.320000e-01  3.060000e-01  3.010000e-01  3.000000e-01 -3.000000e-03 -1.620000e-01  6.976700e+01  7.074440e+05  7.800000e-02  6.470000e+00  6.584000e+00 -5.772699e+05 -3.754300e+01  3.532000e+00  3.926000e+00 -6.170000e-01 -5.074500e+01  7.410400e+01  8.087635e+05  3.016320e+02 -8.163000e+00  1.027928e+03  3.700000e-01 -1.700000e-02  5.000000e-03  4.421000e+00 -1.000000e-03 -5.770000e+00  5.840000e-01 -8.440000e-01  4.000000e-03 -8.557000e+00 -1.000000e-03  2.836000e+00  3.120000e-01
 7.900000e-02  8.800000e-02  9.810000e-01  9.810000e-01  9.820000e-01  4.430000e-01 -8.610000e-01  2.510000e-01  1.137717e+11  7.823305e+04  5.460757e+04  4.529110e+04  8.281783e+10 -4.005749e+05  1.060217e+05  7.070982e+05 -4.287318e+03 -4.559737e+05  5.511651e+05  1.069593e+11  3.270886e+06 -1.968264e+04  1.941018e+07  3.091392e+03 -1.880610e+02  6.261700e+01  3.903374e+04 -5.315220e+02 -8.281155e+04 -2.686852e+03 -3.614144e+04  1.809790e+02  5.960914e+04 -4.271330e+03 -1.960238e+04  3.730192e+03
-1.830000e-01  1.380000e-01  2.660000e-01  2.750000e-01  2.710000e-01  3.000000e-02 -4.200000e-02  9.000000e-03  2.200000e-01  1.109000e+00 -2.590000e-01 -2.660000e-01 -3.499791e+05  1.684000e+00  4.500000e-02  1.104000e+00  7.000000e-03  8.650000e-01 -2.144000e+00  8.589968e+04 -1.843000e+00 -7.600000e-02 -9.416200e+01 -1.800000e-02  1.000000e-03  0.000000e+00 -1.260000e-01  3.000000e-03  7.000000e-02 -1.100000e-02  4.200000e-02  0.000000e+00 -2.100000e-01 -9.000000e-03 -1.100000e-01  3.900000e-02
 7.820000e-01  5.000000e-02  2.390000e-01  2.330000e-01  2.320000e-01 -5.400000e-02 -1.600000e-01  8.100000e-01  1.690000e-01 -2.570000e-01  9.140000e-01  8.310000e-01  7.206360e+04 -5.956000e+00  7.430000e-01  3.548000e+00 -5.700000e-02 -5.265000e+00  1.265400e+01  7.215626e+04  3.027600e+01 -1.000000e-02  2.162050e+02  1.100000e-02 -1.000000e-03  1.000000e-03  6.460000e-01 -1.000000e-03 -7.800000e-01  2.700000e-02 -3.000000e-01  2.000000e-03  9.370000e-01  6.000000e-03  4.430000e-01  4.700000e-02
 6.260000e-01  1.710000e-01  1.960000e-01  1.930000e-01  1.900000e-01 -4.700000e-02 -6.200000e-02  8.410000e-01  1.430000e-01 -2.690000e-01  9.270000e-01  8.800000e-01 -1.057609e+05 -5.029000e+00  5.230000e-01  1.656000e+00 -5.900000e-02 -5.168000e+00  1.014500e+01  5.862684e+04  3.025000e+01 -5.290000e-01  1.581430e+02  2.400000e-02 -1.000000e-03  1.000000e-03  5.420000e-01 -1.000000e-03 -6.730000e-01  4.400000e-02 -1.910000e-01  1.000000e-03  7.600000e-02  5.000000e-03  3.830000e-01  3.800000e-02
 4.900000e-02 -2.110000e-01  1.730000e-01  1.640000e-01  1.730000e-01  1.170000e-01 -6.130000e-01 -6.000000e-02  2.130000e-01 -2.880000e-01  6.500000e-02 -9.800000e-02  1.334181e+12 -1.112739e+06  1.981002e+05  2.143302e+06  8.278763e+03  3.947562e+05  4.045349e+05  6.629264e+10 -2.999561e+06  6.072412e+05  6.144990e+07 -1.081671e+03 -6.198000e+00  1.582700e+01 -2.735429e+04 -5.878480e+02 -3.098589e+03 -3.697595e+04 -1.294868e+05  9.134840e+02  1.030281e+06 -1.206507e+04 -1.537267e+05 -1.504503e+04
-8.740000e-01 -2.800000e-02 -2.500000e-01 -2.490000e-01 -2.440000e-01  7.300000e-02  2.030000e-01 -6.910000e-01 -1.830000e-01  2.460000e-01 -9.570000e-01 -8.240000e-01 -1.480000e-01  4.232600e+01 -5.683000e+00 -3.152300e+01  3.340000e-01  3.276800e+01 -9.185200e+01 -5.219268e+05 -1.862790e+02 -2.628000e+00 -1.746187e+03  2.400000e-02  4.000000e-03 -7.000000e-03 -4.576000e+00  1.000000e-02  5.305000e+00 -7.800000e-02  2.416000e+00 -2.000000e-02 -1.055300e+01 -5.700000e-02 -3.220000e+00 -3.500000e-01
 8.060000e-01 -2.710000e-01  3.710000e-01  3.730000e-01  3.710000e-01 -1.190000e-01 -2.780000e-01  4.040000e-01  3.000000e-01  4.100000e-02  7.420000e-01  5.320000e-01  1.640000e-01 -8.340000e-01  1.097000e+00  7.748000e+00 -2.600000e-02 -3.097000e+00  1.392300e+01  1.249828e+05  1.674600e+01  1.037000e+00  2.555380e+02 -3.700000e-02  0.000000e+00  1.000000e-03  6.030000e-01  0.000000e+00 -7.210000e-01 -3.600000e-02 -4.730000e-01  4.000000e-03  2.880000e+00  4.000000e-03  4.120000e-01  6.700000e-02
 6.660000e-01 -4.190000e-01  3.230000e-01  3.260000e-01  3.250000e-01 -1.140000e-01 -2.820000e-01  5.900000e-02  2.630000e-01  1.320000e-01  4.660000e-01  2.220000e-01  2.330000e-01 -6.080000e-01  9.280000e-01  6.349800e+01  1.800000e-02 -5.892000e+00  8.295700e+01  8.289003e+05  2.302100e+01  1.128900e+01  1.628972e+03 -4.400000e-01  9.000000e-03  6.000000e-03  3.075000e+00  2.000000e-03 -3.688000e+00 -5.280000e-01 -3.539000e+00  3.100000e-02  2.654600e+01  1.400000e-02  2.117000e+00  4.540000e-01
-4.420000e-01 -3.780000e-01 -2.180000e-01 -2.130000e-01 -2.110000e-01  1.000000e-03  8.900000e-02 -9.790000e-01 -1.690000e-01  8.800000e-02 -7.930000e-01 -8.300000e-01  9.500000e-02  6.800000e-01 -3.270000e-01  3.000000e-02  6.000000e-03  4.630000e-01 -6.440000e-01 -5.165137e+03 -2.744000e+00  7.800000e-02 -9.892000e+00 -4.000000e-03  0.000000e+00  0.000000e+00 -4.000000e-02  0.000000e+00  5.000000e-02 -6.000000e-03  5.000000e-03  0.000000e+00  9.200000e-02  0.000000e+00 -2.800000e-02 -3.000000e-03
-5.870000e-01 -3.490000e-01 -2.630000e-01 -2.600000e-01 -2.570000e-01  2.000000e-03  1.380000e-01 -9.630000e-01 -2.140000e-01  1.300000e-01 -8.730000e-01 -8.740000e-01  5.400000e-02  7.980000e-01 -4.690000e-01 -1.170000e-01  9.740000e-01  3.978700e+01 -6.715600e+01 -5.266223e+05 -2.350860e+02  4.232000e+00 -1.103243e+03 -2.290000e-01  1.100000e-02 -5.000000e-03 -3.991000e+00  8.000000e-03  4.754000e+00 -4.280000e-01  9.220000e-01 -6.000000e-03  3.830000e+00 -4.000000e-02 -2.737000e+00 -2.530000e-01
 8.930000e-01 -5.600000e-02  1.800000e-01  1.810000e-01  1.780000e-01 -1.710000e-01 -7.300000e-02  5.960000e-01  1.100000e-01 -1.370000e-01  8.880000e-01  7.260000e-01  2.400000e-02 -9.480000e-01  8.930000e-01  6.990000e-01 -5.730000e-01 -7.150000e-01  2.218230e+02  8.494897e+05  3.791280e+02  1.050400e+01  3.932356e+03 -2.970000e-01 -2.000000e-03  1.600000e-02  1.085800e+01 -1.500000e-02 -1.186900e+01  4.700000e-02 -5.878000e+00  5.100000e-02  2.963300e+01  1.620000e-01  7.790000e+00  9.280000e-01
 1.320000e-01  6.800000e-02  9.990000e-01  9.990000e-01  9.990000e-01  4.300000e-01 -8.480000e-01  3.000000e-01  9.820000e-01  2.530000e-01  2.340000e-01  1.940000e-01  1.780000e-01 -2.480000e-01  3.690000e-01  3.220000e-01 -2.120000e-01 -2.580000e-01  1.770000e-01  1.043681e+11  3.593099e+06 -1.488522e+04  2.466314e+07  2.406995e+03 -1.973730e+02  8.130900e+01  5.079748e+04 -5.164850e+02 -9.845783e+04 -2.723117e+03 -4.392812e+04  2.572790e+02  1.105646e+05 -3.944549e+03 -6.713558e+03  5.417512e+03
 4.990000e-01  5.160000e-01  2.860000e-01  2.820000e-01  2.800000e-01  5.100000e-02 -1.620000e-01  9.010000e-01  2.420000e-01 -4.400000e-02  7.900000e-01  8.050000e-01 -6.500000e-02 -7.140000e-01  3.990000e-01  7.200000e-02 -9.080000e-01 -9.300000e-01  6.350000e-01  2.780000e-01  1.606151e+03 -2.503900e+01  6.014922e+03  1.535000e+00 -7.400000e-02  2.800000e-02  2.260000e+01 -5.500000e-02 -2.803900e+01  2.699000e+00 -4.288000e+00  3.100000e-02 -2.799800e+01  2.380000e-01  1.586000e+01  1.548000e+00
 3.710000e-01 -3.100000e-01 -1.800000e-02 -1.500000e-02 -1.500000e-02 -6.000000e-02 -8.000000e-02 -4.340000e-01 -2.600000e-02 -3.200000e-02 -5.000000e-03 -2.510000e-01  2.340000e-01 -1.800000e-01  4.400000e-01  6.300000e-01  4.620000e-01  2.980000e-01  3.130000e-01 -2.000000e-02 -2.780000e-01  5.065000e+00  2.571280e+02 -1.370000e-01  4.000000e-03  1.000000e-03  3.450000e-01 -3.000000e-03 -1.530000e-01 -1.600000e-01 -6.140000e-01  6.000000e-03  6.597000e+00  1.500000e-02  2.080000e-01  4.500000e-02
 8.400000e-01 -2.800000e-02  2.390000e-01  2.370000e-01  2.350000e-01 -1.100000e-02 -2.230000e-01  3.890000e-01  1.820000e-01 -2.820000e-01  7.140000e-01  5.330000e-01  1.680000e-01 -8.480000e-01  7.710000e-01  6.460000e-01 -4.140000e-01 -5.520000e-01  8.340000e-01  2.410000e-01  4.740000e-01  3.610000e-01  1.002201e+05 -7.396000e+00  9.000000e-02  2.820000e-01  1.976660e+02 -1.169000e+00 -2.109440e+02 -2.924000e+00 -1.166170e+02  1.010000e+00  6.511300e+02  5.378000e+00  1.628100e+02  1.487500e+01
-3.350000e-01  4.240000e-01  8.600000e-02  7.700000e-02  7.800000e-02  1.350000e-01 -8.700000e-02  5.080000e-01  1.050000e-01 -2.010000e-01  1.270000e-01  2.950000e-01 -1.100000e-02  4.200000e-02 -4.090000e-01 -6.330000e-01 -5.360000e-01 -4.160000e-01 -2.280000e-01  8.500000e-02  4.390000e-01 -6.980000e-01 -2.680000e-01  8.000000e-03  0.000000e+00  0.000000e+00 -9.000000e-03  0.000000e+00 -3.000000e-03  7.000000e-03  2.200000e-02  0.000000e+00 -2.420000e-01 -1.000000e-03 -1.100000e-02 -4.000000e-03
 1.240000e-01 -3.320000e-01 -2.010000e-01 -1.920000e-01 -1.930000e-01 -7.400000e-02  1.480000e-01 -6.900000e-01 -1.840000e-01  1.730000e-01 -3.880000e-01 -4.840000e-01 -2.000000e-03  2.100000e-01  1.100000e-01  3.710000e-01  6.880000e-01  5.920000e-01 -3.600000e-02 -2.010000e-01 -6.060000e-01  6.140000e-01  9.400000e-02 -9.000000e-01  0.000000e+00  0.000000e+00  0.000000e+00  0.000000e+00  1.000000e-03  0.000000e+00  0.000000e+00  0.000000e+00  6.000000e-03  0.000000e+00  0.000000e+00  0.000000e+00
 8.840000e-01  1.200000e-02  2.350000e-01  2.360000e-01  2.340000e-01 -1.110000e-01 -1.200000e-01  5.810000e-01  1.690000e-01 -7.700000e-02  8.510000e-01  6.900000e-01  1.200000e-02 -9.100000e-01  8.640000e-01  6.780000e-01 -5.570000e-01 -7.020000e-01  9.700000e-01  2.290000e-01  6.440000e-01  3.320000e-01  8.080000e-01 -2.720000e-01  6.000000e-03  0.000000e+00  1.000000e-03  0.000000e+00 -1.000000e-03  0.000000e+00  0.000000e+00  0.000000e+00  2.000000e-03  0.000000e+00  1.000000e-03  0.000000e+00
 8.500000e-01  1.250000e-01  2.050000e-01  2.050000e-01  2.020000e-01 -7.900000e-02 -9.000000e-02  6.680000e-01  1.460000e-01 -1.510000e-01  8.530000e-01  7.290000e-01 -3.000000e-02 -8.880000e-01  7.270000e-01  4.870000e-01 -6.760000e-01 -7.990000e-01  9.210000e-01  1.990000e-01  7.120000e-01  1.930000e-01  7.880000e-01 -1.260000e-01 -9.600000e-02  9.570000e-01  6.270000e-01 -2.000000e-03 -6.270000e-01  2.200000e-02 -2.450000e-01  2.000000e-03  8.850000e-01  1.100000e-02  4.230000e-01  4.600000e-02
-2.430000e-01 -2.780000e-01 -1.670000e-01 -1.630000e-01 -1.630000e-01 -3.040000e-01  2.150000e-01 -7.000000e-03 -1.680000e-01  2.890000e-01 -1.150000e-01 -1.000000e-01 -5.400000e-02  1.710000e-01  1.000000e-03  3.300000e-02  7.900000e-02  1.420000e-01 -1.110000e-01 -1.710000e-01 -1.470000e-01 -1.540000e-01 -3.940000e-01  1.430000e-01 -1.230000e-01 -2.000000e-01 -2.810000e-01  0.000000e+00  1.000000e-03  0.000000e+00  0.000000e+00  0.000000e+00 -1.000000e-03  0.000000e+00 -2.000000e-03  0.000000e+00
-8.100000e-01 -1.210000e-01 -3.590000e-01 -3.570000e-01 -3.550000e-01  3.000000e-02  2.170000e-01 -8.010000e-01 -2.850000e-01  7.700000e-02 -9.460000e-01 -8.320000e-01 -3.000000e-03  9.460000e-01 -7.990000e-01 -5.370000e-01  7.720000e-01  8.740000e-01 -9.240000e-01 -3.530000e-01 -8.110000e-01 -7.900000e-02 -7.730000e-01 -3.400000e-02  3.020000e-01 -9.230000e-01 -9.190000e-01  1.800000e-01  7.430000e-01 -2.200000e-02  2.860000e-01 -2.000000e-03 -9.380000e-01 -6.000000e-03 -4.270000e-01 -5.000000e-02
-7.000000e-02  5.620000e-01 -7.600000e-02 -7.800000e-02 -8.100000e-02  7.000000e-03  1.880000e-01  6.540000e-01 -7.400000e-02 -9.700000e-02  2.620000e-01  4.370000e-01 -2.990000e-01 -1.120000e-01 -3.170000e-01 -6.190000e-01 -7.250000e-01 -6.340000e-01  3.000000e-02 -7.900000e-02  6.290000e-01 -6.640000e-01 -8.600000e-02  7.280000e-01 -6.780000e-01  4.700000e-02  2.560000e-01 -3.900000e-02 -2.400000e-01  1.100000e-02  2.500000e-02  0.000000e+00 -3.090000e-01  0.000000e+00  1.300000e-02 -1.000000e-03
-8.000000e-01  3.600000e-01 -2.850000e-01 -2.850000e-01 -2.850000e-01  1.020000e-01  2.610000e-01 -2.120000e-01 -2.250000e-01  8.500000e-02 -6.580000e-01 -4.280000e-01 -2.350000e-01  7.790000e-01 -9.470000e-01 -9.320000e-01  1.420000e-01  3.070000e-01 -8.280000e-01 -2.850000e-01 -2.250000e-01 -5.730000e-01 -7.730000e-01  5.180000e-01 -2.490000e-01 -7.930000e-01 -6.480000e-01  6.600000e-02  6.950000e-01  4.930000e-01  2.270000e-01 -2.000000e-03 -1.498000e+00 -2.000000e-03 -1.630000e-01 -2.600000e-02
 7.920000e-01 -3.490000e-01  1.930000e-01  1.930000e-01  1.920000e-01 -1.410000e-01 -1.680000e-01  1.180000e-01  1.290000e-01 -8.900000e-02  6.060000e-01  3.760000e-01  1.900000e-01 -7.460000e-01  9.200000e-01  9.320000e-01 -7.100000e-02 -2.400000e-01  8.160000e-01  1.910000e-01  1.890000e-01  6.420000e-01  7.660000e-01 -5.780000e-01  3.230000e-01  7.820000e-01  6.190000e-01 -8.400000e-02 -6.390000e-01 -5.060000e-01 -9.550000e-01  0.000000e+00  1.400000e-02  0.000000e+00  1.000000e-03  0.000000e+00
 5.590000e-01 -4.930000e-01  9.100000e-02  9.200000e-02  9.200000e-02 -1.300000e-01 -1.300000e-01 -2.730000e-01  4.700000e-02 -5.300000e-02  2.610000e-01  2.200000e-02  2.380000e-01 -4.320000e-01  7.320000e-01  8.870000e-01  3.230000e-01  1.620000e-01  5.300000e-01  9.100000e-02 -1.860000e-01  7.810000e-01  5.480000e-01 -7.370000e-01  5.500000e-01  5.000000e-01  2.980000e-01 -3.600000e-02 -2.900000e-01 -7.680000e-01 -8.370000e-01  9.160000e-01  1.409200e+01  1.700000e-02  6.630000e-01  1.440000e-01
 3.800000e-01  2.060000e-01 -3.020000e-01 -2.980000e-01 -3.060000e-01 -9.300000e-02  3.460000e-01 -3.000000e-03 -3.170000e-01 -2.030000e-01  1.440000e-01  1.350000e-01 -2.610000e-01 -2.210000e-01  8.400000e-02  4.400000e-02 -1.110000e-01 -1.570000e-01  2.720000e-01 -3.050000e-01  1.480000e-01  1.650000e-01  4.250000e-01 -2.730000e-01  3.240000e-01  2.830000e-01  3.420000e-01 -5.190000e-01 -1.860000e-01  7.800000e-02 -9.500000e-02  1.850000e-01  1.140000e-01  2.000000e-03  2.100000e-02  1.000000e-03
 7.520000e-01  1.520000e-01 -2.400000e-02 -2.200000e-02 -2.900000e-02 -1.350000e-01  1.530000e-01  5.010000e-01 -8.600000e-02 -1.540000e-01  6.840000e-01  6.030000e-01 -1.970000e-01 -7.310000e-01  5.810000e-01  3.920000e-01 -5.580000e-01 -6.410000e-01  7.730000e-01 -3.100000e-02  5.850000e-01  1.360000e-01  7.600000e-01 -1.920000e-01  6.100000e-02  7.630000e-01  7.880000e-01 -3.420000e-01 -7.310000e-01  1.780000e-01 -5.060000e-01  5.280000e-01  2.610000e-01  7.660000e-01  4.580000e-01  4.000000e-02
 6.570000e-01 -6.000000e-03  1.960000e-01  2.010000e-01  1.990000e-01 -1.700000e-01 -6.000000e-03  4.100000e-01  1.210000e-01  4.080000e-01  5.450000e-01  4.460000e-01 -1.430000e-01 -5.900000e-01  7.050000e-01  6.250000e-01 -3.660000e-01 -4.410000e-01  6.840000e-01  1.840000e-01  4.240000e-01  2.180000e-01  5.160000e-01 -4.950000e-01  2.550000e-01  7.170000e-01  6.330000e-01 -5.400000e-02 -6.420000e-01 -1.080000e-01 -5.960000e-01  6.130000e-01  4.210000e-01  2.850000e-01  6.460000e-01  8.000000e-03

Derivative matrix of expected statistics X by parameters:

       51.795         0.000         0.000         0.000         0.000         0.000         0.000        -1.499         0.000         0.260        -0.665         0.860         0.000         0.523         5.557        -0.563      -288.336         2.013        -6.808         0.000         0.000         0.000         0.000        -0.140       110.281       968.547        -1.342       -15.716        -0.549         2.100        -0.293        -1.093         0.131       -11.768         0.695       -10.121
        0.000        39.676         0.000         0.000         0.000         0.000         0.000        -2.059         0.000         0.750        -8.657         1.884         0.000         0.950       -12.476         0.850      -264.952         0.604        24.253         0.000        -8.689         0.000         0.000         2.945       750.210     -1137.676        -0.503       -29.954        -2.418        -7.945         3.423       -61.548        -0.087        -2.089        -0.001        14.813
        0.000         0.000         1.000         1.000         1.000         1.000         1.000         0.000         1.000         0.000         0.000         0.000         1.000         0.000         0.000         0.000         0.000         0.000         0.000         1.000         0.000         0.000         0.000         0.000         0.000         0.000         0.000         0.000         0.000         0.000         0.000         0.000         0.000         0.000         0.000         0.000
        0.000         0.000         1.000         1.000         1.000         1.000         1.000         0.000         1.000         0.000         0.000         0.000         1.000         0.000         0.000         0.000         0.000         0.000         0.000         1.000         0.000         0.000         0.000         0.000         0.000         0.000         0.000         0.000         0.000         0.000         0.000         0.000         0.000         0.000         0.000         0.000
        0.000         0.000         1.000         1.000         1.000         1.000         1.000         0.000         1.000         0.000         0.000         0.000         1.000         0.000         0.000         0.000         0.000         0.000         0.000         1.000         0.000         0.000         0.000         0.000         0.000         0.000         0.000         0.000         0.000         0.000         0.000         0.000         0.000         0.000         0.000         0.000
        0.000         0.000         1.000         1.000         1.000         1.000         1.000         0.000         1.000         0.000         0.000         0.000         1.000         0.000         0.000         0.000         0.000         0.000         0.000         1.000         0.000         0.000         0.000         0.000         0.000         0.000         0.000         0.000         0.000         0.000         0.000         0.000         0.000         0.000         0.000         0.000
        0.000         0.000         1.000         1.000         1.000         1.000         1.000         0.000         1.000         0.000         0.000         0.000         1.000         0.000         0.000         0.000         0.000         0.000         0.000         1.000         0.000         0.000         0.000         0.000         0.000         0.000         0.000         0.000         0.000         0.000         0.000         0.000         0.000         0.000         0.000         0.000
       -1.008        -2.192         0.000         0.000         0.000         0.000         0.000         4.719         0.000        13.674       -11.592         6.319         0.000        -4.688        64.313        -1.699      -212.389        12.270       -14.591         0.000         1.351         6.421         1.861       -16.849      2013.243     -3563.534         6.110       122.591        -2.111        12.501        -1.893      2275.308        -0.672        50.197        -3.545       -16.436
        0.000         0.000         1.000         1.000         1.000         1.000         1.000         0.000         1.000         0.000         0.000         0.000         1.000         0.000         0.000         0.000         0.000         0.000         0.000         1.000         0.000         0.000         0.000         0.000         0.000         0.000         0.000         0.000         0.000         0.000         0.000         0.000         0.000         0.000         0.000         0.000
        7.851        -5.177         0.000         0.000         0.000         0.000         0.000         3.220         0.000        15.463       -13.905         6.195         0.000         9.315       -33.932         5.140      -677.876       -11.968       -57.917         0.000         2.535         0.074        69.223       -25.408     -1748.157      9231.636        -0.377      -426.418        39.928       -98.930        34.472     -9770.326         6.042       -49.792         4.299      -141.245
       -3.174         2.608         0.000         0.000         0.000         0.000         0.000        50.413         0.000        10.233        81.287       -29.767         0.000        -2.374       532.837       -21.572     11637.057       -76.596      1071.819         0.000       -11.642      -194.167       252.838        42.429    -11353.183    -26857.878         8.280       -57.922        78.876       273.152       -31.169     23406.971       -23.243       178.346         9.945        17.537
        2.633        -0.488         0.000         0.000         0.000         0.000         0.000       -34.966         0.000        -7.421      -106.251        57.160         0.000        13.447      -677.145        30.004     -4153.853        32.438      -328.616         0.000       -10.078       100.705       146.731       -87.264      9767.803     20527.137       -10.537       408.038       -21.101      -235.743        59.035    -30136.206        20.492       303.013       -35.660      -126.803
        0.000         0.000         1.000         1.000         1.000         1.000         1.000         0.000         1.000         0.000         0.000         0.000         1.000         0.000         0.000         0.000         0.000         0.000         0.000         1.000         0.000         0.000         0.000         0.000         0.000         0.000         0.000         0.000         0.000         0.000         0.000         0.000         0.000         0.000         0.000         0.000
        0.725        -0.126         0.000         0.000         0.000         0.000         0.000        -1.756         0.000        -2.191       -32.386         7.282         0.000         3.626       -72.803         0.069       845.913         6.980       148.894         0.000         0.647       -13.188         8.945        -5.708     -1009.061     -7071.751         8.499       108.359         4.198        36.760       -14.452      6187.092        -2.951        35.499        -1.517        -9.602
       75.350       -38.778         0.000         0.000         0.000         0.000         0.000       128.300         0.000        28.167       288.453      -131.286         0.000        51.232      1334.105       -49.680     -2106.825      -114.067      -549.158         0.000        58.285       300.699     -1944.111       786.409     38170.443   -111442.423       104.322     -2412.910        32.199       108.233        42.143     -8401.189        25.818      1736.532       -90.252      1673.181
       -6.884         2.666         0.000         0.000         0.000         0.000         0.000        -8.433         0.000       -12.111       -38.444        15.360         0.000        -5.760      -164.186         5.914       198.642        10.213        56.268         0.000        -4.227       -33.273       193.437       -72.295     -3511.195     10091.122       -12.846       186.265        -4.455        -8.841         0.996     -2145.518        -1.521      -170.972         9.582      -158.151
      399.931       214.032         0.000         0.000         0.000         0.000         0.000      2151.816         0.000       247.882      2388.945       -79.297         0.000      -346.878      8383.825      -180.751    155691.848       833.919     -1795.446         0.000       -28.802     -3054.899      9859.621     -3417.087   -360359.526   -744548.832       884.810     21679.043       975.910      5768.706     -1258.773    336278.384      -297.487     -8923.553      1303.622      -897.098
        1.409        -2.533         0.000         0.000         0.000         0.000         0.000       -22.214         0.000        23.751       -26.512         5.167         0.000         0.933        39.604        -2.915     -2580.904         1.237       -19.944         0.000         0.528        45.033      -233.153       104.144      4832.727     -2341.751         6.123      -183.799       -23.291        50.383        -9.457      3583.933        -2.523       116.092       -11.994       101.540
       -2.915        -0.217         0.000         0.000         0.000         0.000         0.000        -8.757         0.000         2.896         3.205         0.063         0.000        -0.760       -52.821         2.713      -148.803         4.503        14.234         0.000        -1.979        -5.600       -17.529         3.310     -1327.060      2403.848        -3.979        13.533        -1.848       -34.004        10.831     -5517.400         2.338        91.352       -10.189        18.706
        0.000         0.000         1.000         1.000         1.000         1.000         1.000         0.000         1.000         0.000         0.000         0.000         1.000         0.000         0.000         0.000         0.000         0.000         0.000         1.000         0.000         0.000         0.000         0.000         0.000         0.000         0.000         0.000         0.000         0.000         0.000         0.000         0.000         0.000         0.000         0.000
        0.000        -2.346         0.000         0.000         0.000         0.000         0.000         0.619         0.000        -0.101        -0.621         0.044         0.000        -0.101         6.339        -0.555        48.218        -0.065        -1.052         0.000         9.360         0.000         0.000        -2.935       373.918     -1059.449         1.391         3.315         0.305        -0.508         0.071        38.700         0.031        -8.409         0.677        -5.052
        0.000         0.000         0.000         0.000         0.000         0.000         0.000        -1.689         0.000         1.072        11.839        -2.662         0.000         1.128       -21.890         1.905      -287.131        -1.217       -16.730         0.000         0.000        46.497         0.000        -3.326       109.481      -392.569        -0.381       -30.616        -1.520        -3.635        -0.205       -57.146         0.217        -6.405         0.865        -3.698
        0.000         0.000         0.000         0.000         0.000         0.000         0.000         0.033         0.000         0.080        -0.127         0.052         0.000        -0.006        -1.647         0.128         8.424         0.024         0.347         0.000         0.000         0.000         0.325        -0.187        -7.943        69.965        -0.028         5.524         0.022        -0.444         0.179       -70.869         0.034         2.982        -0.241         0.311
     -465.201         2.045         0.000         0.000         0.000         0.000         0.000        55.327         0.000      -182.659      -295.852       -18.413         0.000       -52.589      3199.871      -319.430     25998.313       -17.011      1921.159         0.000     -3472.986      -341.166     -9736.512      7977.620   -316789.652    212959.140      -106.467    -13296.260       331.373      5610.503     -1759.247    115491.781       -31.026     -3485.648       313.427      8648.639
   -24621.174     -8908.344         0.000         0.000         0.000         0.000         0.000      5655.890         0.000     -6333.868      7562.972     -6990.187         0.000     -1646.981     85570.695     -4653.818   1177066.943     -3687.400     53327.452         0.000    -33462.492      -421.807    -71722.705     78845.819   1859006.938  -2807301.335     -1311.800   -125732.079     -2674.916     13467.985     -1068.672   4265123.375     -1073.913    -95215.944      3631.067     -2980.789
   -41823.779    -48062.947         0.000         0.000         0.000         0.000         0.000    -31793.396         0.000    -19486.285    265578.696    -82579.145         0.000     -6641.140    126663.435    -12307.810   2366418.722    -18616.885     65954.486         0.000    -78198.784       888.528   -119954.936    156800.314   6764143.059 220173013.176   -247959.791   -505324.237     65176.790    -57834.606      5790.735 -22175855.606     11217.216    577933.050    -42779.206     40899.470
      -89.604        16.433         0.000         0.000         0.000         0.000         0.000        65.153         0.000        11.302      -260.768        87.915         0.000         2.417       162.853        -9.426     -5131.364        11.355       -44.986         0.000       -28.528        -7.122       -47.668        64.446    -15411.714   -216220.463       331.966        -9.416       -21.210       -24.869        13.096     27024.606        -7.818       -20.922        16.998       358.850
    -1316.422       760.991         0.000         0.000         0.000         0.000         0.000       -26.531         0.000       211.460      7320.653     -2227.105         0.000      -165.938     -5238.716       284.577      7504.100        91.261      3217.494         0.000     -1914.685        37.495     28323.171     -9068.844    104522.840   -880956.983      1788.642    135781.157     -1525.500    -20239.823      5640.549   -275863.557       151.270     62672.284     -4495.978     -3970.885
        4.998       -13.376         0.000         0.000         0.000         0.000         0.000         7.625         0.000        -8.400        44.900       -21.098         0.000       -10.264       428.319       -25.109      4814.558       -27.580        41.221         0.000       162.489       -11.070      -709.638       213.649      5949.551     23964.152        14.948     -3976.827       251.216       553.661      -170.007      3692.237         4.342     -1544.434       140.787       494.180
     -649.913        90.100         0.000         0.000         0.000         0.000         0.000      -191.515         0.000      -122.540      1019.573      -472.706         0.000        28.718      3022.288      -240.189     -1406.784       -17.172       568.168         0.000        41.766       -12.433     -3535.025      1491.423     46654.282    253690.905      -556.882    -11961.849       352.273     10043.558     -3007.602    122898.865       -39.856    -15205.712      1231.104       690.484
      330.649       -30.568         0.000         0.000         0.000         0.000         0.000        63.133         0.000        39.436      -200.434       143.054         0.000       -13.347      -980.015       100.776     -2164.461        -2.494      -397.462         0.000        45.278        -1.558      1606.417      -676.523    -14806.740    -99402.443       119.643      4665.357      -209.373     -2715.943      1026.516    -27048.859         2.441      4217.818      -344.600      -672.229
     4016.751     35635.305         0.000         0.000         0.000         0.000         0.000      3384.611         0.000      9848.135   -103718.769     23999.775         0.000      6298.322     37040.852     -8205.785    663021.317      5725.765     36847.323         0.000     -3078.720      3713.977     99566.708    -68675.051  -3320830.057 -70606009.261     96778.022    303881.189    -22772.475     69338.924    -22389.166  89819103.936    -55148.484   -110659.313     13146.167   -288612.316
       -5.401       -19.834         0.000         0.000         0.000         0.000         0.000         0.375         0.000        -1.689        57.751       -11.860         0.000        -3.914         0.128         3.850      -696.220        -1.715       -38.403         0.000        21.486        -2.816       -86.668        35.779      3989.306     45183.057       -60.771      -412.286        23.287       -16.425         4.514    -67862.719        47.346       -86.553         3.475       190.408
    -1887.823      -898.717         0.000         0.000         0.000         0.000         0.000        40.992         0.000        28.992      1750.234      -902.893         0.000      -182.970      6800.340      -489.654     31596.092       -28.504      2728.039         0.000       -27.100      -238.931     -5216.829      2573.450    -25419.310    -97553.951       396.195     44584.293      -705.308      -526.577       -97.918   -132958.099        80.648     68765.944     -5393.135      7892.174
      116.189        78.423         0.000         0.000         0.000         0.000         0.000       -17.690         0.000         7.052      -127.279        72.968         0.000        16.605      -452.517        46.918     -4591.114         5.495      -346.800         0.000        47.333        16.456       472.651      -245.553      5535.915      8782.719       -39.566     -4185.010        91.451       202.543       -55.288     17121.272        -8.135     -6141.553       516.677      -761.407
     -388.581       -55.038         0.000         0.000         0.000         0.000         0.000        -3.228         0.000       -28.852       -10.704       -28.066         0.000       -69.499      1410.424      -126.871     11804.514        67.623      1194.827         0.000     -1365.844      -234.163     -4905.699      4114.726   -227164.688     77822.629       -81.404      2021.039      -108.396      5689.674     -1882.235      8101.154       -12.684      2820.982      -199.763      9152.780

Covariance matrix of X (correlations below diagonal):

 1.166688e+04 -3.114900e+01 -8.964300e+01 -6.200260e+02 -2.542485e+03  4.522607e+04  4.773974e+03 -2.317600e+01  1.463475e+03 -9.606300e+01 -8.011640e+02  4.443330e+02  1.062992e+05 -5.915100e+01 -2.164476e+03  2.016580e+02  2.505891e+04 -1.756660e+02 -3.414901e+03  1.801630e+03  4.055680e+02 -1.136050e+02 -5.995420e+02 -4.515730e+02 -7.890322e+03  8.039749e+03 -1.714000e+00 -4.787775e+03 -1.221070e+02  6.871950e+02 -2.142880e+02  8.707230e+04 -3.232000e+01 -2.213325e+03  1.837360e+02 -1.803365e+03
-4.000000e-03  4.847237e+03 -1.777100e+02  2.158610e+02 -1.207526e+03  6.720441e+04  9.107508e+03 -4.430000e+01  6.186370e+02  2.352800e+01 -1.217697e+03  3.608310e+02 -5.976497e+04  2.574800e+01 -1.802896e+03  2.150980e+02 -3.013770e+02 -4.776000e+01 -1.512279e+03 -5.059370e+02  5.481110e+02 -1.328400e+01  3.522820e+02 -1.838940e+02 -5.019189e+04  1.820935e+04  4.913400e+01  3.903100e+01 -1.483700e+01 -1.046044e+03  3.484890e+02 -2.159949e+04  2.893000e+00 -3.346583e+03  2.487330e+02 -1.611821e+03
-7.000000e-03 -2.100000e-02  1.411217e+04 -4.653540e+02  4.757638e+03  1.477287e+05  7.909027e+05 -1.031873e+03 -6.444358e+03  6.138460e+02 -9.341280e+02  3.505850e+02  1.366590e+04  3.121000e+00  8.262142e+03 -4.854950e+02 -2.198903e+04 -3.849840e+02  9.487683e+03 -4.830970e+02 -2.874860e+02 -5.854510e+02 -4.872230e+02  4.337910e+02 -4.177733e+04 -7.421697e+04  3.751700e+01  1.446945e+03  6.414900e+01  1.005890e+03 -3.031470e+02  2.656858e+04 -2.210000e+00  7.640190e+02  7.791000e+00  2.558650e+02
-5.600000e-02  3.000000e-02 -3.800000e-02  1.058970e+04 -2.936741e+03 -2.394797e+04  5.267051e+05 -5.363020e+02 -3.292668e+03  7.442000e+00  2.932970e+02  9.966300e+01 -3.701482e+05  1.366870e+02  1.009275e+03  6.381000e+01 -1.296425e+05  2.417020e+02 -4.346217e+03 -1.275100e+01 -3.747120e+02  2.651620e+02  6.368406e+03 -1.954291e+03  1.311567e+04  1.995780e+05 -1.640990e+02 -5.186640e+03  1.370270e+02 -2.656560e+03  8.914660e+02 -3.314937e+05  1.621440e+02 -4.570163e+03  4.034970e+02 -2.799665e+03
-2.670000e-01 -1.970000e-01  4.550000e-01 -3.240000e-01  7.756979e+03  1.213232e+05  3.518221e+05 -2.964070e+02  2.135405e+03  9.757200e+01 -1.565260e+02 -1.079480e+02 -2.831428e+04  7.387800e+01  5.986132e+03 -5.056860e+02  1.252698e+04  1.210700e+01  9.561549e+03 -1.519033e+03 -1.079463e+03 -3.593790e+02  2.172325e+03  6.314210e+02 -4.250945e+04  8.955371e+04 -6.406600e+01  1.840320e+03  6.007300e+01  9.073840e+02 -3.684410e+02 -8.038212e+04  5.014700e+01  1.180300e+01 -8.789000e+00  2.708211e+03
 7.000000e-02  1.610000e-01  2.080000e-01 -3.900000e-02  2.300000e-01  3.585264e+07 -2.978165e+07  8.090346e+03  4.932343e+05 -1.735423e+04 -1.455903e+05  4.458915e+04  3.743650e+06  6.152200e+01  3.768454e+05 -1.544708e+04  4.606728e+06 -3.294676e+04  1.435144e+05  7.673679e+04  8.192542e+04 -2.093270e+04  2.591340e+05 -1.705096e+05  6.206902e+06  1.159623e+07 -1.514901e+04 -3.137415e+05  1.291867e+04 -1.700066e+05  6.552496e+04 -4.345650e+06  1.328999e+03 -5.052908e+05  3.896688e+04 -4.748849e+05
 2.000000e-03  5.000000e-03  2.410000e-01  1.850000e-01  1.440000e-01 -1.800000e-01  7.657840e+08 -8.493064e+05 -4.473480e+06  1.694861e+05  9.819829e+05 -2.549788e+05 -1.042110e+08  4.700856e+04  3.118551e+04  1.874075e+04 -2.219416e+07  1.158221e+05  6.831132e+05 -9.730221e+04 -2.859413e+05 -3.039036e+04  4.533563e+05 -1.664370e+04 -3.098615e+06  1.584852e+08 -2.078451e+05 -4.010257e+05  6.784431e+03  5.350001e+05 -1.941493e+05 -4.228013e+07  2.291865e+04  7.472758e+04  1.623210e+04  4.034474e+05
-6.000000e-03 -1.900000e-02 -2.590000e-01 -1.560000e-01 -1.000000e-01  4.000000e-02 -9.160000e-01  1.122553e+03  5.660978e+03 -1.311350e+02 -1.208007e+03  3.203290e+02  1.159460e+05 -4.505400e+01  2.647960e+02 -5.874900e+01  2.442015e+04 -2.515400e+01 -8.182140e+02 -1.419010e+02  1.294930e+02  4.365000e+01 -4.905800e+01  9.096500e+01 -1.420882e+04 -2.401939e+05  3.651810e+02  1.766990e+03 -2.725800e+01 -5.789920e+02  1.830230e+02  5.175272e+04 -2.293900e+01  6.428180e+02 -7.645200e+01 -1.059810e+02
 2.100000e-02  1.400000e-02 -8.500000e-02 -5.000000e-02  3.800000e-02  1.290000e-01 -2.530000e-01  2.640000e-01  4.093275e+05 -8.033996e+03 -4.914165e+03 -1.818170e+02  1.527507e+06 -8.681100e+02  7.373271e+04 -5.963986e+03  7.612015e+05 -9.687400e+02  6.786622e+03  2.025237e+03 -7.552900e+02 -1.360541e+03 -8.827950e+02 -8.768020e+02  3.670268e+05 -1.248510e+06  1.696689e+03  7.561502e+03  1.143775e+03 -7.286432e+03  2.305239e+03  4.689012e+05 -2.781300e+02 -6.984540e+03  6.032620e+02 -6.188805e+03
-4.300000e-02  1.600000e-02  2.480000e-01  3.000000e-03  5.300000e-02 -1.390000e-01  2.940000e-01 -1.880000e-01 -6.030000e-01  4.336520e+02 -2.637330e+02  1.139540e+02 -5.328188e+04  3.738500e+01 -9.791470e+02  7.966200e+01 -1.498236e+04  9.991400e+01  2.574930e+02 -2.351330e+02 -4.663100e+01  1.120300e+01  2.194140e+02  4.067000e+01 -1.276706e+04  5.523354e+03 -1.765000e+00  1.693786e+03  1.992300e+01  4.812300e+01 -3.558800e+01 -3.287864e+03  1.995000e+00  7.510380e+02 -5.492800e+01  2.946610e+02
-5.300000e-02 -1.250000e-01 -5.600000e-02  2.000000e-02 -1.300000e-02 -1.740000e-01  2.530000e-01 -2.580000e-01 -5.500000e-02 -9.000000e-02  1.960365e+04 -5.827097e+03  2.961532e+05 -2.409360e+02 -4.820322e+03  4.831870e+02  4.017940e+04 -1.742810e+02  2.249080e+02 -1.016794e+03 -6.363430e+02  3.360230e+02  9.206800e+02 -2.867910e+02  2.312909e+04  5.320230e+05 -5.586430e+02 -5.085968e+03  1.263780e+02  1.554889e+03 -8.281110e+02 -1.035817e+05  8.836600e+01  2.587260e+03 -2.114460e+02  2.994320e+02
 9.500000e-02  1.200000e-01  6.800000e-02  2.200000e-02 -2.800000e-02  1.720000e-01 -2.130000e-01  2.210000e-01 -7.000000e-03  1.260000e-01 -9.620000e-01  1.871442e+03 -1.080962e+05  8.394400e+01  1.017472e+03 -1.094950e+02 -1.697317e+04  6.249500e+01 -2.778150e+02  3.509450e+02  2.284920e+02 -6.411800e+01 -1.930080e+02  8.082300e+01 -8.700185e+03 -1.664982e+05  1.704430e+02  1.666028e+03 -6.799600e+01 -5.391270e+02  2.659900e+02  3.844333e+04 -3.020500e+01 -8.860500e+02  7.433900e+01 -6.938400e+01
 8.600000e-02 -7.500000e-02  1.000000e-02 -3.140000e-01 -2.800000e-02  5.500000e-02 -3.290000e-01  3.020000e-01  2.090000e-01 -2.240000e-01  1.850000e-01 -2.180000e-01  1.308774e+08 -8.422152e+04  4.019111e+05 -1.325450e+04  1.689184e+07 -7.465274e+04  1.645671e+04  1.489203e+05  4.783768e+04 -2.321001e+04 -7.600598e+04 -1.052590e+05  1.240949e+06  2.885651e+06  7.022265e+03 -3.748941e+05  1.613104e+04 -1.137356e+05  3.911264e+04 -4.554749e+06 -4.742440e+02 -8.146485e+04 -3.118040e+02 -5.082927e+04
-7.000000e-02  4.700000e-02  3.000000e-03  1.710000e-01  1.080000e-01  1.000000e-03  2.180000e-01 -1.730000e-01 -1.740000e-01  2.300000e-01 -2.210000e-01  2.490000e-01 -9.450000e-01  6.068800e+01 -1.904290e+02 -3.837000e+00 -9.165959e+03  4.944100e+01  4.842700e+01 -1.133980e+02 -3.098800e+01  1.531200e+01  7.245300e+01  7.358100e+01 -7.014520e+02 -5.156731e+03 -5.610000e-01  2.652890e+02 -1.300500e+01  6.732600e+01 -2.451400e+01  5.701140e+03 -1.180000e-01  1.709900e+01  1.223000e+00  2.874300e+01
-5.500000e-02 -7.200000e-02  1.920000e-01  2.700000e-02  1.880000e-01  1.740000e-01  3.000000e-03  2.200000e-02  3.190000e-01 -1.300000e-01 -9.500000e-02  6.500000e-02  9.700000e-02 -6.800000e-02  1.305616e+05 -9.978404e+03 -3.029413e+04 -8.151780e+02  1.183095e+04 -1.536224e+03 -2.391880e+03 -1.518683e+03  4.495176e+03  2.296200e+02  1.295241e+05  1.449126e+05 -2.397630e+02  5.076536e+03  1.585933e+03 -1.739949e+03  7.343590e+02 -4.335611e+04  5.159100e+01  8.235991e+03 -9.301640e+02 -3.816054e+03
 6.400000e-02  1.050000e-01 -1.390000e-01  2.100000e-02 -1.960000e-01 -8.800000e-02  2.300000e-02 -6.000000e-02 -3.180000e-01  1.300000e-01  1.180000e-01 -8.600000e-02 -4.000000e-02 -1.700000e-02 -9.420000e-01  8.598220e+02  3.267166e+03  3.517500e+01 -9.595110e+02  1.463640e+02  2.671870e+02  9.199400e+01 -2.425890e+02 -1.364950e+02 -7.086792e+03  7.171993e+03 -7.106000e+00 -7.326920e+02 -1.218320e+02  1.580220e+02 -6.775600e+01 -5.716110e+02 -4.143000e+00 -1.167922e+03  1.217120e+02  1.342260e+02
 8.500000e-02 -2.000000e-03 -6.800000e-02 -4.640000e-01  5.200000e-02  2.830000e-01 -2.950000e-01  2.680000e-01  4.380000e-01 -2.650000e-01  1.060000e-01 -1.440000e-01  5.440000e-01 -4.330000e-01 -3.100000e-02  4.100000e-02  7.376702e+06 -1.278851e+04  1.862144e+04  2.450398e+04  2.995194e+04 -1.017215e+04  2.664578e+03 -3.199601e+04  1.602751e+06 -1.676430e+06  3.526675e+03 -1.106365e+05  4.197125e+03 -4.079773e+03  5.377764e+03  2.288522e+06 -1.164208e+03 -1.541930e+05  1.228029e+04 -8.975264e+04
-9.500000e-02 -4.000000e-02 -1.890000e-01  1.370000e-01  8.000000e-03 -3.210000e-01  2.440000e-01 -4.400000e-02 -8.800000e-02  2.800000e-01 -7.300000e-02  8.400000e-02 -3.810000e-01  3.700000e-01 -1.320000e-01  7.000000e-02 -2.750000e-01  2.939100e+02 -2.161770e+02 -2.301910e+02 -1.079320e+02  3.399600e+01  6.152500e+01  1.822500e+02 -1.145605e+04 -1.512576e+04  3.573700e+01  1.166529e+03 -1.099500e+01  3.378560e+02 -1.298370e+02 -4.574694e+03  3.872000e+00  1.016847e+03 -7.080400e+01  5.193400e+02
-2.520000e-01 -1.730000e-01  6.350000e-01 -3.360000e-01  8.640000e-01  1.910000e-01  1.960000e-01 -1.940000e-01  8.400000e-02  9.800000e-02  1.300000e-02 -5.100000e-02  1.100000e-02  4.900000e-02  2.600000e-01 -2.600000e-01  5.500000e-02 -1.000000e-01  1.579885e+04 -2.550984e+03 -1.494942e+03 -6.869850e+02 -6.117760e+02  2.066502e+03 -3.790468e+04  3.174162e+04 -1.196730e+02  5.413093e+03  4.326200e+01  2.561927e+03 -9.076310e+02  1.444915e+04  7.058000e+00  3.789070e+03 -2.811060e+02  4.853627e+03
 1.290000e-01 -5.600000e-02 -3.100000e-02 -1.000000e-03 -1.330000e-01  9.900000e-02 -2.700000e-02 -3.300000e-02  2.400000e-02 -8.700000e-02 -5.600000e-02  6.300000e-02  1.000000e-01 -1.120000e-01 -3.300000e-02  3.800000e-02  7.000000e-02 -1.030000e-01 -1.560000e-01  1.684017e+04 -2.540600e+02 -1.213620e+02 -4.775600e+02 -5.667462e+03  2.559939e+05 -1.177793e+05 -2.419760e+02  5.843026e+03 -4.021890e+02 -1.207130e+02  2.556010e+02  1.683795e+04 -1.030320e+02 -3.558836e+03  1.666240e+02 -7.430112e+03
 2.900000e-02  6.100000e-02 -1.900000e-02 -2.800000e-02 -9.600000e-02  1.070000e-01 -8.100000e-02  3.000000e-02 -9.000000e-03 -1.700000e-02 -3.500000e-02  4.100000e-02  3.300000e-02 -3.100000e-02 -5.200000e-02  7.100000e-02  8.600000e-02 -4.900000e-02 -9.300000e-02 -1.500000e-02  1.641815e+04  9.930600e+01  4.291340e+02 -7.129186e+03  4.437246e+05 -2.967045e+05  1.154280e+02 -2.796816e+03  1.166560e+02  9.670710e+02 -4.778200e+01 -2.408471e+04 -7.224000e+00 -8.264020e+02  1.265510e+02 -6.910978e+03
-2.600000e-02 -5.000000e-03 -1.220000e-01  6.400000e-02 -1.010000e-01 -8.700000e-02 -2.700000e-02  3.200000e-02 -5.300000e-02  1.300000e-02  6.000000e-02 -3.700000e-02 -5.000000e-02  4.900000e-02 -1.040000e-01  7.800000e-02 -9.300000e-02  4.900000e-02 -1.360000e-01 -2.300000e-02  1.900000e-02  1.618851e+03  3.596210e+02 -3.716150e+02  2.623170e+04  2.169830e+03 -3.744500e+01 -3.167640e+02 -7.205700e+01 -2.917190e+02  6.960900e+01 -1.972629e+04  9.532000e+00 -6.841500e+01 -6.781000e+00 -3.514070e+02
-3.200000e-02  2.900000e-02 -2.400000e-02  3.570000e-01  1.420000e-01  2.490000e-01  9.400000e-02 -8.000000e-03 -8.000000e-03  6.100000e-02  3.800000e-02 -2.600000e-02 -3.800000e-02  5.400000e-02  7.200000e-02 -4.800000e-02  6.000000e-03  2.100000e-02 -2.800000e-02 -2.100000e-02  1.900000e-02  5.100000e-02  3.013294e+04 -9.996513e+03  4.308224e+04  5.476480e+05 -3.471080e+02 -1.025525e+03  3.578800e+01 -9.370935e+03  2.870143e+03 -4.604198e+05  1.841090e+02 -2.583212e+04  2.126463e+03 -1.603527e+04
-3.900000e-02 -2.400000e-02  3.400000e-02 -1.760000e-01  6.600000e-02 -2.630000e-01 -6.000000e-03  2.500000e-02 -1.300000e-02  1.800000e-02 -1.900000e-02  1.700000e-02 -8.500000e-02  8.700000e-02  6.000000e-03 -4.300000e-02 -1.090000e-01  9.800000e-02  1.520000e-01 -4.040000e-01 -5.140000e-01 -8.500000e-02 -5.320000e-01  1.170800e+04 -3.449486e+05 -6.223200e+04  1.915200e+02  6.188090e+03 -1.388240e+02  4.094376e+03 -1.460819e+03  2.829144e+05 -9.019400e+01  1.007101e+04 -7.673310e+02  1.525410e+04
-8.000000e-03 -8.200000e-02 -4.000000e-02  1.500000e-02 -5.500000e-02  1.180000e-01 -1.300000e-02 -4.800000e-02  6.500000e-02 -7.000000e-02  1.900000e-02 -2.300000e-02  1.200000e-02 -1.000000e-02  4.100000e-02 -2.800000e-02  6.700000e-02 -7.600000e-02 -3.400000e-02  2.250000e-01  3.940000e-01  7.400000e-02  2.800000e-02 -3.630000e-01  7.707905e+07  9.469938e+06 -5.688193e+04 -3.914533e+05 -1.144820e+04 -1.623868e+04  2.768304e+04 -1.658480e+06 -1.634115e+03 -3.029080e+04 -3.115297e+03 -5.334039e+05
 3.000000e-03  1.000000e-02 -2.400000e-02  7.400000e-02  3.900000e-02  7.300000e-02  2.170000e-01 -2.720000e-01 -7.400000e-02  1.000000e-02  1.440000e-01 -1.460000e-01  1.000000e-02 -2.500000e-02  1.500000e-02  9.000000e-03 -2.300000e-02 -3.300000e-02  1.000000e-02 -3.400000e-02 -8.800000e-02  2.000000e-03  1.200000e-01 -2.200000e-02  4.100000e-02  6.961674e+08 -8.286494e+05 -4.759147e+06  1.503917e+05  8.993712e+04 -1.730426e+04 -1.594951e+08  7.145289e+04 -2.320961e+06  1.697948e+05 -1.035096e+06
 0.000000e+00  2.000000e-02  9.000000e-03 -4.600000e-02 -2.100000e-02 -7.300000e-02 -2.150000e-01  3.120000e-01  7.600000e-02 -2.000000e-03 -1.140000e-01  1.130000e-01  1.800000e-02 -2.000000e-03 -1.900000e-02 -7.000000e-03  3.700000e-02  6.000000e-02 -2.700000e-02 -5.300000e-02  2.600000e-02 -2.700000e-02 -5.700000e-02  5.100000e-02 -1.860000e-01 -9.000000e-01  1.216571e+03  5.721654e+03 -1.028380e+02 -6.131080e+02  1.708030e+02  1.733199e+05 -6.229300e+01  3.976007e+03 -3.017550e+02  1.262642e+03
-6.200000e-02  1.000000e-03  1.700000e-02 -7.000000e-02  2.900000e-02 -7.300000e-02 -2.000000e-02  7.300000e-02  1.600000e-02  1.130000e-01 -5.000000e-02  5.300000e-02 -4.600000e-02  4.700000e-02  2.000000e-02 -3.500000e-02 -5.700000e-02  9.500000e-02  6.000000e-02  6.300000e-02 -3.000000e-02 -1.100000e-02 -8.000000e-03  7.900000e-02 -6.200000e-02 -2.510000e-01  2.280000e-01  5.181868e+05 -7.616043e+03  5.165984e+03 -3.166524e+03  1.901019e+06 -1.008683e+03  1.957654e+05 -1.643812e+04  2.729981e+04
-4.300000e-02 -8.000000e-03  2.100000e-02  5.100000e-02  2.600000e-02  8.200000e-02  9.000000e-03 -3.100000e-02  6.800000e-02  3.700000e-02  3.400000e-02 -6.000000e-02  5.400000e-02 -6.400000e-02  1.680000e-01 -1.590000e-01  5.900000e-02 -2.400000e-02  1.300000e-02 -1.180000e-01  3.500000e-02 -6.800000e-02  8.000000e-03 -4.900000e-02 -5.000000e-02  2.180000e-01 -1.130000e-01 -4.040000e-01  6.853020e+02 -9.092510e+02  3.230670e+02 -1.513834e+05  9.389100e+01 -4.654450e+03  3.976410e+02 -6.211930e+02
 3.400000e-02 -7.900000e-02  4.500000e-02 -1.360000e-01  5.400000e-02 -1.500000e-01  1.020000e-01 -9.100000e-02 -6.000000e-02  1.200000e-02  5.900000e-02 -6.600000e-02 -5.300000e-02  4.600000e-02 -2.500000e-02  2.800000e-02 -8.000000e-03  1.040000e-01  1.080000e-01 -5.000000e-03  4.000000e-02 -3.800000e-02 -2.850000e-01  2.000000e-01 -1.000000e-02  1.800000e-02 -9.300000e-02  3.800000e-02 -1.830000e-01  3.583319e+04 -1.119714e+04  8.269907e+05 -4.226350e+02 -4.087205e+03  4.332880e+02  1.049409e+04
-3.200000e-02  8.100000e-02 -4.100000e-02  1.400000e-01 -6.800000e-02  1.770000e-01 -1.140000e-01  8.900000e-02  5.800000e-02 -2.800000e-02 -9.600000e-02  1.000000e-01  5.500000e-02 -5.100000e-02  3.300000e-02 -3.700000e-02  3.200000e-02 -1.230000e-01 -1.170000e-01  3.200000e-02 -6.000000e-03  2.800000e-02  2.680000e-01 -2.190000e-01  5.100000e-02 -1.100000e-02  7.900000e-02 -7.100000e-02  2.000000e-01 -9.590000e-01  3.805983e+03 -2.795914e+05  1.393660e+02  2.652780e+02 -6.290300e+01 -3.958724e+03
 4.900000e-02 -1.900000e-02  1.400000e-02 -1.960000e-01 -5.600000e-02 -4.400000e-02 -9.300000e-02  9.400000e-02  4.500000e-02 -1.000000e-02 -4.500000e-02  5.400000e-02 -2.400000e-02  4.500000e-02 -7.000000e-03 -1.000000e-03  5.100000e-02 -1.600000e-02  7.000000e-03  8.000000e-03 -1.100000e-02 -3.000000e-02 -1.620000e-01  1.590000e-01 -1.200000e-02 -3.680000e-01  3.030000e-01  1.610000e-01 -3.520000e-01  2.660000e-01 -2.760000e-01  2.694902e+08 -1.549281e+05  6.372800e+05 -3.195899e+04  1.283334e+05
-2.900000e-02  4.000000e-03 -2.000000e-03  1.550000e-01  5.600000e-02  2.200000e-02  8.100000e-02 -6.700000e-02 -4.300000e-02  9.000000e-03  6.200000e-02 -6.900000e-02 -4.000000e-03 -1.000000e-03  1.400000e-02 -1.400000e-02 -4.200000e-02  2.200000e-02  6.000000e-03 -7.800000e-02 -6.000000e-03  2.300000e-02  1.040000e-01 -8.200000e-02 -1.800000e-02  2.660000e-01 -1.760000e-01 -1.380000e-01  3.530000e-01 -2.200000e-01  2.220000e-01 -9.280000e-01  1.033370e+02  7.737300e+01 -1.993300e+01  2.563100e+01
-3.800000e-02 -8.900000e-02  1.200000e-02 -8.200000e-02  0.000000e+00 -1.560000e-01  5.000000e-03  3.500000e-02 -2.000000e-02  6.700000e-02  3.400000e-02 -3.800000e-02 -1.300000e-02  4.000000e-03  4.200000e-02 -7.400000e-02 -1.050000e-01  1.100000e-01  5.600000e-02 -5.100000e-02 -1.200000e-02 -3.000000e-03 -2.750000e-01  1.720000e-01 -6.000000e-03 -1.630000e-01  2.110000e-01  5.030000e-01 -3.290000e-01 -4.000000e-02  8.000000e-03  7.200000e-02  1.400000e-02  2.927018e+05 -2.404288e+04  3.277294e+04
 3.700000e-02  7.800000e-02  1.000000e-03  8.600000e-02 -2.000000e-03  1.430000e-01  1.300000e-02 -5.000000e-02  2.100000e-02 -5.800000e-02 -3.300000e-02  3.800000e-02 -1.000000e-03  3.000000e-03 -5.600000e-02  9.100000e-02  9.900000e-02 -9.100000e-02 -4.900000e-02  2.800000e-02  2.200000e-02 -4.000000e-03  2.690000e-01 -1.560000e-01 -8.000000e-03  1.410000e-01 -1.900000e-01 -5.010000e-01  3.330000e-01  5.000000e-02 -2.200000e-02 -4.300000e-02 -4.300000e-02 -9.750000e-01  2.078214e+03 -2.481476e+03
-8.200000e-02 -1.140000e-01  1.100000e-02 -1.340000e-01  1.510000e-01 -3.890000e-01  7.200000e-02 -1.600000e-02 -4.700000e-02  6.900000e-02  1.000000e-02 -8.000000e-03 -2.200000e-02  1.800000e-02 -5.200000e-02  2.200000e-02 -1.620000e-01  1.490000e-01  1.900000e-01 -2.810000e-01 -2.650000e-01 -4.300000e-02 -4.530000e-01  6.920000e-01 -2.980000e-01 -1.930000e-01  1.780000e-01  1.860000e-01 -1.160000e-01  2.720000e-01 -3.150000e-01  3.800000e-02  1.200000e-02  2.970000e-01 -2.670000e-01  4.149880e+04
[1] "2020-11-09 02:00:42 GST"
Time difference of 2.106999 days
