nohup: ignoring input

Attaching package: ‘igraph’

The following objects are masked from ‘package:stats’:

    decompose, spectrum

The following object is masked from ‘package:base’:

    union

Warning message:
no DISPLAY variable so Tk is not available 

Attaching package: ‘xtable’

The following object is masked from ‘package:RSiena’:

    xtable

[1] "2"
[1] "/scratch/krm7/artwork/DATAandCODE/data/100_unique_id/p2"
  effectName              include fix   test  initialValue parm
1 mnet: transitive triads TRUE    FALSE FALSE          0   0   
  effectName              include fix   test  initialValue parm
1 pnet: transitive triads TRUE    FALSE FALSE          0   0   
  effectName include fix   test  initialValue parm
1 mnet: pnet TRUE    FALSE FALSE          0   0   
  effectName include fix   test  initialValue parm
1 pnet: mnet TRUE    FALSE FALSE          0   0   
  effectName                include fix   test  initialValue parm
1 mnet: ranking ego and alt TRUE    FALSE FALSE          0   0   
2 mnet: ranking similarity  TRUE    FALSE FALSE          0   0   
  effectName                 include fix   test  initialValue parm
1 mnet: soloshow ego and alt TRUE    FALSE FALSE          0   0   
2 mnet: soloshow similarity  TRUE    FALSE FALSE          0   0   
  effectName              include fix   test  initialValue parm
1 mnet: award ego and alt TRUE    FALSE FALSE          0   0   
2 mnet: award similarity  TRUE    FALSE FALSE          0   0   
  effectName                  include fix   test  initialValue parm
1 mnet: meanprice ego and alt TRUE    FALSE FALSE          0   0   
2 mnet: meanprice similarity  TRUE    FALSE FALSE          0   0   
  effectName                    include fix   test  initialValue parm
1 mnet: festbiennal ego and alt TRUE    FALSE FALSE          0   0   
2 mnet: festbiennal similarity  TRUE    FALSE FALSE          0   0   
  effectName                  include fix   test  initialValue parm
1 mnet: groupshow ego and alt TRUE    FALSE FALSE          0   0   
2 mnet: groupshow similarity  TRUE    FALSE FALSE          0   0   
  effectName                include fix   test  initialValue parm
1 pnet: ranking ego and alt TRUE    FALSE FALSE          0   0   
2 pnet: ranking similarity  TRUE    FALSE FALSE          0   0   
  effectName                 include fix   test  initialValue parm
1 pnet: soloshow ego and alt TRUE    FALSE FALSE          0   0   
2 pnet: soloshow similarity  TRUE    FALSE FALSE          0   0   
  effectName              include fix   test  initialValue parm
1 pnet: award ego and alt TRUE    FALSE FALSE          0   0   
2 pnet: award similarity  TRUE    FALSE FALSE          0   0   
  effectName                  include fix   test  initialValue parm
1 pnet: meanprice ego and alt TRUE    FALSE FALSE          0   0   
2 pnet: meanprice similarity  TRUE    FALSE FALSE          0   0   
  effectName                    include fix   test  initialValue parm
1 pnet: festbiennal ego and alt TRUE    FALSE FALSE          0   0   
2 pnet: festbiennal similarity  TRUE    FALSE FALSE          0   0   
[1] "/scratch/krm7/artwork/result/two_net_model_period_2_n_100_trans"
siena07 will create an output file /scratch/krm7/artwork/result/two_net_model_period_2_n_100_trans.txt .
[1] "2020-11-14 07:42:30 GST"
No X11 device available, forcing use of batch mode

Start phase 0 
theta: 13.537 12.769  3.478 29.776  0.756  0.000  0.000  0.000  0.000  0.000  0.000  0.000  0.000  0.000  0.000  0.000  0.000  0.000  0.000 41.289  2.953  2.145  2.307  1.175  0.000  0.000  0.000  0.000  0.000  0.000  0.000  0.000  0.000  0.000  0.000  0.000 

Start phase 1 
Phase 1 Iteration 1 Progress: 0%
Phase 1 Iteration 41 Progress: 0%
Phase 1 Iteration 81 Progress: 0%
theta:  1.38e+01  1.30e+01  3.51e+00  3.08e+01  6.84e-01  1.04e-03 -1.79e-05 -3.40e-02 -8.80e-05  1.78e-02  4.43e-04  8.55e-03  2.56e-05  2.57e-02  2.97e-03  2.53e-02  3.87e-05  9.69e-03  1.18e-02  4.10e+01  2.95e+00  2.14e+00  2.34e+00  1.14e+00  5.44e-04  9.38e-05  1.67e-01 -5.74e-04  4.30e-03  5.90e-03  7.07e-03  2.22e-05  7.12e-02 -7.34e-04 -1.16e-02  7.44e-04 

Start phase 2.1
Phase 2 Subphase 1 Iteration 1 Progress: 67%
Phase 2 Subphase 1 Iteration 2 Progress: 67%
theta  1.30e+01  1.10e+01  3.06e+00  2.80e+01  5.52e-01  4.71e-03 -1.57e-05  2.15e-01 -2.56e-03 -1.03e-01  2.48e-03  3.32e-02 -3.61e-05 -4.32e-03  2.96e-03  6.08e-03 -1.45e-04 -9.48e-02  1.39e-02  3.77e+01  2.53e+00  1.92e+00  1.96e+00  1.03e+00  2.54e-03 -9.65e-05  2.07e-01  2.16e-03  3.05e-02 -2.05e-02  2.79e-02 -9.52e-05  2.54e-01 -2.11e-03  2.13e-01  2.45e-02 
ac  1.1726  1.2931  1.2460  1.1954  0.6896  1.1921  1.3213  2.0706  1.0215  1.2751  1.0654  0.5421  1.7699  1.4810  1.1489  1.1479  1.0829  1.2530  1.4092  1.0958  1.2632  1.1591  1.2771  1.7863  1.1161  1.7256 -0.0181  1.2575  1.1289  1.4645  8.6488  1.3505  1.3480  0.7466  0.6718  1.1256 
Phase 2 Subphase 1 Iteration 3 Progress: 67%
Phase 2 Subphase 1 Iteration 4 Progress: 67%
theta  1.11e+01  6.67e+00  1.96e+00  2.16e+01  1.09e-01  1.57e-02 -3.43e-05  8.57e-01 -7.89e-03 -3.67e-01  5.64e-04  1.10e-01 -1.80e-04 -1.03e-01  3.54e-03 -6.52e-02 -5.28e-05 -3.72e-01  1.96e-02  2.79e+01  1.50e+00  1.34e+00  1.09e+00  6.73e-01  8.62e-03 -4.42e-04  3.36e-01  5.05e-03  7.34e-02 -8.58e-02  7.78e-02 -3.58e-04  6.37e-01  2.22e-03  7.73e-01  1.24e-01 
ac 1.214 1.358 1.306 1.264 0.870 1.214 1.388 0.798 1.070 1.301 1.099 0.565 1.800 1.506 1.214 1.202 1.138 1.288 1.427 1.157 1.330 1.205 1.341 0.908 1.111 1.085 0.687 1.251 1.164 1.471 0.591 1.371 1.366 0.865 0.827 1.134 
Phase 2 Subphase 1 Iteration 5 Progress: 67%
Phase 2 Subphase 1 Iteration 6 Progress: 67%
theta  9.66e+00  4.78e+00  1.29e+00  1.88e+01 -4.17e-01  2.72e-02 -7.82e-05  1.15e+00 -8.19e-03 -4.78e-01 -2.79e-02  1.80e-01 -2.47e-04 -2.27e-01  6.36e-03 -1.02e-01  9.19e-04 -5.91e-01  3.52e-02  2.03e+01  9.26e-01  9.15e-01  1.13e+00  2.70e-01  1.49e-02 -5.13e-04  2.90e-01  1.94e-03  3.14e-02 -1.20e-01  1.28e-01 -4.86e-04  7.41e-01  2.40e-02  1.16e+00  3.20e-01 
ac 1.235 1.352 1.314 1.258 0.954 1.210 1.356 0.880 1.099 1.301 1.121 0.713 1.663 1.445 1.221 1.217 1.158 1.293 1.397 1.180 1.334 1.221 1.278 0.792 1.079 1.120 0.909 1.261 1.180 1.341 0.753 1.358 1.352 0.954 0.925 1.125 
Phase 2 Subphase 1 Iteration 7 Progress: 67%
Phase 2 Subphase 1 Iteration 8 Progress: 67%
theta  9.107468  4.981467  1.110953 21.155441 -0.976923  0.038318 -0.000105  0.929866 -0.002781 -0.442864 -0.086848  0.214796 -0.000222 -0.383683  0.012131 -0.059617  0.002430 -0.738844  0.059965 17.314327  0.715869  0.689751  1.050232 -0.139699  0.021261 -0.000528  0.080385 -0.001986 -0.059178 -0.104527  0.193255 -0.000540  0.754998  0.055617  1.352501  0.602869 
ac 1.230 1.336 1.310 1.194 0.992 1.204 1.334 0.976 1.113 1.303 1.136 0.761 1.283 1.323 1.181 1.210 1.163 1.291 1.346 1.179 1.299 1.220 1.251 0.930 1.089 1.136 0.961 1.259 1.186 1.321 0.863 1.357 1.350 0.990 0.963 1.135 
Phase 2 Subphase 1 Iteration 9 Progress: 67%
Phase 2 Subphase 1 Iteration 10 Progress: 67%
theta 10.341619  6.762364  1.190060 29.977483 -1.556719  0.048755 -0.000146  0.533937  0.005048 -0.315863 -0.166531  0.229614 -0.000147 -0.523175  0.020635  0.014999  0.004435 -0.838469  0.111990 17.190183  0.740208  0.652878  0.790066 -0.551873  0.027887 -0.000481 -0.045944 -0.004130 -0.115634 -0.045821  0.264902 -0.000558  0.759441  0.083989  1.403381  0.893343 
ac 1.206 1.308 1.308 1.052 0.942 1.194 1.299 0.993 1.095 1.304 1.135 0.927 1.007 1.153 1.015 1.139 1.151 1.284 1.162 1.178 1.259 1.218 1.252 0.961 1.098 1.136 0.970 1.238 1.185 1.335 0.912 1.356 1.349 0.994 0.967 1.140 
Phase 2 Subphase 1 Iteration 100 Progress: 69%
theta  2.07e+02  4.33e+02  1.84e+01  2.93e+03 -1.77e+01  8.47e-02 -1.32e-03 -4.36e+00 -4.67e-05  8.11e-01 -9.30e-01 -2.23e-01  1.15e-03 -4.35e-01  1.24e-02 -3.92e-01  1.78e-02 -2.29e+00  1.50e+01  3.49e+02  3.01e+00  3.80e+00  5.47e+01 -3.31e+00  6.99e-02  3.30e-03  2.92e+00  3.70e-02  4.42e-02  7.86e-01  9.03e-01 -2.45e-03 -4.21e+00 -2.07e-01 -4.21e+00  8.48e+00 
ac  0.918  0.819  1.242  0.929  0.385  0.632  1.060  0.601  0.670  0.633  0.451  0.139  0.764  0.814  0.917  0.828  1.041  0.448  0.315  0.372  1.243  1.199  0.507 -0.469  0.483 -0.150  0.527  0.733  0.292  0.467  0.624  0.996  1.040  0.586  0.896  1.054 
Phase 2 Subphase 1 Iteration 200 Progress: 70%
theta  3.95e+02  7.25e+02  9.36e+00  6.36e+03 -3.14e+01  6.97e-02 -4.96e-04 -2.51e+00 -6.67e-03  3.70e-01 -6.45e-01 -4.88e-02  7.00e-04 -1.10e+00  1.56e-03 -1.37e-01  1.29e-02 -2.11e+00  2.89e+01  7.08e+02  3.01e+00  3.68e+00  1.06e+02 -3.23e+00  6.93e-02  2.35e-03  1.01e+00  3.80e-02 -2.27e-01  7.43e-01  7.51e-01 -2.32e-03 -4.16e+00 -1.40e-01 -3.61e+00  1.13e+01 
ac  7.46e-01  3.79e-01  1.07e+00  8.55e-01  6.37e-02  2.54e-01  7.42e-01  2.10e-01  4.41e-01  4.66e-01  2.71e-01  7.29e-02  5.82e-01  6.28e-01  6.40e-01  5.20e-01  8.52e-01  2.44e-01  5.14e-05  1.21e-01  1.23e+00  1.18e+00  3.48e-01 -4.63e-01  1.85e-01 -2.67e-01  3.77e-01  5.06e-01  1.75e-02  5.43e-01  6.79e-01  7.77e-01  8.83e-01  4.56e-01  8.83e-01  9.97e-01 
theta  2.10e+02  4.16e+02  1.21e+01  3.19e+03 -1.80e+01  7.58e-02 -9.94e-04 -3.56e+00  1.93e-04  5.77e-01 -7.34e-01 -4.05e-01  6.91e-04 -1.01e+00  2.61e-02  8.29e-02  1.47e-02 -1.82e+00  1.55e+01  3.73e+02  2.88e+00  3.24e+00  5.61e+01 -3.07e+00  6.68e-02  2.21e-03  1.21e+00  2.80e-02 -1.77e-01  7.65e-01  8.12e-01 -1.97e-03 -2.98e+00 -1.45e-01 -3.58e+00  7.72e+00 
ac  0.75077  0.37921  1.04933  0.85919  0.06598  0.25776  0.74190  0.21036  0.41480  0.41563  0.26381  0.07322  0.59814  0.64383  0.64042  0.50826  0.85608  0.23716  0.00116  0.10832  1.22643  1.17351  0.33979 -0.45940  0.16563 -0.27019  0.35391  0.48261  0.00371  0.53585  0.67765  0.75258  0.85780  0.43508  0.87013  0.98890 
theta:  2.10e+02  4.16e+02  1.21e+01  3.19e+03 -1.80e+01  7.58e-02 -9.94e-04 -3.56e+00  1.93e-04  5.77e-01 -7.34e-01 -4.05e-01  6.91e-04 -1.01e+00  2.61e-02  8.29e-02  1.47e-02 -1.82e+00  1.55e+01  3.73e+02  2.88e+00  3.24e+00  5.61e+01 -3.07e+00  6.68e-02  2.21e-03  1.21e+00  2.80e-02 -1.77e-01  7.65e-01  8.12e-01 -1.97e-03 -2.98e+00 -1.45e-01 -3.58e+00  7.72e+00 

Start phase 2.2
Phase 2 Subphase 2 Iteration 1 Progress: 70%
Phase 2 Subphase 2 Iteration 2 Progress: 70%
Phase 2 Subphase 2 Iteration 3 Progress: 70%
Phase 2 Subphase 2 Iteration 4 Progress: 70%
Phase 2 Subphase 2 Iteration 5 Progress: 70%
Phase 2 Subphase 2 Iteration 6 Progress: 70%
Phase 2 Subphase 2 Iteration 7 Progress: 70%
Phase 2 Subphase 2 Iteration 8 Progress: 70%
Phase 2 Subphase 2 Iteration 9 Progress: 70%
Phase 2 Subphase 2 Iteration 10 Progress: 70%
Phase 2 Subphase 2 Iteration 100 Progress: 72%
theta  3.44e+02  6.73e+02  9.28e+00  5.16e+03 -2.62e+01  7.51e-02 -1.43e-03 -4.96e+00  1.21e-02  7.80e-01 -8.02e-01 -4.72e-01  1.12e-03 -2.22e-01  1.03e-02  2.58e-01  1.33e-02 -1.75e+00  2.37e+01  6.07e+02  3.01e+00  3.33e+00  9.15e+01 -3.32e+00  7.12e-02  2.64e-03  1.48e+00  2.97e-02 -2.72e-01  8.61e-01  7.20e-01 -1.90e-03 -3.04e+00 -1.73e-01 -4.65e+00  8.57e+00 
ac  0.8242  0.7538  0.4322  0.9847  0.7823  0.8644  1.0671  0.2024  0.7849  0.4048  0.5875  0.2632  0.9315  0.9055  0.8631  0.7618  1.0237  0.4555  0.6683  0.5304  0.0864  0.5651  0.4434 -0.0231 -0.2697  0.1219  0.3694  0.1283 -0.1339  0.7579  0.7857 -0.1672 -0.3333  0.3664  0.9245  0.9739 
Phase 2 Subphase 2 Iteration 200 Progress: 74%
theta  4.87e+02  9.04e+02  6.60e+00  7.12e+03 -3.41e+01  7.51e-02 -9.19e-04 -3.62e+00  7.31e-03  2.33e-01 -6.90e-01 -3.09e-01  8.23e-04 -1.44e-01  3.64e-02  1.96e-01  1.59e-02 -2.16e+00  3.16e+01  8.38e+02  2.93e+00  3.37e+00  1.25e+02 -3.23e+00  6.93e-02  2.49e-03  1.42e+00  2.30e-02 -2.68e-01  7.58e-01  7.40e-01 -1.91e-03 -3.02e+00 -1.74e-01 -4.25e+00  9.70e+00 
ac  0.8183  0.6533  0.4626  0.8946  0.4942  0.5790  0.9411  0.0566  0.6186  0.4065  0.5610  0.2310  0.7524  0.7423  0.7128  0.5655  0.9227  0.4733  0.3817  0.3712  0.0384  0.3484  0.4136 -0.0681 -0.2705  0.0795  0.3701  0.0973 -0.1343  0.7941  0.8411 -0.0787 -0.1436  0.3718  0.9090  0.9736 
theta  3.68e+02  7.04e+02  8.70e+00  5.46e+03 -2.74e+01  7.58e-02 -9.64e-04 -3.92e+00  5.66e-03  6.15e-01 -7.55e-01 -3.18e-01  8.74e-04 -4.62e-01  3.33e-02  4.55e-01  1.51e-02 -1.88e+00  2.49e+01  6.40e+02  2.92e+00  3.20e+00  9.63e+01 -3.26e+00  6.97e-02  2.50e-03  1.52e+00  2.60e-02 -1.14e-01  8.10e-01  7.66e-01 -1.90e-03 -2.98e+00 -1.81e-01 -4.44e+00  8.81e+00 
ac  0.8315  0.6559  0.4679  0.8971  0.4801  0.5708  0.8914 -0.0128  0.5884  0.3674  0.4805  0.1702  0.7497  0.7419  0.7124  0.5642  0.9245  0.4226  0.3696  0.3836 -0.0128  0.3244  0.4273 -0.0600 -0.2692  0.0942  0.3902  0.1149 -0.1476  0.8005  0.8467 -0.0606 -0.1096  0.3673  0.8993  0.9673 
theta:  3.68e+02  7.04e+02  8.70e+00  5.46e+03 -2.74e+01  7.58e-02 -9.64e-04 -3.92e+00  5.66e-03  6.15e-01 -7.55e-01 -3.18e-01  8.74e-04 -4.62e-01  3.33e-02  4.55e-01  1.51e-02 -1.88e+00  2.49e+01  6.40e+02  2.92e+00  3.20e+00  9.63e+01 -3.26e+00  6.97e-02  2.50e-03  1.52e+00  2.60e-02 -1.14e-01  8.10e-01  7.66e-01 -1.90e-03 -2.98e+00 -1.81e-01 -4.44e+00  8.81e+00 

Start phase 2.3
Phase 2 Subphase 3 Iteration 1 Progress: 74%
Phase 2 Subphase 3 Iteration 2 Progress: 74%
Phase 2 Subphase 3 Iteration 3 Progress: 74%
Phase 2 Subphase 3 Iteration 4 Progress: 74%
Phase 2 Subphase 3 Iteration 5 Progress: 74%
Phase 2 Subphase 3 Iteration 6 Progress: 74%
Phase 2 Subphase 3 Iteration 7 Progress: 74%
Phase 2 Subphase 3 Iteration 8 Progress: 74%
Phase 2 Subphase 3 Iteration 9 Progress: 74%
Phase 2 Subphase 3 Iteration 10 Progress: 74%
Phase 2 Subphase 3 Iteration 100 Progress: 76%
theta  4.41e+02  8.28e+02  5.98e+00  6.48e+03 -3.17e+01  7.42e-02 -5.27e-04 -2.93e+00  3.38e-03  6.20e-01 -7.28e-01 -2.24e-01  8.51e-04 -5.79e-01  2.63e-02  3.55e-01  1.56e-02 -1.78e+00  2.93e+01  7.68e+02  2.92e+00  3.14e+00  1.15e+02 -3.30e+00  7.02e-02  2.49e-03  1.55e+00  2.39e-02  1.33e-01  8.33e-01  7.52e-01 -1.88e-03 -2.89e+00 -1.99e-01 -4.74e+00  9.48e+00 
ac  0.94664  0.84420  0.79437  0.92580  0.81621  0.83469  0.72201 -0.00094  0.64906  0.39460  0.68986  0.42673  0.74233  0.69802  0.72505  0.61997  0.88873  0.66192  0.77205  0.62436  0.04676  0.10464  0.88926  0.52376 -0.06310  0.53808  0.82120  0.23202  0.08029  1.02672  0.96138  0.28381  0.30800  0.71545  0.94786  1.02057 
Phase 2 Subphase 3 Iteration 200 Progress: 77%
theta  5.14e+02  9.53e+02  5.71e+00  7.53e+03 -3.61e+01  7.61e-02 -6.79e-04 -3.62e+00  3.13e-03  9.19e-01 -7.62e-01 -1.98e-01  7.98e-04 -5.99e-01  2.37e-02  2.78e-01  1.59e-02 -1.76e+00  3.36e+01  8.93e+02  2.86e+00  3.11e+00  1.34e+02 -3.27e+00  6.94e-02  2.47e-03  1.65e+00  2.36e-02 -1.90e-01  8.27e-01  7.96e-01 -1.81e-03 -2.76e+00 -1.79e-01 -4.48e+00  1.02e+01 
ac  0.9236  0.8536  0.5804  0.9535  0.8263  0.8544  0.8130  0.1931  0.6747  0.4224  0.7183  0.4901  0.8153  0.8073  0.7488  0.6155  0.9332  0.5610  0.7746  0.6548  0.0450  0.1258  0.8743  0.4266 -0.0489  0.5398  0.7575  0.1047  0.2259  0.9931  0.9431  0.1965  0.1713  0.6994  0.9668  0.9851 
theta  4.68e+02  8.76e+02  6.36e+00  6.89e+03 -3.34e+01  7.53e-02 -7.92e-04 -3.57e+00  4.96e-03  7.17e-01 -7.63e-01 -2.64e-01  8.58e-04 -5.58e-01  2.90e-02  3.44e-01  1.50e-02 -1.82e+00  3.09e+01  8.16e+02  2.88e+00  3.12e+00  1.23e+02 -3.28e+00  7.01e-02  2.43e-03  1.48e+00  2.56e-02 -6.14e-02  8.36e-01  7.79e-01 -1.86e-03 -2.85e+00 -1.85e-01 -4.54e+00  9.72e+00 
ac  0.9066  0.8361  0.5194  0.9288  0.7839  0.8111  0.8061  0.0603  0.5930  0.4496  0.6760  0.4233  0.8173  0.8161  0.7618  0.6331  0.9199  0.6181  0.7297  0.6403  0.0139  0.1443  0.9112  0.3923 -0.1022  0.5147  0.7272  0.1369  0.1455  0.9927  0.9425  0.1407  0.0842  0.6480  0.9348  0.9951 
theta:  4.68e+02  8.76e+02  6.36e+00  6.89e+03 -3.34e+01  7.53e-02 -7.92e-04 -3.57e+00  4.96e-03  7.17e-01 -7.63e-01 -2.64e-01  8.58e-04 -5.58e-01  2.90e-02  3.44e-01  1.50e-02 -1.82e+00  3.09e+01  8.16e+02  2.88e+00  3.12e+00  1.23e+02 -3.28e+00  7.01e-02  2.43e-03  1.48e+00  2.56e-02 -6.14e-02  8.36e-01  7.79e-01 -1.86e-03 -2.85e+00 -1.85e-01 -4.54e+00  9.72e+00 

Start phase 2.4
Phase 2 Subphase 4 Iteration 1 Progress: 78%
Phase 2 Subphase 4 Iteration 2 Progress: 78%
Phase 2 Subphase 4 Iteration 3 Progress: 78%
Phase 2 Subphase 4 Iteration 4 Progress: 78%
Phase 2 Subphase 4 Iteration 5 Progress: 78%
Phase 2 Subphase 4 Iteration 6 Progress: 78%
Phase 2 Subphase 4 Iteration 7 Progress: 78%
Phase 2 Subphase 4 Iteration 8 Progress: 78%
Phase 2 Subphase 4 Iteration 9 Progress: 78%
Phase 2 Subphase 4 Iteration 10 Progress: 78%
Phase 2 Subphase 4 Iteration 100 Progress: 80%
theta  5.05e+02  9.46e+02  6.85e+00  7.39e+03 -3.55e+01  7.74e-02 -1.13e-03 -4.60e+00  5.42e-03  7.72e-01 -8.25e-01 -3.36e-01  8.27e-04 -8.21e-01  1.26e-02  6.33e-02  1.46e-02 -1.69e+00  3.30e+01  8.79e+02  2.91e+00  3.03e+00  1.32e+02 -3.29e+00  7.00e-02  2.47e-03  1.72e+00  2.66e-02 -5.68e-02  8.41e-01  7.91e-01 -1.82e-03 -2.79e+00 -1.82e-01 -4.57e+00  1.00e+01 
ac  0.9420  0.9943  0.1730  1.0200  1.0239  0.9921  0.8198  0.1120  0.5685  0.3716  0.7819  0.7581  1.0558  1.0165  1.0132  0.7720  0.9387  0.7503  1.0039  0.8869 -0.0287 -0.0345  0.7513  0.7054  0.3242  0.8522  0.9275  0.1138  0.2971  0.9794  0.9275  0.2217  0.1089  0.7704  0.9905  0.9601 
Phase 2 Subphase 4 Iteration 200 Progress: 81%
theta  5.40e+02  1.01e+03  6.86e+00  7.93e+03 -3.77e+01  7.58e-02 -1.07e-03 -3.97e+00  3.28e-03  4.12e-01 -7.54e-01 -1.73e-01  1.01e-03 -7.68e-01  2.26e-02  1.21e-01  1.36e-02 -1.79e+00  3.53e+01  9.38e+02  2.87e+00  2.99e+00  1.41e+02 -3.27e+00  6.98e-02  2.51e-03  1.89e+00  2.58e-02 -7.11e-02  8.38e-01  7.92e-01 -1.86e-03 -2.84e+00 -1.94e-01 -4.59e+00  1.02e+01 
ac  0.946  0.982  0.240  1.010  0.971  0.946  0.857  0.132  0.597  0.493  0.799  0.726  0.902  0.884  0.925  0.713  0.931  0.647  0.952  0.908 -0.119  0.278  0.882  0.683  0.320  0.819  0.866  0.260  0.246  0.975  0.943  0.331  0.125  0.758  0.964  0.951 
Phase 2 Subphase 4 Iteration 300 Progress: 83%
theta  5.74e+02  1.07e+03  6.63e+00  8.48e+03 -3.99e+01  7.54e-02 -8.97e-04 -3.57e+00  2.97e-03  4.46e-01 -7.55e-01 -2.46e-01  8.35e-04 -7.73e-01  2.30e-02  1.98e-01  1.50e-02 -1.86e+00  3.75e+01  1.00e+03  2.87e+00  3.03e+00  1.51e+02 -3.26e+00  6.97e-02  2.43e-03  1.63e+00  2.42e-02 -9.18e-02  8.39e-01  8.38e-01 -1.86e-03 -2.93e+00 -1.86e-01 -4.49e+00  1.05e+01 
ac 0.9727 0.9832 0.2707 1.0059 0.9130 0.8961 0.8382 0.0494 0.5549 0.4804 0.7682 0.6163 0.8922 0.8916 0.9061 0.6895 0.8987 0.6617 0.8945 0.8379 0.0249 0.2104 0.9141 0.6111 0.1678 0.7524 0.8028 0.1863 0.2629 0.9764 0.9412 0.2665 0.1264 0.7414 0.9831 0.9763 
theta  5.38e+02  1.01e+03  6.69e+00  7.91e+03 -3.76e+01  7.60e-02 -9.71e-04 -3.99e+00  4.57e-03  6.28e-01 -7.83e-01 -2.84e-01  8.41e-04 -6.69e-01  2.02e-02  1.37e-01  1.44e-02 -1.77e+00  3.51e+01  9.36e+02  2.90e+00  3.04e+00  1.41e+02 -3.28e+00  6.99e-02  2.47e-03  1.68e+00  2.58e-02 -6.96e-02  8.40e-01  8.06e-01 -1.85e-03 -2.86e+00 -1.84e-01 -4.51e+00  1.02e+01 
ac  0.9602  0.9816  0.3072  1.0012  0.9146  0.9051  0.8393  0.1167  0.5758  0.5042  0.7708  0.6146  0.8651  0.8545  0.8928  0.7081  0.8897  0.6695  0.8939  0.8762 -0.0173  0.1453  0.9086  0.6108  0.1488  0.7179  0.7691  0.1531  0.2576  0.9698  0.9441  0.3081  0.1295  0.6528  0.9574  0.9678 
theta:  5.38e+02  1.01e+03  6.69e+00  7.91e+03 -3.76e+01  7.60e-02 -9.71e-04 -3.99e+00  4.57e-03  6.28e-01 -7.83e-01 -2.84e-01  8.41e-04 -6.69e-01  2.02e-02  1.37e-01  1.44e-02 -1.77e+00  3.51e+01  9.36e+02  2.90e+00  3.04e+00  1.41e+02 -3.28e+00  6.99e-02  2.47e-03  1.68e+00  2.58e-02 -6.96e-02  8.40e-01  8.06e-01 -1.85e-03 -2.86e+00 -1.84e-01 -4.51e+00  1.02e+01 

Start phase 3 
Phase 3 Iteration 1 Progress 85%
Estimates, standard errors and convergence t-ratios

                                         Estimate    Standard     Convergence 
                                                       Error        t-ratio   
   1. rate constant mnet rate (period 1)  538.0451 (   260.1485 )   -0.8644   
   2. rate constant mnet rate (period 2) 1005.9647 ( 16808.1533 )   -1.3012   
   3. rate constant mnet rate (period 3)    6.6898 (    10.7907 )    0.1185   
   4. rate constant mnet rate (period 4) 7911.2047 ( 16898.0861 )   -3.3085   
   5. eval mnet: degree (density)         -37.6113 ( 23110.5034 )   -1.6501   
   6. eval mnet: transitive triads          0.0760 (     0.0176 )   -1.8206   
   7. eval mnet: ranking ego and alt       -0.0010 (     0.0044 )   -1.9138   
   8. eval mnet: ranking similarity        -3.9920 (     3.7973 )    0.0935   
   9. eval mnet: soloshow ego and alt       0.0046 (     0.0274 )    1.0938   
  10. eval mnet: soloshow similarity        0.6278 (     1.5474 )    1.7176   
  11. eval mnet: award ego and alt         -0.7827 (     0.4134 )   -1.7148   
  12. eval mnet: award similarity          -0.2844 (     0.4546 )    0.9467   
  13. eval mnet: meanprice ego and alt      0.0008 (     0.0058 )    2.5110   
  14. eval mnet: meanprice similarity      -0.6691 (    15.4300 )   -2.6896   
  15. eval mnet: festbiennal ego and alt    0.0202 (     0.1158 )    2.3107   
  16. eval mnet: festbiennal similarity     0.1371 (     3.6527 )   -2.2268   
  17. eval mnet: groupshow ego and alt      0.0144 (     0.0146 )    3.0968   
  18. eval mnet: groupshow similarity      -1.7709 (     0.5658 )    1.3850   
  19. eval mnet: pnet                      35.1305 ( 23110.0611 )   -1.5098   
  20. rate constant pnet rate (period 1)  936.2615 (    99.5467 )   -0.4768   
  21. rate constant pnet rate (period 2)    2.8970 (     1.4318 )    0.0343   
  22. rate constant pnet rate (period 3)    3.0440 (     5.0032 )   -0.0773   
  23. rate constant pnet rate (period 4)  140.8778 (   254.0585 )    0.4872   
  24. eval pnet: degree (density)          -3.2779 (     1.4586 )    0.3648   
  25. eval pnet: transitive triads          0.0699 (     0.0302 )    0.1863   
  26. eval pnet: ranking ego and alt        0.0025 (     0.0085 )    0.5380   
  27. eval pnet: ranking similarity         1.6824 (    18.4360 )   -0.7919   
  28. eval pnet: soloshow ego and alt       0.0258 (     0.1319 )    0.1593   
  29. eval pnet: soloshow similarity       -0.0696 (     3.1564 )    0.3254   
  30. eval pnet: award ego and alt          0.8404 (     0.9123 )    2.2340   
  31. eval pnet: award similarity           0.8063 (     0.8355 )   -1.8811   
  32. eval pnet: meanprice ego and alt     -0.0018 (     0.0051 )    0.1654   
  33. eval pnet: meanprice similarity      -2.8567 (    15.8072 )    0.1920   
  34. eval pnet: festbiennal ego and alt   -0.1844 (     0.4538 )    0.4709   
  35. eval pnet: festbiennal similarity    -4.5060 (     4.3435 )   -2.0183   
  36. eval pnet: mnet                      10.2337 (   108.4104 )    0.8641   

Overall maximum convergence ratio:   29.5625 


Total of 2226 iteration steps.

Covariance matrix of estimates (correlations below diagonal)

 6.767723e+04 -6.230116e+05  2.012313e+03  6.237928e+05 -5.195181e+06  4.323000e+00  1.014000e+00  6.730520e+02  5.372000e+00 -3.284640e+02 -1.004890e+02 -9.380300e+01 -1.324000e+00 -3.530195e+03  2.689400e+01  8.893100e+02  3.499000e+00 -5.101400e+01  5.195061e+06  1.940056e+04 -1.934300e+01  1.203626e+03  6.191195e+04 -3.640460e+02  7.631000e+00  2.031000e+00  4.427544e+03 -3.254200e+01 -6.312640e+02  2.260010e+02 -1.833630e+02 -1.279000e+00 -4.034723e+03 -1.139410e+02 -1.062263e+03  2.731926e+04
-1.420000e-01  2.825140e+08 -5.964656e+03 -2.840157e+08  3.118073e+07 -2.498900e+01 -5.365000e+00 -2.804314e+03 -1.865100e+01  9.904130e+02  5.530650e+02  9.479500e+01  4.923000e+00  1.330509e+04 -1.486730e+02 -4.169657e+03 -1.393700e+01 -2.361040e+02 -3.118006e+07 -6.178867e+03 -4.214760e+02 -9.375493e+03 -2.945871e+05  2.761624e+03 -6.375200e+01 -8.796000e+00 -2.090710e+04  2.555650e+02 -1.045139e+03 -1.812667e+03  8.702070e+02  1.090900e+01  3.378240e+04  7.188350e+02  1.180320e+04 -1.968564e+05
 7.170000e-01 -3.300000e-02  1.164400e+02  5.758134e+03 -1.318176e+05  1.260000e-01  2.500000e-02  1.084800e+01  1.180000e-01 -7.699000e+00 -2.696000e+00 -2.234000e+00 -3.500000e-02 -9.170100e+01  7.080000e-01  2.364500e+01  9.200000e-02 -3.760000e-01  1.318138e+05  4.610620e+02  2.162000e+00  4.528700e+01  1.918088e+03 -1.115600e+01  2.380000e-01  5.800000e-02  1.254730e+02 -9.900000e-01 -1.607200e+01  7.294000e+00 -3.786000e+00 -4.000000e-02 -1.236980e+02 -3.221000e+00 -3.485200e+01  7.989510e+02
 1.420000e-01 -1.000000e+00  3.200000e-02  2.855453e+08 -3.108546e+07  2.486900e+01  5.306000e+00  2.729052e+03  1.852200e+01 -9.760620e+02 -5.510150e+02 -8.806800e+01 -4.884000e+00 -1.321513e+04  1.473920e+02  4.132270e+03  1.378000e+01  2.459390e+02  3.108481e+07  4.280290e+03  4.527050e+02  9.310504e+03  2.920323e+05 -2.749172e+03  6.352200e+01  8.722000e+00  2.076353e+04 -2.550610e+02  1.102705e+03  1.805374e+03 -8.730950e+02 -1.088700e+01 -3.372351e+04 -7.147150e+02 -1.178857e+04  1.964229e+05
-8.640000e-01  8.000000e-02 -5.290000e-01 -8.000000e-02  5.340954e+08 -3.889070e+02 -9.382800e+01 -7.056875e+04 -6.032970e+02  3.311192e+04  9.004046e+03  8.958205e+03  1.318790e+02  3.515741e+05 -2.055370e+03 -7.952354e+04 -3.173930e+02  9.527461e+03 -5.340851e+08 -2.087080e+06  1.151115e+03 -8.886427e+04 -5.554261e+06  3.040733e+04 -6.022930e+02 -1.911920e+02 -4.149612e+05  2.409545e+03  6.731918e+04 -1.810443e+04  1.678702e+04  9.227900e+01  3.045171e+05  9.721465e+03  7.450345e+04 -2.333068e+06
 9.460000e-01 -8.500000e-02  6.640000e-01  8.400000e-02 -9.580000e-01  0.000000e+00  0.000000e+00  5.200000e-02  0.000000e+00 -2.500000e-02 -7.000000e-03 -7.000000e-03  0.000000e+00 -2.640000e-01  2.000000e-03  6.200000e-02  0.000000e+00 -6.000000e-03  3.888990e+02  1.545000e+00 -2.000000e-03  7.800000e-02  4.408000e+00 -2.500000e-02  1.000000e-03  0.000000e+00  3.220000e-01 -2.000000e-03 -5.000000e-02  1.500000e-02 -1.300000e-02  0.000000e+00 -2.600000e-01 -8.000000e-03 -6.500000e-02  1.879000e+00
 8.870000e-01 -7.300000e-02  5.340000e-01  7.100000e-02 -9.240000e-01  9.530000e-01  0.000000e+00  1.500000e-02  0.000000e+00 -7.000000e-03 -2.000000e-03 -2.000000e-03  0.000000e+00 -6.500000e-02  0.000000e+00  1.500000e-02  0.000000e+00 -2.000000e-03  9.382600e+01  3.940000e-01 -2.000000e-03  1.800000e-02  1.036000e+00 -6.000000e-03  0.000000e+00  0.000000e+00  7.700000e-02 -1.000000e-03 -1.300000e-02  4.000000e-03 -3.000000e-03  0.000000e+00 -6.200000e-02 -2.000000e-03 -1.500000e-02  4.440000e-01
 6.810000e-01 -4.400000e-02  2.650000e-01  4.300000e-02 -8.040000e-01  7.840000e-01  9.290000e-01  1.442000e+01  7.800000e-02 -5.368000e+00 -1.315000e+00 -1.532000e+00 -1.900000e-02 -4.934000e+01  3.240000e-01  1.167700e+01  4.900000e-02 -1.433000e+00  7.056737e+04  3.178040e+02 -2.660000e+00  1.106900e+01  7.262490e+02 -4.025000e+00  8.000000e-02  2.600000e-02  5.623200e+01 -3.660000e-01 -9.926000e+00  2.351000e+00 -2.730000e+00 -1.300000e-02 -4.134300e+01 -1.363000e+00 -8.963000e+00  3.078120e+02
 7.540000e-01 -4.100000e-02  4.000000e-01  4.000000e-02 -9.540000e-01  8.760000e-01  8.430000e-01  7.520000e-01  1.000000e-03 -3.700000e-02 -1.000000e-02 -1.000000e-02  0.000000e+00 -3.940000e-01  2.000000e-03  8.600000e-02  0.000000e+00 -1.200000e-02  6.032860e+02  2.306000e+00  3.000000e-03  8.900000e-02  5.907000e+00 -3.200000e-02  1.000000e-03  0.000000e+00  4.530000e-01 -2.000000e-03 -7.500000e-02  1.800000e-02 -1.900000e-02  0.000000e+00 -3.080000e-01 -1.000000e-02 -7.100000e-02  2.464000e+00
-8.160000e-01  3.800000e-02 -4.610000e-01 -3.700000e-02  9.260000e-01 -9.170000e-01 -9.590000e-01 -9.130000e-01 -8.690000e-01  2.395000e+00  6.130000e-01  6.740000e-01  9.000000e-03  2.297800e+01 -1.480000e-01 -5.362000e+00 -2.200000e-02  5.650000e-01 -3.311126e+04 -1.333960e+02  4.750000e-01 -5.724000e+00 -3.575300e+02  1.928000e+00 -3.900000e-02 -1.200000e-02 -2.652100e+01  1.720000e-01  4.509000e+00 -1.150000e+00  1.198000e+00  6.000000e-03  1.990600e+01  6.320000e-01  4.472000e+00 -1.494320e+02
-9.340000e-01  8.000000e-02 -6.040000e-01 -7.900000e-02  9.420000e-01 -9.800000e-01 -9.680000e-01 -8.380000e-01 -8.700000e-01  9.590000e-01  1.710000e-01  1.770000e-01  2.000000e-03  6.196000e+00 -4.300000e-02 -1.491000e+00 -6.000000e-03  1.250000e-01 -9.003855e+03 -3.495400e+01  7.500000e-02 -1.793000e+00 -1.016980e+02  5.740000e-01 -1.200000e-02 -3.000000e-03 -7.426000e+00  5.100000e-02  1.170000e+00 -3.490000e-01  3.170000e-01  2.000000e-03  6.090000e+00  1.830000e-01  1.484000e+00 -4.360700e+01
-7.930000e-01  1.200000e-02 -4.550000e-01 -1.100000e-02  8.530000e-01 -8.830000e-01 -9.340000e-01 -8.880000e-01 -8.230000e-01  9.580000e-01  9.400000e-01  2.070000e-01  2.000000e-03  6.396000e+00 -4.300000e-02 -1.513000e+00 -6.000000e-03  1.410000e-01 -8.958018e+03 -3.640900e+01  1.500000e-01 -1.672000e+00 -9.954400e+01  5.490000e-01 -1.100000e-02 -3.000000e-03 -7.390000e+00  5.100000e-02  1.218000e+00 -3.300000e-01  3.380000e-01  2.000000e-03  5.728000e+00  1.770000e-01  1.266000e+00 -4.192100e+01
-8.750000e-01  5.000000e-02 -5.550000e-01 -5.000000e-02  9.810000e-01 -9.710000e-01 -9.600000e-01 -8.510000e-01 -9.210000e-01  9.680000e-01  9.710000e-01  9.160000e-01  0.000000e+00  9.000000e-02 -1.000000e-03 -2.000000e-02  0.000000e+00  2.000000e-03 -1.318770e+02 -5.300000e-01  1.000000e-03 -2.300000e-02 -1.422000e+00  8.000000e-03  0.000000e+00  0.000000e+00 -1.050000e-01  1.000000e-03  1.700000e-02 -5.000000e-03  4.000000e-03  0.000000e+00  7.900000e-02  2.000000e-03  1.900000e-02 -5.940000e-01
-8.790000e-01  5.100000e-02 -5.510000e-01 -5.100000e-02  9.860000e-01 -9.740000e-01 -9.570000e-01 -8.420000e-01 -9.320000e-01  9.620000e-01  9.710000e-01  9.120000e-01  9.990000e-01  2.380860e+02 -1.424000e+00 -5.407000e+01 -2.190000e-01  6.082000e+00 -3.515671e+05 -1.405742e+03  1.887000e+00 -6.121000e+01 -3.768710e+03  2.067000e+01 -4.120000e-01 -1.290000e-01 -2.805060e+02  1.713000e+00  4.592100e+01 -1.239500e+01  1.158000e+01  6.400000e-02  2.095140e+02  6.608000e+00  5.026900e+01 -1.584200e+03
 8.930000e-01 -7.600000e-02  5.670000e-01  7.500000e-02 -7.680000e-01  8.290000e-01  8.500000e-01  7.360000e-01  6.660000e-01 -8.270000e-01 -8.970000e-01 -8.180000e-01 -7.980000e-01 -7.970000e-01  1.300000e-02  3.930000e-01  1.000000e-03 -1.400000e-02  2.055326e+03  7.170000e+00 -3.700000e-02  4.850000e-01  2.430300e+01 -1.450000e-01  3.000000e-03  1.000000e-03  1.734000e+00 -1.400000e-02 -2.470000e-01  8.900000e-02 -8.300000e-02 -1.000000e-03 -1.676000e+00 -4.700000e-02 -4.230000e-01  1.096600e+01
 9.360000e-01 -6.800000e-02  6.000000e-01  6.700000e-02 -9.420000e-01  9.620000e-01  9.620000e-01  8.420000e-01  8.610000e-01 -9.490000e-01 -9.870000e-01 -9.110000e-01 -9.600000e-01 -9.590000e-01  9.300000e-01  1.334300e+01  5.200000e-02 -1.061000e+00  7.952190e+04  3.038530e+02 -8.300000e-01  1.573000e+01  8.873150e+02 -5.015000e+00  1.030000e-01  3.000000e-02  6.472600e+01 -4.440000e-01 -1.006400e+01  3.034000e+00 -2.825000e+00 -1.700000e-02 -5.389600e+01 -1.616000e+00 -1.325500e+01  3.819030e+02
 9.230000e-01 -5.700000e-02  5.830000e-01  5.600000e-02 -9.420000e-01  9.760000e-01  9.880000e-01  8.800000e-01  8.600000e-01 -9.640000e-01 -9.910000e-01 -9.370000e-01 -9.750000e-01 -9.730000e-01  8.810000e-01  9.840000e-01  0.000000e+00 -5.000000e-03  3.173860e+02  1.283000e+00 -4.000000e-03  6.200000e-02  3.559000e+00 -2.000000e-02  0.000000e+00  0.000000e+00  2.620000e-01 -2.000000e-03 -4.200000e-02  1.200000e-02 -1.100000e-02  0.000000e+00 -2.120000e-01 -6.000000e-03 -5.100000e-02  1.522000e+00
-3.470000e-01 -2.500000e-02 -6.200000e-02  2.600000e-02  7.290000e-01 -5.790000e-01 -6.140000e-01 -6.670000e-01 -7.730000e-01  6.450000e-01  5.350000e-01  5.460000e-01  6.950000e-01  6.970000e-01 -2.090000e-01 -5.130000e-01 -5.720000e-01  3.200000e-01 -9.527316e+03 -4.504100e+01  6.100000e-02 -6.770000e-01 -7.904800e+01  3.750000e-01 -6.000000e-03 -3.000000e-03 -6.609000e+00  1.900000e-02  1.351000e+00 -1.990000e-01  2.510000e-01  1.000000e-03  2.651000e+00  1.260000e-01  4.680000e-01 -2.999900e+01
 8.640000e-01 -8.000000e-02  5.290000e-01  8.000000e-02 -1.000000e+00  9.580000e-01  9.240000e-01  8.040000e-01  9.540000e-01 -9.260000e-01 -9.420000e-01 -8.530000e-01 -9.810000e-01 -9.860000e-01  7.680000e-01  9.420000e-01  9.420000e-01 -7.290000e-01  5.340749e+08  2.087038e+06 -1.151051e+03  8.886208e+04  5.554140e+06 -3.040663e+04  6.022790e+02  1.911880e+02  4.149524e+05 -2.409485e+03 -6.731783e+04  1.810400e+04 -1.678669e+04 -9.227600e+01 -3.045099e+05 -9.721251e+03 -7.450158e+04  2.333017e+06
 7.490000e-01 -4.000000e-03  4.290000e-01  3.000000e-03 -9.070000e-01  8.830000e-01  9.020000e-01  8.410000e-01  8.460000e-01 -8.660000e-01 -8.490000e-01 -8.040000e-01 -9.150000e-01 -9.150000e-01  6.220000e-01  8.360000e-01  8.850000e-01 -8.000000e-01  9.070000e-01  9.909554e+03 -2.939700e+01  3.296290e+02  2.177267e+04 -1.205080e+02  2.355000e+00  7.730000e-01  1.669236e+03 -9.274000e+00 -2.908440e+02  7.156600e+01 -6.416900e+01 -3.540000e-01 -1.159132e+03 -3.841000e+01 -2.763710e+02  9.037355e+03
-5.200000e-02 -1.800000e-02  1.400000e-01  1.900000e-02  3.500000e-02 -6.100000e-02 -2.950000e-01 -4.890000e-01  7.900000e-02  2.150000e-01  1.260000e-01  2.300000e-01  1.030000e-01  8.500000e-02 -2.220000e-01 -1.590000e-01 -2.020000e-01  7.600000e-02 -3.500000e-02 -2.060000e-01  2.050000e+00 -2.610000e-01 -1.155600e+01  2.030000e-01 -5.000000e-03 -1.000000e-03 -1.889000e+00  3.700000e-02  5.350000e-01 -1.250000e-01  2.280000e-01  1.000000e-03  2.557000e+00  9.300000e-02  5.450000e-01 -1.054100e+01
 9.250000e-01 -1.110000e-01  8.390000e-01  1.100000e-01 -7.690000e-01  8.830000e-01  8.080000e-01  5.830000e-01  6.480000e-01 -7.390000e-01 -8.670000e-01 -7.350000e-01 -7.930000e-01 -7.930000e-01  8.380000e-01  8.610000e-01  8.470000e-01 -2.390000e-01  7.690000e-01  6.620000e-01 -3.600000e-02  2.503200e+01  1.129556e+03 -6.686000e+00  1.410000e-01  3.600000e-02  7.865400e+01 -6.040000e-01 -1.108300e+01  4.219000e+00 -3.012000e+00 -2.400000e-02 -7.405400e+01 -2.039000e+00 -1.974300e+01  4.916930e+02
 9.370000e-01 -6.900000e-02  7.000000e-01  6.800000e-02 -9.460000e-01  9.870000e-01  9.290000e-01  7.530000e-01  8.490000e-01 -9.090000e-01 -9.680000e-01 -8.620000e-01 -9.630000e-01 -9.610000e-01  8.260000e-01  9.560000e-01  9.610000e-01 -5.500000e-01  9.460000e-01  8.610000e-01 -3.200000e-02  8.890000e-01  6.454573e+04 -3.567200e+02  7.267000e+00  2.118000e+00  4.598975e+03 -3.039800e+01 -7.287380e+02  2.194950e+02 -1.801900e+02 -1.158000e+00 -3.720579e+03 -1.117030e+02 -9.346940e+02  2.690930e+04
-9.590000e-01  1.130000e-01 -7.090000e-01 -1.120000e-01  9.020000e-01 -9.760000e-01 -9.210000e-01 -7.270000e-01 -7.920000e-01  8.540000e-01  9.520000e-01  8.270000e-01  9.140000e-01  9.180000e-01 -8.560000e-01 -9.410000e-01 -9.440000e-01  4.550000e-01 -9.020000e-01 -8.300000e-01  9.700000e-02 -9.160000e-01 -9.630000e-01  2.127000e+00 -4.400000e-02 -1.200000e-02 -2.591700e+01  1.810000e-01  3.896000e+00 -1.320000e+00  9.690000e-01  7.000000e-03  2.239900e+01  6.510000e-01  5.929000e+00 -1.563560e+02
 9.700000e-01 -1.250000e-01  7.300000e-01  1.240000e-01 -8.620000e-01  9.560000e-01  9.010000e-01  6.960000e-01  7.370000e-01 -8.230000e-01 -9.370000e-01 -8.030000e-01 -8.790000e-01 -8.820000e-01  8.780000e-01  9.300000e-01  9.270000e-01 -3.670000e-01  8.620000e-01  7.820000e-01 -1.110000e-01  9.330000e-01  9.460000e-01 -9.940000e-01  1.000000e-03  0.000000e+00  5.220000e-01 -4.000000e-03 -7.700000e-02  2.700000e-02 -2.000000e-02  0.000000e+00 -4.720000e-01 -1.300000e-02 -1.260000e-01  3.215000e+00
 9.180000e-01 -6.200000e-02  6.290000e-01  6.100000e-02 -9.720000e-01  9.920000e-01  9.520000e-01  7.990000e-01  8.990000e-01 -9.250000e-01 -9.690000e-01 -8.750000e-01 -9.810000e-01 -9.840000e-01  8.030000e-01  9.560000e-01  9.710000e-01 -6.410000e-01  9.720000e-01  9.120000e-01 -6.600000e-02  8.490000e-01  9.800000e-01 -9.620000e-01  9.330000e-01  0.000000e+00  1.570000e-01 -1.000000e-03 -2.500000e-02  7.000000e-03 -6.000000e-03  0.000000e+00 -1.220000e-01 -4.000000e-03 -3.100000e-02  9.010000e-01
 9.230000e-01 -6.700000e-02  6.310000e-01  6.700000e-02 -9.740000e-01  9.940000e-01  9.560000e-01  8.030000e-01  8.980000e-01 -9.300000e-01 -9.740000e-01 -8.820000e-01 -9.830000e-01 -9.860000e-01  8.130000e-01  9.610000e-01  9.750000e-01 -6.340000e-01  9.740000e-01  9.100000e-01 -7.200000e-02  8.530000e-01  9.820000e-01 -9.640000e-01  9.370000e-01  9.990000e-01  3.398860e+02 -2.153000e+00 -5.441900e+01  1.575000e+01 -1.336200e+01 -8.200000e-02 -2.658670e+02 -8.148000e+00 -6.646400e+01  1.957977e+03
-9.480000e-01  1.150000e-01 -6.960000e-01 -1.140000e-01  7.900000e-01 -9.140000e-01 -8.990000e-01 -7.310000e-01 -6.600000e-01  8.420000e-01  9.330000e-01  8.470000e-01  8.450000e-01  8.420000e-01 -9.180000e-01 -9.220000e-01 -9.240000e-01  2.540000e-01 -7.900000e-01 -7.060000e-01  1.980000e-01 -9.160000e-01 -9.070000e-01  9.430000e-01 -9.620000e-01 -8.780000e-01 -8.860000e-01  1.700000e-02  3.170000e-01 -1.140000e-01  9.100000e-02  1.000000e-03  2.029000e+00  5.700000e-02  5.220000e-01 -1.346200e+01
-7.690000e-01 -2.000000e-02 -4.720000e-01  2.100000e-02  9.230000e-01 -9.090000e-01 -9.040000e-01 -8.280000e-01 -8.640000e-01  9.230000e-01  8.960000e-01  8.490000e-01  9.450000e-01  9.430000e-01 -6.770000e-01 -8.730000e-01 -9.110000e-01  7.560000e-01 -9.230000e-01 -9.260000e-01  1.180000e-01 -7.020000e-01 -9.090000e-01  8.460000e-01 -8.040000e-01 -9.400000e-01 -9.350000e-01  7.600000e-01  9.963000e+00 -2.334000e+00  2.171000e+00  1.200000e-02  3.848100e+01  1.261000e+00  8.933000e+00 -3.009540e+02
 9.520000e-01 -1.180000e-01  7.410000e-01  1.170000e-01 -8.590000e-01  9.550000e-01  8.900000e-01  6.790000e-01  7.290000e-01 -8.150000e-01 -9.260000e-01 -7.960000e-01 -8.780000e-01 -8.810000e-01  8.390000e-01  9.110000e-01  9.160000e-01 -3.860000e-01  8.590000e-01  7.880000e-01 -9.500000e-02  9.240000e-01  9.470000e-01 -9.920000e-01  9.940000e-01  9.330000e-01  9.360000e-01 -9.490000e-01 -8.100000e-01  8.320000e-01 -5.720000e-01 -4.000000e-03 -1.398100e+01 -3.990000e-01 -3.761000e+00  9.641600e+01
-8.440000e-01  6.200000e-02 -4.200000e-01 -6.200000e-02  8.690000e-01 -8.640000e-01 -9.060000e-01 -8.600000e-01 -8.200000e-01  9.260000e-01  9.190000e-01  8.890000e-01  9.010000e-01  8.980000e-01 -8.600000e-01 -9.260000e-01 -9.210000e-01  5.310000e-01 -8.690000e-01 -7.720000e-01  1.900000e-01 -7.200000e-01 -8.490000e-01  7.950000e-01 -7.830000e-01 -8.610000e-01 -8.670000e-01  8.270000e-01  8.230000e-01 -7.500000e-01  6.980000e-01  3.000000e-03  1.077700e+01  3.310000e-01  2.435000e+00 -7.747200e+01
-9.670000e-01  1.280000e-01 -7.210000e-01 -1.270000e-01  7.850000e-01 -9.040000e-01 -8.700000e-01 -6.790000e-01 -6.520000e-01  7.880000e-01  9.090000e-01  7.800000e-01  8.170000e-01  8.190000e-01 -9.220000e-01 -9.130000e-01 -9.000000e-01  2.270000e-01 -7.850000e-01 -6.990000e-01  1.570000e-01 -9.300000e-01 -8.960000e-01  9.500000e-01 -9.740000e-01 -8.720000e-01 -8.770000e-01  9.780000e-01  7.310000e-01 -9.530000e-01  7.990000e-01  0.000000e+00  8.000000e-02  2.000000e-03  2.100000e-02 -5.210000e-01
-9.810000e-01  1.270000e-01 -7.250000e-01 -1.260000e-01  8.340000e-01 -9.350000e-01 -8.880000e-01 -6.890000e-01 -7.110000e-01  8.140000e-01  9.320000e-01  7.970000e-01  8.550000e-01  8.590000e-01 -9.160000e-01 -9.330000e-01 -9.210000e-01  2.960000e-01 -8.340000e-01 -7.370000e-01  1.130000e-01 -9.360000e-01 -9.260000e-01  9.720000e-01 -9.870000e-01 -9.080000e-01 -9.120000e-01  9.730000e-01  7.710000e-01 -9.700000e-01  8.160000e-01  9.950000e-01  2.498680e+02  6.976000e+00  6.600100e+01 -1.661852e+03
-9.650000e-01  9.400000e-02 -6.580000e-01 -9.300000e-02  9.270000e-01 -9.790000e-01 -9.510000e-01 -7.910000e-01 -8.230000e-01  8.990000e-01  9.740000e-01  8.580000e-01  9.410000e-01  9.440000e-01 -8.960000e-01 -9.750000e-01 -9.730000e-01  4.920000e-01 -9.270000e-01 -8.500000e-01  1.420000e-01 -8.980000e-01 -9.690000e-01  9.830000e-01 -9.770000e-01 -9.720000e-01 -9.740000e-01  9.450000e-01  8.800000e-01 -9.650000e-01  8.740000e-01  9.520000e-01  9.720000e-01  2.060000e-01  1.800000e+00 -4.882000e+01
-9.400000e-01  1.620000e-01 -7.440000e-01 -1.610000e-01  7.420000e-01 -8.580000e-01 -7.810000e-01 -5.430000e-01 -5.960000e-01  6.650000e-01  8.260000e-01  6.410000e-01  7.420000e-01  7.500000e-01 -8.420000e-01 -8.350000e-01 -8.130000e-01  1.910000e-01 -7.420000e-01 -6.390000e-01  8.800000e-02 -9.090000e-01 -8.470000e-01  9.360000e-01 -9.610000e-01 -8.270000e-01 -8.300000e-01  9.120000e-01  6.520000e-01 -9.490000e-01  6.710000e-01  9.560000e-01  9.610000e-01  9.130000e-01  1.886600e+01 -4.301310e+02
 9.690000e-01 -1.080000e-01  6.830000e-01  1.070000e-01 -9.310000e-01  9.870000e-01  9.330000e-01  7.480000e-01  8.300000e-01 -8.910000e-01 -9.730000e-01 -8.510000e-01 -9.430000e-01 -9.470000e-01  8.740000e-01  9.640000e-01  9.630000e-01 -4.890000e-01  9.310000e-01  8.370000e-01 -6.800000e-02  9.070000e-01  9.770000e-01 -9.890000e-01  9.810000e-01  9.770000e-01  9.800000e-01 -9.420000e-01 -8.790000e-01  9.750000e-01 -8.550000e-01 -9.440000e-01 -9.700000e-01 -9.920000e-01 -9.130000e-01  1.175282e+04

Derivative matrix of expected statistics X by parameters:

        3.038         0.000         0.000         0.000        -2.099       -76.807      -174.374         0.060        10.773         0.016        -0.498         0.448       116.235        -0.028         0.564        -0.028        29.696        -0.046        -2.044        -2.596         0.000         0.000         0.000        -2.887      -142.362      -155.733         0.024         4.309        -0.079         0.696        -0.141       275.519        -0.092         0.485        -0.066        -2.616
        0.000         1.000         0.000         1.000         0.000         0.000         0.000         0.000         0.000         0.000         0.000         0.000         0.000         0.000         0.000         0.000         0.000         0.000         0.000         0.000         0.000         0.000         0.000         0.000         0.000         0.000         0.000         0.000         0.000         0.000         0.000         0.000         0.000         0.000         0.000         0.000
        0.000         0.000         2.317         0.000         1.164        53.350        -1.028         0.147       -12.427         0.570        -1.556         1.178      -217.709         0.116        -2.853        -0.040        12.223         0.108         1.831         0.000         0.000        -1.221         0.000        -0.604       -15.332      -183.065        -0.014         2.348        -0.407         0.212         0.110        31.845         0.013        -0.559         0.005         0.184
        0.000         1.000         0.000         1.000         0.000         0.000         0.000         0.000         0.000         0.000         0.000         0.000         0.000         0.000         0.000         0.000         0.000         0.000         0.000         0.000         0.000         0.000         0.000         0.000         0.000         0.000         0.000         0.000         0.000         0.000         0.000         0.000         0.000         0.000         0.000         0.000
     -116.218         0.000        35.418         0.000      9110.041    373506.649    295493.416       106.622    -20753.818       520.887      3066.660     -1640.426  -1004312.043       341.982     -6238.972       389.619    -82295.390       134.379     16823.925      1026.817       -17.009        -0.292       468.056       799.100     37603.915     16324.563       -17.388     -4793.091        54.440       688.167        10.655   -164706.600        49.650     -1521.910        76.516       358.096
   -44595.396         0.000     -2454.764         0.000    273372.279  10656202.248  -4173433.196      7599.346  -1131216.781     22438.906    325350.265   -120053.144 -28425534.090      8696.640     36048.171      5985.497  -4485348.308     -8978.073    499295.606     94188.377     -1040.374       -51.521     -5256.840     49596.908   2465069.780   2709970.120     -1501.384   -195642.147      1921.050     29313.582       793.318  -8507861.115      2385.302    -32949.091      2608.221     26961.637
    99038.447         0.000      1383.959         0.000    476167.373  20979157.595  62909304.070    -20391.007   -767482.484      9822.712   -282043.424     52972.719 -65537960.679     22273.577   -638128.669     31407.274  -3390583.342     22561.602    896005.760   -367539.684     10105.629       162.311     54773.819    -82921.524  -4269464.869 -23799433.882      2882.361    381867.603     -7977.423    -48539.630      -263.534  -7786640.684       393.678   -129625.741      8437.133    -70807.191
      -69.445         0.000        -0.740         0.000        78.312      2898.372    -36922.878        18.659        86.416        10.438       169.820       -63.615     -7940.605         1.936       -32.823         1.162      -905.259         6.739       120.720       317.222         4.224        -0.218       -27.599       123.134      6151.121     22286.547        -3.879      -341.405         5.683        67.931        -3.299     -5748.826         3.344       110.530        -4.446        78.309
     8215.368         0.000        22.669         0.000    -20042.068   -886318.409     56421.747      -564.593    115991.159     -2455.168     18012.887     -3399.582   2551633.103      -973.376     20152.168     -1404.963    375775.085       954.769    -34675.764     -6552.666      -749.307         8.270      -302.231     -4446.391   -268268.707   -149176.433       -51.294     30894.565      -431.749       850.801        72.401    460116.825      -158.628      2546.648      -247.778     -3162.874
      -40.285         0.000         3.737         0.000       577.953     24261.623     39571.903         2.239      1522.934        44.174      -116.421       -38.341    -37767.399        15.269      -401.699        19.197     -2250.445        53.254      1088.025       -32.330        13.475         0.735       -70.946        15.091       785.987    -14720.627         4.591      -383.948        -9.218      -130.603        10.517    -11427.209         3.139        67.366         0.735       115.089
     -425.619         0.000       -93.094         0.000     -2702.112   -130794.243    -63619.647       -50.745    -13985.218        37.818     17181.472     -4971.436    373880.236      -188.942     11836.725      -412.210    -46316.062      -471.481     -4417.554      -550.196        28.939         8.696       336.627       680.892     25892.028    167093.195       -32.125      2878.368        70.895      1035.447      -201.887   -102266.868        19.782      -918.069        63.535      -456.472
      367.761         0.000        14.487         0.000       213.639      9285.644      2061.951         1.374      5330.516       -51.764     -3135.685       987.888    -66156.176        18.913     -2187.200        82.211     15581.762        90.476       326.062      -171.955       -19.140        -1.114        -0.372      -135.115     -3950.125    -16747.716        -2.359        73.244       -21.615      -271.136        38.313     33663.128        -8.036        73.182        -1.718       -41.882
  -188320.924         0.000      8872.722         0.000   -193930.230  -7325264.547 -36219137.739      8747.424  -1192141.869      6613.387   -362710.484    143863.707  31880219.313    -11734.254   -347539.380     13285.848   -501504.474    -35806.959   -547862.876    585816.466     -1732.919      1453.864    162393.494    391091.696  19249774.382  69853903.228    -15473.699   -576149.219     34364.533    370715.299    -56874.417 -50070058.686     18196.747    208693.817     -8079.049     20623.081
       99.086         0.000        -3.456         0.000        28.460       718.915     15437.237        -4.406       178.613        -5.601       109.643       -42.492     -2360.686         2.282       149.381        -6.540      -693.678        -2.614       127.874      -277.758        -0.380        -0.572       -61.347      -183.009     -9131.480    -32762.381         7.526       318.969       -15.524      -163.017        27.948     23493.807        -8.027      -108.078         3.779        -9.889
     -772.700         0.000         8.478         0.000     -7438.075   -310527.347     33642.455      -297.061     17347.359      -387.817     18919.849     -5317.691    644333.637      -383.475     25060.475     -1003.890     58624.987        44.565    -13390.645       170.505        76.104       -11.116      1338.823        67.407    -15222.595   -139824.996        26.848      -270.256       -46.648       -76.999      -158.719     -4046.016        -6.753     -2387.178       109.192        35.440
      -11.953         0.000        -0.607         0.000      -284.509    -14404.434    -16930.862         1.623      -717.112         9.879      -687.230       237.214     68642.249       -15.606      -185.447         9.012     -3730.581       -71.598      -623.141       -66.631        -0.457         0.736       -85.813       -53.260     -1647.486      5489.177        -2.448       -77.717         1.691       -53.589        11.942     10358.390        -3.676       315.595       -12.283        10.977
    46063.286         0.000      1071.497         0.000   -123605.725  -5250636.212   2897112.795     -1197.100    313361.226     -8024.953      6861.839      4170.148  14481657.233     -5137.629     77916.073     -5187.019   1740012.571     -3685.004   -211517.699    -30838.553      -865.142       158.331    -11923.535    -25274.436  -1298791.063   -507800.446       -57.187    178662.328     -2706.253     -4744.626      1548.860   3984562.170     -1246.068     39790.568     -1773.793    -12746.046
      297.554         0.000        -3.605         0.000      1045.348     45385.482    -42177.549        30.241      -534.306        43.342      -112.996       -51.465   -144239.409        42.597     -1517.877        80.855      4075.447       131.247      2119.189       186.057        -2.567         0.946      -234.199       -49.200     -1211.474    -12306.256         1.186       346.863       -25.955       -86.514        16.249       277.848         0.876       244.040        -4.483        61.871
     -116.218         0.000        35.418         0.000      9110.041    373506.649    295493.416       106.622    -20753.818       520.887      3066.660     -1640.426  -1004312.043       341.982     -6238.972       389.619    -82295.390       134.379     16823.925      1026.817       -17.009        -0.292       468.056       799.100     37603.915     16324.563       -17.388     -4793.091        54.440       688.167        10.655   -164706.600        49.650     -1521.910        76.516       358.096
       -2.887         0.000         0.000         0.000         2.090        86.669       -28.468        -0.044        -7.937         0.061         0.335         0.025      -180.899         0.080        -0.880         0.080        13.836         0.130         1.467         2.894         0.000         0.000         0.000         0.816        36.895      -272.157         0.044       -13.132        -0.006        -1.834         0.315       -58.035         0.023         3.377        -0.103         3.442
        0.000         0.000         0.000         0.000        26.471      1316.490      1068.585         0.100        21.667        -0.268       -10.567         0.313      -835.835         0.468       -26.541         2.000      -166.161         0.140        42.830         0.000        15.602         0.000         0.000         6.690       448.154       867.231        -0.086       -12.182         0.409         2.074         0.007      -103.727         0.179       -10.702         0.201        11.174
        0.000         0.000        -1.987         0.000         1.990        94.731      -156.900        -0.012        10.565        -0.261         0.559         0.196       677.979        -0.116        -0.042        -0.182        35.817        -0.458         0.260         0.000         0.000         8.162         0.000         1.312         6.844       385.200         0.060        -3.220         0.770         7.125        -1.668       331.392        -0.050         6.075        -0.192         1.549
        0.000         0.000         0.000         0.000         0.903        36.695       -46.471         0.045         0.800        -0.024         2.587        -1.085      -159.596         0.049        -4.187         0.097        14.941         0.200         1.705         0.000         0.000         0.000         1.269         0.511        18.310        -7.489         0.009         0.188         0.062         0.732        -0.180      -125.046         0.041        -0.561         0.019         0.018
     -837.262         0.000         8.597         0.000       805.308     32263.075     67893.530       -17.248     -4182.297       -12.347      -996.294       229.766   -131901.362        31.147     -1029.285        48.996    -21474.398         0.357       107.108      7353.305        10.903         6.400       343.706      4887.352    234323.783    657307.767      -142.185     -8030.113       305.387      2540.862      -189.964   -584840.508       203.637       535.371        25.919      1931.627
    45325.816         0.000       432.818         0.000     52260.523   2280386.166   6018719.043      -449.633     29290.043      -431.929    -99096.811     22622.341  -6975909.039      2023.345    -79286.134      3584.435   -869114.014      3469.580     57834.029    299938.477     -1038.302     -1916.059      7563.050    211883.849  10363178.201  29069667.549     -6351.142   -240233.581     14070.032    115487.363    -11294.861 -23481381.230      8407.223     -6950.443      2464.809     63021.969
  -205257.371         0.000       200.007         0.000   -167565.624  -6599607.591 -30507371.941      8290.384  -1175434.992    -11542.026   -144879.323     47774.840   9185470.571     -5129.262    -51077.502       153.358    730107.928    -22065.935   -329739.489   1009514.289      1727.210      2231.418     18055.527    487128.005  22950363.814  86311344.082    -26035.438  -1258623.472     29284.663    324683.448    -36086.557 -65571222.904     20603.946    234202.066       834.503    281643.608
       99.173         0.000         0.061         0.000        93.087      3432.385     19252.185        -5.041       407.282         4.477        15.123       -11.645     -5388.327         1.576        15.704         0.244     -1106.390        10.622       150.294      -349.810        -0.059         0.041         4.320      -155.231     -7450.006    -30258.446        11.429       346.559        -8.404      -134.094        18.423     26468.893        -7.657      -206.971         1.945       -98.289
     5670.485         0.000       -16.069         0.000        13.122     -7473.625    106552.046       -25.224      4160.501        14.463     -3895.696      1076.414   -151640.487        63.649     -3025.911       103.172      6918.636       203.844      -400.853      3075.676        23.156        50.131     -1082.927      1749.387     88107.823    809562.217      -229.553     28493.674        57.886      4654.004      -559.783   -264507.086        88.637      3750.043       -64.933     -3009.225
     -233.281         0.000        -0.002         0.000       111.009      4574.181     -5174.883         4.039      -858.651        -0.852       -52.963         9.522    -24605.208         7.231      -176.769         6.562     -2468.413        -0.637        58.512       388.693        -0.143         1.772        34.068       261.140     12422.828     30729.086        -6.635      -613.777        17.146        66.296        -1.853    -33656.769        12.181       -37.132         5.549       177.367
    -1312.078         0.000        -0.863         0.000      -342.600    -18937.253     59650.428       -65.968     -1944.752         9.922      1627.540      -293.596     67862.428       -23.453       579.735       -14.884      6829.548      -108.218     -1327.136      1614.220        30.389        37.149       221.088       987.086     43077.194    227541.948       -68.510       252.586        68.434      1033.284       -85.092   -130324.163        48.340       805.231       -11.020        75.565
      -54.623         0.000         0.134         0.000       191.078      9370.108    -34126.511        24.821      -307.919         0.248      -268.031        40.480    -51064.097        15.257      -105.697        -0.317     -2882.124        31.710       388.551       282.563        -1.117        -1.775        -9.292        15.730      1512.986     -3646.506         2.387     -1596.339         8.199       -47.351        26.686    -20062.128         7.296       309.473       -14.572        95.781
  -483557.784         0.000      -301.571         0.000    564110.868  22456194.279  25036491.012    -10011.865  -1817540.309     12050.269     73299.207    -47343.966 -54726036.875     24782.134   -641922.215     31940.877   -333333.417     21405.494    578120.810   -153561.597      -635.636      -887.670    -35270.699     72214.062   2980048.188 -58221695.661     15012.687  -1557621.524    -16397.642   -589663.268     96475.133  16325689.794     -3061.089   -171756.379     14455.795    452127.439
      252.659         0.000         0.107         0.000      -259.411    -10379.534    -11711.761         4.507       850.349        -5.745       -88.112        37.750     23891.234       -10.770       270.590       -12.806       396.803       -12.127      -285.387       121.969         0.388         0.713        13.233        -5.433        19.688     26274.594        -6.618       524.778         7.811       260.845       -42.611    -11848.217         3.591        32.545        -4.501      -166.623
     1990.612         0.000        10.912         0.000     -2673.655   -122194.079   -115774.852         8.686      5528.157       -78.380     -1162.898       222.899    371018.496      -153.384      3623.415      -118.240     16698.516      -127.250     -3472.520        29.901        31.819         9.678      -250.168      -461.570    -29943.548     26847.452       -37.813      3452.089       -57.246        94.717       -32.569    261525.959      -102.284      4977.813      -218.003      -246.038
      -47.415         0.000        -0.654         0.000       113.371      5207.716      7572.766        -2.433        23.817         3.781        48.329        -7.127    -14213.253         5.164       -51.810         2.265      -282.433         9.200       145.731       103.254        -3.021        -2.581        10.724       157.183      7785.274     18757.752        -4.544        44.832        12.516        56.870        -6.690    -23574.486         8.911       -33.503         9.963        21.580
        4.983         0.000         0.029         0.000        -7.810      -326.714     -1539.608         0.632         6.620        -0.666        -1.261        -0.253        32.985        -0.115        17.976        -0.858       -38.195        -0.149        -8.310         8.781         0.018        -0.028        -0.795         6.017       291.169      1008.008        -0.227        21.359         0.166         7.118        -1.073     -1652.083         0.526        19.187        -0.368         3.301

Covariance matrix of X (correlations below diagonal):

 3.078940e+04 -1.929540e+02 -1.525110e+02  3.187630e+02 -1.258445e+04 -5.078906e+05 -8.294551e+05  4.012970e+02  6.109033e+04 -3.005590e+02 -1.429408e+04  4.248136e+03  1.296956e+06 -4.664840e+02  1.936190e+02 -2.056720e+02  1.830496e+05 -1.946270e+02 -8.924738e+03 -1.061476e+04  6.361200e+01 -2.293000e+01  2.589840e+02 -6.332281e+03 -3.027875e+05 -2.401780e+05  9.265700e+01  2.741523e+04 -2.571380e+02  1.624700e+03 -3.956360e+02  8.709156e+05 -2.863350e+02 -2.223622e+03 -1.044150e+02 -8.061874e+03
-7.000000e-03  2.611487e+04 -1.618800e+01 -2.251180e+02 -1.949700e+02  1.114819e+04 -5.145811e+04 -2.960000e+00  1.288318e+04 -6.419200e+01 -1.550146e+04  4.902492e+03 -1.737535e+05  8.161000e+00 -7.775959e+03  4.644110e+02  1.632583e+05  1.095260e+03  1.174903e+03 -1.694542e+03 -1.507600e+02 -1.202740e+02  9.476500e+01 -1.494890e+03 -7.242530e+04 -2.266253e+05  7.477900e+01 -7.474100e+01 -1.009340e+02 -6.953590e+02  1.314400e+01  9.380399e+04 -6.648200e+01  3.083680e+02 -2.378500e+01 -1.242899e+03
-5.900000e-02 -7.000000e-03  2.177060e+02 -1.723960e+02 -4.613000e+01 -6.096850e+03  7.155658e+03 -7.498000e+00 -4.866080e+02  6.178000e+00 -1.453100e+01 -9.808000e+00  1.623650e+04 -7.347000e+00  1.062480e+02 -1.048000e+00  9.781450e+02 -1.692800e+01 -1.859450e+02 -1.926000e+01  4.521000e+00 -5.701000e+00 -2.669700e+01 -1.783000e+01 -9.942320e+02 -8.239093e+03  1.250000e+00 -1.597980e+02 -3.581000e+00 -6.050400e+01  8.970000e+00 -1.743504e+03 -4.380000e-01 -2.937000e+01  2.995000e+00  3.603300e+01
 6.000000e-03 -5.000000e-03 -4.000000e-02  8.704397e+04  4.332771e+04  1.930153e+06 -1.759297e+05  1.139948e+03 -2.185541e+04  1.456049e+03 -3.795806e+04  8.173898e+03 -6.520456e+06  2.267116e+03 -6.322546e+04  3.139253e+03 -2.323433e+05  2.545941e+03  8.631481e+04  7.159470e+02 -6.047500e+01  7.186600e+01  1.911870e+02  1.710550e+03  9.377253e+04 -3.749773e+04  3.305700e+01 -8.346295e+03  1.637140e+02 -5.255580e+02  4.340000e+02 -3.627339e+05  1.370680e+02 -2.819522e+03  1.206130e+02  3.388840e+02
-3.220000e-01 -5.000000e-03 -1.400000e-02  6.590000e-01  4.962801e+04  2.118112e+06  1.390797e+06  3.753170e+02 -6.551800e+04  1.633707e+03 -3.142526e+03 -2.234332e+03 -5.636577e+06  2.020108e+03 -4.305349e+04  2.345744e+03 -3.449951e+05  2.383663e+03  8.430212e+04  1.160674e+04 -8.898000e+01  9.150000e+01  1.949100e+02  8.942853e+03  4.431343e+05  5.326797e+05 -1.180940e+02 -2.589122e+04  4.860080e+02 -2.327400e+02  4.796960e+02 -1.138014e+06  4.083760e+02 -1.813210e+02  1.829820e+02  7.493229e+03
-3.040000e-01  7.000000e-03 -4.300000e-02  6.860000e-01  9.970000e-01  9.093725e+07  5.680766e+07  1.776194e+04 -2.660931e+06  6.960439e+04 -2.057095e+05 -7.183282e+04 -2.444973e+08  8.764772e+04 -1.913022e+06  1.031391e+05 -1.451725e+07  1.047236e+05  3.618156e+06  4.749138e+05 -3.504644e+03  3.502864e+03  8.936170e+03  3.654233e+05  1.815641e+07  2.152531e+07 -4.695583e+03 -1.070572e+06  2.009094e+04 -9.414502e+03  2.009636e+04 -4.653072e+07  1.674246e+04 -7.472020e+03  7.311001e+03  3.037634e+05
-2.160000e-01 -1.500000e-02  2.200000e-02 -2.700000e-02  2.850000e-01  2.720000e-01  4.805527e+08 -1.647524e+05 -5.867691e+03  5.247994e+04  1.025180e+06 -2.727170e+05 -8.877268e+07  4.524830e+04 -1.759545e+05  2.704045e+04 -3.620035e+07 -4.886340e+03  1.551253e+06  2.341766e+05 -1.642614e+04 -8.466516e+03  8.289912e+03  2.323873e+05  1.217828e+07  5.543375e+07 -1.143453e+04  1.897408e+05  1.545824e+04  1.612883e+05 -2.252237e+04 -1.403416e+07  6.722399e+03 -1.673745e+05  5.832547e+03  7.833186e+03
 2.450000e-01 -2.000000e-03 -5.400000e-02  4.140000e-01  1.810000e-01  2.000000e-01 -8.060000e-01  8.698600e+01 -8.922610e+02  7.569000e+00 -7.259580e+02  1.230200e+02 -7.719119e+04  2.287700e+01 -1.079506e+03  4.099900e+01  6.631484e+03  5.163300e+01  1.169166e+03  2.344100e+01  4.313000e+00  4.304000e+00  6.131000e+00  1.684100e+01  7.894460e+02 -9.228469e+03  3.931000e+00 -4.204740e+02 -1.623000e+00 -6.306400e+01  1.679700e+01 -9.436761e+03  2.654000e+00 -7.171000e+01  1.741000e+00  6.831400e+01
 4.820000e-01  1.100000e-01 -4.600000e-02 -1.030000e-01 -4.070000e-01 -3.860000e-01  0.000000e+00 -1.320000e-01  5.216199e+05 -2.719607e+03 -2.783499e+04  1.428317e+04  8.068851e+06 -2.452061e+03  2.111340e+04 -1.774386e+03  7.928198e+05 -3.649140e+02 -9.511117e+04 -4.433762e+04 -8.648100e+01 -4.383030e+02  7.284060e+02 -3.093948e+04 -1.483417e+06 -1.896290e+06  4.610280e+02  1.199636e+05 -1.156941e+03  6.197506e+03 -2.093217e+03  4.046539e+06 -1.304815e+03  3.950875e+03 -8.655890e+02 -3.443244e+04
-1.410000e-01 -3.300000e-02  3.400000e-02  4.050000e-01  6.020000e-01  5.990000e-01  1.970000e-01  6.700000e-02 -3.090000e-01  1.482660e+02  1.871110e+02 -1.334660e+02 -1.975227e+05  6.935400e+01 -1.306071e+03  8.942100e+01 -1.570383e+04  4.754500e+01  2.851837e+03  1.339340e+02  1.600000e-02  7.358000e+00  2.697000e+00  1.585920e+02  7.989823e+03  1.096188e+04 -3.043000e+00 -4.434600e+01  1.770000e+01  8.239000e+01 -3.815000e+00 -1.306604e+04  5.666000e+00  1.277630e+02  1.580000e-01  3.116400e+01
-3.380000e-01 -3.980000e-01 -4.000000e-03 -5.340000e-01 -5.900000e-02 -9.000000e-02  1.940000e-01 -3.230000e-01 -1.600000e-01  6.400000e-02  5.808864e+04 -1.661889e+04  1.149021e+06 -4.332450e+02  3.528905e+04 -1.421259e+03 -4.111050e+04 -4.312430e+02 -1.214790e+04  2.692100e+01  1.050780e+02  2.712200e+01  1.169770e+02 -1.527060e+02 -1.124877e+04  1.423644e+05 -8.058100e+01  9.502877e+03  4.751400e+01  2.115671e+03 -6.112230e+02  9.573941e+04 -2.072300e+01  3.366780e+03 -6.249600e+01 -8.886860e+02
 3.350000e-01  4.200000e-01 -9.000000e-03  3.830000e-01 -1.390000e-01 -1.040000e-01 -1.720000e-01  1.820000e-01  2.740000e-01 -1.520000e-01 -9.540000e-01  5.223741e+03  4.456766e+04  5.049000e+00 -8.330387e+03  2.962190e+02  2.715171e+04 -6.024400e+01 -2.559387e+03 -9.240810e+02 -2.971300e+01 -1.777200e+01 -5.572500e+01 -7.201290e+02 -3.383461e+04 -6.996352e+04  2.834400e+01 -1.743900e+02 -4.794500e+01 -4.723380e+02  1.185580e+02  7.964570e+04 -2.949000e+01 -8.253720e+02 -5.398000e+00 -5.095540e+02
 2.550000e-01 -3.700000e-02  3.800000e-02 -7.640000e-01 -8.740000e-01 -8.860000e-01 -1.400000e-01 -2.860000e-01  3.860000e-01 -5.600000e-01  1.650000e-01  2.100000e-02  8.377794e+08 -2.755650e+05  5.441169e+06 -3.026572e+05  3.706711e+07 -3.239791e+05 -1.001062e+07 -1.045455e+06  2.239813e+03 -5.804921e+03 -4.097273e+04 -7.961695e+05 -3.939635e+07 -3.274849e+07  4.755147e+03  3.000353e+06 -4.273701e+04  1.059833e+05 -5.582017e+04  1.231876e+08 -4.278209e+04  7.227287e+04 -1.791386e+04 -6.810575e+05
-2.670000e-01  5.000000e-03 -5.000000e-02  7.710000e-01  9.100000e-01  9.220000e-01  2.070000e-01  2.460000e-01 -3.410000e-01  5.720000e-01 -1.800000e-01  7.000000e-03 -9.560000e-01  9.926800e+01 -2.175491e+03  1.112130e+02 -1.422435e+04  1.044950e+02  3.504948e+03  3.865190e+02 -2.290000e+00  2.976000e+00  1.568400e+01  3.065910e+02  1.527231e+04  1.410245e+04 -2.444000e+00 -1.009720e+03  1.711100e+01 -3.096400e+01  2.093600e+01 -4.478282e+04  1.652900e+01 -3.752100e+01  6.953000e+00  2.528340e+02
 3.000000e-03 -1.460000e-01  2.200000e-02 -6.480000e-01 -5.850000e-01 -6.070000e-01 -2.400000e-02 -3.500000e-01  8.800000e-02 -3.250000e-01  4.430000e-01 -3.490000e-01  5.690000e-01 -6.610000e-01  1.092160e+05 -4.344093e+03  2.259518e+05 -2.624816e+03 -7.595095e+04 -8.549868e+03  7.607900e+01  5.566400e+01 -7.391610e+02 -6.392244e+03 -3.190943e+05 -8.080252e+05  8.944500e+01  2.195350e+04 -3.016950e+02 -8.461860e+02 -3.964000e+02  8.800032e+05 -3.076900e+02  1.003433e+04 -3.193060e+02 -3.519693e+03
-8.100000e-02  2.000000e-01 -5.000000e-03  7.390000e-01  7.320000e-01  7.520000e-01  8.600000e-02  3.050000e-01 -1.710000e-01  5.100000e-01 -4.100000e-01  2.850000e-01 -7.270000e-01  7.760000e-01 -9.130000e-01  2.071260e+02 -1.465734e+04  1.279500e+02  4.180153e+03  3.530750e+02 -4.298000e+00  1.711000e+00  2.772300e+01  2.812810e+02  1.412103e+04  2.428068e+04 -2.449000e+00 -9.547490e+02  1.719000e+01  3.042000e+01  1.841300e+01 -3.918716e+04  1.362900e+01 -2.768010e+02  1.230600e+01  1.651700e+02
 3.200000e-01  3.090000e-01  2.000000e-02 -2.410000e-01 -4.740000e-01 -4.660000e-01 -5.060000e-01  2.180000e-01  3.360000e-01 -3.950000e-01 -5.200000e-02  1.150000e-01  3.920000e-01 -4.370000e-01  2.090000e-01 -3.120000e-01  1.065739e+07  1.647152e+04 -5.056271e+05 -1.007299e+05  1.329404e+03 -7.193400e+02 -2.017811e+03 -9.102953e+04 -4.634111e+06 -1.248282e+07  1.972503e+03  2.073965e+05 -4.125369e+03 -9.465459e+03 -2.930208e+03  9.803196e+06 -3.653585e+03  3.967785e+04 -1.725911e+03 -6.920513e+04
-5.600000e-02  3.450000e-01 -5.800000e-02  4.400000e-01  5.450000e-01  5.590000e-01 -1.100000e-02  2.820000e-01 -2.600000e-02  1.990000e-01 -9.100000e-02 -4.200000e-02 -5.700000e-01  5.340000e-01 -4.050000e-01  4.530000e-01  2.570000e-01  3.854840e+02  4.447029e+03  3.493870e+02 -3.633000e+00 -6.975000e+00  3.119800e+01  2.158570e+02  9.883737e+03 -8.053100e+03  3.745000e+00 -1.191074e+03  1.152100e+01 -7.241500e+01  2.203600e+01 -4.383782e+04  1.155300e+01  1.980380e+02 -2.517000e+00  1.781100e+02
-1.290000e-01  1.800000e-02 -3.200000e-02  7.430000e-01  9.610000e-01  9.640000e-01  1.800000e-01  3.180000e-01 -3.350000e-01  5.950000e-01 -1.280000e-01 -9.000000e-02 -8.790000e-01  8.940000e-01 -5.840000e-01  7.380000e-01 -3.940000e-01  5.750000e-01  1.549217e+05  1.134219e+04 -1.389120e+02  1.476100e+02  5.302730e+02  1.042053e+04  5.271595e+05  5.284000e+05 -8.955300e+01 -2.813979e+04  6.225480e+02 -1.965850e+02  6.582980e+02 -1.365694e+06  4.993910e+02 -1.894125e+03  2.772420e+02  7.714554e+03
-2.950000e-01 -5.100000e-02 -6.000000e-03  1.200000e-02  2.540000e-01  2.430000e-01  5.200000e-02  1.200000e-02 -3.000000e-01  5.400000e-02  1.000000e-03 -6.200000e-02 -1.760000e-01  1.890000e-01 -1.260000e-01  1.200000e-01 -1.510000e-01  8.700000e-02  1.410000e-01  4.194148e+04  1.495000e+01  1.336660e+02 -3.056380e+02  2.358110e+04  1.129877e+06  3.239383e+06 -8.212820e+02 -3.739040e+04  1.433550e+03  1.276250e+04 -1.150571e+03 -3.002460e+06  1.029982e+03  1.268029e+04 -3.642000e+01  1.212096e+04
 2.900000e-02 -7.400000e-02  2.400000e-02 -1.600000e-02 -3.200000e-02 -2.900000e-02 -6.000000e-02  3.700000e-02 -1.000000e-02  0.000000e+00  3.500000e-02 -3.300000e-02  6.000000e-03 -1.800000e-02  1.800000e-02 -2.400000e-02  3.200000e-02 -1.500000e-02 -2.800000e-02  6.000000e-03  1.571600e+02  3.492000e+00  4.450000e-01  3.086400e+01 -3.196430e+02  1.253940e+04 -3.754000e+00  1.960460e+02 -1.366000e+00  1.090410e+02 -9.899000e+00 -5.424706e+03  2.008000e+00  7.080700e+01 -7.032000e+00 -2.126300e+01
-1.200000e-02 -6.700000e-02 -3.500000e-02  2.200000e-02  3.700000e-02  3.300000e-02 -3.500000e-02  4.200000e-02 -5.500000e-02  5.500000e-02  1.000000e-02 -2.200000e-02 -1.800000e-02  2.700000e-02  1.500000e-02  1.100000e-02 -2.000000e-02 -3.200000e-02  3.400000e-02  5.900000e-02  2.500000e-02  1.225100e+02  8.362000e+00  6.635000e+01  4.820610e+02  5.773047e+03 -1.358000e+00 -1.998230e+02  5.842000e+00  5.640900e+01  1.800000e-01 -9.507836e+03  4.411000e+00  3.168100e+01 -4.743000e+00  9.468800e+01
 3.700000e-02  1.500000e-02 -4.500000e-02  1.600000e-02  2.200000e-02  2.300000e-02  9.000000e-03  1.600000e-02  2.500000e-02  6.000000e-03  1.200000e-02 -1.900000e-02 -3.500000e-02  3.900000e-02 -5.600000e-02  4.800000e-02 -1.500000e-02  4.000000e-02  3.400000e-02 -3.700000e-02  1.000000e-03  1.900000e-02  1.604738e+03  7.333680e+02  3.312898e+04  4.138756e+04  1.897300e+01 -1.165385e+03  6.916400e+01  7.804120e+02 -9.919000e+01 -1.143373e+05  4.206000e+01 -2.088290e+03  7.295400e+01 -1.880600e+01
-2.750000e-01 -7.100000e-02 -9.000000e-03  4.400000e-02  3.060000e-01  2.920000e-01  8.100000e-02  1.400000e-02 -3.270000e-01  9.900000e-02 -5.000000e-03 -7.600000e-02 -2.100000e-01  2.350000e-01 -1.470000e-01  1.490000e-01 -2.130000e-01  8.400000e-02  2.020000e-01  8.780000e-01  1.900000e-02  4.600000e-02  1.400000e-01  1.720078e+04  8.233057e+05  2.110596e+06 -4.873490e+02 -1.838097e+04  1.007612e+03  7.684797e+03 -5.690800e+02 -2.177391e+06  7.409120e+02  4.407674e+03  1.811610e+02  7.831387e+03
-2.740000e-01 -7.100000e-02 -1.100000e-02  5.000000e-02  3.160000e-01  3.020000e-01  8.800000e-02  1.300000e-02 -3.260000e-01  1.040000e-01 -7.000000e-03 -7.400000e-02 -2.160000e-01  2.430000e-01 -1.530000e-01  1.560000e-01 -2.250000e-01  8.000000e-02  2.130000e-01  8.750000e-01 -4.000000e-03  7.000000e-03  1.310000e-01  9.960000e-01  3.971580e+07  1.008568e+08 -2.317398e+04 -8.798344e+05  4.860470e+04  3.685977e+05 -2.830649e+04 -1.040402e+08  3.550178e+04  2.071756e+05  9.089908e+03  3.714591e+05
-6.700000e-02 -6.900000e-02 -2.700000e-02 -6.000000e-03  1.180000e-01  1.110000e-01  1.240000e-01 -4.900000e-02 -1.290000e-01  4.400000e-02  2.900000e-02 -4.800000e-02 -5.600000e-02  7.000000e-02 -1.200000e-01  8.300000e-02 -1.880000e-01 -2.000000e-02  6.600000e-02  7.780000e-01  4.900000e-02  2.600000e-02  5.100000e-02  7.920000e-01  7.870000e-01  4.130243e+08 -1.052891e+05  5.271006e+05  1.386423e+05  1.710424e+06 -1.939435e+05 -2.560603e+08  8.895649e+04  1.214032e+06 -7.009904e+03  3.312922e+05
 9.200000e-02  8.100000e-02  1.500000e-02  2.000000e-02 -9.300000e-02 -8.600000e-02 -9.100000e-02  7.400000e-02  1.120000e-01 -4.400000e-02 -5.900000e-02  6.900000e-02  2.900000e-02 -4.300000e-02  4.700000e-02 -3.000000e-02  1.060000e-01  3.300000e-02 -4.000000e-02 -7.020000e-01 -5.200000e-02 -2.100000e-02  8.300000e-02 -6.500000e-01 -6.440000e-01 -9.070000e-01  3.264700e+01 -2.860220e+02 -3.363900e+01 -4.160080e+02  4.931300e+01  5.759409e+04 -2.013100e+01 -5.208750e+02  7.264000e+00 -7.180400e+01
 3.640000e-01 -1.000000e-03 -2.500000e-02 -6.600000e-02 -2.710000e-01 -2.620000e-01  2.000000e-02 -1.050000e-01  3.870000e-01 -8.000000e-03  9.200000e-02 -6.000000e-03  2.420000e-01 -2.360000e-01  1.550000e-01 -1.550000e-01  1.480000e-01 -1.410000e-01 -1.670000e-01 -4.260000e-01  3.600000e-02 -4.200000e-02 -6.800000e-02 -3.270000e-01 -3.260000e-01  6.000000e-02 -1.170000e-01  1.838800e+05 -6.132050e+02  1.694907e+04 -3.448973e+03  2.695168e+06 -8.963710e+02  1.430913e+04 -5.610980e+02 -3.490204e+04
-1.590000e-01 -6.800000e-02 -2.600000e-02  6.000000e-02  2.370000e-01  2.290000e-01  7.700000e-02 -1.900000e-02 -1.740000e-01  1.580000e-01  2.100000e-02 -7.200000e-02 -1.600000e-01  1.860000e-01 -9.900000e-02  1.300000e-01 -1.370000e-01  6.400000e-02  1.720000e-01  7.600000e-01 -1.200000e-02  5.700000e-02  1.870000e-01  8.340000e-01  8.370000e-01  7.410000e-01 -6.390000e-01 -1.550000e-01  8.482300e+01  6.917270e+02 -7.152400e+01 -1.219915e+05  4.347100e+01  5.801590e+02  3.490000e-01  2.407710e+02
 8.300000e-02 -3.800000e-02 -3.700000e-02 -1.600000e-02 -9.000000e-03 -9.000000e-03  6.600000e-02 -6.000000e-02  7.700000e-02  6.100000e-02  7.900000e-02 -5.800000e-02  3.300000e-02 -2.800000e-02 -2.300000e-02  1.900000e-02 -2.600000e-02 -3.300000e-02 -4.000000e-03  5.570000e-01  7.800000e-02  4.600000e-02  1.740000e-01  5.240000e-01  5.230000e-01  7.530000e-01 -6.510000e-01  3.540000e-01  6.720000e-01  1.249641e+04 -1.683134e+03 -9.663441e+05  3.260920e+02  8.695217e+03 -1.389730e+02 -2.677740e+03
-1.330000e-01  5.000000e-03  3.600000e-02  8.700000e-02  1.270000e-01  1.240000e-01 -6.100000e-02  1.060000e-01 -1.710000e-01 -1.800000e-02 -1.500000e-01  9.700000e-02 -1.140000e-01  1.240000e-01 -7.100000e-02  7.600000e-02 -5.300000e-02  6.600000e-02  9.900000e-02 -3.320000e-01 -4.700000e-02  1.000000e-03 -1.460000e-01 -2.560000e-01 -2.650000e-01 -5.640000e-01  5.100000e-01 -4.750000e-01 -4.590000e-01 -8.890000e-01  2.867920e+02  7.337173e+04 -2.441000e+01 -1.191248e+03  2.500600e+01  7.206370e+02
 2.730000e-01  3.200000e-02 -6.000000e-03 -6.800000e-02 -2.810000e-01 -2.680000e-01 -3.500000e-02 -5.600000e-02  3.080000e-01 -5.900000e-02  2.200000e-02  6.100000e-02  2.340000e-01 -2.470000e-01  1.460000e-01 -1.500000e-01  1.650000e-01 -1.230000e-01 -1.910000e-01 -8.060000e-01 -2.400000e-02 -4.700000e-02 -1.570000e-01 -9.130000e-01 -9.080000e-01 -6.930000e-01  5.540000e-01  3.460000e-01 -7.280000e-01 -4.750000e-01  2.380000e-01  3.308230e+08 -1.101505e+05 -4.697264e+05 -3.145801e+04 -1.060449e+06
-2.620000e-01 -6.600000e-02 -5.000000e-03  7.500000e-02  2.950000e-01  2.820000e-01  4.900000e-02  4.600000e-02 -2.900000e-01  7.500000e-02 -1.400000e-02 -6.600000e-02 -2.380000e-01  2.670000e-01 -1.500000e-01  1.520000e-01 -1.800000e-01  9.500000e-02  2.040000e-01  8.090000e-01  2.600000e-02  6.400000e-02  1.690000e-01  9.080000e-01  9.060000e-01  7.040000e-01 -5.660000e-01 -3.360000e-01  7.590000e-01  4.690000e-01 -2.320000e-01 -9.740000e-01  3.868000e+01  1.709990e+02  8.691000e+00  3.450730e+02
-6.900000e-02  1.000000e-02 -1.100000e-02 -5.200000e-02 -4.000000e-03 -4.000000e-03 -4.100000e-02 -4.200000e-02  3.000000e-02  5.700000e-02  7.600000e-02 -6.200000e-02  1.300000e-02 -2.000000e-02  1.640000e-01 -1.040000e-01  6.600000e-02  5.500000e-02 -2.600000e-02  3.350000e-01  3.100000e-02  1.500000e-02 -2.820000e-01  1.820000e-01  1.780000e-01  3.230000e-01 -4.930000e-01  1.800000e-01  3.410000e-01  4.210000e-01 -3.800000e-01 -1.400000e-01  1.490000e-01  3.421514e+04 -1.036388e+03 -1.755771e+03
-8.600000e-02 -2.100000e-02  2.900000e-02  5.900000e-02  1.180000e-01  1.100000e-01  3.800000e-02  2.700000e-02 -1.720000e-01  2.000000e-03 -3.700000e-02 -1.100000e-02 -8.900000e-02  1.000000e-01 -1.390000e-01  1.230000e-01 -7.600000e-02 -1.800000e-02  1.010000e-01 -2.600000e-02 -8.100000e-02 -6.200000e-02  2.620000e-01  1.990000e-01  2.070000e-01 -5.000000e-02  1.830000e-01 -1.880000e-01  5.000000e-03 -1.790000e-01  2.120000e-01 -2.490000e-01  2.010000e-01 -8.060000e-01  4.838100e+01  2.120380e+02
-4.590000e-01 -7.700000e-02  2.400000e-02  1.100000e-02  3.360000e-01  3.180000e-01  4.000000e-03  7.300000e-02 -4.770000e-01  2.600000e-02 -3.700000e-02 -7.000000e-02 -2.350000e-01  2.540000e-01 -1.060000e-01  1.150000e-01 -2.120000e-01  9.100000e-02  1.960000e-01  5.920000e-01 -1.700000e-02  8.600000e-02 -5.000000e-03  5.970000e-01  5.890000e-01  1.630000e-01 -1.260000e-01 -8.140000e-01  2.610000e-01 -2.390000e-01  4.250000e-01 -5.830000e-01  5.550000e-01 -9.500000e-02  3.050000e-01  1.000472e+04
[1] "2020-11-16 01:49:34 GST"
Time difference of 1.754908 days
