nohup: ignoring input

Attaching package: ‘igraph’

The following objects are masked from ‘package:stats’:

    decompose, spectrum

The following object is masked from ‘package:base’:

    union

Warning message:
no DISPLAY variable so Tk is not available 

Attaching package: ‘xtable’

The following object is masked from ‘package:RSiena’:

    xtable

[1] "2"
[1] "/scratch/krm7/artwork/DATAandCODE/data/100_unique_id/p2"
  effectName        include fix   test  initialValue parm
1 mnet: betweenness TRUE    FALSE FALSE          0   0   
  effectName        include fix   test  initialValue parm
1 pnet: betweenness TRUE    FALSE FALSE          0   0   
  effectName include fix   test  initialValue parm
1 mnet: pnet TRUE    FALSE FALSE          0   0   
  effectName include fix   test  initialValue parm
1 pnet: mnet TRUE    FALSE FALSE          0   0   
  effectName                include fix   test  initialValue parm
1 mnet: ranking ego and alt TRUE    FALSE FALSE          0   0   
2 mnet: ranking similarity  TRUE    FALSE FALSE          0   0   
  effectName                 include fix   test  initialValue parm
1 mnet: soloshow ego and alt TRUE    FALSE FALSE          0   0   
2 mnet: soloshow similarity  TRUE    FALSE FALSE          0   0   
  effectName              include fix   test  initialValue parm
1 mnet: award ego and alt TRUE    FALSE FALSE          0   0   
2 mnet: award similarity  TRUE    FALSE FALSE          0   0   
  effectName                  include fix   test  initialValue parm
1 mnet: meanprice ego and alt TRUE    FALSE FALSE          0   0   
2 mnet: meanprice similarity  TRUE    FALSE FALSE          0   0   
  effectName                    include fix   test  initialValue parm
1 mnet: festbiennal ego and alt TRUE    FALSE FALSE          0   0   
2 mnet: festbiennal similarity  TRUE    FALSE FALSE          0   0   
  effectName                  include fix   test  initialValue parm
1 mnet: groupshow ego and alt TRUE    FALSE FALSE          0   0   
2 mnet: groupshow similarity  TRUE    FALSE FALSE          0   0   
  effectName                include fix   test  initialValue parm
1 pnet: ranking ego and alt TRUE    FALSE FALSE          0   0   
2 pnet: ranking similarity  TRUE    FALSE FALSE          0   0   
  effectName                 include fix   test  initialValue parm
1 pnet: soloshow ego and alt TRUE    FALSE FALSE          0   0   
2 pnet: soloshow similarity  TRUE    FALSE FALSE          0   0   
  effectName              include fix   test  initialValue parm
1 pnet: award ego and alt TRUE    FALSE FALSE          0   0   
2 pnet: award similarity  TRUE    FALSE FALSE          0   0   
  effectName                  include fix   test  initialValue parm
1 pnet: meanprice ego and alt TRUE    FALSE FALSE          0   0   
2 pnet: meanprice similarity  TRUE    FALSE FALSE          0   0   
  effectName                    include fix   test  initialValue parm
1 pnet: festbiennal ego and alt TRUE    FALSE FALSE          0   0   
2 pnet: festbiennal similarity  TRUE    FALSE FALSE          0   0   
[1] "/scratch/krm7/artwork/result/two_net_model_period_2_n_100_cycle4ND_181203"
siena07 will create an output file /scratch/krm7/artwork/result/two_net_model_period_2_n_100_cycle4ND_181203.txt .
[1] "2020-11-11 18:51:48 GST"
No X11 device available, forcing use of batch mode

Start phase 0 
theta: 13.537 12.769  3.478 29.776  0.756  0.000  0.000  0.000  0.000  0.000  0.000  0.000  0.000  0.000  0.000  0.000  0.000  0.000  0.000 41.289  2.953  2.145  2.307  1.175  0.000  0.000  0.000  0.000  0.000  0.000  0.000  0.000  0.000  0.000  0.000  0.000 

Start phase 1 
Phase 1 Iteration 1 Progress: 0%
Phase 1 Iteration 41 Progress: 0%
Phase 1 Iteration 81 Progress: 0%

Start phase 0 
theta: 13.537 12.769  3.478 29.776  0.756  0.000  0.000  0.000  0.000  0.000  0.000  0.000  0.000  0.000  0.000  0.000  0.000  0.000  0.000 41.289  2.953  2.145  2.307  1.175  0.000  0.000  0.000  0.000  0.000  0.000  0.000  0.000  0.000  0.000  0.000  0.000 

Start phase 1 
Phase 1 Iteration 1 Progress: 0%
Phase 1 Iteration 41 Progress: 0%
Phase 1 Iteration 81 Progress: 0%
Phase 1 Iteration 121 Progress: 0%
Phase 1 Iteration 161 Progress: 0%
Phase 1 Iteration 201 Progress: 0%

Start phase 0 
theta: 13.537 12.769  3.478 29.776  0.756  0.000  0.000  0.000  0.000  0.000  0.000  0.000  0.000  0.000  0.000  0.000  0.000  0.000  0.000 41.289  2.953  2.145  2.307  1.175  0.000  0.000  0.000  0.000  0.000  0.000  0.000  0.000  0.000  0.000  0.000  0.000 

Start phase 1 
Phase 1 Iteration 1 Progress: 0%
Phase 1 Iteration 41 Progress: 0%
Phase 1 Iteration 81 Progress: 0%
Phase 1 Iteration 121 Progress: 0%
Phase 1 Iteration 161 Progress: 0%
Phase 1 Iteration 201 Progress: 0%
theta:  1.34e+01  1.26e+01  3.44e+00  2.94e+01  7.42e-01  0.00e+00  2.23e-05  2.22e-03 -5.40e-05 -2.49e-03 -1.02e-03 -1.29e-03  4.52e-05  1.38e-02 -5.06e-04 -8.31e-03  7.41e-05 -7.19e-03  1.89e-02  4.03e+01  2.93e+00  2.13e+00  2.28e+00  1.16e+00  0.00e+00 -6.35e-05  2.14e-03 -4.64e-05 -2.05e-03 -3.23e-04 -1.19e-03 -7.83e-05  1.70e-02  1.04e-03  1.43e-02  2.57e-02 

Start phase 2.1
Phase 2 Subphase 1 Iteration 1 Progress: 19%
Phase 2 Subphase 1 Iteration 2 Progress: 19%
theta  7.169997  6.519420  1.906207 19.175339  0.619171  0.000000 -0.002087  0.119657 -0.000105 -0.116380 -0.046981 -0.031869 -0.001633  0.299733 -0.002903 -0.180446  0.003284 -0.262040  0.241832 33.221971  1.763402  1.253381  1.407203  0.864209  0.000000 -0.005866 -0.009354  0.002258 -0.123618 -0.022821 -0.068209 -0.005947  0.547404  0.012857  0.110105  0.380404 
ac  2.27e+00  2.52e+00  2.40e+00  1.87e+00  1.18e+01  1.37e+00 -8.68e-01 -2.26e-01  6.26e+00  3.64e+00  1.47e+00  2.91e-01 -2.27e-01 -3.44e-01  4.55e+00  3.80e+00  3.72e+00  2.74e+00  1.20e+00  8.25e-01  1.75e+00  1.81e+00  1.92e+00  9.16e-02  1.49e+00 -1.68e-01  5.73e-03 -3.30e+02  1.83e+01  2.65e+00 -2.61e+00 -4.35e-01 -4.67e-01  1.85e+00  3.67e+01  7.35e-01 
Phase 2 Subphase 1 Iteration 3 Progress: 19%
Phase 2 Subphase 1 Iteration 4 Progress: 19%
theta  5.731160  5.325351  1.494891 14.714155  0.274147  0.000000 -0.002545 -0.215480  0.000768 -0.317150 -0.146788 -0.080579 -0.005576  1.232446 -0.021610 -0.455917  0.007000 -0.808234  0.814861 17.411371  1.443759  1.040904  1.138127  0.705399  0.000000 -0.003992 -2.181587 -0.000714 -0.170704 -0.164881 -0.129485 -0.011109  1.203949  0.061178  0.695320  1.825212 
ac  1.9249  1.9869  2.0690  0.9938  1.9818  1.2814 -1.0008 -0.3930  3.8858  3.1758  1.5581 -0.7249 -0.4349 -0.5031  4.4432  2.3907  0.9494  1.8753  1.0521  0.5848  1.0902  1.1485  1.2042  0.4910  1.4071 -0.1785 -0.0223 -0.9732 18.1925 -0.4815 -0.8846 -0.6458 -0.6728  1.8614  2.0107  0.7895 
Phase 2 Subphase 1 Iteration 5 Progress: 19%
Phase 2 Subphase 1 Iteration 6 Progress: 19%
theta  4.978189  4.643557  1.293988 11.217974 -0.037955  0.000000 -0.001394 -0.276806 -0.000201 -0.406787 -0.222831 -0.156912 -0.008132  2.537638 -0.041490 -0.683669  0.006392 -1.156021  1.436954 15.602839  1.072496  0.772676  0.842477  0.926731  0.000000 -0.001163 -3.567067  0.001940 -0.001631 -0.229234 -0.254631 -0.007998  1.496223  0.085590  1.367665  2.952948 
ac  1.844  1.810  1.945  0.881  3.458  1.275 -0.869 -0.364  0.331  3.196  0.614 -1.010 -0.679 -0.758  4.009  1.548 -0.158  0.839  1.198  0.596  1.059  1.095  1.169  0.526  1.377 -0.179 -0.020 -0.682  4.605 -0.556 -0.935 -0.725 -0.753  1.867  2.206  0.760 
Phase 2 Subphase 1 Iteration 7 Progress: 19%
Phase 2 Subphase 1 Iteration 8 Progress: 19%
theta  4.50e+00  4.20e+00  1.17e+00  9.83e+00 -3.13e-01  0.00e+00 -9.77e-06 -9.23e-02 -2.95e-03 -4.56e-01 -2.71e-01 -2.19e-01 -5.55e-03  3.76e+00 -5.88e-02 -8.37e-01  5.91e-03 -1.42e+00  2.07e+00  1.42e+01  9.34e-01  6.73e-01  7.33e-01  1.15e+00  0.00e+00 -5.82e-04 -3.76e+00  4.46e-03  1.48e-01 -2.72e-01 -2.62e-01 -6.40e-03  1.83e+00  1.08e-01  2.00e+00  3.76e+00 
ac  1.804  1.733  1.883  0.864 -0.371  1.263 -0.797 -0.342 -0.237  3.209  0.298 -1.137 -0.801 -0.885  3.018  0.876 -0.380  0.569  1.098  0.604  1.062  1.085  1.170  0.539  1.356 -0.188 -0.021 -0.598  2.217 -0.576 -0.834 -0.792 -0.821  1.868  2.266  0.751 
Phase 2 Subphase 1 Iteration 9 Progress: 19%
Phase 2 Subphase 1 Iteration 10 Progress: 19%
theta  4.16e+00  3.88e+00  1.08e+00  9.03e+00 -6.37e-01  0.00e+00  8.47e-05  3.70e-01 -4.79e-03 -5.04e-01 -3.04e-01 -2.37e-01 -4.00e-03  4.82e+00 -7.29e-02 -9.86e-01  5.58e-03 -1.57e+00  2.62e+00  1.31e+01  8.56e-01  6.17e-01  6.72e-01  1.30e+00  0.00e+00 -1.03e-03 -3.69e+00  8.46e-03  2.36e-01 -3.15e-01 -1.96e-01 -6.40e-03  2.09e+00  1.30e-01  2.57e+00  4.44e+00 
ac  1.7906  1.7174  1.8538  0.8607 -0.3160  1.2571 -0.7862 -0.3386 -0.4282  3.2358  0.1513 -1.0684 -0.8890 -0.9756  2.3768  0.5474 -0.4766  0.4418  0.7907  0.6057  1.0639  1.0854  1.1741  0.5455  1.3368 -0.1944 -0.0216 -0.5626  1.3441 -0.5895 -0.7594 -0.8470 -0.8766  1.8615  2.0853  0.7446 
Phase 2 Subphase 1 Iteration 1 Progress: 19%
Phase 2 Subphase 1 Iteration 2 Progress: 19%
Phase 2 Subphase 1 Iteration 3 Progress: 19%
Phase 2 Subphase 1 Iteration 4 Progress: 19%
Phase 2 Subphase 1 Iteration 5 Progress: 19%
Phase 2 Subphase 1 Iteration 6 Progress: 19%
Phase 2 Subphase 1 Iteration 7 Progress: 19%
Phase 2 Subphase 1 Iteration 8 Progress: 19%
Phase 2 Subphase 1 Iteration 9 Progress: 19%
Phase 2 Subphase 1 Iteration 10 Progress: 19%
Phase 2 Subphase 1 Iteration 1 Progress: 19%
Phase 2 Subphase 1 Iteration 2 Progress: 19%
Phase 2 Subphase 1 Iteration 3 Progress: 19%
Phase 2 Subphase 1 Iteration 4 Progress: 19%
Phase 2 Subphase 1 Iteration 5 Progress: 19%
Phase 2 Subphase 1 Iteration 6 Progress: 19%
Phase 2 Subphase 1 Iteration 7 Progress: 19%
Phase 2 Subphase 1 Iteration 8 Progress: 19%
Phase 2 Subphase 1 Iteration 9 Progress: 19%
Phase 2 Subphase 1 Iteration 10 Progress: 19%
Phase 2 Subphase 1 Iteration 1 Progress: 19%
Phase 2 Subphase 1 Iteration 2 Progress: 19%
Phase 2 Subphase 1 Iteration 3 Progress: 19%
Phase 2 Subphase 1 Iteration 4 Progress: 19%
Phase 2 Subphase 1 Iteration 5 Progress: 19%
Phase 2 Subphase 1 Iteration 6 Progress: 19%
Phase 2 Subphase 1 Iteration 7 Progress: 19%
Phase 2 Subphase 1 Iteration 8 Progress: 19%
Phase 2 Subphase 1 Iteration 9 Progress: 19%
Phase 2 Subphase 1 Iteration 10 Progress: 19%
Phase 2 Subphase 1 Iteration 100 Progress: 19%
theta  7.04484  5.82253  1.10691 21.02713 -3.37143  0.00000 -0.00103 -0.52426 -0.01594 -0.71323 -0.31344 -0.17698 -0.00183  7.71183 -0.11219 -1.41349  0.00968 -1.94169  5.28564  8.23119  0.79028  0.54445  0.56585  0.58074  0.00000 -0.00179 -6.63742  0.00838 -0.77562 -0.16260 -0.00721 -0.01290  5.43206  0.28937  4.64922 80.47936 
ac -0.7089 -0.7614 -0.7199 -0.7036 -0.5122  0.7940 -0.6540 -0.5805 -0.7354 -0.5269 -0.7352 -0.6760 -0.6196 -0.6342 -0.7075 -0.7501 -0.6474 -0.4281 -0.5290 -0.6757 -0.6455  0.3092 -0.5546 -0.2917  0.8861 -0.5377 -0.3699 -0.5585 -0.6501 -0.6509 -0.6984 -0.6179 -0.6231 -0.3346 -0.4903 -0.0663 
theta  4.19532  3.69060  0.91450 11.80478 -3.29530  0.00000  0.00020  0.58101 -0.02212 -0.72788 -0.28792 -0.11942  0.00372  7.55061 -0.10766 -1.49929  0.00928 -1.75937  5.15532 12.83655  0.78706  0.58512  0.60355  0.52420  0.00000 -0.00487 -6.47631  0.00674 -0.88755 -0.18010  0.05347 -0.00874  6.89169  0.30908  4.79367 78.13581 
ac -0.778935 -0.812343 -0.839569 -0.858888 -0.472011  0.843865 -0.632715 -0.595738 -0.715203 -0.745102 -0.839089 -0.773810 -0.867622 -0.883002 -0.693714 -0.744162 -0.854738 -0.630510 -0.503094 -0.879239 -0.446605 -0.000655 -0.535202 -0.497095  0.957783 -0.495213 -0.251422 -0.719603 -0.865534 -0.567986 -0.770884 -0.612096 -0.601883 -0.608605 -0.816256 -0.167469 
theta:  4.19532  3.69060  0.91450 11.80478 -3.29530  0.00000  0.00020  0.58101 -0.02212 -0.72788 -0.28792 -0.11942  0.00372  7.55061 -0.10766 -1.49929  0.00928 -1.75937  5.15532 12.83655  0.78706  0.58512  0.60355  0.52420  0.00000 -0.00487 -6.47631  0.00674 -0.88755 -0.18010  0.05347 -0.00874  6.89169  0.30908  4.79367 78.13581 

Start phase 2.2
Phase 2 Subphase 2 Iteration 1 Progress: 19%
Phase 2 Subphase 2 Iteration 2 Progress: 19%
Phase 2 Subphase 2 Iteration 3 Progress: 19%
Phase 2 Subphase 2 Iteration 4 Progress: 19%
Phase 2 Subphase 2 Iteration 5 Progress: 19%
Phase 2 Subphase 2 Iteration 6 Progress: 19%
Phase 2 Subphase 2 Iteration 7 Progress: 19%
Phase 2 Subphase 2 Iteration 8 Progress: 19%
Phase 2 Subphase 2 Iteration 9 Progress: 19%
Phase 2 Subphase 2 Iteration 10 Progress: 19%
Phase 2 Subphase 2 Iteration 1 Progress: 19%
Phase 2 Subphase 2 Iteration 2 Progress: 19%
Phase 2 Subphase 2 Iteration 3 Progress: 19%
Phase 2 Subphase 2 Iteration 4 Progress: 19%
Phase 2 Subphase 2 Iteration 5 Progress: 19%
Phase 2 Subphase 2 Iteration 6 Progress: 19%
Phase 2 Subphase 2 Iteration 7 Progress: 19%
Phase 2 Subphase 2 Iteration 8 Progress: 19%
Phase 2 Subphase 2 Iteration 9 Progress: 19%
Phase 2 Subphase 2 Iteration 10 Progress: 19%
Phase 2 Subphase 2 Iteration 1 Progress: 19%
Phase 2 Subphase 2 Iteration 2 Progress: 19%
Phase 2 Subphase 2 Iteration 3 Progress: 19%
Phase 2 Subphase 2 Iteration 4 Progress: 19%
Phase 2 Subphase 2 Iteration 5 Progress: 19%
Phase 2 Subphase 2 Iteration 6 Progress: 19%
Phase 2 Subphase 2 Iteration 7 Progress: 19%
Phase 2 Subphase 2 Iteration 8 Progress: 19%
Phase 2 Subphase 2 Iteration 9 Progress: 19%
Phase 2 Subphase 2 Iteration 10 Progress: 19%
Phase 2 Subphase 2 Iteration 1 Progress: 19%
Phase 2 Subphase 2 Iteration 2 Progress: 19%
Phase 2 Subphase 2 Iteration 3 Progress: 19%
Phase 2 Subphase 2 Iteration 4 Progress: 19%
Phase 2 Subphase 2 Iteration 5 Progress: 19%
Phase 2 Subphase 2 Iteration 6 Progress: 19%
Phase 2 Subphase 2 Iteration 7 Progress: 19%
Phase 2 Subphase 2 Iteration 8 Progress: 19%
Phase 2 Subphase 2 Iteration 9 Progress: 19%
Phase 2 Subphase 2 Iteration 10 Progress: 19%
Phase 2 Subphase 2 Iteration 100 Progress: 20%
theta  4.155941  3.709508  0.918374 11.805807 -2.064843  0.000000 -0.000832  1.477741 -0.014372 -0.581789 -0.192321 -0.088411  0.000285  2.201326 -0.079315 -1.212183  0.006976 -1.205895  3.421330  8.840740  0.770662  0.605539  0.615282  0.785928  0.000000 -0.003542 -3.528989  0.002842 -0.734598 -0.158138  0.086231 -0.001915 -0.913859  0.240934  3.793554 95.437586 
ac -0.9624 -0.9200 -0.5717 -0.9071 -0.8843  0.9968 -0.9660 -0.9733 -0.9191 -0.7381 -0.7820 -0.7427 -0.9500 -0.9415 -0.6332 -0.6252 -0.9262 -0.8370 -0.8246 -0.9554 -0.4470  0.3473 -0.4277 -0.5743  0.9742 -0.8520 -0.6704 -0.9590 -0.9176 -0.8704 -0.9462 -0.8657 -0.8519 -0.4526 -0.4521  0.0593 
Phase 2 Subphase 2 Iteration 200 Progress: 20%
theta  3.76e+00  3.31e+00  8.73e-01  1.06e+01 -2.05e+00  0.00e+00  1.09e-03  1.10e+00 -1.57e-02 -6.15e-01 -1.98e-01 -7.94e-02  2.10e-03  2.06e+00 -7.78e-02 -1.20e+00  7.50e-03 -1.28e+00  3.45e+00  7.57e+00  7.64e-01  5.87e-01  6.01e-01  8.37e-01  0.00e+00 -2.50e-03 -3.48e+00  2.96e-03 -7.00e-01 -1.71e-01  1.04e-01  1.25e-04 -1.09e+00  2.24e-01  3.61e+00  1.05e+02 
ac -0.9615 -0.9325 -0.7550 -0.9378 -0.8710  0.9998 -0.9796 -0.9856 -0.8882 -0.7595 -0.7984 -0.8115 -0.9195 -0.9048 -0.6923 -0.6930 -0.9083 -0.8921 -0.8061 -0.9370 -0.4245  0.4141 -0.4095 -0.5976  0.9840 -0.8737 -0.7046 -0.9424 -0.9175 -0.8686 -0.9168 -0.8631 -0.8489 -0.5097 -0.5809  0.0527 
theta  3.712156  3.557625  0.906163 11.395264 -2.031661  0.000000  0.000436  1.309083 -0.015370 -0.613302 -0.194038 -0.074425  0.000746  2.124458 -0.078875 -1.189121  0.007307 -1.200531  3.404251 12.640898  0.798172  0.584438  0.622209  0.785806  0.000000 -0.002075 -3.350603  0.002873 -0.743570 -0.150943  0.136829 -0.003584 -1.084593  0.231592  3.594500 97.039753 
ac -0.9611 -0.9416 -0.7282 -0.9376 -0.8887  0.9982 -0.9715 -0.9743 -0.8820 -0.7293 -0.8041 -0.8271 -0.9253 -0.9107 -0.7023 -0.6893 -0.9101 -0.8805 -0.8240 -0.9472 -0.4336  0.4238 -0.4121 -0.5955  0.9787 -0.8624 -0.6944 -0.9447 -0.9265 -0.8776 -0.9282 -0.8699 -0.8555 -0.5100 -0.5991  0.0417 
theta:  3.712156  3.557625  0.906163 11.395264 -2.031661  0.000000  0.000436  1.309083 -0.015370 -0.613302 -0.194038 -0.074425  0.000746  2.124458 -0.078875 -1.189121  0.007307 -1.200531  3.404251 12.640898  0.798172  0.584438  0.622209  0.785806  0.000000 -0.002075 -3.350603  0.002873 -0.743570 -0.150943  0.136829 -0.003584 -1.084593  0.231592  3.594500 97.039753 

Start phase 2.3
Phase 2 Subphase 3 Iteration 1 Progress: 20%
Phase 2 Subphase 3 Iteration 2 Progress: 20%
Phase 2 Subphase 3 Iteration 3 Progress: 20%
Phase 2 Subphase 3 Iteration 4 Progress: 20%
Phase 2 Subphase 3 Iteration 5 Progress: 20%
Phase 2 Subphase 3 Iteration 6 Progress: 20%
Phase 2 Subphase 3 Iteration 7 Progress: 20%
Phase 2 Subphase 3 Iteration 8 Progress: 20%
Phase 2 Subphase 3 Iteration 9 Progress: 20%
Phase 2 Subphase 3 Iteration 10 Progress: 20%
Phase 2 Subphase 3 Iteration 100 Progress: 20%
theta  3.713198  3.544273  0.914393 11.475504 -1.990225  0.000000  0.000361  1.435883 -0.015527 -0.592159 -0.187380 -0.070574  0.000715  2.070764 -0.074790 -1.149364  0.007113 -1.162589  3.342459 12.592800  0.795745  0.576143  0.627883  0.816051  0.000000 -0.001284 -1.774151  0.002324 -0.777943 -0.145513  0.169201 -0.002718 -3.428635  0.204133  3.161187 99.188911 
ac -0.34530 -0.33856 -0.09005 -0.17589  0.19976  0.99861 -0.19506  0.14628 -0.21361 -0.17456  0.11477 -0.01150 -0.24123 -0.00586  0.04917  0.08994 -0.17684 -0.07726  0.15285  0.24847  0.02715  0.40526 -0.22325  0.95319  0.99979  0.65956  0.80929  0.08660  0.19940  0.25705 -0.18129  0.75098  0.84616 -0.00958  0.06071  0.98787 
Phase 2 Subphase 3 Iteration 200 Progress: 20%
theta  3.77e+00  3.55e+00  9.16e-01  1.15e+01 -1.99e+00  0.00e+00  3.17e-04  1.44e+00 -1.54e-02 -6.02e-01 -1.86e-01 -6.91e-02  6.63e-04  2.10e+00 -7.59e-02 -1.15e+00  7.08e-03 -1.16e+00  3.34e+00  1.24e+01  7.84e-01  5.80e-01  6.31e-01  8.20e-01  0.00e+00 -1.17e-03 -1.82e+00  2.42e-03 -7.65e-01 -1.56e-01  1.68e-01 -2.72e-03 -3.53e+00  2.08e-01  3.21e+00  1.01e+02 
ac -0.340249 -0.402319 -0.232753 -0.143171  0.043879  0.998573 -0.234080  0.015956 -0.036443 -0.141141  0.107968 -0.035762 -0.417577 -0.260407 -0.056578 -0.028117 -0.040638  0.072951 -0.000456  0.215034  0.074158  0.279909 -0.194826  0.940159  1.000331  0.503814  0.737144  0.193912  0.088559 -0.025126 -0.203743  0.067146  0.225568  0.093611  0.051219  0.971041 
theta  3.76e+00  3.58e+00  9.08e-01  1.15e+01 -2.00e+00  0.00e+00  3.55e-04  1.43e+00 -1.53e-02 -6.07e-01 -1.87e-01 -7.25e-02  7.33e-04  2.06e+00 -7.62e-02 -1.16e+00  7.09e-03 -1.16e+00  3.35e+00  1.25e+01  7.97e-01  5.84e-01  6.24e-01  8.19e-01  0.00e+00 -1.27e-03 -1.84e+00  2.23e-03 -7.73e-01 -1.49e-01  1.67e-01 -2.62e-03 -3.20e+00  2.07e-01  3.19e+00  1.00e+02 
ac -0.38262 -0.32636 -0.19307 -0.12534  0.02384  0.99902 -0.27045 -0.00980 -0.03998 -0.14052  0.17379  0.05509 -0.43336 -0.28947 -0.00903  0.06731 -0.02956  0.04953  0.00233  0.20628  0.11347  0.22088 -0.19575  0.96854  1.00077  0.40248  0.67340  0.18632  0.06008 -0.08136 -0.17109 -0.06124  0.09054  0.12967  0.06972  0.98318 
theta:  3.76e+00  3.58e+00  9.08e-01  1.15e+01 -2.00e+00  0.00e+00  3.55e-04  1.43e+00 -1.53e-02 -6.07e-01 -1.87e-01 -7.25e-02  7.33e-04  2.06e+00 -7.62e-02 -1.16e+00  7.09e-03 -1.16e+00  3.35e+00  1.25e+01  7.97e-01  5.84e-01  6.24e-01  8.19e-01  0.00e+00 -1.27e-03 -1.84e+00  2.23e-03 -7.73e-01 -1.49e-01  1.67e-01 -2.62e-03 -3.20e+00  2.07e-01  3.19e+00  1.00e+02 

Start phase 2.4
Phase 2 Subphase 4 Iteration 1 Progress: 20%
Phase 2 Subphase 4 Iteration 2 Progress: 20%
Phase 2 Subphase 4 Iteration 3 Progress: 20%
Phase 2 Subphase 4 Iteration 4 Progress: 20%
Phase 2 Subphase 4 Iteration 5 Progress: 20%
Phase 2 Subphase 4 Iteration 6 Progress: 20%
Phase 2 Subphase 4 Iteration 7 Progress: 20%
Phase 2 Subphase 4 Iteration 8 Progress: 20%
Phase 2 Subphase 4 Iteration 9 Progress: 20%
Phase 2 Subphase 4 Iteration 10 Progress: 20%
Phase 2 Subphase 4 Iteration 100 Progress: 21%
theta  3.74e+00  3.59e+00  9.01e-01  1.15e+01 -2.00e+00  0.00e+00  3.60e-04  1.44e+00 -1.53e-02 -6.02e-01 -1.87e-01 -7.47e-02  7.46e-04  2.06e+00 -7.53e-02 -1.14e+00  7.14e-03 -1.16e+00  3.35e+00  1.25e+01  7.88e-01  5.76e-01  6.21e-01  8.21e-01  0.00e+00 -1.21e-03 -1.83e+00  1.86e-03 -7.64e-01 -1.47e-01  1.68e-01 -2.60e-03 -3.28e+00  2.06e-01  3.18e+00  1.01e+02 
ac  0.049837 -0.073017 -0.059236  0.055773 -0.139184  1.001389 -0.143722  0.062642 -0.044118 -0.289264 -0.172673  0.000193 -0.025203  0.008862  0.102559  0.062488 -0.087162 -0.021729 -0.101345  0.468620  0.328823  0.366590 -0.198691  0.956214  0.997187 -0.074203  0.199801  0.271242  0.020715 -0.060801 -0.098383  0.082364  0.139314  0.276393  0.172058  0.976802 
Phase 2 Subphase 4 Iteration 200 Progress: 21%
theta  3.77e+00  3.55e+00  9.09e-01  1.15e+01 -2.00e+00  0.00e+00  3.53e-04  1.44e+00 -1.57e-02 -6.17e-01 -1.87e-01 -7.52e-02  7.80e-04  2.08e+00 -7.70e-02 -1.16e+00  7.12e-03 -1.17e+00  3.35e+00  1.26e+01  7.95e-01  5.88e-01  6.18e-01  8.16e-01  0.00e+00 -1.28e-03 -1.81e+00  2.48e-03 -7.44e-01 -1.49e-01  1.67e-01 -2.64e-03 -3.25e+00  2.06e-01  3.16e+00  1.02e+02 
ac  0.00880 -0.06381  0.07140 -0.04780 -0.11747  1.00119 -0.17096  0.07530 -0.03457 -0.20857 -0.19017 -0.00671 -0.12222 -0.01622  0.06983  0.13907  0.01268 -0.02048 -0.05469  0.46496  0.16207  0.32495 -0.08846  0.94708  0.99830  0.09217  0.33683  0.16909  0.05713 -0.04611 -0.11787  0.04575  0.11320  0.33591  0.24217  0.98934 
Phase 2 Subphase 4 Iteration 300 Progress: 21%
theta  3.75e+00  3.56e+00  9.13e-01  1.16e+01 -2.00e+00  0.00e+00  3.36e-04  1.38e+00 -1.56e-02 -6.05e-01 -1.88e-01 -7.31e-02  7.11e-04  2.08e+00 -7.55e-02 -1.16e+00  7.12e-03 -1.16e+00  3.35e+00  1.26e+01  7.90e-01  5.83e-01  6.25e-01  8.17e-01  0.00e+00 -1.25e-03 -1.80e+00  2.33e-03 -7.56e-01 -1.48e-01  1.67e-01 -2.68e-03 -3.26e+00  2.06e-01  3.15e+00  1.03e+02 
ac -0.0663 -0.0730  0.0556 -0.0560 -0.0125  1.0005 -0.0852  0.0926 -0.1202 -0.2657 -0.1837 -0.0492 -0.1749 -0.0885 -0.0260  0.0294 -0.0571 -0.0900  0.0368  0.4423  0.1535  0.3534 -0.1355  0.9548  0.9984  0.0788  0.3009  0.0826 -0.0955 -0.0269 -0.0830 -0.0146  0.0514  0.2658  0.1380  0.9886 
theta  3.76e+00  3.57e+00  9.09e-01  1.15e+01 -2.00e+00  0.00e+00  3.47e-04  1.42e+00 -1.54e-02 -6.08e-01 -1.88e-01 -7.21e-02  7.38e-04  2.08e+00 -7.62e-02 -1.16e+00  7.09e-03 -1.16e+00  3.35e+00  1.25e+01  7.97e-01  5.83e-01  6.23e-01  8.18e-01  0.00e+00 -1.26e-03 -1.82e+00  2.22e-03 -7.65e-01 -1.48e-01  1.67e-01 -2.63e-03 -3.26e+00  2.06e-01  3.17e+00  1.02e+02 
ac -0.118292 -0.050718  0.017365 -0.038164 -0.000423  1.000177 -0.109053  0.057549 -0.138261 -0.254235 -0.125570 -0.022890 -0.160777 -0.087825 -0.045080 -0.038662 -0.052006 -0.041088  0.050522  0.436971  0.145467  0.285894 -0.116208  0.959360  0.998304  0.084816  0.291778  0.045005 -0.110722  0.033039 -0.055794 -0.089695 -0.013110  0.251856  0.141476  0.989356 
theta:  3.76e+00  3.57e+00  9.09e-01  1.15e+01 -2.00e+00  0.00e+00  3.47e-04  1.42e+00 -1.54e-02 -6.08e-01 -1.88e-01 -7.21e-02  7.38e-04  2.08e+00 -7.62e-02 -1.16e+00  7.09e-03 -1.16e+00  3.35e+00  1.25e+01  7.97e-01  5.83e-01  6.23e-01  8.18e-01  0.00e+00 -1.26e-03 -1.82e+00  2.22e-03 -7.65e-01 -1.48e-01  1.67e-01 -2.63e-03 -3.26e+00  2.06e-01  3.17e+00  1.02e+02 

Start phase 3 
Phase 3 Iteration 1 Progress 21%
Estimates, standard errors and convergence t-ratios

                                         Estimate   Standard   Convergence 
                                                      Error      t-ratio   
   1. rate constant mnet rate (period 1)   3.7556 (  0.2318  )   -0.0251   
   2. rate constant mnet rate (period 2)   3.5746 (  0.2125  )   -0.0195   
   3. rate constant mnet rate (period 3)   0.9089 (  0.0994  )   -0.0026   
   4. rate constant mnet rate (period 4)  11.5232 (  0.5820  )    0.0240   
   5. eval mnet: degree (density)         -1.9976 (  0.2018  )   -0.0172   
   6. eval mnet: betweenness               0.0000 (      NA  )   45.6225   
   7. eval mnet: ranking ego and alt       0.0003 (  0.0003  )   -0.0089   
   8. eval mnet: ranking similarity        1.4199 (  0.6752  )    0.0076   
   9. eval mnet: soloshow ego and alt     -0.0154 (  0.0067  )   -0.0070   
  10. eval mnet: soloshow similarity      -0.6082 (  0.1984  )   -0.0138   
  11. eval mnet: award ego and alt        -0.1876 (  0.0392  )   -0.0092   
  12. eval mnet: award similarity         -0.0721 (  0.1018  )    0.0205   
  13. eval mnet: meanprice ego and alt     0.0007 (  0.0004  )   -0.0099   
  14. eval mnet: meanprice similarity      2.0793 (  0.9868  )    0.0133   
  15. eval mnet: festbiennal ego and alt  -0.0762 (  0.0232  )    0.0338   
  16. eval mnet: festbiennal similarity   -1.1564 (  0.3708  )   -0.0269   
  17. eval mnet: groupshow ego and alt     0.0071 (  0.0014  )    0.0649   
  18. eval mnet: groupshow similarity     -1.1640 (  0.1836  )    0.0459   
  19. eval mnet: pnet                      3.3492 (  0.2093  )   -0.0211   
  20. rate constant pnet rate (period 1)  12.5491 (  0.4737  )    0.1623   
  21. rate constant pnet rate (period 2)   0.7970 (  0.0935  )    0.1051   
  22. rate constant pnet rate (period 3)   0.5833 (  0.0818  )    0.0659   
  23. rate constant pnet rate (period 4)   0.6232 (  0.0839  )    0.0325   
  24. eval pnet: degree (density)          0.8180 (  0.0743  )   -0.9450   
  25. eval pnet: betweenness               0.0000 (      NA  )   28.1025   
  26. eval pnet: ranking ego and alt      -0.0013 (  0.0005  )   -0.0974   
  27. eval pnet: ranking similarity       -1.8200 (  1.0022  )    0.1560   
  28. eval pnet: soloshow ego and alt      0.0022 (  0.0130  )   -0.0058   
  29. eval pnet: soloshow similarity      -0.7649 (  0.3875  )    0.0077   
  30. eval pnet: award ego and alt        -0.1485 (  0.0702  )   -0.0625   
  31. eval pnet: award similarity          0.1668 (  0.1692  )    0.0531   
  32. eval pnet: meanprice ego and alt    -0.0026 (  0.0009  )   -0.0971   
  33. eval pnet: meanprice similarity     -3.2573 (  1.9265  )    0.0913   
  34. eval pnet: festbiennal ego and alt   0.2063 (  0.0487  )    0.1291   
  35. eval pnet: festbiennal similarity    3.1743 (  0.7325  )   -0.1021   
  36. eval pnet: mnet                    102.0895 ( 22.1874  )   -2.1917   

Overall maximum convergence ratio:    3.1902 


Total of 2976 iteration steps.

Covariance matrix of estimates (correlations below diagonal)

       0.054        0.001        0.001       -0.001       -0.001           NA        0.000       -0.003        0.000       -0.001        0.000       -0.001        0.000        0.000        0.000        0.004        0.000       -0.001        0.000        0.005        0.002        0.000        0.000       -0.001           NA        0.000        0.019        0.000        0.001        0.000        0.000        0.000        0.021        0.000        0.002       -0.923
       0.019        0.045        0.000        0.002       -0.001           NA        0.000       -0.002        0.000        0.000        0.000        0.000        0.000        0.010        0.000       -0.002        0.000        0.002        0.000       -0.004        0.001        0.000        0.001        0.000           NA        0.000        0.002        0.000       -0.002        0.001        0.002        0.000       -0.012        0.001        0.007       -0.321
       0.060       -0.022        0.010        0.002       -0.001           NA        0.000       -0.001        0.000        0.000        0.000        0.000        0.000        0.005        0.000        0.000        0.000        0.001        0.002        0.002        0.000        0.000        0.000        0.000           NA        0.000        0.002        0.000       -0.001        0.000        0.000        0.000        0.006        0.000        0.001        0.018
      -0.010        0.015        0.042        0.339        0.001           NA        0.000       -0.028        0.000        0.003        0.002       -0.001        0.000        0.007        0.001        0.011        0.000        0.008       -0.008       -0.002        0.000        0.001       -0.002        0.003           NA        0.000        0.015        0.000       -0.009       -0.002       -0.006        0.000       -0.004       -0.001       -0.007       -0.806
      -0.012       -0.013       -0.073        0.010        0.041           NA        0.000       -0.014        0.000        0.003        0.000        0.001        0.000       -0.007        0.000       -0.006        0.000        0.003       -0.042       -0.014       -0.001        0.001        0.000        0.002           NA        0.000       -0.008        0.000       -0.003        0.000        0.000        0.000       -0.001        0.001        0.012        1.042
          NA           NA           NA           NA           NA           NA           NA           NA           NA           NA           NA           NA           NA           NA           NA           NA           NA           NA           NA           NA           NA           NA           NA           NA           NA           NA           NA           NA           NA           NA           NA           NA           NA           NA           NA           NA
      -0.023       -0.036       -0.022       -0.067       -0.088           NA        0.000        0.000        0.000        0.000        0.000        0.000        0.000        0.000        0.000        0.000        0.000        0.000        0.000        0.000        0.000        0.000        0.000        0.000           NA        0.000        0.000        0.000        0.000        0.000        0.000        0.000        0.000        0.000        0.000        0.000
      -0.021       -0.014       -0.015       -0.070       -0.102           NA        0.828        0.456        0.000       -0.018        0.000        0.007        0.000       -0.006        0.001        0.015        0.000       -0.029        0.014        0.009       -0.001        0.001        0.000        0.001           NA        0.000       -0.044        0.000        0.019        0.001        0.002        0.000       -0.083       -0.002       -0.011        0.370
      -0.006       -0.014       -0.001        0.012        0.148           NA       -0.032       -0.075        0.000        0.000        0.000        0.000        0.000        0.000        0.000        0.000        0.000        0.000        0.000        0.000        0.000        0.000        0.000        0.000           NA        0.000        0.000        0.000        0.000        0.000        0.000        0.000        0.000        0.000        0.000       -0.003
      -0.018        0.010       -0.020        0.025        0.084           NA       -0.134       -0.137        0.348        0.039        0.000        0.000        0.000        0.001        0.000       -0.006        0.000       -0.001       -0.004       -0.002        0.000       -0.001       -0.001        0.001           NA        0.000       -0.010        0.000       -0.005        0.000        0.000        0.000       -0.008        0.001        0.012       -0.047
      -0.044        0.017       -0.025        0.068       -0.011           NA        0.002        0.008        0.021        0.010        0.002        0.002        0.000        0.000        0.000       -0.001        0.000        0.002        0.000       -0.001        0.000        0.000        0.000        0.000           NA        0.000       -0.001        0.000       -0.001        0.000        0.000        0.000       -0.002        0.000        0.002        0.003
      -0.044       -0.014        0.010       -0.018        0.032           NA        0.102        0.095        0.008        0.015        0.496        0.010        0.000        0.002        0.000        0.001        0.000        0.000       -0.001       -0.001        0.000        0.000        0.000        0.000           NA        0.000       -0.003        0.000       -0.002        0.000       -0.001        0.000       -0.010        0.000        0.004        0.044
      -0.019        0.025        0.047        0.030       -0.077           NA        0.015        0.000       -0.044       -0.011        0.004        0.025        0.000        0.000        0.000        0.000        0.000        0.000        0.000        0.000        0.000        0.000        0.000        0.000           NA        0.000        0.000        0.000        0.000        0.000        0.000        0.000        0.000        0.000        0.000        0.000
       0.000        0.046        0.055        0.012       -0.033           NA       -0.004       -0.009       -0.020        0.004        0.008        0.015        0.906        0.974        0.001        0.019        0.000       -0.002        0.009        0.015        0.001        0.001        0.003        0.002           NA        0.000        0.010        0.000       -0.016        0.003       -0.003        0.000       -0.169       -0.001       -0.026        0.406
       0.028       -0.003       -0.005        0.082        0.016           NA        0.037        0.078       -0.064       -0.051       -0.093        0.010        0.058        0.055        0.001        0.007        0.000        0.000        0.000        0.000        0.000        0.000        0.000        0.000           NA        0.000        0.001        0.000        0.000        0.000        0.000        0.000        0.000        0.000       -0.001       -0.006
       0.050       -0.022       -0.005        0.053       -0.083           NA        0.023        0.058        0.016       -0.079       -0.038        0.018        0.046        0.053        0.824        0.137        0.000       -0.001        0.005        0.006        0.000        0.001        0.001        0.002           NA        0.000        0.012        0.000        0.000        0.000       -0.001        0.000       -0.001       -0.001       -0.019       -0.140
      -0.021       -0.009       -0.017        0.003       -0.122           NA        0.218        0.164       -0.207       -0.025       -0.075        0.102       -0.112       -0.080       -0.043        0.034        0.000        0.000        0.000        0.000        0.000        0.000        0.000        0.000           NA        0.000        0.000        0.000        0.000        0.000        0.000        0.000        0.000        0.000        0.000        0.001
      -0.024        0.048        0.045        0.078        0.073           NA       -0.281       -0.231       -0.027       -0.035        0.243       -0.020        0.029       -0.012       -0.020       -0.009       -0.133        0.034       -0.004       -0.006        0.000        0.000        0.000        0.000           NA        0.000       -0.001        0.000       -0.001        0.000       -0.001        0.000        0.015        0.000        0.000       -0.084
       0.005        0.000        0.073       -0.065       -0.986           NA        0.092        0.097       -0.148       -0.091       -0.004       -0.033        0.090        0.042       -0.019        0.066        0.119       -0.100        0.044        0.014        0.000       -0.001        0.000       -0.002           NA        0.000        0.011        0.000        0.005        0.000       -0.001        0.000        0.001       -0.001       -0.012       -0.984
       0.044       -0.035        0.043       -0.007       -0.142           NA        0.042        0.029       -0.064       -0.026       -0.074       -0.011        0.060        0.032       -0.015        0.035        0.018       -0.074        0.139        0.224        0.002        0.002        0.004       -0.010           NA        0.000        0.004        0.000        0.016        0.004        0.008        0.000       -0.024       -0.004       -0.055        4.794
       0.113        0.047        0.031       -0.005       -0.027           NA        0.024       -0.008       -0.059        0.013        0.031        0.011        0.010        0.012       -0.033        0.008       -0.004       -0.003        0.025        0.044        0.009        0.000       -0.001        0.000           NA        0.000       -0.001        0.000        0.000        0.000        0.001        0.000        0.005        0.000        0.000        0.277
       0.023       -0.026        0.045        0.031        0.046           NA        0.015        0.020        0.024       -0.034       -0.023       -0.025        0.015        0.017        0.053        0.023       -0.053        0.008       -0.050        0.048        0.064        0.007        0.000        0.000           NA        0.000       -0.001        0.000       -0.001        0.000        0.000        0.000       -0.006        0.000        0.000        0.230
       0.023        0.055        0.032       -0.032        0.021           NA       -0.019       -0.007        0.058       -0.053       -0.032       -0.015        0.024        0.032        0.051        0.036       -0.072       -0.031       -0.015        0.106       -0.070        0.040        0.007        0.000           NA        0.000       -0.004        0.000        0.001        0.000        0.001        0.000       -0.002        0.000       -0.002        0.066
      -0.058        0.002       -0.005        0.073        0.120           NA        0.001        0.013        0.089        0.071        0.086        0.054       -0.020        0.025        0.047        0.064        0.046       -0.011       -0.135       -0.284       -0.014        0.007       -0.028        0.006           NA        0.000       -0.027        0.000       -0.007       -0.001        0.000        0.000       -0.010        0.001        0.010        0.416
          NA           NA           NA           NA           NA           NA           NA           NA           NA           NA           NA           NA           NA           NA           NA           NA           NA           NA           NA           NA           NA           NA           NA           NA           NA           NA           NA           NA           NA           NA           NA           NA           NA           NA           NA           NA
       0.069       -0.003        0.028        0.018       -0.056           NA       -0.009       -0.041       -0.085       -0.079       -0.012       -0.013        0.042       -0.010        0.057        0.036       -0.029       -0.014        0.069        0.032       -0.017       -0.002       -0.023       -0.472           NA        0.000        0.000        0.000        0.000        0.000        0.000        0.000        0.000        0.000        0.000       -0.002
       0.081        0.008        0.024        0.026       -0.041           NA       -0.050       -0.065       -0.063       -0.052       -0.034       -0.030        0.052        0.010        0.044        0.033       -0.017       -0.003        0.053        0.009       -0.011       -0.007       -0.045       -0.368           NA        0.882        1.004        0.001       -0.026        0.003       -0.003        0.000        0.201       -0.001       -0.034       -4.032
       0.072        0.091        0.004        0.006       -0.020           NA        0.003        0.035       -0.038        0.002       -0.010       -0.063       -0.009       -0.006        0.024       -0.011       -0.032       -0.019        0.028       -0.044       -0.001        0.017        0.074       -0.038           NA        0.107        0.090        0.000        0.001        0.000        0.000        0.000       -0.005        0.000        0.001       -0.019
       0.010       -0.020       -0.015       -0.040       -0.036           NA        0.038        0.073       -0.060       -0.067       -0.044       -0.040       -0.007       -0.043        0.013        0.001       -0.042       -0.016        0.057        0.089       -0.007       -0.022        0.039       -0.236           NA       -0.042       -0.068        0.223        0.150       -0.002       -0.003        0.000        0.065       -0.002       -0.027       -0.425
      -0.022        0.040       -0.008       -0.051       -0.004           NA        0.021        0.015       -0.065        0.007       -0.065        0.005        0.022        0.048        0.008       -0.018        0.032       -0.031        0.003        0.119        0.044       -0.009        0.004       -0.189           NA        0.078        0.045       -0.051       -0.088        0.005        0.005        0.000       -0.015       -0.001       -0.010        0.004
       0.004        0.056       -0.026       -0.062        0.013           NA        0.011        0.018       -0.004        0.014       -0.072       -0.029       -0.033       -0.019       -0.025       -0.023        0.006       -0.032       -0.015        0.097        0.041        0.023        0.040        0.009           NA       -0.008       -0.018        0.018       -0.047        0.416        0.029        0.000       -0.001        0.000       -0.003       -0.180
       0.059       -0.036        0.031       -0.013       -0.010           NA       -0.028       -0.057       -0.042       -0.023       -0.020       -0.055       -0.061       -0.103        0.001        0.000       -0.022        0.036        0.013       -0.008        0.022       -0.028       -0.015       -0.110           NA        0.191        0.136       -0.191        0.107       -0.123       -0.010        0.000        0.002        0.000        0.000        0.000
       0.047       -0.030        0.030       -0.003       -0.001           NA       -0.035       -0.064       -0.030       -0.020       -0.021       -0.050       -0.054       -0.089        0.000       -0.002       -0.024        0.042        0.001       -0.026        0.029       -0.040       -0.010       -0.070           NA        0.153        0.104       -0.192        0.087       -0.109       -0.002        0.980        3.711        0.004        0.054        1.282
       0.010        0.074        0.031       -0.021        0.103           NA       -0.052       -0.061        0.069        0.086        0.092        0.073       -0.033       -0.019       -0.075       -0.064       -0.014        0.022       -0.104       -0.152        0.011       -0.020       -0.043        0.249           NA       -0.064       -0.021        0.045       -0.132       -0.213       -0.039        0.029        0.040        0.002        0.031        0.048
       0.012        0.045        0.010       -0.017        0.079           NA       -0.028       -0.023        0.039        0.082        0.067        0.052       -0.047       -0.036       -0.065       -0.070       -0.014       -0.004       -0.078       -0.158        0.003       -0.002       -0.033        0.184           NA       -0.080       -0.046        0.119       -0.095       -0.192       -0.023        0.025        0.038        0.872        0.537        0.505
      -0.179       -0.068        0.008       -0.062        0.233           NA        0.045        0.025       -0.021       -0.011        0.003        0.019       -0.008        0.019       -0.012       -0.017        0.024       -0.021       -0.212        0.456        0.134        0.127        0.036        0.253           NA       -0.177       -0.181       -0.067       -0.049        0.003       -0.048        0.021        0.030        0.044        0.031      492.282

Derivative matrix of expected statistics X by parameters:

     146.515        0.000        0.000        0.000       12.685     7938.087      -45.300        1.922       39.160        0.697       -3.873        3.648     4525.126       -1.946      -39.932        1.077     -319.256        0.961       37.834      -13.549        0.000        0.000        0.000       -1.016      534.490     -175.817       -0.167      -23.336        0.409        6.150        0.127     3609.927       -1.679      -12.339        0.357        0.000
       0.000      160.176        0.000        0.000       41.687     7857.704     2072.072       -0.490      -28.213       -3.391      -10.499        4.890    -4491.377        1.055      -50.930        2.916     -165.144       -0.438       84.837        0.000       -3.334        0.000        0.000       -1.015       96.652      111.616        0.032      -22.981        0.313       -4.274        1.345      278.965       -0.163       -2.826        0.170        0.000
       0.000        0.000      186.203        0.000       38.102    13201.216     3484.584       -0.417     -185.629        1.578      -14.516        3.970    -5932.376        2.435      -44.117        1.614     -389.840       -3.124       69.893        0.000        0.000       -4.102        0.000       -3.239      -42.090     -539.696        0.130       26.612        0.005       -3.281        2.613     -676.617        0.387       17.203       -0.928        0.000
       0.000        0.000        0.000       75.519       24.172      683.929     1722.291       -0.036      -48.780        0.949       -8.802        3.242    -4083.414        1.348      -46.150        2.232     -318.499        0.008       46.884        0.000        0.000        0.000        0.631       -0.899       42.275       20.648        0.013       -0.480        0.231       -1.547        0.460      -29.174        0.011       -0.681       -0.013        0.000
      27.929       45.413       11.681      138.374     1051.107   -33138.480    28873.650        0.053     -863.981       17.923       38.213       16.189   -57583.402       18.557     -692.838       51.887    -4612.683       52.465     1885.421       53.017        0.877       -3.590      -11.134       74.004    -8051.768     1058.803        0.473       24.277       -2.367       23.667       -8.228    11489.846       -3.789     -100.855        5.694        0.000
    4366.012     4349.149      908.195    15427.482    31390.246   219056.383  1390279.583     -229.155   -21343.870      670.920    -1650.101     1518.145 -1892594.926      649.775   -22183.652     1650.515  -214233.413     1536.860    56068.640     1896.924      203.229     -171.154      176.121     2547.801  -199121.624    77579.094      -16.940    -4586.600      -51.382      983.648     -429.700   249351.021      -44.604    -2863.539      212.313        0.000
    2609.042      821.532      415.837    21580.097    10556.907  1093780.385 56250885.266   -23445.421  -220515.614     4010.466   -12743.818     1976.361 -5972011.842     2103.603   -38667.291     3606.686 -1386355.652     9551.748    17286.520     4405.894      483.398     -473.726     1487.739     2902.651   153781.871  7131661.735    -3304.965   -33644.343      423.210    -2040.691      -33.008 -2417482.616      785.538     1280.684      492.181        0.000
       1.381       -0.385       -0.335       -3.695       -0.038     -471.824   -23656.643       14.756       71.849        0.546        2.654       -1.042      816.283       -0.152       -3.494       -0.711      258.718        0.809       -1.126       -3.302       -0.281        0.105       -0.547       -1.913     -119.294    -3405.807        1.905       17.233       -0.145        0.293        0.334     1054.032       -0.352       -3.537       -0.099        0.000
     149.756     -178.875      -23.021     -347.667     -518.104    16058.906  -219925.156       72.144    50395.896     -557.827      308.383      -86.326   151397.735      -34.378     4895.107     -318.553    63910.540       10.717     -686.293       35.266       52.371      -10.287      -60.311      -66.148     4530.737     6282.539       -6.810     2765.640       -4.867      109.874       12.727    17675.612       -5.070       91.965      -12.737        0.000
       0.891        2.897        0.518       10.467       11.070     -179.178     4005.212        0.679     -573.880       53.248      -14.194        3.602    -1290.151        0.188      -52.984        4.517     -680.744        3.813       19.685        5.472       -2.758       -0.031        1.247        2.545     -150.034     1213.685       -0.259      -29.524        3.108       -1.015        0.734    -1453.527        0.612       -4.593        0.127        0.000
       5.483      -16.044        2.820      -38.445       19.723      261.989   -15196.336        2.526      366.292      -15.607     1793.952     -360.967    31739.796      -11.902      555.538      -16.617     5026.153      -94.774        6.899       28.848        3.743       -2.838        5.213       10.648      -62.185      220.105       -1.318      -62.770        1.797      144.811      -18.642     4022.688       -1.220       -2.380        1.544        0.000
       7.417       14.655       -0.624       15.229       15.473      403.979     3151.225       -0.669      -36.926        2.172     -370.213      236.816    -9438.139        3.334     -137.789        5.204    -1900.973       19.833       35.832      -21.979       -1.492        0.465       -1.083       -6.456      194.386    -2270.198        1.404       84.579       -1.317      -25.811       15.278      975.827       -0.328      -12.547       -0.017        0.000
    6666.718      659.040     -468.870   -15387.508   -26228.727  1990984.368 -6264712.542      666.515   108801.860     -638.013    33502.768    -8509.292 86036925.828   -32203.531    15908.501    -1759.888  1482092.886    -9127.441   -51947.742    -6988.121    -2756.433     1870.048      607.345    -2591.536   637171.489  -724306.526     -245.939    37841.504     -468.796    13379.968    -2279.836 26402940.008    -9766.249    -1801.303       63.966        0.000
      -3.471       -0.584        0.444        4.761        8.014     -723.653     2191.181       -0.095      -20.158       -0.051      -12.124        2.751   -31946.688       13.867      -11.297        0.646     -363.811        3.260       14.611        0.837        1.367       -0.790       -0.789        0.879     -302.128     -216.839        0.265       -6.810        0.074       -5.100        0.729    -9059.144        3.999       -2.007        0.040        0.000
       4.617      -92.715       -7.360     -275.059     -263.970     -245.097   -51542.422       -0.449     4483.750      -34.638      583.082     -117.491    -3313.491       -1.600    11815.552     -620.252    16118.864      -48.741     -402.565       25.856       37.507      -10.961      -33.018      -25.517     2876.594    -5485.173       -0.213      442.334        0.917       -9.475       30.347    -5232.123       -0.477      927.448      -59.620        0.000
      -2.174        5.983        0.272       10.645       21.407     -263.450     3752.983       -0.578     -283.457        3.150      -14.650        3.043    -1096.199        0.250     -616.283       45.671     -917.459        2.079       34.890       -3.553       -1.669        0.839        0.675       -1.843     -120.335       92.503       -0.056      -15.885       -0.333       -0.882       -0.954      637.072       -0.147      -52.639        4.126        0.000
    -258.003     -553.557      -10.670    -1372.810    -1532.944   -49147.698 -1409077.307      270.467    63066.931     -810.415     4886.358    -1963.673  1418918.788     -365.287    16878.581     -984.939  1036252.700      117.716    -2787.251      769.658      226.243       20.440      128.920      113.353    22206.555  -291707.484       85.680     4880.696      -59.876      730.428     -284.744   180665.611       -7.362     -168.016       20.188        0.000
       1.849       -5.984       -1.671        4.365       24.657    -1440.684     9431.451        1.071       -2.380        4.798      -85.668       17.306    -6867.369        2.539      -44.045        2.486      250.318       67.891       48.788        6.023       -1.955       -0.602       -2.396        3.603     -611.443     2378.596       -0.642      -19.586        0.310       -4.761        1.596     1793.849       -0.880      -20.584        1.384        0.000
      32.960       47.237        9.007      132.472      977.381   -33485.174    29834.508       -1.482     -646.442       16.996       16.381       21.019   -61161.042       19.048     -588.193       44.011    -4674.661       54.055     1869.792       20.285        0.233       -2.890      -11.339       54.779    -5597.299     2150.841       -0.675       51.222       -3.091       22.571       -4.422     5183.959       -1.073      -70.242        4.641        0.000
      -6.092        0.000        0.000        0.000       10.940     -370.457     -469.739        0.205       -8.791        0.698        1.492       -1.848    -2748.039        1.048       -3.230       -0.048       31.833        0.515        2.491      107.249        0.000        0.000        0.000       41.842    -1730.496     3452.107       -0.801      -48.913        1.530       -2.326        1.187    -7466.235        2.935      -15.852        1.604        0.000
       0.000       -3.702        0.000        0.000        4.977      265.279      296.452       -0.238       91.953       -3.020        9.861       -3.537    -3389.231        2.045       48.717       -2.795      182.695       -4.448       -9.582        0.000      177.079        0.000        0.000       36.308     9257.886     3991.662       -1.145     -115.283       -3.172       -8.860        0.462    -4467.442        3.016      -26.418        0.300        0.000
       0.000        0.000      -10.672        0.000       -1.676     -701.566    -1230.025        0.271      -22.180       -0.259       -5.940        0.581     2516.506       -1.044      -12.110        0.679      -26.492       -1.045      -10.091        0.000        0.000      175.560        0.000       36.785    11743.373     2215.372       -0.331       95.960        2.945        8.058       -1.063    -8703.511        3.864      -27.836        1.030        0.000
       0.000        0.000        0.000       57.084       25.179     4469.855     2158.716       -0.252     -234.027        1.955       21.368       -0.890    -1291.383        0.351      -76.337        3.348       34.110       -1.924      -12.181        0.000        0.000        0.000      181.898       41.919    12251.510     2875.725        0.011     -255.981        1.268       17.771       -0.280     -955.697        1.149      -76.975        4.911        0.000
     -10.007        6.188       -1.075       -9.730       43.880      135.857     5851.249       -2.698     -130.404        1.925      -19.133       -3.751     4743.956       -2.456       23.771       -4.625     -310.235        9.338       47.272      136.552        5.203        4.969        5.165      373.863   -12452.166    42965.228       -6.505     -192.569       19.591       57.112       -5.803     8794.205       -3.473     -269.458       11.317        0.000
   -1326.679      398.941       20.992      -64.854     1512.865     2374.556   390170.947     -166.764    -8419.954      195.814     -962.925     -271.111    72768.443      -61.408      299.031     -157.033   -15750.495      487.688     1293.905    10673.616      751.746      766.621      818.159    13196.238   186446.326  1828707.536     -238.293    -4349.687      806.794     3535.617     -482.130   402162.316     -187.041    -7315.952      307.281        0.000
    2845.959      259.177     -369.922       52.403      741.335    82665.556  4279337.962    -1532.150    44542.656      948.480    -5942.734     -471.929 -2541957.482      767.026   -13920.836      326.714  -265257.802     2658.872      630.570    15621.821     1058.969      550.173      292.052    22347.156  -640920.547 34100868.411   -14582.824   -74336.239     2894.137    -9046.760     1378.255 -7106645.802     2479.966   -14493.060     1524.073        0.000
      -2.268        0.090        0.066        0.242       -1.284      -43.210    -2227.850        1.166      -25.257       -0.107        3.504        0.273      471.768       -0.129        6.053       -0.219      106.080       -0.768       -2.689       -1.853       -0.402       -0.054        0.012       -3.271      251.156   -15266.519        9.080       14.186       -0.549        3.462       -0.452     1387.060       -0.393        1.078       -0.354        0.000
    -262.674     -113.066       11.076      -14.306      -86.916   -19773.023   -21277.371        7.226     3041.374      -42.602       -7.768       52.556    15968.563        0.718      167.181      -12.777     6748.418      -27.796     -163.398      207.901      -10.072        0.375      -43.629     -125.119    11659.010   -62708.055        6.708    14719.095     -146.576      183.931      -11.091   111342.185      -28.494      859.087      -75.448        0.000
      -1.648        2.645        0.243        1.703       -4.282      182.980     1034.452       -0.575       -1.943        2.563        2.146       -0.910    -2046.196        0.838        3.999       -0.078       52.061       -0.138       -6.409       -3.280       -0.508        0.508        0.635        7.895      -79.259     2062.876        0.044     -140.943       15.104        4.733        0.744    -2663.593        0.754       -0.533        1.038        0.000
      12.085       -6.358       -3.512      -13.824        7.085     -397.033    -5348.226        1.431      305.773       -1.948      108.674      -19.737     9568.832       -3.464       -5.892       -0.823      336.417       -4.165       19.831       23.323        0.562        0.886        4.819       40.712      378.450    -1441.038       -1.574      239.278        6.675      568.154      -95.496    28585.173       -9.796      122.427       -0.575        0.000
      -2.779        1.254        2.412        0.176        0.674      325.068     1605.114        0.044      -65.877        0.293       -3.160       10.654     2092.916       -0.858        3.325        0.527     -258.983        1.753       -0.871      -27.254       -0.126       -1.057       -0.633      -15.141      399.375      507.932        0.352      -61.030       -0.302      -93.941       79.189    -1292.468       -0.091      -21.438        0.182        0.000
  -15690.883      228.630     -821.251     2395.463     1904.088  -793890.210 -1552843.515      236.897    30544.885    -1462.513     -809.264    -1487.053  4842809.562    -1689.314     3506.896     -210.404    88740.938      222.697     1088.329     2563.116       20.648     -449.375      -67.342     5957.687  1215392.703 -6174063.318     1412.719    33820.967    -1573.461    20617.094    -5768.300 74670705.533   -31388.364   -11120.652      308.422        0.000
       6.210       -0.033        0.341       -1.172        0.333      277.024      231.012        0.151       -3.760        0.645        0.652        0.825    -2019.523        0.898       -0.982       -0.001        9.505       -0.205        0.910       -1.225        0.054        0.181        0.095       -2.002     -659.614     2266.292       -0.560        2.495        0.448       -7.227        2.107   -31418.318       13.979        5.119       -0.338        0.000
     -17.843      -11.377        6.873        3.084      -98.398    -1714.329   -11745.888       11.526      191.655       -3.530       29.452      -26.515     5686.165       -2.878      740.182      -35.809      956.558      -10.484     -127.567      -40.221        4.118       -9.268       -7.975     -185.615     6732.194   -13532.374       -2.419      861.408       -6.029      102.273      -11.067     3858.310       -3.762     3863.508     -211.829        0.000
       0.139        0.695       -0.370        0.304        5.097       65.863      784.182       -0.611      -23.769       -0.174       -2.932        1.043     -358.373        0.146      -45.538        3.081      -30.322        1.023        5.689        9.518       -0.409        0.565        0.527       10.176     -319.239     1434.278       -0.131      -80.110        0.757        1.475       -0.118      138.205       -0.049     -218.007       16.164        0.000
       0.000        0.000        0.000        0.000        0.000        0.000        0.000        0.000        0.000        0.000        0.000        0.000        0.000        0.000        0.000        0.000        0.000        0.000        0.000        0.000        0.000        0.000        0.000        0.000        0.000        0.000        0.000        0.000        0.000        0.000        0.000        0.000        0.000        0.000        0.000        1.000

Covariance matrix of X (correlations below diagonal):

     1131.972         9.545        32.488       -27.585        63.470     64590.696      2905.581        15.642       571.789        -1.916       -62.669        33.799     25111.257       -12.131      -369.302        14.430     -3789.430         0.531       253.669      -170.911        62.205         5.622         5.538       -47.844     12645.778     -1833.830         0.561      -245.101        -5.001        43.332        -1.272     18021.350        -7.607      -106.227         2.292      -162.586
        0.008      1140.480       -12.184        -7.248       247.795     56085.892      4498.264         1.361      -436.379       -20.846       -74.437        49.925    -42401.674        13.658      -312.422        16.441     -1384.284        -4.579       541.569       -55.241        -1.390       -16.738        25.513       -39.824      6405.423     -7523.211         3.863       135.418        -0.550        -6.409        28.701     -2590.115         1.238       215.261        -8.206       -48.690
        0.052        -0.020       341.107        31.028        87.103     24348.247      6655.589        -0.236      -291.101         1.416       -84.793        23.095    -19865.947        10.071      -114.837         2.393     -1146.431         3.038       177.323        29.342         9.665        -8.331         7.936         8.241       783.464      1291.509        -0.168        92.182        -1.092        -9.046         4.562     -4257.605         3.472       112.163        -5.431         4.154
       -0.019        -0.005         0.040      1799.359       294.054     34205.222     69622.877       -16.088     -1257.679        33.128       -91.254        43.401    -81354.053        27.072      -824.206        38.095     -6025.708        -2.801       527.694        71.546        -1.554        18.634        68.014        52.431      8967.764     16684.148        -1.327       -59.917         9.272      -103.261        -4.220    -25549.422        10.123      -139.310         4.280       -40.212
        0.056         0.219         0.141         0.207      1125.219     -3899.770     67507.031       -16.877     -1399.407        15.399        -4.616        57.876    -99031.934        36.359      -545.524        42.411     -7874.318        43.316      1878.910       222.701        21.733        -5.895        49.829       190.154     -8350.821     17497.931        -3.278      -199.601        10.245        23.696        -0.091     15305.475        -3.397      -220.488        12.837       174.933
        0.552         0.478         0.379         0.232        -0.033  12076158.794   1393638.205       275.070     -1455.268     -1464.494    -12308.652      4822.638   -129419.694       -97.883    -37148.867      1125.357   -284015.221     -1875.524     -6128.614     -6366.177      4290.816       554.430      7357.896     -1714.719   1866650.128   -299831.224       324.440     -2147.137      -448.619     -1886.659      2324.362   -838844.495       371.600     10866.790      -835.087    -13286.554
        0.008         0.013         0.034         0.154         0.189         0.038 112990017.571    -48933.457   -471491.906      5644.336    -29313.978     10071.406 -16751718.242      6121.582   -155215.296     10469.080  -3158926.047     17873.026    126002.905     14646.636     12829.771     -2197.000      2425.303     15511.964    299052.755  28414121.001    -13677.588   -137712.608       984.972    -10680.229       949.240  -8779015.943      2999.651     -4780.375      1413.771      8105.766
        0.084         0.007        -0.002        -0.068        -0.090         0.014        -0.828        30.906       156.199         1.531         8.524        -0.694      1989.903        -0.322        25.411        -2.455       702.564         2.897       -33.784        -9.510        -4.847         1.470        -1.010        -7.451      -112.712    -12031.427         6.836        74.664         0.246         2.012         2.365      3893.569        -1.321        -6.562        -0.092        -3.700
        0.057        -0.044        -0.053        -0.100        -0.141        -0.001        -0.149         0.095     88142.608      -951.091       806.562       -99.379    318914.018       -75.560      7881.920      -512.890    120910.517       -62.286     -1838.462      -941.953      -161.163        64.063       -74.915      -620.871     23578.790    -11134.674       -29.570      9860.778       -75.765       290.048       -45.281    -24845.841        21.659      1554.211      -136.202      -517.359
       -0.006        -0.064         0.008         0.081         0.047        -0.043         0.055         0.028        -0.331        93.898       -40.617        10.100       -36.435        -0.431        -2.449         1.547     -1360.758         6.687        18.036        33.300        -2.878        -5.635        -5.809        12.600     -1281.428      1509.052        -0.350      -102.726         9.176         3.520         1.557      -236.243         0.170       -15.856         1.226         2.733
       -0.033        -0.039        -0.080        -0.038        -0.002        -0.062        -0.048         0.027         0.048        -0.073      3254.609      -685.191     77605.608       -28.901      1033.678       -21.668      6197.973      -151.076       -74.499        -8.387        38.204       -15.956        21.752        44.451      1062.188     17838.686        -8.260       149.270         1.342       422.808       -74.716     44174.773       -16.791       112.174        -3.715        26.454
        0.050         0.073         0.062         0.050         0.085         0.068         0.047        -0.006        -0.017         0.051        -0.592       410.963    -17998.093         6.332      -248.543         8.554     -2729.049        35.354       113.570       -48.403        -5.588        -3.159        -0.517       -18.426      -744.938     -2415.944         2.102        46.024        -3.084       -65.130        44.590    -12166.996         4.501       -19.830         1.336       -16.955
        0.053        -0.088        -0.076        -0.135        -0.208        -0.003        -0.111         0.025         0.076         0.000         0.096        -0.063 201627413.845    -76485.629     80562.543     -8811.653   3692765.777    -11123.509   -177908.388    -38338.972    -12312.601      5870.036     -5838.158    -13479.744   2214376.743  -3349134.497      1060.208     48523.856     -1753.608     25232.855     -3996.201  77844033.803    -29272.094     -1510.370      -509.455    -27819.056
       -0.063         0.071         0.096         0.112         0.190        -0.005         0.101        -0.010        -0.045        -0.008        -0.089         0.055        -0.945        32.518       -45.607         3.522     -1016.600         3.842        59.133        14.301         6.672        -2.189         1.773         7.159     -1125.178       -62.957         0.151        -3.919         0.456        -7.066         0.416    -29487.720        12.601        -2.927         0.011        12.801
       -0.075        -0.063        -0.042        -0.132        -0.111        -0.073        -0.100         0.031         0.181        -0.002         0.124        -0.084         0.039        -0.055     21522.893     -1125.257     25625.129      -133.903      -932.819      -551.956       -71.717        68.490       -93.446      -172.152     -6300.178    -22706.304         6.856      2466.725        -4.559       154.785       -11.111     46382.260       -24.588      2722.273      -180.953       -45.916
        0.047         0.054         0.014         0.099         0.139         0.036         0.109        -0.049        -0.191         0.018        -0.042         0.047        -0.068         0.068        -0.846        82.186     -1468.209         7.245        71.060        27.693         5.153        -2.004         4.184        12.314       311.316      2124.336        -0.428      -136.062         0.423       -14.034         1.807     -1915.133         0.861      -154.412        12.412         3.293
       -0.083        -0.030        -0.046        -0.105        -0.174        -0.061        -0.220         0.094         0.302        -0.104         0.081        -0.100         0.193        -0.132         0.129        -0.120   1819481.118       325.914    -12945.907       434.451      -407.426      -714.497      -709.261        -3.569   -233648.090  -1473132.203       529.638     18476.898      -355.146      2241.349     -1079.713    783439.002      -106.948      3255.190      -170.497       506.565
        0.001        -0.012         0.015        -0.006         0.116        -0.048         0.151         0.047        -0.019         0.062        -0.238         0.157        -0.070         0.061        -0.082         0.072         0.022       123.991        84.439       -15.320       -10.846        -2.017       -11.857        -8.260     -2332.584      4777.892        -1.593       -80.319        -0.206       -18.437         5.181      3907.206        -1.850       -22.760         1.826         3.250
        0.123         0.262         0.157         0.203         0.913        -0.029         0.193        -0.099        -0.101         0.030        -0.021         0.091        -0.204         0.169        -0.104         0.128        -0.157         0.124      3759.864       -12.375        18.539       -41.572         2.008        86.468     -8786.649     23801.714        -6.139       110.312        11.631        41.373        -4.638     29832.896        -7.585      -217.275        12.435        75.041
       -0.106        -0.034         0.033         0.035         0.139        -0.038         0.029        -0.036        -0.066         0.072        -0.003        -0.050        -0.057         0.052        -0.079         0.064         0.007        -0.029        -0.004      2282.034        19.383        36.437        74.243       806.436    -13121.127     83868.200       -21.928     -1029.124        31.714        42.793        16.378   -124195.612        46.167      -291.889        34.271       597.795
        0.112        -0.002         0.032        -0.002         0.039         0.075         0.073        -0.053        -0.033        -0.018         0.041        -0.017        -0.052         0.071        -0.030         0.034        -0.018        -0.059         0.018         0.025       273.377        15.631       -16.371        66.086     13576.063      7368.994        -3.036      -183.232        -6.247         6.808         4.324    -15341.411         9.132       -13.952        -1.095        53.981
        0.012        -0.035        -0.031         0.031        -0.012         0.011        -0.014         0.018         0.015        -0.041        -0.019        -0.011         0.029        -0.027         0.033        -0.015        -0.037        -0.013        -0.047         0.053         0.066       205.779         7.630        68.018     13530.231      5343.245        -1.020       113.356         2.469        -3.741         2.974     -3356.576         0.978      -111.367         5.360        39.890
        0.011         0.050         0.028         0.106         0.098         0.140         0.015        -0.012        -0.017        -0.040         0.025        -0.002        -0.027         0.021        -0.042         0.030        -0.035        -0.070         0.002         0.103        -0.065         0.035       229.756        76.957     14635.371      9132.204        -3.767      -250.122         4.593        17.378         8.222    -10883.643         5.324      -144.304         7.965        13.747
       -0.054        -0.045         0.017         0.047         0.214        -0.019         0.055        -0.051        -0.079         0.049         0.029        -0.034        -0.036         0.047        -0.044         0.051         0.000        -0.028         0.053         0.639         0.151         0.179         0.192       698.719    -17799.505     59463.018       -14.197      -738.425        21.948        36.324        12.218    -42001.994        18.712      -478.614        25.644       366.938
        0.140         0.071         0.016         0.079        -0.093         0.200         0.010        -0.008         0.030        -0.049         0.007        -0.014         0.058        -0.074        -0.016         0.013        -0.065        -0.078        -0.053        -0.102         0.306         0.352         0.360        -0.251   7189171.415    154943.104       119.988     19792.113      -431.943       589.688      2043.979   3622891.385     -1565.898      1652.454      -200.840    -30485.208
       -0.006        -0.027         0.008         0.047         0.062        -0.010         0.318        -0.258        -0.004         0.019         0.037        -0.014        -0.028        -0.001        -0.018         0.028        -0.130         0.051         0.046         0.209         0.053         0.044         0.072         0.268         0.007  70583726.256    -31496.470   -154805.564      5618.533     -8109.709      5801.233 -18052130.417      7011.027    -35498.349      3773.945     25054.867
        0.004         0.026        -0.002        -0.007        -0.022         0.021        -0.294         0.281        -0.023        -0.008        -0.033         0.024         0.017         0.006         0.011        -0.011         0.090        -0.033        -0.023        -0.105        -0.042        -0.016        -0.057        -0.123         0.010        -0.856        19.166        51.722        -1.701        -1.355        -1.166      5846.243        -2.199         9.919        -1.388       -11.624
       -0.041         0.023         0.028        -0.008        -0.033        -0.003        -0.073         0.075         0.187        -0.060         0.015         0.013         0.019        -0.004         0.094        -0.084         0.077        -0.041         0.010        -0.121        -0.062         0.044        -0.093        -0.157         0.041        -0.103         0.066     31704.305      -341.713       502.353       -62.086    211779.612       -68.083      2176.641      -167.810      -440.165
       -0.027        -0.003        -0.011         0.040         0.056        -0.024         0.017         0.008        -0.047         0.175         0.004        -0.028        -0.023         0.015        -0.006         0.009        -0.049        -0.003         0.035         0.122        -0.070         0.032         0.056         0.153        -0.030         0.123        -0.072        -0.354        29.381         3.916         1.151     -2538.566         0.707       -32.027         2.751         7.762
        0.038        -0.006        -0.014        -0.071         0.021        -0.016        -0.029         0.011         0.029         0.011         0.217        -0.094         0.052        -0.036         0.031        -0.045         0.049        -0.048         0.020         0.026         0.012        -0.008         0.034         0.040         0.006        -0.028        -0.009         0.083         0.021      1169.393      -198.043     52346.316       -18.291       275.418        -3.663        32.944
       -0.003         0.069         0.020        -0.008         0.000         0.054         0.007         0.035        -0.012         0.013        -0.107         0.179        -0.023         0.006        -0.006         0.016        -0.065         0.038        -0.006         0.028         0.021         0.017         0.044         0.038         0.062         0.056        -0.022        -0.028         0.017        -0.471       150.926    -18290.985         6.051       -84.045         3.325       -17.352
        0.040        -0.006        -0.017        -0.045         0.034        -0.018        -0.061         0.052        -0.006        -0.002         0.057        -0.045         0.407        -0.384         0.023        -0.016         0.043         0.026         0.036        -0.193        -0.069        -0.017        -0.053        -0.118         0.100        -0.159         0.099         0.088        -0.035         0.114        -0.110 181546528.912    -72927.765     26969.342     -2678.286    -38436.445
       -0.040         0.007         0.033         0.042        -0.018         0.019         0.050        -0.042         0.013         0.003        -0.052         0.039        -0.367         0.393        -0.030         0.017        -0.014        -0.030        -0.022         0.172         0.098         0.012         0.062         0.126        -0.104         0.148        -0.089        -0.068         0.023        -0.095         0.088        -0.962        31.637       -16.632         0.900        16.976
       -0.035         0.071         0.067        -0.036        -0.073         0.035        -0.005        -0.013         0.058        -0.018         0.022        -0.011        -0.001        -0.006         0.206        -0.189         0.027        -0.023        -0.039        -0.068        -0.009        -0.086        -0.106        -0.201         0.007        -0.047         0.025         0.136        -0.066         0.089        -0.076         0.022        -0.033      8106.160      -442.282      -136.588
        0.012        -0.042        -0.051         0.018         0.067        -0.042         0.023        -0.003        -0.080         0.022        -0.011         0.012        -0.006         0.000        -0.216         0.239        -0.022         0.029         0.035         0.125        -0.012         0.065         0.092         0.170        -0.013         0.079        -0.055        -0.165         0.089        -0.019         0.047        -0.035         0.028        -0.859        32.733        10.717
       -0.218        -0.065         0.010        -0.043         0.235        -0.172         0.034        -0.030        -0.079         0.013         0.021        -0.038        -0.088         0.101        -0.014         0.016         0.017         0.013         0.055         0.564         0.147         0.125         0.041         0.626        -0.512         0.134        -0.120        -0.111         0.065         0.043        -0.064        -0.129         0.136        -0.068         0.084       492.282
[1] "2020-11-11 19:13:15 GST"
Time difference of 21.45012 mins
