nohup: ignoring input

Attaching package: ‘igraph’

The following objects are masked from ‘package:stats’:

    decompose, spectrum

The following object is masked from ‘package:base’:

    union

Warning message:
no DISPLAY variable so Tk is not available 

Attaching package: ‘xtable’

The following object is masked from ‘package:RSiena’:

    xtable

[1] "1"
[1] "/scratch/krm7/artwork/DATAandCODE/data/100_unique_id/p1"
  effectName              include fix   test  initialValue parm
1 mnet: transitive triads TRUE    FALSE FALSE          0   0   
  effectName              include fix   test  initialValue parm
1 pnet: transitive triads TRUE    FALSE FALSE          0   0   
  effectName include fix   test  initialValue parm
1 mnet: pnet TRUE    FALSE FALSE          0   0   
  effectName include fix   test  initialValue parm
1 pnet: mnet TRUE    FALSE FALSE          0   0   
  effectName                include fix   test  initialValue parm
1 mnet: ranking ego and alt TRUE    FALSE FALSE          0   0   
2 mnet: ranking similarity  TRUE    FALSE FALSE          0   0   
  effectName                 include fix   test  initialValue parm
1 mnet: soloshow ego and alt TRUE    FALSE FALSE          0   0   
2 mnet: soloshow similarity  TRUE    FALSE FALSE          0   0   
  effectName              include fix   test  initialValue parm
1 mnet: award ego and alt TRUE    FALSE FALSE          0   0   
2 mnet: award similarity  TRUE    FALSE FALSE          0   0   
  effectName                  include fix   test  initialValue parm
1 mnet: meanprice ego and alt TRUE    FALSE FALSE          0   0   
2 mnet: meanprice similarity  TRUE    FALSE FALSE          0   0   
  effectName                    include fix   test  initialValue parm
1 mnet: festbiennal ego and alt TRUE    FALSE FALSE          0   0   
2 mnet: festbiennal similarity  TRUE    FALSE FALSE          0   0   
  effectName                  include fix   test  initialValue parm
1 mnet: groupshow ego and alt TRUE    FALSE FALSE          0   0   
2 mnet: groupshow similarity  TRUE    FALSE FALSE          0   0   
  effectName                include fix   test  initialValue parm
1 pnet: ranking ego and alt TRUE    FALSE FALSE          0   0   
2 pnet: ranking similarity  TRUE    FALSE FALSE          0   0   
  effectName                 include fix   test  initialValue parm
1 pnet: soloshow ego and alt TRUE    FALSE FALSE          0   0   
2 pnet: soloshow similarity  TRUE    FALSE FALSE          0   0   
  effectName              include fix   test  initialValue parm
1 pnet: award ego and alt TRUE    FALSE FALSE          0   0   
2 pnet: award similarity  TRUE    FALSE FALSE          0   0   
  effectName                  include fix   test  initialValue parm
1 pnet: meanprice ego and alt TRUE    FALSE FALSE          0   0   
2 pnet: meanprice similarity  TRUE    FALSE FALSE          0   0   
  effectName                    include fix   test  initialValue parm
1 pnet: festbiennal ego and alt TRUE    FALSE FALSE          0   0   
2 pnet: festbiennal similarity  TRUE    FALSE FALSE          0   0   
[1] "/scratch/krm7/artwork/result/two_net_model_period_1_n_100_trans"
siena07 will create an output file /scratch/krm7/artwork/result/two_net_model_period_1_n_100_trans.txt .
[1] "2020-11-15 07:34:05 GST"
No X11 device available, forcing use of batch mode

Start phase 0 
theta: 15.799 12.325 44.157 21.171  0.199  0.000  0.000  0.000  0.000  0.000  0.000  0.000  0.000  0.000  0.000  0.000  0.000  0.000  0.000 47.752 48.035 27.352 37.451  0.193  0.000  0.000  0.000  0.000  0.000  0.000  0.000  0.000  0.000  0.000  0.000  0.000 

Start phase 1 
Phase 1 Iteration 1 Progress: 0%
Phase 1 Iteration 33 Progress: 0%
Phase 1 Iteration 65 Progress: 0%
Phase 1 Iteration 97 Progress: 0%
theta:  1.60e+01  1.24e+01  4.47e+01  2.14e+01  1.60e-01  1.32e-03  1.88e-05 -2.93e-02  9.27e-04  8.57e-03 -1.46e-02 -2.61e-02  1.44e-05 -8.80e-03  1.04e-03  4.61e-03  3.52e-05  1.60e-02 -4.85e-03  4.86e+01  4.88e+01  2.84e+01  3.80e+01  1.36e-01  1.49e-03  3.60e-05  1.09e-02 -5.39e-04  3.92e-04  1.82e-03  9.88e-04  2.08e-05 -9.40e-03 -7.19e-04 -8.45e-03  5.52e-03 

Start phase 2.1
Phase 2 Subphase 1 Iteration 1 Progress: 67%
Phase 2 Subphase 1 Iteration 2 Progress: 67%
theta  1.54e+01  1.20e+01  4.38e+01  2.09e+01  9.44e-02  4.23e-03 -8.41e-05 -2.64e-03  5.50e-04  2.17e-03 -5.29e-03 -1.25e-02  8.60e-05  2.26e-02  5.15e-04 -3.26e-02 -1.55e-04 -3.29e-02  7.94e-03  4.75e+01  4.75e+01  2.71e+01  3.72e+01  7.69e-02  3.37e-03 -9.66e-06 -3.89e-02  1.91e-03  6.43e-03  1.52e-03  2.37e-02  1.70e-05  1.76e-02 -3.57e-03 -9.63e-03  2.15e-02 
ac  1.073  1.081  1.049  1.092  0.862  1.075  1.123  1.103  1.050  1.104  1.254  1.169  1.157  1.196  1.092  1.126  1.067  1.209  1.140  1.053  1.051  1.071  1.086 -0.556  1.050  1.049  0.989  1.111  1.349  0.949  0.925  1.017  1.007  0.979  1.002  1.095 
Phase 2 Subphase 1 Iteration 3 Progress: 67%
Phase 2 Subphase 1 Iteration 4 Progress: 67%
theta  1.39e+01  1.08e+01  4.13e+01  1.96e+01 -1.16e-01  1.33e-02 -3.58e-04  6.50e-02 -1.51e-04 -1.65e-02  1.80e-02  2.41e-02  2.93e-04  1.17e-01 -1.11e-03 -1.31e-01 -6.39e-04 -1.55e-01  3.87e-02  4.43e+01  4.34e+01  2.38e+01  3.48e+01 -1.12e-01  9.35e-03 -1.43e-04 -1.76e-01  8.65e-03  2.69e-02  2.06e-03  8.44e-02  1.59e-05  8.26e-02 -1.19e-02 -2.21e-02  6.35e-02 
ac 1.099 1.104 1.086 1.122 0.838 1.122 1.165 1.146 1.076 1.139 1.320 1.204 1.202 1.246 1.135 1.173 1.094 1.275 1.203 1.066 1.079 1.100 1.127 0.513 1.082 1.076 1.023 1.188 1.306 0.982 0.946 1.037 1.026 1.050 1.053 1.143 
Phase 2 Subphase 1 Iteration 5 Progress: 67%
Phase 2 Subphase 1 Iteration 6 Progress: 67%
theta  1.26e+01  9.75e+00  3.91e+01  1.86e+01 -3.58e-01  2.30e-02 -5.78e-04  1.03e-01 -6.79e-05 -3.47e-02  3.27e-02  5.10e-02  4.85e-04  2.12e-01 -2.80e-03 -2.02e-01 -9.21e-04 -2.30e-01  6.10e-02  4.10e+01  3.95e+01  2.11e+01  3.28e+01 -3.29e-01  1.61e-02 -2.72e-04 -2.95e-01  1.40e-02  5.02e-02  4.51e-03  1.28e-01  3.63e-05  1.17e-01 -2.00e-02 -4.93e-02  9.32e-02 
ac 1.113 1.117 1.100 1.137 0.862 1.151 1.184 1.164 1.083 1.148 1.264 1.227 1.214 1.257 1.150 1.187 1.109 1.276 1.221 1.092 1.098 1.114 1.149 0.693 1.109 1.095 1.052 1.212 0.969 0.997 0.963 1.062 1.050 1.086 1.075 1.171 
Phase 2 Subphase 1 Iteration 7 Progress: 67%
Phase 2 Subphase 1 Iteration 8 Progress: 67%
theta  1.16e+01  8.77e+00  3.76e+01  1.78e+01 -6.20e-01  3.25e-02 -7.16e-04  1.02e-01  1.22e-03 -5.29e-02  3.51e-02  6.55e-02  6.45e-04  2.97e-01 -4.03e-03 -2.39e-01 -8.70e-04 -2.46e-01  7.71e-02  3.81e+01  3.63e+01  1.91e+01  3.14e+01 -5.64e-01  2.30e-02 -3.85e-04 -3.82e-01  1.74e-02  7.62e-02  9.33e-03  1.47e-01  7.86e-05  1.13e-01 -2.71e-02 -8.73e-02  1.04e-01 
ac 1.123 1.125 1.110 1.143 0.908 1.158 1.189 1.170 1.084 1.147 1.160 1.227 1.217 1.256 1.159 1.193 1.115 1.254 1.208 1.107 1.114 1.122 1.158 0.794 1.125 1.107 1.068 1.202 0.909 1.020 0.996 1.082 1.069 1.102 1.096 1.170 
Phase 2 Subphase 1 Iteration 9 Progress: 67%
Phase 2 Subphase 1 Iteration 10 Progress: 67%
theta 10.840928  7.902796 36.977027 17.340077 -0.904151  0.041924 -0.000764  0.058832  0.004200 -0.072922  0.021904  0.069471  0.000770  0.361119 -0.004552 -0.237826 -0.000278 -0.211524  0.088357 35.893214 34.064959 17.865802 30.952117 -0.813154  0.029851 -0.000480 -0.436376  0.018861  0.105095  0.015593  0.139500  0.000138  0.074015 -0.033692 -0.125283  0.096256 
ac 1.129 1.132 1.119 1.148 0.952 1.159 1.190 1.171 1.087 1.148 1.101 1.211 1.216 1.252 1.160 1.193 1.117 1.247 1.204 1.112 1.119 1.127 1.148 0.874 1.126 1.112 1.078 1.165 0.947 1.034 1.013 1.092 1.081 1.072 1.100 1.149 
Phase 2 Subphase 1 Iteration 100 Progress: 69%
theta  2.05e+01  1.09e+01  7.42e+02  3.73e+01 -4.95e+00  9.98e-02 -3.92e-03 -2.21e+00  2.57e-02 -1.23e+00 -2.08e-01  2.82e-02 -3.84e-04  6.85e-02  2.95e-01  3.14e+00  1.49e-02  1.03e+00  2.69e+00  4.93e+01  4.27e+01  4.02e+01  9.15e+02 -1.60e+00  4.58e-02 -3.52e-04 -3.89e-01  4.29e-03  2.61e-01  3.55e-02  1.38e-01 -7.24e-04 -1.04e+00 -1.30e-01 -1.14e+00  2.25e-01 
ac  0.28887  0.83493  0.44865  0.54577 -0.14692 -0.15936  0.89353  0.73377  0.75706  0.69812  0.35397  0.23252  0.47365  0.46744  0.43337  0.34203  0.81213  0.71235 -0.30422 -0.21872 -0.11296  0.37109  0.78350 -0.42316 -0.46506  0.94383  0.59909 -0.09284 -0.08678 -0.04345  0.15076  0.76379  0.66929  0.08636  0.00672 -0.40565 
Phase 2 Subphase 1 Iteration 200 Progress: 70%
theta  2.34e+01  1.22e+01  1.34e+03  4.05e+01 -4.00e+00  8.47e-02 -2.64e-03 -1.63e+00  2.24e-02 -8.00e-01 -1.14e-01  5.79e-02 -7.92e-04 -6.21e-01  2.04e-01  2.18e+00  1.29e-02  5.13e-01  1.93e+00  4.91e+01  4.23e+01  4.65e+01  1.72e+03 -1.59e+00  4.52e-02 -4.11e-04 -4.84e-01  4.28e-03  2.91e-01  5.74e-02  1.89e-01 -6.40e-04 -9.96e-01 -1.27e-01 -1.05e+00  2.67e-01 
ac  0.0617  0.6795  0.2218  0.1021 -0.3560 -0.4010  0.6625  0.4122  0.7104  0.4162  0.3885  0.3239  0.1790  0.1972  0.3332  0.1526  0.7370  0.4186 -0.4621 -0.3505 -0.2826  0.2805  0.4800 -0.5026 -0.5451  0.8017  0.3406 -0.3354 -0.2253 -0.3491 -0.1130  0.4534  0.2893  0.0599 -0.0188 -0.4995 
theta  2.49e+01  1.26e+01  7.66e+02  4.12e+01 -4.35e+00  9.43e-02 -2.89e-03 -1.69e+00  2.49e-02 -1.12e+00 -2.81e-01 -1.49e-01 -4.45e-04 -2.30e-02  2.49e-01  2.42e+00  1.41e-02  8.63e-01  2.19e+00  5.32e+01  4.56e+01  4.59e+01  9.39e+02 -1.57e+00  4.37e-02 -4.06e-04 -3.87e-01  7.19e-03  2.87e-01 -6.20e-03  6.20e-03 -5.98e-04 -8.21e-01 -1.36e-01 -1.06e+00  2.22e-01 
ac  0.0500  0.6662  0.1936  0.0646 -0.3800 -0.4242  0.6510  0.4106  0.7114  0.3842  0.3736  0.3164  0.1360  0.1602  0.3167  0.1273  0.7312  0.3982 -0.4793 -0.3727 -0.3040  0.2750  0.4679 -0.5309 -0.5750  0.8054  0.3348 -0.3567 -0.2534 -0.3883 -0.1526  0.4235  0.2549  0.0125 -0.0483 -0.5222 
theta:  2.49e+01  1.26e+01  7.66e+02  4.12e+01 -4.35e+00  9.43e-02 -2.89e-03 -1.69e+00  2.49e-02 -1.12e+00 -2.81e-01 -1.49e-01 -4.45e-04 -2.30e-02  2.49e-01  2.42e+00  1.41e-02  8.63e-01  2.19e+00  5.32e+01  4.56e+01  4.59e+01  9.39e+02 -1.57e+00  4.37e-02 -4.06e-04 -3.87e-01  7.19e-03  2.87e-01 -6.20e-03  6.20e-03 -5.98e-04 -8.21e-01 -1.36e-01 -1.06e+00  2.22e-01 

Start phase 2.2
Phase 2 Subphase 2 Iteration 1 Progress: 70%
Phase 2 Subphase 2 Iteration 2 Progress: 70%
Phase 2 Subphase 2 Iteration 3 Progress: 70%
Phase 2 Subphase 2 Iteration 4 Progress: 70%
Phase 2 Subphase 2 Iteration 5 Progress: 70%
Phase 2 Subphase 2 Iteration 6 Progress: 70%
Phase 2 Subphase 2 Iteration 7 Progress: 70%
Phase 2 Subphase 2 Iteration 8 Progress: 70%
Phase 2 Subphase 2 Iteration 9 Progress: 70%
Phase 2 Subphase 2 Iteration 10 Progress: 70%
Phase 2 Subphase 2 Iteration 1 Progress: 70%
Phase 2 Subphase 2 Iteration 2 Progress: 70%
Phase 2 Subphase 2 Iteration 3 Progress: 70%
Phase 2 Subphase 2 Iteration 4 Progress: 70%
Phase 2 Subphase 2 Iteration 5 Progress: 70%
Phase 2 Subphase 2 Iteration 6 Progress: 70%
Phase 2 Subphase 2 Iteration 7 Progress: 70%
Phase 2 Subphase 2 Iteration 8 Progress: 71%
Phase 2 Subphase 2 Iteration 9 Progress: 71%
Phase 2 Subphase 2 Iteration 10 Progress: 71%
Phase 2 Subphase 2 Iteration 100 Progress: 72%
theta  4.03e+01  1.66e+01  1.47e+03  5.43e+01 -4.22e+00  9.24e-02 -2.46e-03 -1.50e+00  1.92e-02 -9.82e-01 -3.23e-01 -3.28e-01 -3.91e-04 -8.12e-02  2.04e-01  1.78e+00  1.21e-02  8.47e-01  2.04e+00  5.95e+01  4.93e+01  6.15e+01  1.74e+03 -1.67e+00  4.60e-02 -2.44e-04 -2.60e-01  5.08e-03  3.09e-01 -1.81e-02 -1.11e-01 -5.84e-04 -8.52e-01 -1.39e-01 -1.03e+00  1.82e-01 
ac  0.2360  0.2400  0.6491  0.3453 -0.4556 -0.3745  0.1110  0.0708  0.3341  0.2064  0.9577  0.5875  0.0530  0.0363 -0.1827 -0.1196  0.1567  0.3619 -0.5599 -0.3318 -0.3436  0.2358  0.7700 -0.6175 -0.5183  0.5163  0.1604 -0.4116  0.3850 -0.0450  0.4143  0.7677  0.8101 -0.2875 -0.1681 -0.5339 
Phase 2 Subphase 2 Iteration 200 Progress: 74%
theta  3.82e+01  1.53e+01  1.98e+03  8.78e+01 -4.09e+00  9.02e-02 -3.01e-03 -1.76e+00  2.03e-02 -1.04e+00 -3.08e-01 -3.09e-01 -3.75e-04  4.91e-02  2.43e-01  2.31e+00  1.14e-02  1.04e+00  1.88e+00  6.08e+01  5.00e+01  1.35e+02  2.34e+03 -1.65e+00  4.58e-02 -3.63e-04 -3.38e-01  4.51e-03  3.52e-01 -3.06e-02 -7.42e-02 -5.90e-04 -7.59e-01 -1.49e-01 -1.18e+00  2.12e-01 
ac -0.2301 -0.0518  0.3478  0.2562 -0.4784 -0.4704 -0.0319 -0.2304  0.3732  0.0792  0.8780  0.4178  0.0167  0.0336 -0.1050 -0.1406  0.1938  0.4166 -0.6200 -0.5123 -0.5001  0.2321  0.6126 -0.6129 -0.5806  0.3971 -0.0113 -0.4781  0.0750 -0.3661  0.1541  0.5517  0.5171 -0.3009 -0.1782 -0.6454 
theta  3.44e+01  1.46e+01  1.57e+03  6.38e+01 -4.08e+00  8.88e-02 -2.81e-03 -1.68e+00  1.98e-02 -1.01e+00 -2.53e-01 -1.54e-01 -2.49e-04  9.24e-02  2.22e-01  2.08e+00  1.12e-02  8.66e-01  1.95e+00  5.75e+01  4.80e+01  9.99e+01  1.88e+03 -1.63e+00  4.52e-02 -3.64e-04 -3.73e-01  5.96e-03  3.05e-01 -1.27e-02 -9.90e-03 -6.18e-04 -8.49e-01 -1.43e-01 -1.11e+00  2.33e-01 
ac -0.25883 -0.08531  0.30858  0.23533 -0.48646 -0.48240 -0.07663 -0.25832  0.38678  0.01779  0.81377  0.36319 -0.00672  0.01219 -0.08038 -0.13160  0.20067  0.42566 -0.61008 -0.51755 -0.50635  0.23167  0.60540 -0.61340 -0.58723  0.38499 -0.00851 -0.48628  0.05683 -0.38991  0.13294  0.53928  0.49652 -0.29902 -0.17888 -0.63677 
theta:  3.44e+01  1.46e+01  1.57e+03  6.38e+01 -4.08e+00  8.88e-02 -2.81e-03 -1.68e+00  1.98e-02 -1.01e+00 -2.53e-01 -1.54e-01 -2.49e-04  9.24e-02  2.22e-01  2.08e+00  1.12e-02  8.66e-01  1.95e+00  5.75e+01  4.80e+01  9.99e+01  1.88e+03 -1.63e+00  4.52e-02 -3.64e-04 -3.73e-01  5.96e-03  3.05e-01 -1.27e-02 -9.90e-03 -6.18e-04 -8.49e-01 -1.43e-01 -1.11e+00  2.33e-01 

Start phase 2.3
Phase 2 Subphase 3 Iteration 1 Progress: 74%
Phase 2 Subphase 3 Iteration 2 Progress: 74%
Phase 2 Subphase 3 Iteration 3 Progress: 74%
Phase 2 Subphase 3 Iteration 4 Progress: 74%
Phase 2 Subphase 3 Iteration 5 Progress: 74%
Phase 2 Subphase 3 Iteration 6 Progress: 74%
Phase 2 Subphase 3 Iteration 7 Progress: 74%
Phase 2 Subphase 3 Iteration 8 Progress: 74%
Phase 2 Subphase 3 Iteration 9 Progress: 74%
Phase 2 Subphase 3 Iteration 10 Progress: 74%
Phase 2 Subphase 3 Iteration 1 Progress: 74%
Phase 2 Subphase 3 Iteration 2 Progress: 74%
Phase 2 Subphase 3 Iteration 3 Progress: 74%
Phase 2 Subphase 3 Iteration 4 Progress: 74%
Phase 2 Subphase 3 Iteration 5 Progress: 74%
Phase 2 Subphase 3 Iteration 6 Progress: 74%
Phase 2 Subphase 3 Iteration 7 Progress: 74%
Phase 2 Subphase 3 Iteration 8 Progress: 74%
Phase 2 Subphase 3 Iteration 9 Progress: 74%
Phase 2 Subphase 3 Iteration 10 Progress: 74%
Phase 2 Subphase 3 Iteration 100 Progress: 76%
theta  1.65e+01  1.14e+01  1.97e+03  4.33e+01 -3.67e+00  3.61e-02 -4.10e-03 -1.05e+00  7.31e-03 -5.31e-01  4.05e-01  8.22e-01  1.75e-03  1.32e+00  2.31e-01  1.33e+00 -1.15e-02  4.46e-02  3.50e+00  4.24e+01  3.38e+01  8.80e+01  2.32e+03 -1.32e+00  3.40e-02 -6.69e-04 -9.51e-01  1.74e-02  1.76e-01  5.41e-02  2.47e-01 -4.71e-04 -5.81e-01 -7.04e-02 -3.56e-01  5.18e-01 
ac  1.0793  0.2429  0.8943  0.5593 -0.0292 -0.2538  0.1034  0.6625  0.9501  0.3364  0.6791  1.2121  0.9469  0.8896  1.0098  0.9646  1.5782  0.7405  0.2880  0.6573  0.5451  1.0365  0.9859  0.1746 -0.3084  0.8862  0.9653  0.9017  0.8673  1.0959  1.0454  1.0505  1.0423  1.1718  1.0660  0.4163 
Phase 2 Subphase 3 Iteration 200 Progress: 77%
theta  1.69e+01  6.47e+00  1.83e+03  3.44e+01 -2.63e+00  6.56e-02 -7.02e-04 -1.33e-01  1.30e-02 -3.17e-01  2.60e-01  9.99e-01  2.00e-03  1.75e+00 -7.43e-02 -1.45e+00  6.53e-03 -7.27e-01  9.09e-01  3.39e+01  3.27e+01  9.03e+01  2.05e+03 -1.40e+00  3.68e-02 -8.74e-04 -9.15e-01  1.56e-02  1.64e-02  8.10e-02  2.85e-01 -9.91e-04 -1.24e+00 -7.66e-02 -2.83e-01  2.97e-01 
ac  1.0617  0.2050  0.9223  0.6373 -0.3553 -0.3812 -0.0631  0.4472  0.3981  0.2933  0.9111  0.9110  0.3605  0.3111  0.0635  0.1072  0.5227  0.4413 -0.3346  0.6681  0.5500  0.5190  0.9719 -0.3711 -0.4200  0.4060  0.6410  0.7579  0.9021  0.9972  0.9333  0.8342  0.8231  0.1299  0.3918 -0.0886 
theta  2.27e+01  9.71e+00  1.91e+03  4.62e+01 -3.51e+00  6.82e-02 -2.32e-03 -9.96e-01  2.11e-02 -6.70e-01  5.25e-02  4.39e-01  1.13e-03  1.16e+00  1.18e-01  5.26e-01  3.14e-03  2.27e-01  1.98e+00  4.92e+01  4.16e+01  1.22e+02  2.20e+03 -1.47e+00  3.98e-02 -5.88e-04 -6.77e-01  1.21e-02  1.76e-01  1.57e-02  1.12e-01 -7.00e-04 -8.67e-01 -1.05e-01 -6.35e-01  3.46e-01 
ac  1.05662  0.30102  0.93491  0.64164 -0.35846 -0.36959 -0.00594  0.43377  0.42105  0.26385  0.91197  0.87582  0.35114  0.31862  0.07344  0.17561  0.51329  0.49202 -0.33685  0.69389  0.52575  0.51351  0.98172 -0.37076 -0.39169  0.44438  0.64288  0.77891  0.88893  0.92187  0.90459  0.82906  0.82013  0.11930  0.37893 -0.07777 
theta:  2.27e+01  9.71e+00  1.91e+03  4.62e+01 -3.51e+00  6.82e-02 -2.32e-03 -9.96e-01  2.11e-02 -6.70e-01  5.25e-02  4.39e-01  1.13e-03  1.16e+00  1.18e-01  5.26e-01  3.14e-03  2.27e-01  1.98e+00  4.92e+01  4.16e+01  1.22e+02  2.20e+03 -1.47e+00  3.98e-02 -5.88e-04 -6.77e-01  1.21e-02  1.76e-01  1.57e-02  1.12e-01 -7.00e-04 -8.67e-01 -1.05e-01 -6.35e-01  3.46e-01 

Start phase 2.4
Phase 2 Subphase 4 Iteration 1 Progress: 78%
Phase 2 Subphase 4 Iteration 2 Progress: 78%
Phase 2 Subphase 4 Iteration 3 Progress: 78%
Phase 2 Subphase 4 Iteration 4 Progress: 78%
Phase 2 Subphase 4 Iteration 5 Progress: 78%
Phase 2 Subphase 4 Iteration 6 Progress: 78%
Phase 2 Subphase 4 Iteration 7 Progress: 78%
Phase 2 Subphase 4 Iteration 8 Progress: 78%
Phase 2 Subphase 4 Iteration 9 Progress: 78%
Phase 2 Subphase 4 Iteration 10 Progress: 78%
Phase 2 Subphase 4 Iteration 100 Progress: 80%
theta  4.02e+01  1.80e+01  2.01e+03  5.21e+01 -4.03e+00  9.29e-02 -1.87e-03 -1.45e+00  3.37e-02 -9.95e-01 -4.13e-01 -1.37e-01 -1.07e-05  4.29e-01  1.92e-01  9.70e-01  1.69e-02  3.82e-01  1.70e+00  7.58e+01  6.49e+01  5.19e+01  2.23e+03 -1.78e+00  4.99e-02 -3.37e-04 -2.77e-01  3.93e-03  3.93e-01 -9.09e-02 -2.15e-01 -7.51e-04 -1.06e+00 -1.80e-01 -1.56e+00  1.92e-01 
ac 1.004 1.027 1.003 1.016 0.750 0.834 0.852 0.664 0.773 0.135 0.852 0.773 0.532 0.715 0.872 0.863 1.119 0.921 0.731 1.025 1.049 1.142 0.982 0.648 0.789 0.875 0.832 0.817 0.859 0.585 0.789 1.073 1.077 0.939 0.867 1.125 
Phase 2 Subphase 4 Iteration 200 Progress: 81%
theta  4.79e+01  1.73e+01  2.20e+03  6.63e+01 -4.23e+00  9.37e-02 -3.09e-03 -2.03e+00  2.29e-02 -1.02e+00 -3.37e-01 -2.63e-01  1.07e-04  4.45e-01  2.17e-01  2.25e+00  9.29e-03  1.27e+00  2.01e+00  6.26e+01  5.06e+01  7.95e+01  2.37e+03 -1.70e+00  4.77e-02 -2.33e-04 -2.28e-01  3.32e-03  3.31e-01 -2.82e-02 -4.92e-02 -6.07e-04 -9.25e-01 -1.43e-01 -1.06e+00  1.98e-01 
ac 0.982 0.999 0.987 1.009 0.748 0.791 0.814 0.338 0.802 0.363 0.839 0.781 0.617 0.705 0.855 0.836 1.066 0.922 0.673 0.958 0.917 1.139 0.988 0.591 0.637 0.756 0.760 0.704 0.760 0.605 0.819 1.034 1.035 0.729 0.708 0.958 
Phase 2 Subphase 4 Iteration 300 Progress: 83%
theta  5.06e+01  1.72e+01  2.42e+03  8.41e+01 -4.29e+00  9.42e-02 -3.50e-03 -2.22e+00  1.65e-02 -1.19e+00 -3.44e-01 -3.42e-01 -1.25e-04  4.83e-01  2.66e-01  2.82e+00  1.04e-02  1.44e+00  2.03e+00  6.44e+01  5.24e+01  1.32e+02  2.59e+03 -1.67e+00  4.65e-02 -2.52e-04 -2.78e-01  4.66e-03  3.29e-01 -3.33e-02 -8.83e-02 -5.22e-04 -7.08e-01 -1.44e-01 -1.10e+00  2.17e-01 
ac 0.954 0.987 0.983 1.003 0.757 0.758 0.767 0.322 0.801 0.377 0.825 0.759 0.632 0.704 0.838 0.797 1.023 0.921 0.629 0.919 0.884 1.133 0.987 0.599 0.597 0.741 0.707 0.645 0.711 0.559 0.791 0.999 0.998 0.619 0.608 0.915 
theta  4.33e+01  1.65e+01  2.21e+03  6.64e+01 -4.09e+00  9.05e-02 -2.85e-03 -1.82e+00  1.88e-02 -1.02e+00 -2.65e-01 -1.63e-01  1.43e-04  5.93e-01  2.04e-01  1.87e+00  1.01e-02  1.03e+00  1.92e+00  6.18e+01  5.20e+01  9.51e+01  2.40e+03 -1.66e+00  4.63e-02 -3.17e-04 -3.22e-01  5.53e-03  2.98e-01 -3.24e-02 -7.40e-02 -6.52e-04 -8.97e-01 -1.42e-01 -1.09e+00  2.19e-01 
ac 0.934 0.978 0.980 0.991 0.764 0.728 0.719 0.233 0.783 0.336 0.809 0.702 0.590 0.673 0.817 0.752 0.999 0.903 0.570 0.878 0.864 1.129 0.986 0.575 0.501 0.721 0.685 0.591 0.676 0.493 0.748 0.972 0.960 0.465 0.463 0.850 
theta:  4.33e+01  1.65e+01  2.21e+03  6.64e+01 -4.09e+00  9.05e-02 -2.85e-03 -1.82e+00  1.88e-02 -1.02e+00 -2.65e-01 -1.63e-01  1.43e-04  5.93e-01  2.04e-01  1.87e+00  1.01e-02  1.03e+00  1.92e+00  6.18e+01  5.20e+01  9.51e+01  2.40e+03 -1.66e+00  4.63e-02 -3.17e-04 -3.22e-01  5.53e-03  2.98e-01 -3.24e-02 -7.40e-02 -6.52e-04 -8.97e-01 -1.42e-01 -1.09e+00  2.19e-01 

Start phase 3 
Phase 3 Iteration 1 Progress 85%
Estimates, standard errors and convergence t-ratios

                                         Estimate    Standard     Convergence 
                                                       Error        t-ratio   
   1. rate constant mnet rate (period 1)   43.3203 (   109.2459 )   -0.3116   
   2. rate constant mnet rate (period 2)   16.4519 (    20.3429 )   -0.2799   
   3. rate constant mnet rate (period 3) 2209.2747 ( 26472.1501 )   -1.3943   
   4. rate constant mnet rate (period 4)   66.3801 ( 26288.8758 )   -0.9628   
   5. eval mnet: degree (density)          -4.0866 (     1.5006 )   -0.4920   
   6. eval mnet: transitive triads          0.0905 (     0.0176 )   -0.3251   
   7. eval mnet: ranking ego and alt       -0.0028 (     0.0164 )    0.2895   
   8. eval mnet: ranking similarity        -1.8151 (    10.1964 )    0.0477   
   9. eval mnet: soloshow ego and alt       0.0188 (     0.0319 )    1.0626   
  10. eval mnet: soloshow similarity       -1.0181 (     0.8259 )   -0.6858   
  11. eval mnet: award ego and alt         -0.2652 (     0.3139 )   -0.3671   
  12. eval mnet: award similarity          -0.1631 (     1.3546 )   -0.2889   
  13. eval mnet: meanprice ego and alt      0.0001 (     0.0079 )   -0.2538   
  14. eval mnet: meanprice similarity       0.5930 (    13.9691 )    0.4435   
  15. eval mnet: festbiennal ego and alt    0.2039 (     0.1161 )    1.1937   
  16. eval mnet: festbiennal similarity     1.8706 (     6.7388 )   -1.0826   
  17. eval mnet: groupshow ego and alt      0.0101 (     0.0383 )    1.1336   
  18. eval mnet: groupshow similarity       1.0258 (     3.6673 )    1.9815   
  19. eval mnet: pnet                       1.9191 (     1.2566 )    0.0210   
  20. rate constant pnet rate (period 1)   61.8357 (    35.2051 )    0.1242   
  21. rate constant pnet rate (period 2)   51.9788 (    37.9672 )    0.1900   
  22. rate constant pnet rate (period 3)   95.0540 (    73.6426 )   -1.9258   
  23. rate constant pnet rate (period 4) 2400.2170 (   921.7097 )   -1.8818   
  24. eval pnet: degree (density)          -1.6615 (     0.0247 )   -0.4965   
  25. eval pnet: transitive triads          0.0463 (     0.0017 )   -0.4372   
  26. eval pnet: ranking ego and alt       -0.0003 (     0.0005 )   -0.7162   
  27. eval pnet: ranking similarity        -0.3225 (     0.9824 )    0.4477   
  28. eval pnet: soloshow ego and alt       0.0055 (     0.0631 )    0.2227   
  29. eval pnet: soloshow similarity        0.2983 (     1.1909 )    0.0867   
  30. eval pnet: award ego and alt         -0.0324 (     0.2414 )   -0.0755   
  31. eval pnet: award similarity          -0.0740 (     0.3853 )   -1.1095   
  32. eval pnet: meanprice ego and alt     -0.0007 (     0.0076 )    0.2801   
  33. eval pnet: meanprice similarity      -0.8966 (     8.5043 )   -0.2073   
  34. eval pnet: festbiennal ego and alt   -0.1424 (     0.0564 )   -0.0102   
  35. eval pnet: festbiennal similarity    -1.0937 (     2.7086 )   -0.0771   
  36. eval pnet: mnet                       0.2191 (     0.0983 )    0.3238   

Overall maximum convergence ratio:   10.4615 


Total of 2358 iteration steps.

Covariance matrix of estimates (correlations below diagonal)

 1.193466e+04  2.157478e+03  2.526964e+05 -2.545995e+05  1.615310e+02 -1.855000e+00  1.763000e+00  1.088434e+03 -2.032000e+00  8.351000e+01 -3.130800e+01  1.433370e+02  7.430000e-01  1.389557e+03  1.201400e+01  7.224960e+02 -4.100000e+00 -3.893250e+02 -1.354180e+02 -3.611644e+03 -3.928759e+03 -6.591867e+03 -9.559081e+04 -9.000000e-03 -1.550000e-01 -2.500000e-02  1.024790e+02  6.790000e+00  1.231780e+02  2.251900e+01 -3.744000e+01 -8.050000e-01 -8.996280e+02 -2.057000e+00 -2.730480e+02 -9.181000e+00
 9.710000e-01  4.138330e+02  3.879009e+04 -3.922178e+04  2.966900e+01 -3.400000e-01  3.200000e-01  1.963500e+02 -4.030000e-01  1.510700e+01 -5.627000e+00  2.640700e+01  1.310000e-01  2.467000e+02  2.174000e+00  1.298740e+02 -7.430000e-01 -6.994900e+01 -2.491300e+01 -6.608560e+02 -6.864320e+02 -1.144615e+03 -1.774982e+04  3.000000e-03 -2.900000e-02 -4.000000e-03  1.916000e+01  1.233000e+00  2.184400e+01  3.904000e+00 -7.046000e+00 -1.480000e-01 -1.661330e+02 -3.250000e-01 -4.846900e+01 -1.582000e+00
 8.700000e-02  7.200000e-02  7.007747e+08 -6.959052e+08  3.183490e+03 -3.457800e+01  3.804400e+01  1.928278e+04 -1.456710e+02  9.769800e+02 -8.340730e+02  4.859790e+03 -9.920000e-01  6.165752e+03  4.509720e+02  1.482618e+04 -8.649900e+01 -9.093781e+03 -2.681344e+03 -3.086335e+04 -6.659742e+04 -1.747577e+04 -3.343840e+06 -8.142000e+00 -4.027000e+00  9.320000e-01  3.104355e+03  1.429800e+02  1.634758e+03 -1.239560e+02 -1.658302e+03 -2.281100e+01 -2.526605e+04  1.495980e+02 -1.704558e+03  3.880900e+01
-8.900000e-02 -7.300000e-02 -1.000000e+00  6.911050e+08 -3.215884e+03  3.501900e+01 -3.835200e+01 -1.948217e+04  1.454970e+02 -1.002408e+03  8.361890e+02 -4.880192e+03  8.450000e-01 -6.430277e+03 -4.521000e+02 -1.493220e+04  8.721400e+01  9.139102e+03  2.709476e+03  3.159921e+04  6.711308e+04  1.759042e+04  3.355752e+06  8.757000e+00  4.046000e+00 -9.350000e-01 -3.126942e+03 -1.441590e+02 -1.657015e+03  1.210910e+02  1.666294e+03  2.294500e+01  2.542121e+04 -1.480830e+02  1.764920e+03 -3.794800e+01
 9.850000e-01  9.720000e-01  8.000000e-02 -8.200000e-02  2.252000e+00 -2.600000e-02  2.400000e-02  1.505300e+01 -2.700000e-02  1.167000e+00 -4.340000e-01  1.954000e+00  1.000000e-02  1.914900e+01  1.610000e-01  9.897000e+00 -5.700000e-02 -5.397000e+00 -1.882000e+00 -5.048100e+01 -5.421300e+01 -8.983700e+01 -1.323948e+03  1.000000e-03 -2.000000e-03  0.000000e+00  1.416000e+00  9.300000e-02  1.706000e+00  3.120000e-01 -5.160000e-01 -1.100000e-02 -1.248300e+01 -2.900000e-02 -3.765000e+00 -1.210000e-01
-9.640000e-01 -9.500000e-01 -7.400000e-02  7.600000e-02 -9.930000e-01  0.000000e+00  0.000000e+00 -1.760000e-01  0.000000e+00 -1.400000e-02  5.000000e-03 -2.200000e-02  0.000000e+00 -2.270000e-01 -2.000000e-03 -1.150000e-01  1.000000e-03  6.300000e-02  2.200000e-02  5.930000e-01  6.370000e-01  1.055000e+00  1.520800e+01  0.000000e+00  0.000000e+00  0.000000e+00 -1.600000e-02 -1.000000e-03 -2.000000e-02 -4.000000e-03  6.000000e-03  0.000000e+00  1.450000e-01  0.000000e+00  4.500000e-02  1.000000e-03
 9.830000e-01  9.580000e-01  8.700000e-02 -8.900000e-02  9.890000e-01 -9.830000e-01  0.000000e+00  1.670000e-01  0.000000e+00  1.300000e-02 -5.000000e-03  2.100000e-02  0.000000e+00  2.160000e-01  2.000000e-03  1.100000e-01 -1.000000e-03 -6.000000e-02 -2.000000e-02 -5.580000e-01 -6.040000e-01 -9.920000e-01 -1.435000e+01  0.000000e+00  0.000000e+00  0.000000e+00  1.500000e-02  1.000000e-03  1.900000e-02  4.000000e-03 -6.000000e-03  0.000000e+00 -1.370000e-01  0.000000e+00 -4.200000e-02 -1.000000e-03
 9.770000e-01  9.470000e-01  7.100000e-02 -7.300000e-02  9.840000e-01 -9.820000e-01  9.970000e-01  1.039670e+02 -1.610000e-01  7.897000e+00 -2.978000e+00  1.295800e+01  7.400000e-02  1.367100e+02  1.092000e+00  6.835400e+01 -3.890000e-01 -3.718700e+01 -1.250800e+01 -3.491150e+02 -3.775070e+02 -6.391620e+02 -8.683735e+03 -1.200000e-02 -1.400000e-02 -3.000000e-03  9.400000e+00  6.390000e-01  1.201000e+01  2.256000e+00 -3.316000e+00 -7.500000e-02 -8.397500e+01 -2.670000e-01 -2.681800e+01 -8.620000e-01
-5.820000e-01 -6.200000e-01 -1.720000e-01  1.730000e-01 -5.560000e-01  4.960000e-01 -5.510000e-01 -4.930000e-01  1.000000e-03 -1.100000e-02  6.000000e-03 -3.000000e-02  0.000000e+00 -1.270000e-01 -2.000000e-03 -1.120000e-01  1.000000e-03  5.900000e-02  2.400000e-02  4.760000e-01  5.300000e-01  2.500000e-01  2.181300e+01  0.000000e+00  0.000000e+00  0.000000e+00 -2.200000e-02 -1.000000e-03 -1.500000e-02 -1.000000e-03  1.000000e-02  0.000000e+00  1.810000e-01 -1.000000e-03  2.700000e-02  1.000000e-03
 9.260000e-01  8.990000e-01  4.500000e-02 -4.600000e-02  9.410000e-01 -9.460000e-01  9.340000e-01  9.380000e-01 -4.020000e-01  6.820000e-01 -2.210000e-01  9.990000e-01  5.000000e-03  1.012000e+01  8.400000e-02  5.222000e+00 -3.000000e-02 -2.856000e+00 -9.690000e-01 -2.605000e+01 -2.850400e+01 -4.942700e+01 -6.775760e+02  2.000000e-03 -1.000000e-03  0.000000e+00  7.140000e-01  4.800000e-02  9.080000e-01  1.690000e-01 -2.650000e-01 -6.000000e-03 -6.410000e+00 -1.700000e-02 -2.009000e+00 -6.600000e-02
-9.130000e-01 -8.810000e-01 -1.000000e-01  1.010000e-01 -9.220000e-01  9.110000e-01 -9.410000e-01 -9.300000e-01  6.300000e-01 -8.510000e-01  9.900000e-02 -3.730000e-01 -2.000000e-03 -3.701000e+00 -3.100000e-02 -1.963000e+00  1.100000e-02  1.088000e+00  3.660000e-01  1.002300e+01  1.104400e+01  1.719700e+01  2.677900e+02  0.000000e+00  0.000000e+00  0.000000e+00 -2.780000e-01 -1.900000e-02 -3.420000e-01 -6.300000e-02  1.000000e-01  2.000000e-03  2.506000e+00  5.000000e-03  7.320000e-01  2.400000e-02
 9.690000e-01  9.580000e-01  1.360000e-01 -1.370000e-01  9.610000e-01 -9.380000e-01  9.570000e-01  9.380000e-01 -6.960000e-01  8.930000e-01 -8.780000e-01  1.835000e+00  8.000000e-03  1.560800e+01  1.510000e-01  8.665000e+00 -4.900000e-02 -4.655000e+00 -1.648000e+00 -4.185500e+01 -4.597200e+01 -6.845000e+01 -1.220236e+03  1.000000e-03 -2.000000e-03  0.000000e+00  1.303000e+00  8.200000e-02  1.434000e+00  2.430000e-01 -4.980000e-01 -1.000000e-02 -1.127600e+01 -1.500000e-02 -3.115000e+00 -1.010000e-01
 8.600000e-01  8.150000e-01 -5.000000e-03  4.000000e-03  8.630000e-01 -8.760000e-01  8.920000e-01  9.190000e-01 -1.820000e-01  8.330000e-01 -7.840000e-01  7.560000e-01  0.000000e+00  1.100000e-01  1.000000e-03  4.800000e-02  0.000000e+00 -2.600000e-02 -8.000000e-03 -2.590000e-01 -2.720000e-01 -5.410000e-01 -5.163000e+00  0.000000e+00  0.000000e+00  0.000000e+00  6.000000e-03  0.000000e+00  9.000000e-03  2.000000e-03 -2.000000e-03  0.000000e+00 -5.400000e-02  0.000000e+00 -2.100000e-02 -1.000000e-03
 9.110000e-01  8.680000e-01  1.700000e-02 -1.800000e-02  9.140000e-01 -9.220000e-01  9.390000e-01  9.600000e-01 -2.840000e-01  8.770000e-01 -8.440000e-01  8.250000e-01  9.930000e-01  1.951350e+02  1.346000e+00  8.901700e+01 -5.120000e-01 -4.829600e+01 -1.567400e+01 -4.715590e+02 -5.005130e+02 -9.463100e+02 -1.011926e+04 -6.600000e-02 -1.700000e-02 -4.000000e-03  1.136700e+01  8.210000e-01  1.624000e+01  3.268000e+00 -3.665000e+00 -9.300000e-02 -1.032440e+02 -5.250000e-01 -3.758400e+01 -1.213000e+00
 9.470000e-01  9.210000e-01  1.470000e-01 -1.480000e-01  9.230000e-01 -8.990000e-01  9.350000e-01  9.230000e-01 -6.350000e-01  8.790000e-01 -8.490000e-01  9.600000e-01  7.690000e-01  8.300000e-01  1.300000e-02  7.420000e-01 -4.000000e-03 -3.890000e-01 -1.350000e-01 -3.500000e+00 -3.881000e+00 -5.938000e+00 -9.931400e+01  0.000000e+00  0.000000e+00  0.000000e+00  1.070000e-01  7.000000e-03  1.230000e-01  2.100000e-02 -4.100000e-02 -1.000000e-03 -9.320000e-01 -2.000000e-03 -2.700000e-01 -9.000000e-03
 9.810000e-01  9.470000e-01  8.300000e-02 -8.400000e-02  9.790000e-01 -9.720000e-01  9.940000e-01  9.950000e-01 -5.220000e-01  9.380000e-01 -9.280000e-01  9.490000e-01  9.000000e-01  9.460000e-01  9.490000e-01  4.541100e+01 -2.560000e-01 -2.449200e+01 -8.243000e+00 -2.273740e+02 -2.480610e+02 -4.161100e+02 -5.786061e+03 -7.000000e-03 -9.000000e-03 -2.000000e-03  6.242000e+00  4.220000e-01  7.883000e+00  1.465000e+00 -2.234000e+00 -5.000000e-02 -5.564100e+01 -1.640000e-01 -1.755700e+01 -5.740000e-01
-9.800000e-01 -9.530000e-01 -8.500000e-02  8.700000e-02 -9.860000e-01  9.840000e-01 -9.940000e-01 -9.970000e-01  4.850000e-01 -9.480000e-01  9.170000e-01 -9.410000e-01 -9.180000e-01 -9.570000e-01 -9.210000e-01 -9.920000e-01  1.000000e-03  1.390000e-01  4.700000e-02  1.309000e+00  1.410000e+00  2.427000e+00  3.266000e+01  0.000000e+00  0.000000e+00  0.000000e+00 -3.500000e-02 -2.000000e-03 -4.500000e-02 -8.000000e-03  1.300000e-02  0.000000e+00  3.150000e-01  1.000000e-03  1.000000e-01  3.000000e-03
-9.720000e-01 -9.380000e-01 -9.400000e-02  9.500000e-02 -9.810000e-01  9.780000e-01 -9.930000e-01 -9.940000e-01  5.050000e-01 -9.430000e-01  9.450000e-01 -9.370000e-01 -8.970000e-01 -9.430000e-01 -9.140000e-01 -9.910000e-01  9.920000e-01  1.344900e+01  4.497000e+00  1.246480e+02  1.362250e+02  2.293060e+02  3.152825e+03 -1.000000e-03  5.000000e-03  1.000000e-03 -3.357000e+00 -2.290000e-01 -4.302000e+00 -8.090000e-01  1.195000e+00  2.700000e-02  3.018900e+01  8.700000e-02  9.496000e+00  3.090000e-01
-9.860000e-01 -9.750000e-01 -8.100000e-02  8.200000e-02 -9.980000e-01  9.860000e-01 -9.850000e-01 -9.760000e-01  5.950000e-01 -9.330000e-01  9.290000e-01 -9.680000e-01 -8.370000e-01 -8.930000e-01 -9.260000e-01 -9.730000e-01  9.780000e-01  9.760000e-01  1.579000e+00  4.182700e+01  4.506800e+01  7.365900e+01  1.122728e+03 -2.000000e-03  2.000000e-03  0.000000e+00 -1.193000e+00 -7.800000e-02 -1.409000e+00 -2.550000e-01  4.390000e-01  9.000000e-03  1.048600e+01  2.100000e-02  3.087000e+00  1.000000e-01
-9.390000e-01 -9.230000e-01 -3.300000e-02  3.400000e-02 -9.560000e-01  9.570000e-01 -9.650000e-01 -9.730000e-01  4.240000e-01 -8.960000e-01  9.070000e-01 -8.780000e-01 -9.300000e-01 -9.590000e-01 -8.560000e-01 -9.580000e-01  9.700000e-01  9.650000e-01  9.450000e-01  1.239402e+03  1.271800e+03  2.279780e+03  2.822171e+04  5.500000e-02  4.900000e-02  1.000000e-02 -3.079100e+01 -2.126000e+00 -4.061400e+01 -7.930000e+00  1.036000e+01  2.480000e-01  2.760730e+02  1.013000e+00  9.135400e+01  2.943000e+00
-9.470000e-01 -8.890000e-01 -6.600000e-02  6.700000e-02 -9.520000e-01  9.520000e-01 -9.680000e-01 -9.750000e-01  4.370000e-01 -9.090000e-01  9.270000e-01 -8.940000e-01 -9.060000e-01 -9.440000e-01 -8.810000e-01 -9.700000e-01  9.700000e-01  9.780000e-01  9.450000e-01  9.510000e-01  1.441511e+03  2.424737e+03  3.098515e+04 -1.000000e-03  5.400000e-02  1.100000e-02 -3.299800e+01 -2.303000e+00 -4.417300e+01 -8.515000e+00  1.158300e+01  2.690000e-01  2.991560e+02  9.930000e-01  9.795800e+01  3.187000e+00
-8.190000e-01 -7.640000e-01 -9.000000e-03  9.000000e-03 -8.130000e-01  8.130000e-01 -8.200000e-01 -8.510000e-01  1.060000e-01 -8.130000e-01  7.440000e-01 -6.860000e-01 -9.280000e-01 -9.200000e-01 -6.950000e-01 -8.380000e-01  8.600000e-01  8.490000e-01  7.960000e-01  8.790000e-01  8.670000e-01  5.423229e+03  4.449977e+04  1.280000e-01  8.000000e-02  2.800000e-02 -4.806500e+01 -3.746000e+00 -7.727300e+01 -1.684800e+01  1.463100e+01  4.080000e-01  4.515590e+02  2.509000e+00  1.792920e+02  6.386000e+00
-9.490000e-01 -9.470000e-01 -1.370000e-01  1.380000e-01 -9.570000e-01  9.370000e-01 -9.480000e-01 -9.240000e-01  7.410000e-01 -8.900000e-01  9.260000e-01 -9.770000e-01 -7.080000e-01 -7.860000e-01 -9.280000e-01 -9.320000e-01  9.250000e-01  9.330000e-01  9.690000e-01  8.700000e-01  8.850000e-01  6.560000e-01  8.495488e+05 -2.908000e+00  1.375000e+00  1.270000e-01 -8.848390e+02 -5.541800e+01 -9.567200e+02 -1.606150e+02  3.407050e+02  6.891000e+00  7.701753e+03  6.234000e+00  2.027937e+03  6.501800e+01
-3.000000e-03  5.000000e-03 -1.200000e-02  1.300000e-02  3.500000e-02 -2.900000e-02 -2.800000e-02 -4.900000e-02 -1.350000e-01  7.600000e-02 -5.100000e-02  4.400000e-02 -2.410000e-01 -1.900000e-01 -1.200000e-02 -4.400000e-02  4.000000e-02 -6.000000e-03 -6.100000e-02  6.400000e-02 -1.000000e-03  7.000000e-02 -1.280000e-01  1.000000e-03  0.000000e+00  0.000000e+00  0.000000e+00  0.000000e+00 -2.000000e-03 -1.000000e-03 -1.000000e-03  0.000000e+00 -3.000000e-03  1.000000e-03  1.200000e-02  0.000000e+00
-8.200000e-01 -8.260000e-01 -8.800000e-02  8.900000e-02 -8.630000e-01  8.630000e-01 -8.370000e-01 -8.210000e-01  5.510000e-01 -7.750000e-01  8.220000e-01 -8.280000e-01 -6.480000e-01 -7.090000e-01 -7.620000e-01 -8.070000e-01  8.240000e-01  8.350000e-01  8.700000e-01  8.110000e-01  8.260000e-01  6.310000e-01  8.640000e-01 -3.820000e-01  0.000000e+00  0.000000e+00 -1.000000e-03  0.000000e+00 -2.000000e-03  0.000000e+00  1.000000e-03  0.000000e+00  1.200000e-02  0.000000e+00  3.000000e-03  0.000000e+00
-4.970000e-01 -3.840000e-01  7.600000e-02 -7.700000e-02 -4.770000e-01  4.940000e-01 -5.190000e-01 -5.690000e-01 -2.200000e-01 -5.450000e-01  4.970000e-01 -3.300000e-01 -7.320000e-01 -6.970000e-01 -3.840000e-01 -5.580000e-01  5.610000e-01  5.810000e-01  4.530000e-01  6.020000e-01  6.440000e-01  8.190000e-01  2.990000e-01  6.300000e-02  3.120000e-01  0.000000e+00  0.000000e+00  0.000000e+00  0.000000e+00  0.000000e+00  0.000000e+00  0.000000e+00  1.000000e-03  0.000000e+00  1.000000e-03  0.000000e+00
 9.550000e-01  9.590000e-01  1.190000e-01 -1.210000e-01  9.610000e-01 -9.440000e-01  9.590000e-01  9.380000e-01 -7.110000e-01  8.800000e-01 -9.030000e-01  9.790000e-01  7.610000e-01  8.280000e-01  9.390000e-01  9.430000e-01 -9.390000e-01 -9.320000e-01 -9.660000e-01 -8.900000e-01 -8.850000e-01 -6.640000e-01 -9.770000e-01 -7.000000e-03 -8.280000e-01 -2.690000e-01  9.650000e-01  6.000000e-02  1.039000e+00  1.750000e-01 -3.590000e-01 -7.000000e-03 -8.238000e+00 -1.300000e-02 -2.269000e+00 -7.100000e-02
 9.850000e-01  9.610000e-01  8.600000e-02 -8.700000e-02  9.860000e-01 -9.770000e-01  9.980000e-01  9.930000e-01 -5.780000e-01  9.280000e-01 -9.410000e-01  9.630000e-01  8.810000e-01  9.310000e-01  9.420000e-01  9.930000e-01 -9.900000e-01 -9.880000e-01 -9.840000e-01 -9.570000e-01 -9.610000e-01 -8.060000e-01 -9.530000e-01 -4.600000e-02 -8.230000e-01 -5.000000e-01  9.640000e-01  4.000000e-03  7.300000e-02  1.300000e-02 -2.200000e-02  0.000000e+00 -5.290000e-01 -1.000000e-03 -1.620000e-01 -5.000000e-03
 9.470000e-01  9.020000e-01  5.200000e-02 -5.300000e-02  9.550000e-01 -9.610000e-01  9.780000e-01  9.890000e-01 -3.980000e-01  9.230000e-01 -9.140000e-01  8.890000e-01  9.460000e-01  9.760000e-01  8.890000e-01  9.820000e-01 -9.840000e-01 -9.850000e-01 -9.420000e-01 -9.690000e-01 -9.770000e-01 -8.810000e-01 -8.720000e-01 -8.000000e-02 -7.820000e-01 -6.540000e-01  8.880000e-01  9.710000e-01  1.418000e+00  2.730000e-01 -3.560000e-01 -8.000000e-03 -9.431000e+00 -3.700000e-02 -3.179000e+00 -1.030000e-01
 8.540000e-01  7.950000e-01 -1.900000e-02  1.900000e-02  8.610000e-01 -8.730000e-01  8.890000e-01  9.170000e-01 -1.860000e-01  8.450000e-01 -8.340000e-01  7.420000e-01  9.670000e-01  9.690000e-01  7.510000e-01  9.000000e-01 -9.100000e-01 -9.140000e-01 -8.410000e-01 -9.330000e-01 -9.290000e-01 -9.480000e-01 -7.220000e-01 -1.110000e-01 -6.780000e-01 -8.060000e-01  7.380000e-01  8.740000e-01  9.510000e-01  5.800000e-02 -5.300000e-02 -1.000000e-03 -1.645000e+00 -9.000000e-03 -6.270000e-01 -2.100000e-02
-8.890000e-01 -8.990000e-01 -1.630000e-01  1.640000e-01 -8.920000e-01  8.690000e-01 -8.760000e-01 -8.440000e-01  7.740000e-01 -8.320000e-01  8.240000e-01 -9.540000e-01 -5.960000e-01 -6.810000e-01 -9.130000e-01 -8.600000e-01  8.470000e-01  8.460000e-01  9.060000e-01  7.640000e-01  7.920000e-01  5.160000e-01  9.590000e-01 -1.250000e-01  8.100000e-01  1.390000e-01 -9.480000e-01 -8.870000e-01 -7.770000e-01 -5.690000e-01  1.480000e-01  3.000000e-03  3.056000e+00  1.000000e-03  7.510000e-01  2.300000e-02
-9.690000e-01 -9.600000e-01 -1.130000e-01  1.150000e-01 -9.800000e-01  9.690000e-01 -9.850000e-01 -9.700000e-01  6.620000e-01 -9.160000e-01  9.410000e-01 -9.780000e-01 -8.080000e-01 -8.720000e-01 -9.430000e-01 -9.720000e-01  9.680000e-01  9.710000e-01  9.830000e-01  9.250000e-01  9.300000e-01  7.280000e-01  9.830000e-01 -2.000000e-02  8.490000e-01  3.900000e-01 -9.850000e-01 -9.860000e-01 -9.340000e-01 -8.060000e-01  9.310000e-01  0.000000e+00  6.500000e-02  0.000000e+00  1.800000e-02  1.000000e-03
-9.680000e-01 -9.600000e-01 -1.120000e-01  1.140000e-01 -9.780000e-01  9.670000e-01 -9.830000e-01 -9.680000e-01  6.680000e-01 -9.130000e-01  9.390000e-01 -9.790000e-01 -8.050000e-01 -8.690000e-01 -9.440000e-01 -9.710000e-01  9.660000e-01  9.680000e-01  9.810000e-01  9.220000e-01  9.270000e-01  7.210000e-01  9.830000e-01 -1.500000e-02  8.460000e-01  3.810000e-01 -9.860000e-01 -9.860000e-01 -9.310000e-01 -8.010000e-01  9.330000e-01  1.000000e+00  7.232400e+01  1.350000e-01  2.053300e+01  6.460000e-01
-3.340000e-01 -2.830000e-01  1.000000e-01 -1.000000e-01 -3.450000e-01  3.960000e-01 -4.100000e-01 -4.640000e-01 -3.380000e-01 -3.590000e-01  2.880000e-01 -2.020000e-01 -7.350000e-01 -6.660000e-01 -2.610000e-01 -4.300000e-01  4.540000e-01  4.210000e-01  2.960000e-01  5.100000e-01  4.640000e-01  6.040000e-01  1.200000e-01  5.540000e-01  1.260000e-01  6.220000e-01 -2.390000e-01 -3.970000e-01 -5.470000e-01 -6.550000e-01  3.100000e-02  2.820000e-01  2.810000e-01  3.000000e-03  1.000000e-01  3.000000e-03
-9.230000e-01 -8.800000e-01 -2.400000e-02  2.500000e-02 -9.260000e-01  9.360000e-01 -9.530000e-01 -9.710000e-01  3.160000e-01 -8.980000e-01  8.610000e-01 -8.490000e-01 -9.780000e-01 -9.930000e-01 -8.580000e-01 -9.620000e-01  9.680000e-01  9.560000e-01  9.070000e-01  9.580000e-01  9.530000e-01  8.990000e-01  8.120000e-01  1.820000e-01  7.200000e-01  6.710000e-01 -8.530000e-01 -9.460000e-01 -9.850000e-01 -9.590000e-01  7.200000e-01  8.930000e-01  8.910000e-01  6.520000e-01  7.336000e+00  2.340000e-01
-8.550000e-01 -7.920000e-01  1.500000e-02 -1.500000e-02 -8.210000e-01  8.040000e-01 -8.410000e-01 -8.610000e-01  2.940000e-01 -8.170000e-01  7.890000e-01 -7.560000e-01 -8.690000e-01 -8.840000e-01 -7.740000e-01 -8.660000e-01  8.560000e-01  8.570000e-01  8.120000e-01  8.510000e-01  8.540000e-01  8.830000e-01  7.180000e-01  1.400000e-01  5.200000e-01  7.400000e-01 -7.310000e-01 -8.420000e-01 -8.760000e-01 -8.940000e-01  6.080000e-01  7.770000e-01  7.740000e-01  4.920000e-01  8.800000e-01  1.000000e-02

Derivative matrix of expected statistics X by parameters:

        9.480         0.000         0.000         0.000        -4.276      -122.486       441.646        -0.663         1.624        -0.239         6.489        -1.981       193.285        -0.215        -8.871         0.402         8.658        -0.634        -3.308        -3.990         0.000         0.000         0.000         6.877       209.221       602.737        -0.853         5.540        -0.423         0.663        -0.103      -509.207         0.165       -12.792         0.797         9.106
        0.000        14.196         0.000         0.000        -6.792      -193.967       415.928        -0.268         4.124         0.527        -4.569         1.230      -139.250         0.059         4.504        -0.143        15.416        -0.628        -5.193         0.000       -24.967         0.000         0.000        25.537       969.507      -422.532        -0.025        -6.125         0.577        -8.116         3.049     -1507.023         1.185       -41.228         3.202        24.805
        0.000         0.000         1.000         1.000         0.000         0.000         0.000         0.000         0.000         0.000         0.000         0.000         0.000         0.000         0.000         0.000         0.000         0.000         0.000         0.000         0.000         0.000         0.000         0.000         0.000         0.000         0.000         0.000         0.000         0.000         0.000         0.000         0.000         0.000         0.000         0.000
        0.000         0.000         1.000         1.000         0.000         0.000         0.000         0.000         0.000         0.000         0.000         0.000         0.000         0.000         0.000         0.000         0.000         0.000         0.000         0.000         0.000         0.000         0.000         0.000         0.000         0.000         0.000         0.000         0.000         0.000         0.000         0.000         0.000         0.000         0.000         0.000
    -1980.933      -632.206         0.000         0.000     12329.225    448482.603     62534.507      -345.023     -1340.807        62.848     -2354.714       594.738    557561.741      -521.370     -1034.372       -66.623     16584.954      -465.905     19222.731      -471.785      -184.188      -517.256       277.603       251.545     17465.568      7018.899        29.158     -7828.001       217.627       -42.812        18.375    111809.473       -75.386      -899.507       121.512       270.911
   -99860.556    -29037.522         0.000         0.000    140134.995   5554438.715   1376194.628     -7786.977     84922.519      2224.676     19187.003     -7465.077 -12662047.252      8441.056   -140434.606      3477.195     15667.122      2247.912    168666.618    -14928.275     -2042.803      9964.051      7738.586    -22173.647   -858877.803   2754751.859      -962.200   -449149.278     14824.977    -26770.078      3867.233   -611390.813       479.519   -113715.786      8765.140    -16570.312
   -85594.615    -15629.914         0.000         0.000     64112.855   2608265.419 116554785.768   -127424.187   -161009.155     10082.547    194845.560    -69517.288  -6827957.217       677.897   -105014.736     10186.974   1832423.693     36861.002    139579.991   -110678.870    -26540.422      6498.724   -152097.523     14594.066  -2605541.321  -3091971.835     -5767.186   -997363.084     21678.513    128080.359    -31606.797  22357317.940    -13496.621    194498.261    -16144.678     86128.058
      111.731        22.187         0.000         0.000      -216.212     -8474.576   -174736.272       219.600        87.623       -19.887      -238.625        84.113     31978.743       -16.846       196.909       -19.720      -365.209       -26.444      -381.254       142.362        64.050       -33.823       144.574      -114.660      -182.127     13669.741         2.008       698.575       -40.444      -264.915        70.508    -27165.812        19.146      -447.184        43.446      -156.941
     4289.972       716.099         0.000         0.000      2906.376    111560.149   1777052.838     -1730.694     86977.448      -142.781     -5150.200      1492.228   -557270.154       312.321      1170.090       -41.789     64384.969       356.878      6336.337     -1202.074       575.264      1395.937      -280.353      2476.064    133498.967   -424883.479       653.373     16516.924      -922.026     -4240.761       848.589   -268870.871       187.135       162.988       113.787      2463.686
     -114.334        -8.356         0.000         0.000      -709.349    -24886.807     12864.892       -19.163     -1262.749        79.020       480.675      -128.770    -71188.288        65.482      -427.042        19.198      -358.570        33.847     -1169.508        40.674        81.099        74.996      -310.954      -708.573    -32337.073     47822.450       -40.327     -1590.533        84.631        -3.141         7.460     20718.451        -8.879      -294.855        23.471      -376.161
     -493.541      -282.459         0.000         0.000     -3515.797   -118902.091     90100.516      -234.578     -4192.200      -121.160      4931.400     -1377.754   -704615.925       520.054     -5052.656       263.199     15935.777       334.779     -6400.576       101.864      -339.238       116.017      -755.487      -388.732    -21040.789      1895.434        -8.692      -886.675        -9.676      -192.701        37.444    -24742.055       -15.884     -2373.903       217.897      -320.207
      290.596        67.625         0.000         0.000       751.271     24392.642    -16175.277        68.441       793.094        41.888     -1362.613       441.672    224933.955      -161.168      1106.809       -55.939      1652.117       -63.440      1378.907       171.723       115.827       -42.181       230.038      -231.990     -5695.643      5858.396       -12.227      -689.998        41.310        56.277        -9.588     11342.562         7.758       775.883       -70.559      -166.669
    40855.806      9259.348         0.000         0.000    665523.519  24254223.739  -2625725.297      4377.133  -1303294.543     14642.944   -323382.412     84511.527 259835611.267   -201115.936    295681.798     -2081.506    716215.826    -53145.102   1126699.512      3356.692     13151.112     99710.143    -59660.629    -96016.979  -4804972.847 -11178187.077      6952.602    988484.781     10932.664     99167.689    -16443.175  10045117.776     -8156.386    178896.316    -40353.197    -61530.722
      -40.170        -8.717         0.000         0.000      -511.558    -18546.043      4244.812        -7.758       946.609        -8.999       242.957       -62.678   -191831.590       151.776      -180.309        -0.023      -994.116        35.458      -877.743         9.443       -17.064       -57.928        37.362        55.553      2871.103     11065.452        -7.977      -721.604       -10.787      -119.221        20.091    -10002.050         8.054      -183.119        35.453        45.442
      394.080       172.963         0.000         0.000      4616.591    160128.687   -413546.937       149.400      2914.385       -29.730     -1856.658       519.557   -209303.674        97.312     15159.179      -907.381    -81629.471      -891.613      8358.186        94.375        93.408      -979.554      1142.064       706.839     55250.576   -202187.902       170.634      7357.320      -452.175       541.219      -139.344     69103.370       -37.722      9418.186      -722.005      -462.144
      -23.382        -7.771         0.000         0.000      -154.027     -5723.894     17710.757        -7.420      -185.333         0.037        42.360       -13.688     50246.462       -36.887      -573.731        54.019      1815.520        34.222      -301.571       -29.672       -10.334       100.683       -72.865       -23.943     -3011.645      8255.296       -15.483      -251.075         8.650       -54.684        25.360     -7054.233         3.289      -970.598        75.614        13.090
    15981.494      2524.037         0.000         0.000     31630.042   1291203.281   4736646.363     -5601.109    -35177.037       865.149     14083.494     -2519.687   5319182.840     -3592.069    -39436.573      1510.486   1140454.333     -2590.928     52795.294     -2283.178      2955.054      4821.622     -3225.791    -23188.293   -816438.728   3715000.670      -736.034    -61593.702     -1877.096    -42520.697     10166.216    -64957.335       187.881    -69514.060      5614.215      2295.903
      -49.721        -7.155         0.000         0.000      -363.534    -13887.415     33123.015        22.712      1699.077        34.343        26.836       -10.059    -15014.526        22.278      -130.277        11.711      8019.697       108.601      -545.848        16.345        50.481       -69.087        47.326      -174.644     -7691.768     -7628.220       -11.457     -1312.223        44.351       231.886       -63.397     -4125.085         8.927       199.160       -17.251      -186.396
     -198.326       -74.324         0.000         0.000     12831.467    465357.474    129141.333      -352.665     -2181.030        63.245     -2778.552       748.298    843704.493      -743.906       191.937      -137.651     27976.924      -590.861     21092.400      -433.026       -22.323      -749.329        48.160       476.961     23683.920     21322.877        32.470      -920.443       -39.057       479.856      -108.067    103875.743       -65.974      1802.044       -77.729       595.470
        1.042         0.000         0.000         0.000        -0.997       -61.449      -217.943         0.542        10.318         0.428        -1.304         0.315        46.276        -0.004         3.249        -0.077        91.495         0.450        -2.773        39.348         0.000         0.000         0.000       -26.729      -777.927      -432.097         0.970        -0.489        -0.149         2.246         0.184      -235.762         0.020       -18.925         1.682       -30.785
        0.000         1.795         0.000         0.000        -2.483      -119.023      -174.263         0.388         5.463         0.258        -2.437         0.837       111.243        -0.011         2.246        -0.148        49.632         0.198        -3.374         0.000        39.476         0.000         0.000       -31.294     -1030.707      -994.790         1.398       -15.774         0.333         8.493        -2.784       118.879         0.036        26.484        -1.627       -27.864
        0.000         0.000         0.000         0.000       -10.565      -379.069      -600.669         0.297         4.785        -0.319         1.755        -0.686      -696.158         0.569        -4.242         0.232       -74.965         0.215       -17.808         0.000         0.000         2.181         0.000        -0.595       -45.371      -287.678        -0.103        -7.480         0.445         2.135        -0.279      -240.471         0.151        -3.671         0.243        -1.937
        0.000         0.000         0.000         0.000        -1.471       -60.080        50.327         0.004        -2.231        -0.021        -1.090         0.232       -56.028         0.023         1.070        -0.016       -22.406         0.038        -2.924         0.000         0.000         0.000         0.356         0.184         3.328         2.391        -0.030         1.146         0.128         0.447        -0.097       -55.318         0.027         0.552        -0.004         0.063
    -4480.821     -1250.533         0.000         0.000      6427.586    229188.604    673100.744      -417.285      7655.889      -504.908     -2692.142       437.455    483879.508      -300.924      3148.361      -145.114    -39831.577       140.038      4254.099    -15108.161    -10461.103       145.275     23074.410     38357.369   1446252.009    485444.894      -510.124     16040.003      -707.783     -4669.776      1189.673   -305892.912       342.725    -11712.626       444.599     28451.254
  -156901.571    -51911.139         0.000         0.000    153415.242   5517646.079  22846932.229    -16473.803   -189791.235     -8377.707    -79088.488     11469.550  20936853.399    -15748.259    236729.721     -7551.142  -3663667.452      3341.575    208392.728   -653784.797   -447874.557    -27751.835    237613.251   1163837.273  42958232.829   7538423.392    -14529.054    466118.898    -19939.683    -51699.956     11953.488  -1005315.227      3509.785   -230832.317     13604.505   1137424.749
   -37959.542      5227.114         0.000         0.000    196014.784   7034574.825  67530023.735    -68550.868    827482.887    -41698.744    -28837.675       586.969   4083186.121      -475.254     32337.136     -1009.883   -186623.587     -9668.715     65167.659     18562.857    -53744.520     -4908.039    575428.290    226208.638   9005120.632 338631340.077   -270403.797    939394.979     30385.999     75468.234    -42266.163 -10620592.000     15995.502     30176.492    -13064.244   -300996.586
      111.614       -19.964         0.000         0.000      -160.887     -5624.795    -70634.613        92.493      -872.205        31.514        13.523         1.006     -4509.773         2.674        71.131        -6.901       211.520         1.412      -165.518        11.659        53.872        -7.466      -852.297      -542.503    -24734.496   -296713.852       369.200      -537.599        18.499       131.666        -9.649     29116.878       -28.871       656.877       -14.934        90.794
     5223.949      -398.995         0.000         0.000      2726.406     41499.862   1593750.362     -1697.675     93883.675     -2508.517     -8419.849      2119.470  -1272241.495       831.892      5103.351      -381.761     20202.034      -358.967     -6781.377      1040.670     -1958.569       485.567     30004.193     17117.824    867769.457   1953531.684      -205.751    322987.489     -4334.590       629.450       331.929    -54971.964       467.773     21844.885     -1540.993      5543.356
      -88.500        10.944         0.000         0.000      -229.728     -5418.661     56511.708       -33.265     -1127.884       141.510       760.800      -189.228     23350.886        -6.870      -227.771        19.990     13492.289       108.320       203.095      -155.823       145.410         0.245     -1133.692      -789.333    -38849.965     36240.768        -0.315     -4769.456       378.505       187.655       -63.291      8172.536       -11.597      -231.017        35.893      -316.555
     -615.898      -135.603         0.000         0.000       -25.042      1338.829    294309.620      -373.558      5620.750        79.587      2132.299      -594.276   -248539.729       159.732     -1169.743        56.551     18313.155       222.909      -269.633      1072.123      1278.818       -47.273     -2398.938     -3154.148   -114109.911     -6864.479      -146.029     -1576.251      -137.944      8960.928     -2751.447    144919.684      -142.828      1312.952       -74.678     -1710.788
      202.382        34.546         0.000         0.000       166.442      5646.919    -30183.790        45.547       -48.533        -0.710      -354.308       158.095     81772.944       -55.515       511.950       -18.748       873.608       -59.442       116.763      -292.565      -493.824        14.708       337.826       845.438     26339.770      1290.348        34.845      2510.600        56.812     -2489.063      1034.674    -21331.561        28.561      -363.843        24.535       580.970
    56372.899    -23872.385         0.000         0.000      8354.405    -17899.323 -14698847.340     22644.362    174562.361     18289.097    138174.207    -29586.993  35642453.256    -26564.753    319639.014    -10321.901    487374.535     13305.566    194413.611     45884.113    -51872.013      5587.038   -649154.341   -303662.013 -13935533.738 -48525614.770     46719.239   -118013.820      2215.682    201899.113    -59586.879 148700543.704   -121172.420    432152.043    -13502.801     34150.472
      -46.349        14.672         0.000         0.000       -13.769      -327.454     15891.622       -16.581      -283.817       -21.719      -160.657        35.481    -16720.432        14.240      -180.187         4.912      -722.172       -10.918      -138.194       -78.180        17.853        -9.027       449.552       241.743     10295.004     42515.199       -28.273       297.021         2.898      -103.452        33.935   -108566.475        97.209      -229.684         4.895        23.972
     1340.468       231.240         0.000         0.000      7397.571    282222.640    556515.640      -561.684    -15678.755        58.231     -5915.005      1291.130    788932.495      -622.299      6936.388      -620.632     62285.561      -424.234     12062.418     -2941.520      2585.088     -1818.275     -6017.502     -4104.398   -155745.346    -36341.144       509.733     22274.574       445.580       759.599        22.433    355953.229      -138.223     53430.573     -3757.330       377.468
      -51.652       -16.683         0.000         0.000      -613.045    -23865.180    -29667.251        55.134      1145.504        12.192       411.123       -93.613    -27829.033        25.086      -215.628        45.278     -5423.083        46.796      -890.668       157.398      -122.744       102.731      -432.504      -209.051    -11596.532       911.391       -30.538      -226.788        -2.899       210.186       -73.623    -21510.606         2.351     -3457.458       304.829       -83.482
    -2690.465      -911.119         0.000         0.000      1951.594     78150.875    180942.997      -118.002     -5566.474        78.043      -176.467       -56.609    166262.693      -119.547      1454.009       -33.329    -46093.258        62.374      2702.707     -7924.786     -5315.486      -119.118     -2744.887     11441.439    384923.663   -214720.954        72.751     10923.409      -230.702       317.846       -87.594      5960.523        21.987     -1687.085       154.631     16797.665

Covariance matrix of X (correlations below diagonal):

 2.614537e+04  3.328690e+02  7.678630e+02  8.981200e+01 -1.273881e+04 -4.538881e+05 -6.603263e+04  6.184520e+02  3.004699e+04 -5.036890e+02 -6.144735e+03  2.167199e+03  7.068262e+05 -5.516700e+02  3.157380e+03 -6.546000e+01  1.792108e+05 -4.749470e+02 -1.194271e+04  2.083006e+04  3.200680e+02  9.134400e+01  3.428830e+02 -1.887966e+04 -5.920139e+05 -5.199614e+04  4.038920e+02  1.392955e+04 -4.449790e+02 -1.687833e+03  6.649540e+02  1.544313e+05 -1.850010e+02  3.041718e+03 -1.245490e+02 -2.437529e+04
 3.300000e-02  3.931405e+03 -1.482005e+03 -2.463740e+02 -3.740802e+03 -1.480057e+05 -9.093323e+04  1.698460e+02  2.196014e+03 -8.218000e+00 -1.445981e+03  4.321570e+02  2.972101e+04 -1.835700e+01  1.971205e+03 -6.051500e+01  1.554936e+04 -5.503700e+01 -4.242921e+03  5.151250e+02  6.116874e+03  3.765000e+01  5.248590e+02 -6.311680e+03 -2.133829e+05  2.571330e+04  8.544600e+01 -5.656225e+03  1.948970e+02  6.580400e+01  5.629400e+01 -8.080442e+04  5.946600e+01  5.071089e+03 -3.247050e+02 -7.697453e+03
 1.000000e-02 -4.900000e-02  2.368007e+05  4.353500e+02  1.280598e+05  4.628886e+06  8.255629e+05 -3.188706e+03 -6.431251e+04 -4.460670e+02 -4.136766e+04  1.192702e+04  1.161740e+07 -1.007653e+04  4.866660e+04 -2.753950e+03 -2.891270e+05 -8.973242e+03  2.174237e+05  2.513117e+03 -4.689018e+03 -5.168340e+03 -4.612180e+02  1.651510e+04  7.380393e+05 -6.006147e+05  6.117830e+02  6.976444e+04 -3.547939e+03  2.960960e+02  2.775810e+02  1.930279e+05 -1.818270e+02  2.132108e+04 -1.337856e+03  1.497746e+04
 3.000000e-03 -1.900000e-02  4.000000e-03  4.243899e+04  2.109712e+04  8.474343e+05  6.964039e+05 -1.149759e+03  3.181784e+03  7.590400e+01 -2.536956e+03  9.906160e+02  5.834178e+05 -3.001290e+02 -1.527793e+04  3.798930e+02  3.072795e+05 -7.824860e+02  2.607884e+04  5.297000e+00 -1.006418e+03  1.672650e+02  1.117870e+04  6.986441e+03  3.207773e+05  6.506726e+05 -5.812470e+02  1.156215e+04 -6.913730e+02 -1.452873e+03  3.167250e+02 -2.733701e+04  7.547600e+01 -7.745750e+03  4.313400e+02  7.649170e+02
-2.580000e-01 -1.950000e-01  8.620000e-01  3.350000e-01  9.325784e+04  3.411463e+06  8.915385e+05 -2.587874e+03 -5.027350e+04 -1.164560e+02 -1.759362e+04  5.063817e+03  6.430217e+06 -5.447726e+03  1.633237e+04 -1.378316e+03 -3.882660e+04 -4.937814e+03  1.462129e+05 -1.116558e+04 -8.782003e+03 -2.735940e+03  4.871449e+03  2.981307e+04  1.138041e+06  7.126958e+04 -2.295550e+02  4.276248e+04 -2.303665e+03  5.900860e+02 -1.982200e+02  6.236546e+04 -3.042000e+00  2.785629e+03 -2.996980e+02  2.966508e+04
-2.500000e-01 -2.100000e-01  8.480000e-01  3.670000e-01  9.950000e-01  1.259723e+08  3.810868e+07 -1.025584e+05 -1.914427e+06  2.299626e+03 -6.024551e+05  1.742598e+05  2.295774e+08 -1.948281e+05  5.075575e+05 -4.739144e+04 -1.292145e+06 -1.820844e+05  5.356477e+06 -4.731298e+05 -3.852451e+05 -9.375181e+04  9.083428e+04  1.147189e+06  4.279956e+07  4.612238e+05 -8.691778e+03  1.540380e+06 -8.108496e+04  3.394092e+04 -1.178185e+04  2.977526e+06 -6.828600e+02  5.215145e+04 -7.169516e+03  1.211093e+06
-1.400000e-02 -4.900000e-02  5.700000e-02  1.130000e-01  9.800000e-02  1.140000e-01  8.932779e+08 -9.337706e+05  3.977071e+06  7.322247e+04  3.568420e+05 -1.641156e+05 -2.861377e+07  1.841409e+04  4.381687e+05  3.574177e+03  1.046845e+07  1.485854e+05  1.510008e+06 -8.553505e+05 -1.183257e+04  3.768215e+04  2.344872e+05  7.679317e+05  2.496114e+07  1.502057e+08 -1.246150e+05  1.150978e+06  1.308749e+04 -1.973124e+05  2.042484e+04 -4.208350e+07  4.025383e+04 -1.423641e+05 -6.864796e+03  8.049199e+05
 1.090000e-01  7.700000e-02 -1.870000e-01 -1.590000e-01 -2.420000e-01 -2.610000e-01 -8.910000e-01  1.230311e+03  1.913000e+01 -8.051300e+01 -6.737210e+02  2.506260e+02  1.327908e+05 -5.409300e+01 -1.216700e+01 -7.555000e+00  1.705917e+04  6.339700e+01 -4.201582e+03  1.213694e+03  3.145150e+02 -2.625100e+01  1.983160e+02 -1.244909e+03 -3.846523e+04 -1.369324e+05  1.689000e+02 -7.908470e+02  3.832800e+01 -4.895500e+01  5.587400e+01  4.866561e+04 -3.705900e+01  2.242610e+02  3.812000e+00 -1.591395e+03
 2.610000e-01  4.900000e-02 -1.850000e-01  2.200000e-02 -2.310000e-01 -2.390000e-01  1.870000e-01  1.000000e-03  5.078495e+05 -3.906162e+03 -6.212466e+03  1.710560e+03 -3.947151e+06  3.862249e+03 -1.729959e+03  4.123900e+01  8.886860e+05  5.827916e+03 -9.335234e+04  2.772892e+04  8.719277e+03  3.071506e+03  5.777225e+04 -5.610089e+03  2.698872e+05  3.420786e+06 -1.275910e+03  1.839556e+05 -3.408976e+03 -1.391925e+04  4.014005e+03 -3.705454e+05  6.244300e+02 -1.637538e+04  2.025390e+02 -3.918611e+04
-1.500000e-01 -6.000000e-03 -4.400000e-02  1.800000e-02 -1.800000e-02  1.000000e-02  1.180000e-01 -1.110000e-01 -2.650000e-01  4.294510e+02  1.215253e+03 -3.157590e+02 -1.763171e+04  1.694200e+01  2.942730e+02  1.250400e+01  1.633760e+03  7.727400e+01  7.277710e+02 -8.513820e+02 -1.636770e+02  5.340700e+01 -2.575346e+03 -5.952650e+02 -4.263136e+04 -1.064369e+05  4.647800e+01 -4.833085e+03  2.794400e+02  6.796610e+02 -1.864290e+02  8.746434e+03 -1.099800e+01  3.568120e+02  1.100500e+01  8.787550e+02
-2.260000e-01 -1.370000e-01 -5.060000e-01 -7.300000e-02 -3.430000e-01 -3.190000e-01  7.100000e-02 -1.140000e-01 -5.200000e-02  3.490000e-01  2.823795e+04 -7.906790e+03 -2.788096e+06  2.258662e+03 -1.274105e+04  6.835710e+02  1.561055e+04  1.681919e+03 -2.832124e+04 -9.996565e+03 -3.128815e+03  1.065329e+03 -9.912096e+03  3.270052e+03 -1.377859e+04 -1.664000e+05 -3.287720e+02 -2.790253e+04  1.364750e+03  5.955071e+03 -1.979809e+03  4.290904e+04 -5.537300e+01 -5.253610e+03  3.914440e+02  1.096350e+04
 2.760000e-01  1.420000e-01  5.050000e-01  9.900000e-02  3.420000e-01  3.200000e-01 -1.130000e-01  1.470000e-01  4.900000e-02 -3.140000e-01 -9.700000e-01  2.353606e+03  8.223595e+05 -6.647310e+02  3.563452e+03 -1.875050e+02  4.030202e+03 -5.167780e+02  8.370875e+03  3.309965e+03  9.491110e+02 -2.690930e+02  2.386695e+03 -1.574539e+03 -1.964745e+04  7.113438e+03  1.188460e+02  8.063236e+03 -3.862740e+02 -1.585199e+03  5.753600e+02 -6.302325e+03  8.130000e+00  1.544577e+03 -1.060020e+02 -3.649875e+03
 1.180000e-01  1.300000e-02  6.420000e-01  7.600000e-02  5.670000e-01  5.500000e-01 -2.600000e-02  1.020000e-01 -1.490000e-01 -2.300000e-02 -4.460000e-01  4.560000e-01  1.381002e+09 -1.073672e+06  3.412811e+06 -1.361016e+05  2.799967e+07 -3.549698e+05  1.152883e+07  6.520088e+05 -4.071200e+03 -2.660738e+05  1.705523e+04  3.309000e+05  2.125697e+07 -7.457245e+07  1.030855e+05  6.137945e+06 -2.131277e+05 -3.130323e+04  5.040924e+04  6.769132e+07 -4.688421e+04  1.534504e+06 -1.055568e+05  2.932333e+05
-1.170000e-01 -1.000000e-02 -7.080000e-01 -5.000000e-02 -6.100000e-01 -5.940000e-01  2.100000e-02 -5.300000e-02  1.850000e-01  2.800000e-02  4.600000e-01 -4.690000e-01 -9.880000e-01  8.548200e+02 -2.716821e+03  1.073760e+02 -1.477392e+04  3.226040e+02 -9.794843e+03 -5.430670e+02  7.089700e+01  2.199590e+02  1.765840e+02 -2.633000e+02 -1.619277e+04  6.931303e+04 -8.511500e+01 -4.554083e+03  1.766100e+02 -9.014000e+00 -2.921100e+01 -4.941161e+04  3.900300e+01 -1.247521e+03  8.136000e+01 -3.016860e+02
 7.500000e-02  1.210000e-01  3.840000e-01 -2.850000e-01  2.060000e-01  1.740000e-01  5.600000e-02 -1.000000e-03 -9.000000e-03  5.500000e-02 -2.910000e-01  2.820000e-01  3.530000e-01 -3.570000e-01  6.769551e+04 -3.178081e+03 -1.712147e+05 -1.765093e+03  3.620197e+04  3.910445e+03  3.204532e+03 -2.416587e+03 -4.271878e+03 -4.688833e+03 -1.055320e+05 -6.208490e+05  7.715410e+02  2.789471e+04 -8.497620e+02  1.014807e+03 -5.308800e+01 -3.506024e+04  1.607700e+01  2.774772e+04 -1.851137e+03 -5.516530e+03
-2.800000e-02 -6.800000e-02 -3.980000e-01  1.300000e-01 -3.180000e-01 -2.970000e-01  8.000000e-03 -1.500000e-02  4.000000e-03  4.200000e-02  2.860000e-01 -2.720000e-01 -2.580000e-01  2.580000e-01 -8.600000e-01  2.019040e+02  7.695067e+03  1.334310e+02 -2.535893e+03 -1.193980e+02 -5.121800e+01  1.149800e+02  1.006990e+02  4.860700e+01 -1.766142e+03  1.602946e+04 -2.833100e+01 -2.003411e+03  6.798600e+01 -8.447600e+01  2.129800e+01 -9.922101e+03  4.084000e+00 -1.558479e+03  1.226950e+02  6.817600e+01
 3.290000e-01  7.400000e-02 -1.760000e-01  4.430000e-01 -3.800000e-02 -3.400000e-02  1.040000e-01  1.440000e-01  3.700000e-01  2.300000e-02  2.800000e-02  2.500000e-02  2.240000e-01 -1.500000e-01 -1.950000e-01  1.610000e-01  1.134943e+07  2.595234e+04 -4.373267e+04  1.960027e+05  6.661310e+04 -1.333816e+03  6.838468e+04 -1.917550e+05 -5.501799e+06  3.613823e+06  2.590119e+03  8.070105e+04  9.748290e+02 -1.490185e+03  3.205371e+03  3.786150e+06 -2.221244e+03  1.788439e+04  5.478800e+01 -2.746812e+05
-1.120000e-01 -3.300000e-02 -7.020000e-01 -1.450000e-01 -6.160000e-01 -6.180000e-01  1.890000e-01  6.900000e-02  3.110000e-01  1.420000e-01  3.810000e-01 -4.060000e-01 -3.640000e-01  4.200000e-01 -2.580000e-01  3.580000e-01  2.930000e-01  6.895840e+02 -8.295645e+03 -5.083740e+02  2.324140e+02  1.806270e+02 -2.297900e+02 -3.834050e+02 -2.159883e+04  4.232752e+04 -1.492600e+01 -2.587047e+03  1.789260e+02 -1.803590e+02  3.399800e+01 -1.726656e+04  1.509600e+01 -5.994220e+02  5.230900e+01 -2.528660e+02
-1.490000e-01 -1.370000e-01  9.020000e-01  2.550000e-01  9.660000e-01  9.630000e-01  1.020000e-01 -2.420000e-01 -2.640000e-01  7.100000e-02 -3.400000e-01  3.480000e-01  6.260000e-01 -6.760000e-01  2.810000e-01 -3.600000e-01 -2.600000e-02 -6.370000e-01  2.455904e+05 -1.438692e+04 -1.290492e+04 -4.776945e+03 -1.283808e+04  3.222059e+04  1.169353e+06 -5.492871e+05  2.691370e+02  6.240610e+04 -3.088091e+03  4.605480e+03 -1.231265e+03  3.761352e+05 -2.964010e+02  1.483739e+04 -8.584760e+02  4.130338e+04
 4.520000e-01  2.900000e-02  1.800000e-02  0.000000e+00 -1.280000e-01 -1.480000e-01 -1.000000e-01  1.210000e-01  1.360000e-01 -1.440000e-01 -2.090000e-01  2.390000e-01  6.200000e-02 -6.500000e-02  5.300000e-02 -2.900000e-02  2.040000e-01 -6.800000e-02 -1.020000e-01  8.130126e+04  1.039420e+02 -2.962260e+02 -9.862980e+02 -6.469988e+04 -2.137305e+06 -1.061308e+05  7.696740e+02  1.221077e+04 -9.850980e+02  2.651456e+03 -3.375220e+02  5.486349e+05 -7.028240e+02 -4.731251e+03  5.852310e+02 -7.443345e+04
 9.000000e-03  4.270000e-01 -4.200000e-02 -2.100000e-02 -1.260000e-01 -1.500000e-01 -2.000000e-03  3.900000e-02  5.400000e-02 -3.500000e-02 -8.100000e-02  8.600000e-02  0.000000e+00  1.100000e-02  5.400000e-02 -1.600000e-02  8.700000e-02  3.900000e-02 -1.140000e-01  2.000000e-03  5.223525e+04 -7.184520e+02  3.636369e+03 -4.852740e+04 -1.650803e+06  1.267843e+05  6.932480e+02 -3.799962e+04  1.249710e+03  4.354760e+03 -1.029082e+03 -1.470777e+05  1.919230e+02  3.899727e+04 -2.273954e+03 -5.154412e+04
 1.200000e-02  1.200000e-02 -2.210000e-01  1.700000e-02 -1.860000e-01 -1.740000e-01  2.600000e-02 -1.600000e-02  9.000000e-02  5.400000e-02  1.320000e-01 -1.150000e-01 -1.490000e-01  1.560000e-01 -1.930000e-01  1.680000e-01 -8.000000e-03  1.430000e-01 -2.000000e-01 -2.200000e-02 -6.500000e-02  2.314154e+03  2.396000e+00  6.577160e+02  1.524801e+03  5.331025e+04 -5.689800e+01  3.882926e+03 -4.012000e+01 -6.006650e+02  1.662520e+02 -5.868354e+04  2.813900e+01 -6.697241e+03  4.198360e+02  7.270910e+02
 6.000000e-03  2.600000e-02 -3.000000e-03  1.650000e-01  4.900000e-02  2.500000e-02  2.400000e-02  1.700000e-02  2.470000e-01 -3.790000e-01 -1.800000e-01  1.500000e-01  1.000000e-03  1.800000e-02 -5.000000e-02  2.200000e-02  6.200000e-02 -2.700000e-02 -7.900000e-02 -1.100000e-02  4.800000e-02  0.000000e+00  1.077342e+05  5.549790e+04  2.611960e+06  2.513678e+06 -1.731470e+03  1.626521e+04 -2.497518e+03 -2.180183e+04  5.320217e+03 -1.171962e+06  1.179119e+03 -3.188586e+04  5.683410e+02 -6.326460e+02
-3.110000e-01 -2.680000e-01  9.000000e-02  9.000000e-02  2.600000e-01  2.720000e-01  6.800000e-02 -9.500000e-02 -2.100000e-02 -7.700000e-02  5.200000e-02 -8.700000e-02  2.400000e-02 -2.400000e-02 -4.800000e-02  9.000000e-03 -1.520000e-01 -3.900000e-02  1.730000e-01 -6.050000e-01 -5.660000e-01  3.600000e-02  4.510000e-01  1.406998e+05  5.178414e+06  6.309781e+05 -1.848058e+03  6.014350e+04 -2.793589e+03 -1.681232e+04  4.011958e+03 -8.817660e+05  9.098640e+02 -5.091107e+04  1.903114e+03  1.200228e+05
-2.600000e-01 -2.420000e-01  1.080000e-01  1.110000e-01  2.650000e-01  2.710000e-01  5.900000e-02 -7.800000e-02  2.700000e-02 -1.460000e-01 -6.000000e-03 -2.900000e-02  4.100000e-02 -3.900000e-02 -2.900000e-02 -9.000000e-03 -1.160000e-01 -5.800000e-02  1.680000e-01 -5.320000e-01 -5.130000e-01  2.000000e-03  5.650000e-01  9.810000e-01  1.981587e+08  3.207220e+07 -6.917000e+04  2.573797e+06 -1.282828e+05 -7.246527e+05  1.753481e+05 -3.605637e+07  3.687544e+04 -1.855005e+06  6.274223e+04  4.077750e+06
-1.200000e-02  1.500000e-02 -4.600000e-02  1.170000e-01  9.000000e-03  2.000000e-03  1.860000e-01 -1.440000e-01  1.770000e-01 -1.900000e-01 -3.700000e-02  5.000000e-03 -7.400000e-02  8.800000e-02 -8.800000e-02  4.200000e-02  4.000000e-02  6.000000e-02 -4.100000e-02 -1.400000e-02  2.100000e-02  4.100000e-02  2.830000e-01  6.200000e-02  8.400000e-02  7.317329e+08 -5.374635e+05  2.536696e+06  2.708295e+04 -5.832482e+05  1.275485e+05 -4.952511e+07  7.069200e+04 -1.093556e+06  4.586674e+04 -8.150097e+05
 9.800000e-02  5.400000e-02  5.000000e-02 -1.110000e-01 -3.000000e-02 -3.100000e-02 -1.640000e-01  1.900000e-01 -7.100000e-02  8.800000e-02 -7.700000e-02  9.600000e-02  1.090000e-01 -1.150000e-01  1.170000e-01 -7.900000e-02  3.000000e-02 -2.200000e-02  2.100000e-02  1.060000e-01  1.190000e-01 -4.700000e-02 -2.080000e-01 -1.940000e-01 -1.940000e-01 -7.830000e-01  6.446390e+02  8.602570e+02  2.021000e+01  2.393410e+02 -2.778300e+01  8.186464e+04 -7.483200e+01  2.155652e+03 -1.129980e+02 -9.654040e+02
 8.700000e-02 -9.100000e-02  1.440000e-01  5.600000e-02  1.410000e-01  1.380000e-01  3.900000e-02 -2.300000e-02  2.590000e-01 -2.340000e-01 -1.670000e-01  1.670000e-01  1.660000e-01 -1.570000e-01  1.080000e-01 -1.420000e-01  2.400000e-02 -9.900000e-02  1.270000e-01  4.300000e-02 -1.670000e-01  8.100000e-02  5.000000e-02  1.610000e-01  1.840000e-01  9.400000e-02  3.400000e-02  9.899627e+05 -1.909067e+04  1.950877e+03 -1.650740e+02  1.751041e+06 -5.718600e+02  4.658222e+04 -4.573205e+03  6.185077e+04
-8.400000e-02  9.400000e-02 -2.210000e-01 -1.020000e-01 -2.290000e-01 -2.190000e-01  1.300000e-02  3.300000e-02 -1.450000e-01  4.090000e-01  2.460000e-01 -2.420000e-01 -1.740000e-01  1.830000e-01 -9.900000e-02  1.450000e-01  9.000000e-03  2.070000e-01 -1.890000e-01 -1.050000e-01  1.660000e-01 -2.500000e-02 -2.310000e-01 -2.260000e-01 -2.770000e-01  3.000000e-02  2.400000e-02 -5.820000e-01  1.086019e+03  4.374600e+02 -8.236100e+01 -7.238102e+03  4.831000e+00  5.202790e+02  4.947900e+01 -1.711184e+03
-6.900000e-02  7.000000e-03  4.000000e-03 -4.700000e-02  1.300000e-02  2.000000e-02 -4.400000e-02 -9.000000e-03 -1.290000e-01  2.170000e-01  2.350000e-01 -2.160000e-01 -6.000000e-03 -2.000000e-03  2.600000e-02 -3.900000e-02 -3.000000e-03 -4.500000e-02  6.200000e-02  6.200000e-02  1.260000e-01 -8.300000e-02 -4.400000e-01 -2.970000e-01 -3.410000e-01 -1.430000e-01  6.200000e-02  1.300000e-02  8.800000e-02  2.279078e+04 -6.231492e+03  4.664282e+05 -3.995170e+02  1.185484e+04 -4.611690e+02 -6.417065e+03
 9.200000e-02  2.000000e-02  1.300000e-02  3.400000e-02 -1.400000e-02 -2.300000e-02  1.500000e-02  3.600000e-02  1.260000e-01 -2.010000e-01 -2.630000e-01  2.650000e-01  3.000000e-02 -2.200000e-02 -5.000000e-03  3.300000e-02  2.100000e-02  2.900000e-02 -5.500000e-02 -2.600000e-02 -1.010000e-01  7.700000e-02  3.620000e-01  2.390000e-01  2.780000e-01  1.050000e-01 -2.400000e-02 -4.000000e-03 -5.600000e-02 -9.220000e-01  2.004382e+03 -1.215024e+05  9.916700e+01 -2.551005e+03  9.609100e+01  1.326364e+03
 5.300000e-02 -7.200000e-02  2.200000e-02 -7.000000e-03  1.100000e-02  1.500000e-02 -7.900000e-02  7.800000e-02 -2.900000e-02  2.400000e-02  1.400000e-02 -7.000000e-03  1.020000e-01 -9.400000e-02 -8.000000e-03 -3.900000e-02  6.300000e-02 -3.700000e-02  4.200000e-02  1.080000e-01 -3.600000e-02 -6.800000e-02 -2.000000e-01 -1.310000e-01 -1.430000e-01 -1.020000e-01  1.800000e-01  9.800000e-02 -1.200000e-02  1.730000e-01 -1.520000e-01  3.198558e+08 -2.403780e+05  6.769170e+05 -3.539287e+04 -2.543480e+05
-8.100000e-02  6.700000e-02 -2.600000e-02  2.600000e-02 -1.000000e-03 -4.000000e-03  9.500000e-02 -7.500000e-02  6.200000e-02 -3.800000e-02 -2.300000e-02  1.200000e-02 -8.900000e-02  9.500000e-02  4.000000e-03  2.000000e-02 -4.700000e-02  4.100000e-02 -4.200000e-02 -1.750000e-01  6.000000e-02  4.100000e-02  2.550000e-01  1.720000e-01  1.860000e-01  1.850000e-01 -2.090000e-01 -4.100000e-02  1.000000e-02 -1.880000e-01  1.570000e-01 -9.530000e-01  1.989100e+02 -3.920270e+02  9.333000e+00  3.642870e+02
 4.700000e-02  2.020000e-01  1.090000e-01 -9.400000e-02  2.300000e-02  1.200000e-02 -1.200000e-02  1.600000e-02 -5.700000e-02  4.300000e-02 -7.800000e-02  7.900000e-02  1.030000e-01 -1.060000e-01  2.660000e-01 -2.740000e-01  1.300000e-02 -5.700000e-02  7.500000e-02 -4.100000e-02  4.260000e-01 -3.470000e-01 -2.420000e-01 -3.390000e-01 -3.290000e-01 -1.010000e-01  2.120000e-01  1.170000e-01  3.900000e-02  1.960000e-01 -1.420000e-01  9.400000e-02 -6.900000e-02  1.607685e+05 -1.114897e+04 -3.330049e+04
-2.600000e-02 -1.730000e-01 -9.200000e-02  7.000000e-02 -3.300000e-02 -2.100000e-02 -8.000000e-03  4.000000e-03  1.000000e-02  1.800000e-02  7.800000e-02 -7.300000e-02 -9.500000e-02  9.300000e-02 -2.380000e-01  2.890000e-01  1.000000e-03  6.700000e-02 -5.800000e-02  6.900000e-02 -3.330000e-01  2.920000e-01  5.800000e-02  1.700000e-01  1.490000e-01  5.700000e-02 -1.490000e-01 -1.540000e-01  5.000000e-02 -1.020000e-01  7.200000e-02 -6.600000e-02  2.200000e-02 -9.300000e-01  8.938470e+02  1.497464e+03
-4.060000e-01 -3.300000e-01  8.300000e-02  1.000000e-02  2.610000e-01  2.900000e-01  7.200000e-02 -1.220000e-01 -1.480000e-01  1.140000e-01  1.760000e-01 -2.020000e-01  2.100000e-02 -2.800000e-02 -5.700000e-02  1.300000e-02 -2.190000e-01 -2.600000e-02  2.240000e-01 -7.020000e-01 -6.070000e-01  4.100000e-02 -5.000000e-03  8.610000e-01  7.790000e-01 -8.100000e-02 -1.020000e-01  1.670000e-01 -1.400000e-01 -1.140000e-01  8.000000e-02 -3.800000e-02  6.900000e-02 -2.230000e-01  1.350000e-01  1.381788e+05
[1] "2020-11-16 14:40:30 GST"
Time difference of 1.296122 days
