nohup: ignoring input

Attaching package: ‘igraph’

The following objects are masked from ‘package:stats’:

    decompose, spectrum

The following object is masked from ‘package:base’:

    union

Warning message:
no DISPLAY variable so Tk is not available 

Attaching package: ‘xtable’

The following object is masked from ‘package:RSiena’:

    xtable

[1] "1"
[1] "/scratch/krm7/artwork/DATAandCODE/data/100_unique_id/p1"
  effectName         include fix   test  initialValue parm
1 mnet: 4-cycles (#) TRUE    FALSE FALSE          0   1   
  effectName         include fix   test  initialValue parm
1 pnet: 4-cycles (#) TRUE    FALSE FALSE          0   1   
  effectName include fix   test  initialValue parm
1 mnet: pnet TRUE    FALSE FALSE          0   0   
  effectName include fix   test  initialValue parm
1 pnet: mnet TRUE    FALSE FALSE          0   0   
  effectName                include fix   test  initialValue parm
1 mnet: ranking ego and alt TRUE    FALSE FALSE          0   0   
2 mnet: ranking similarity  TRUE    FALSE FALSE          0   0   
  effectName                 include fix   test  initialValue parm
1 mnet: soloshow ego and alt TRUE    FALSE FALSE          0   0   
2 mnet: soloshow similarity  TRUE    FALSE FALSE          0   0   
  effectName              include fix   test  initialValue parm
1 mnet: award ego and alt TRUE    FALSE FALSE          0   0   
2 mnet: award similarity  TRUE    FALSE FALSE          0   0   
  effectName                  include fix   test  initialValue parm
1 mnet: meanprice ego and alt TRUE    FALSE FALSE          0   0   
2 mnet: meanprice similarity  TRUE    FALSE FALSE          0   0   
  effectName                    include fix   test  initialValue parm
1 mnet: festbiennal ego and alt TRUE    FALSE FALSE          0   0   
2 mnet: festbiennal similarity  TRUE    FALSE FALSE          0   0   
  effectName                  include fix   test  initialValue parm
1 mnet: groupshow ego and alt TRUE    FALSE FALSE          0   0   
2 mnet: groupshow similarity  TRUE    FALSE FALSE          0   0   
  effectName                include fix   test  initialValue parm
1 pnet: ranking ego and alt TRUE    FALSE FALSE          0   0   
2 pnet: ranking similarity  TRUE    FALSE FALSE          0   0   
  effectName                 include fix   test  initialValue parm
1 pnet: soloshow ego and alt TRUE    FALSE FALSE          0   0   
2 pnet: soloshow similarity  TRUE    FALSE FALSE          0   0   
  effectName              include fix   test  initialValue parm
1 pnet: award ego and alt TRUE    FALSE FALSE          0   0   
2 pnet: award similarity  TRUE    FALSE FALSE          0   0   
  effectName                  include fix   test  initialValue parm
1 pnet: meanprice ego and alt TRUE    FALSE FALSE          0   0   
2 pnet: meanprice similarity  TRUE    FALSE FALSE          0   0   
  effectName                    include fix   test  initialValue parm
1 pnet: festbiennal ego and alt TRUE    FALSE FALSE          0   0   
2 pnet: festbiennal similarity  TRUE    FALSE FALSE          0   0   
[1] "/scratch/krm7/artwork/result/two_net_model_period_1_n_100_cycle4ND_181203"
[1] "2020-10-20 20:56:02 GST"
No X11 device available, forcing use of batch mode
Start phase 0 
theta: 15.799 12.325 44.157 21.171  0.199  0.000  0.000  0.000  0.000  0.000  0.000  0.000  0.000  0.000  0.000  0.000  0.000  0.000  0.000  0.000 47.752 48.035 27.352 37.451  0.193  0.000  0.000  0.000  0.000  0.000  0.000  0.000  0.000  0.000  0.000  0.000  0.000  0.000 

Start phase 1 
Phase 1 Iteration 1 Progress: 0%
Phase 1 Iteration 41 Progress: 0%
Phase 1 Iteration 81 Progress: 0%
Phase 1 Iteration 121 Progress: 0%
theta:  1.59e+01  1.24e+01  4.45e+01  2.13e+01  1.72e-01 -8.87e-05  1.46e-05 -1.38e-05  3.45e-03 -6.96e-04 -1.15e-02  1.83e-03  2.58e-04 -1.06e-05 -1.13e-02 -1.69e-03 -1.56e-02  1.39e-05  9.51e-03  8.93e-03  4.86e+01  4.90e+01  2.79e+01  3.83e+01  1.42e-01  6.69e-04  1.52e-05 -1.22e-05 -9.42e-03  1.78e-04 -1.17e-02 -1.96e-03 -1.08e-03 -5.05e-05 -5.35e-02  9.29e-04  9.35e-03 -5.41e-03 

Start phase 2.1
Phase 2 Subphase 1 Iteration 1 Progress: 69%
Phase 2 Subphase 1 Iteration 2 Progress: 69%
theta  1.55e+01  1.19e+01  4.30e+01  2.14e+01  5.79e-02  2.11e-03  6.82e-05 -4.61e-05 -2.52e-02  1.57e-03 -2.52e-02  2.65e-04 -9.91e-03  5.39e-05 -3.59e-02 -1.16e-03 -1.89e-02  1.46e-04  1.15e-02 -9.38e-03  4.76e+01  4.78e+01  2.68e+01  3.73e+01  6.15e-02  2.14e-03  4.86e-05 -6.23e-05  3.70e-02  3.32e-04  2.67e-02  1.85e-03  1.18e-02 -5.82e-05 -5.90e-02 -5.81e-06  2.21e-02 -3.21e-02 
ac  1.0919  1.1072  1.0899  1.0994  0.8271  1.1042  1.0938  1.0883  1.0814  1.1508  1.1784  1.3907  1.3045  1.2272  1.2641  1.1372  1.1455  1.1265  1.1548  1.1618  1.0585  1.0539  1.1018  1.1137 -0.0568  1.1016  1.0919  1.1436  1.3530  1.0163  0.5147  1.0146  0.9813  1.0781  1.0794  1.0998  1.0419  1.1219 
Phase 2 Subphase 1 Iteration 3 Progress: 69%
Phase 2 Subphase 1 Iteration 4 Progress: 69%
theta  1.46e+01  1.05e+01  3.89e+01  2.17e+01 -3.08e-01  8.86e-03  2.34e-04 -1.48e-04 -1.05e-01  7.54e-03 -6.68e-02 -2.81e-03 -3.32e-02  2.34e-04 -9.50e-02  2.04e-04 -2.26e-02  3.30e-04  2.58e-02 -6.68e-02  4.47e+01  4.39e+01  2.37e+01  3.51e+01 -1.99e-01  6.71e-03  1.53e-04 -2.04e-04  1.49e-01  9.72e-04  1.25e-01  1.19e-02  4.67e-02 -8.06e-05 -7.89e-02 -3.17e-03  5.87e-02 -1.14e-01 
ac 1.136 1.155 1.161 1.155 0.745 1.211 1.205 1.139 1.131 1.204 1.206 1.196 1.342 1.293 1.326 1.205 1.212 1.198 1.243 1.262 1.102 1.092 1.156 1.205 0.471 1.218 1.213 1.210 1.358 1.040 0.733 1.056 1.021 1.117 1.106 1.193 1.092 1.228 
Phase 2 Subphase 1 Iteration 5 Progress: 69%
Phase 2 Subphase 1 Iteration 6 Progress: 69%
theta 14.048718  9.172874 35.606583 21.500094 -0.756144  0.016451  0.000396 -0.000267 -0.184065  0.012228 -0.100555 -0.000979 -0.039394  0.000415 -0.130670  0.001365 -0.012266  0.000217  0.057059 -0.114105 40.930843 38.820076 20.078674 33.361090 -0.504194  0.011608  0.000236 -0.000318  0.186857  0.001814  0.211291  0.019028  0.071833 -0.000111 -0.091251 -0.010073  0.093761 -0.176714 
ac 1.163 1.180 1.182 1.114 0.900 1.215 1.207 1.155 1.148 1.217 1.209 0.870 1.089 1.298 1.329 1.216 1.222 1.210 1.246 1.260 1.128 1.125 1.175 1.187 0.810 1.087 1.036 1.225 1.195 1.061 0.882 1.068 1.041 1.117 1.099 1.201 1.101 1.172 
Phase 2 Subphase 1 Iteration 7 Progress: 69%
Phase 2 Subphase 1 Iteration 8 Progress: 69%
theta 14.057921  8.347872 35.920643 19.726720 -1.201581  0.023124  0.000514 -0.000412 -0.237368  0.013608 -0.123717  0.000383 -0.020931  0.000579 -0.133087  0.000620  0.022932  0.000507  0.053542 -0.096508 37.541344 33.963913 16.309548 30.621252 -0.776560  0.015950  0.000258 -0.000399  0.123435  0.002769  0.265497  0.023423  0.074263 -0.000152 -0.107058 -0.021186  0.086314 -0.168541 
ac 1.169 1.186 1.103 1.150 0.983 1.212 1.204 1.165 1.158 1.207 1.211 0.917 1.036 1.294 1.321 1.212 1.223 1.205 1.236 1.252 1.139 1.135 1.181 1.195 0.921 1.105 1.063 1.226 1.114 1.081 0.958 1.081 1.067 1.127 1.108 1.124 1.114 1.173 
Phase 2 Subphase 1 Iteration 9 Progress: 69%
Phase 2 Subphase 1 Iteration 10 Progress: 69%
theta 14.821226  8.169596 41.810027 19.307296 -1.633094  0.028641  0.000621 -0.000643 -0.250583  0.011576 -0.202565 -0.001315  0.026854  0.000694 -0.060365 -0.000191  0.097827  0.001608  0.006392 -0.015058 36.001840 31.161141 14.379079 29.488754 -1.061061  0.020605  0.000277 -0.000519 -0.033912  0.004829  0.249140  0.026191  0.056707 -0.000199 -0.180021 -0.034927  0.000878 -0.128307 
ac 1.163 1.182 1.024 1.143 0.993 1.209 1.200 1.166 1.160 1.192 1.209 0.921 0.994 1.293 1.321 1.203 1.222 1.200 1.219 1.222 1.136 1.132 1.177 1.180 0.955 1.109 1.070 1.217 1.103 1.094 1.004 1.086 1.075 1.134 1.117 1.042 1.114 1.167 
Phase 2 Subphase 1 Iteration 100 Progress: 71%
theta  1.63e+01  1.14e+01  5.96e+02  3.18e+01 -4.81e+00  1.00e-01  1.75e-05 -2.06e-03 -3.79e-01 -2.35e-02 -1.26e+00 -9.16e-02  9.18e-01 -1.88e-03 -7.71e-01  1.92e-01  1.95e+00  2.37e-02  7.47e-01  2.57e+00  5.27e+02  5.00e+02  3.65e+01  1.09e+03 -1.83e+00  1.11e-01 -8.94e-04 -1.32e-03 -1.25e+00  8.66e-03 -2.78e-01  5.39e-02  1.41e-01 -5.16e-05 -2.49e-01 -7.32e-02 -8.63e-01  7.04e-02 
ac 1.0074 1.0886 0.5324 0.8184 0.3125 0.5434 0.5208 0.9111 0.7974 1.1510 0.7888 0.8687 0.7811 0.2042 0.2055 1.1852 1.1455 1.1025 0.9103 0.5277 0.9775 1.0532 1.1289 1.1130 0.1891 0.0164 0.0989 1.0205 0.6467 0.7202 0.6110 0.6103 0.7745 1.0663 1.0025 0.8256 1.0879 0.6613 
Phase 2 Subphase 1 Iteration 200 Progress: 72%
theta  1.29e+01  1.53e+01  1.32e+03  1.22e+02 -4.55e+00  1.66e-01 -1.09e-03 -8.67e-04  4.76e-01 -1.35e-02 -6.18e-01 -1.36e-01  6.74e-01 -3.06e-03 -2.58e+00  1.52e-01  2.12e+00  3.26e-02 -6.75e-01  2.29e+00  1.66e+03  1.48e+03  3.43e+01  2.32e+03 -1.79e+00  1.18e-01 -1.00e-03 -1.25e-03 -1.19e+00  7.30e-03 -2.77e-01  5.29e-02  1.73e-01  1.79e-05 -3.48e-01 -7.28e-02 -9.67e-01  6.38e-02 
ac  1.059260  1.089940  0.435174  0.566513  0.006856  0.230176  0.185326  0.943599  0.859615  1.225738  0.669017  0.877185  0.733654 -0.098877 -0.036758  1.171772  1.179335  1.097399  0.523674  0.265163  1.099246  1.169159  1.136158  1.311581  0.000372 -0.194901 -0.143638  0.839470  0.585592  0.605508  0.597114  0.418437  0.684628  1.084873  0.985462  1.317701  1.207386  0.843536 
theta  1.90e+01  1.37e+01  6.80e+02  5.26e+01 -4.45e+00  1.02e-01 -5.74e-05 -1.70e-03 -2.40e-01 -1.81e-02 -1.05e+00 -5.71e-02  8.47e-01 -1.60e-03 -6.62e-01  1.68e-01  1.84e+00  2.53e-02  9.59e-02  2.28e+00  7.00e+02  6.38e+02  3.32e+01  1.17e+03 -1.76e+00  9.74e-02 -6.96e-04 -1.22e-03 -1.09e+00  8.77e-03 -2.48e-01  2.40e-02  4.78e-02 -7.96e-05 -3.66e-01 -8.50e-02 -9.67e-01  7.58e-02 
ac  1.0635  1.0896  0.4294  0.5590 -0.0213  0.1960  0.1480  0.9470  0.8679  1.2154  0.6394  0.8597  0.7147 -0.1277 -0.0618  1.1618  1.1834  1.0951  0.4843  0.2305  1.1077  1.1799  1.1364  1.3295 -0.0193 -0.2177 -0.1691  0.8052  0.5839  0.5943  0.5881  0.3466  0.6601  1.0958  0.9879  1.3501  1.2189  0.8571 
theta:  1.90e+01  1.37e+01  6.80e+02  5.26e+01 -4.45e+00  1.02e-01 -5.74e-05 -1.70e-03 -2.40e-01 -1.81e-02 -1.05e+00 -5.71e-02  8.47e-01 -1.60e-03 -6.62e-01  1.68e-01  1.84e+00  2.53e-02  9.59e-02  2.28e+00  7.00e+02  6.38e+02  3.32e+01  1.17e+03 -1.76e+00  9.74e-02 -6.96e-04 -1.22e-03 -1.09e+00  8.77e-03 -2.48e-01  2.40e-02  4.78e-02 -7.96e-05 -3.66e-01 -8.50e-02 -9.67e-01  7.58e-02 

Start phase 2.2
Phase 2 Subphase 2 Iteration 1 Progress: 72%
Phase 2 Subphase 2 Iteration 2 Progress: 72%
Phase 2 Subphase 2 Iteration 3 Progress: 72%
Phase 2 Subphase 2 Iteration 4 Progress: 72%
Phase 2 Subphase 2 Iteration 5 Progress: 72%
Phase 2 Subphase 2 Iteration 6 Progress: 72%
Phase 2 Subphase 2 Iteration 7 Progress: 72%
Phase 2 Subphase 2 Iteration 8 Progress: 72%
Phase 2 Subphase 2 Iteration 9 Progress: 72%
Phase 2 Subphase 2 Iteration 10 Progress: 72%
Phase 2 Subphase 2 Iteration 100 Progress: 74%
theta  1.21e+01  1.29e+01  1.28e+03  6.10e+01 -4.78e+00  1.52e-01 -8.26e-04 -1.47e-03  3.87e-02 -1.13e-02 -7.41e-01 -3.36e-02  9.51e-01 -3.01e-03 -2.43e+00  1.71e-01  2.07e+00  2.79e-02 -1.72e-01  2.58e+00  1.45e+03  1.39e+03  3.33e+01  2.26e+03 -1.81e+00  1.00e-01 -7.19e-04 -1.20e-03 -1.16e+00  7.87e-03 -3.22e-01  1.90e-02  5.96e-02 -4.53e-06 -2.37e-01 -8.20e-02 -9.88e-01  5.82e-02 
ac  0.892  0.151  1.468  1.574 -0.725 -0.151 -0.113  0.980  1.006  0.504  0.846  0.538  0.770  1.021  1.212  0.550  0.768  0.643 -0.166  0.212  0.735  0.843  0.392  0.639 -1.412 -0.674 -0.667  1.125  1.157  1.422  1.391 -0.279  0.439  0.559  0.695  0.435  0.737  0.383 
Phase 2 Subphase 2 Iteration 1 Progress: 74%
Phase 2 Subphase 2 Iteration 2 Progress: 74%
Phase 2 Subphase 2 Iteration 3 Progress: 74%
Phase 2 Subphase 2 Iteration 4 Progress: 74%
Phase 2 Subphase 2 Iteration 5 Progress: 74%
Phase 2 Subphase 2 Iteration 6 Progress: 74%
Phase 2 Subphase 2 Iteration 7 Progress: 74%
Phase 2 Subphase 2 Iteration 8 Progress: 74%
Phase 2 Subphase 2 Iteration 9 Progress: 74%
Phase 2 Subphase 2 Iteration 10 Progress: 74%
Phase 2 Subphase 2 Iteration 1 Progress: 74%
Phase 2 Subphase 2 Iteration 2 Progress: 74%
Phase 2 Subphase 2 Iteration 3 Progress: 74%
Phase 2 Subphase 2 Iteration 4 Progress: 74%
Phase 2 Subphase 2 Iteration 5 Progress: 74%
Phase 2 Subphase 2 Iteration 6 Progress: 74%
Phase 2 Subphase 2 Iteration 7 Progress: 74%
Phase 2 Subphase 2 Iteration 8 Progress: 74%
Phase 2 Subphase 2 Iteration 9 Progress: 74%
Phase 2 Subphase 2 Iteration 10 Progress: 74%
Phase 2 Subphase 2 Iteration 1 Progress: 74%
Phase 2 Subphase 2 Iteration 2 Progress: 74%
Phase 2 Subphase 2 Iteration 3 Progress: 74%
Phase 2 Subphase 2 Iteration 4 Progress: 74%
Phase 2 Subphase 2 Iteration 5 Progress: 74%
Phase 2 Subphase 2 Iteration 6 Progress: 74%
Phase 2 Subphase 2 Iteration 7 Progress: 74%
Phase 2 Subphase 2 Iteration 8 Progress: 74%
Phase 2 Subphase 2 Iteration 9 Progress: 74%
Phase 2 Subphase 2 Iteration 10 Progress: 74%
