nohup: ignoring input

Attaching package: ‘igraph’

The following objects are masked from ‘package:stats’:

    decompose, spectrum

The following object is masked from ‘package:base’:

    union

Warning message:
no DISPLAY variable so Tk is not available 

Attaching package: ‘xtable’

The following object is masked from ‘package:RSiena’:

    xtable

[1] "3"
[1] "/scratch/krm7/artwork/DATAandCODE/data/100_unique_id/p3"
  effectName        include fix   test  initialValue parm
1 mnet: betweenness TRUE    FALSE FALSE          0   0   
  effectName        include fix   test  initialValue parm
1 pnet: betweenness TRUE    FALSE FALSE          0   0   
  effectName include fix   test  initialValue parm
1 mnet: pnet TRUE    FALSE FALSE          0   0   
  effectName include fix   test  initialValue parm
1 pnet: mnet TRUE    FALSE FALSE          0   0   
  effectName                include fix   test  initialValue parm
1 mnet: ranking ego and alt TRUE    FALSE FALSE          0   0   
2 mnet: ranking similarity  TRUE    FALSE FALSE          0   0   
  effectName                 include fix   test  initialValue parm
1 mnet: soloshow ego and alt TRUE    FALSE FALSE          0   0   
2 mnet: soloshow similarity  TRUE    FALSE FALSE          0   0   
  effectName              include fix   test  initialValue parm
1 mnet: award ego and alt TRUE    FALSE FALSE          0   0   
2 mnet: award similarity  TRUE    FALSE FALSE          0   0   
  effectName                  include fix   test  initialValue parm
1 mnet: meanprice ego and alt TRUE    FALSE FALSE          0   0   
2 mnet: meanprice similarity  TRUE    FALSE FALSE          0   0   
  effectName                    include fix   test  initialValue parm
1 mnet: festbiennal ego and alt TRUE    FALSE FALSE          0   0   
2 mnet: festbiennal similarity  TRUE    FALSE FALSE          0   0   
  effectName                  include fix   test  initialValue parm
1 mnet: groupshow ego and alt TRUE    FALSE FALSE          0   0   
2 mnet: groupshow similarity  TRUE    FALSE FALSE          0   0   
  effectName                include fix   test  initialValue parm
1 pnet: ranking ego and alt TRUE    FALSE FALSE          0   0   
2 pnet: ranking similarity  TRUE    FALSE FALSE          0   0   
  effectName                 include fix   test  initialValue parm
1 pnet: soloshow ego and alt TRUE    FALSE FALSE          0   0   
2 pnet: soloshow similarity  TRUE    FALSE FALSE          0   0   
  effectName              include fix   test  initialValue parm
1 pnet: award ego and alt TRUE    FALSE FALSE          0   0   
2 pnet: award similarity  TRUE    FALSE FALSE          0   0   
  effectName                  include fix   test  initialValue parm
1 pnet: meanprice ego and alt TRUE    FALSE FALSE          0   0   
2 pnet: meanprice similarity  TRUE    FALSE FALSE          0   0   
  effectName                    include fix   test  initialValue parm
1 pnet: festbiennal ego and alt TRUE    FALSE FALSE          0   0   
2 pnet: festbiennal similarity  TRUE    FALSE FALSE          0   0   
[1] "/scratch/krm7/artwork/result/two_net_model_period_3_n_100_cycle4ND_181203"
siena07 will create an output file /scratch/krm7/artwork/result/two_net_model_period_3_n_100_cycle4ND_181203.txt .
[1] "2020-11-11 21:43:53 GST"
No X11 device available, forcing use of batch mode

Start phase 0 
theta: 26.95 16.81  8.04 93.92  1.36  0.00  0.00  0.00  0.00  0.00  0.00  0.00  0.00  0.00  0.00  0.00  0.00  0.00  0.00  2.55  2.67 11.56 12.97  1.41  0.00  0.00  0.00  0.00  0.00  0.00  0.00  0.00  0.00  0.00  0.00  0.00 

Start phase 1 
Phase 1 Iteration 1 Progress: 0%
Phase 1 Iteration 41 Progress: 0%
Phase 1 Iteration 81 Progress: 0%

Start phase 0 
theta: 26.95 16.81  8.04 93.92  1.36  0.00  0.00  0.00  0.00  0.00  0.00  0.00  0.00  0.00  0.00  0.00  0.00  0.00  0.00  2.55  2.67 11.56 12.97  1.41  0.00  0.00  0.00  0.00  0.00  0.00  0.00  0.00  0.00  0.00  0.00  0.00 

Start phase 1 
Phase 1 Iteration 1 Progress: 0%
Phase 1 Iteration 41 Progress: 0%
Phase 1 Iteration 81 Progress: 0%
Phase 1 Iteration 121 Progress: 0%
Phase 1 Iteration 161 Progress: 0%
Phase 1 Iteration 201 Progress: 0%

Start phase 0 
theta: 26.95 16.81  8.04 93.92  1.36  0.00  0.00  0.00  0.00  0.00  0.00  0.00  0.00  0.00  0.00  0.00  0.00  0.00  0.00  2.55  2.67 11.56 12.97  1.41  0.00  0.00  0.00  0.00  0.00  0.00  0.00  0.00  0.00  0.00  0.00  0.00 

Start phase 1 
Phase 1 Iteration 1 Progress: 0%

Start phase 0 
theta: 26.95 16.81  8.04 93.92  1.36  0.00  0.00  0.00  0.00  0.00  0.00  0.00  0.00  0.00  0.00  0.00  0.00  0.00  0.00  2.55  2.67 11.56 12.97  1.41  0.00  0.00  0.00  0.00  0.00  0.00  0.00  0.00  0.00  0.00  0.00  0.00 

Start phase 1 
Phase 1 Iteration 1 Progress: 0%

Start phase 0 
theta: 26.95 16.81  8.04 93.92  1.36  0.00  0.00  0.00  0.00  0.00  0.00  0.00  0.00  0.00  0.00  0.00  0.00  0.00  0.00  2.55  2.67 11.56 12.97  1.41  0.00  0.00  0.00  0.00  0.00  0.00  0.00  0.00  0.00  0.00  0.00  0.00 

Start phase 1 
Phase 1 Iteration 1 Progress: 0%

Start phase 0 
theta: 26.95 16.81  8.04 93.92  1.36  0.00  0.00  0.00  0.00  0.00  0.00  0.00  0.00  0.00  0.00  0.00  0.00  0.00  0.00  2.55  2.67 11.56 12.97  1.41  0.00  0.00  0.00  0.00  0.00  0.00  0.00  0.00  0.00  0.00  0.00  0.00 

Start phase 1 
Phase 1 Iteration 1 Progress: 0%

Start phase 0 
theta: 26.95 16.81  8.04 93.92  1.36  0.00  0.00  0.00  0.00  0.00  0.00  0.00  0.00  0.00  0.00  0.00  0.00  0.00  0.00  2.55  2.67 11.56 12.97  1.41  0.00  0.00  0.00  0.00  0.00  0.00  0.00  0.00  0.00  0.00  0.00  0.00 

Start phase 1 
Phase 1 Iteration 1 Progress: 0%
Phase 1 Iteration 41 Progress: 0%
Phase 1 Iteration 81 Progress: 0%
Phase 1 Iteration 121 Progress: 0%
Phase 1 Iteration 161 Progress: 0%
Phase 1 Iteration 201 Progress: 0%
theta: 27.165724 17.138130  8.090667 93.924460  1.341809  0.000000 -0.000244  0.050575 -0.001758 -0.013432 -0.001207 -0.002547 -0.000149 -0.005264  0.003225  0.036086  0.000144  0.002582  0.020309  2.506466  2.619361 10.557261 13.364201  1.438744  0.000000  0.000211 -0.004261  0.000869  0.024930 -0.001661 -0.001335 -0.000290 -0.035172  0.006342  0.079065 -0.060187 

Start phase 2.1
Phase 2 Subphase 1 Iteration 1 Progress: 19%
Phase 2 Subphase 1 Iteration 2 Progress: 19%
theta 25.41734 20.25964 10.72542 93.92446  1.42550  0.00000 -0.01126  1.52514 -0.05742 -0.42670 -0.05735 -0.09304 -0.00270  0.05431  0.01385  0.48181  0.00661 -0.11678  0.31639  2.06620  2.16623 11.93580 10.24577  1.39093  0.00000 -0.00203 -0.06914 -0.00932 -0.08938 -0.03887 -0.06077  0.00193 -0.15020  0.00286  0.04246  0.20945 
ac  1.095  0.870  0.599  1.021  0.834  1.182  5.121 -2.307 -1.576  0.559  0.554  1.054  0.168  0.153  1.058 -3.478  1.391  2.065  0.847  1.362  1.360  1.204  1.128  0.901  1.030 -0.816 -0.108  0.604  0.377  1.177 -0.732 -0.830 -0.821 -1.224 -0.884  1.053 
Phase 2 Subphase 1 Iteration 3 Progress: 19%
Phase 2 Subphase 1 Iteration 4 Progress: 19%
theta  7.14480 17.97865 14.19163 93.92446  2.08229  0.00000 -0.02009  2.57371 -0.12144 -1.76305 -0.15433 -0.41882 -0.00172 -1.14415  0.08881  1.98997  0.01993 -0.08741  1.61429  1.15535  1.22713 17.16097  6.80564  1.20559  0.00000 -0.00203 -1.20957 -0.03623 -0.52161 -0.12634 -0.18764 -0.00026  0.49716 -0.02073 -0.42715  1.02432 
ac  1.0962  0.9551  0.7954  1.1100  0.9575  1.3266  2.2743 -0.2861  0.5511  0.7814  0.5057  1.0557  0.1256  0.1026  0.9794  5.1238  1.3886  2.3904  0.9709  1.4249  1.4149  0.8408  1.0724  0.8465  1.1218 -0.5927  0.1848  0.6700  0.5959  1.1729  0.0534 -0.8596 -0.8372 -1.3195 -0.9742  1.1177 
Phase 2 Subphase 1 Iteration 5 Progress: 19%
Phase 2 Subphase 1 Iteration 6 Progress: 19%
theta 10.598236 11.180789  8.688034 93.924460  2.500171  0.000000 -0.009111 -0.529140 -0.037862 -2.939288 -0.163340 -0.754057 -0.001151 -2.112135  0.194205  3.463266  0.029847 -0.404859  2.934754  0.921381  1.086897 32.401075  5.621061  0.748155  0.000000 -0.000844 -2.052202 -0.063463 -0.840651 -0.207143 -0.153257  0.001303  0.857009 -0.066010 -0.864709  2.417823 
ac  1.1567  0.8794  0.8199  1.1007  0.9056  1.1476  0.9089 -0.4694  0.6737  0.8927  0.4818  1.0101  0.1152  0.0939  0.8320  0.6864  1.3846  1.1232  0.9249  1.4254  1.4125  0.6389  1.1078  0.7117  1.1617 -0.6121  0.0865  0.7772  0.8083  1.0477  0.8047 -0.7473 -0.7329 -0.7873 -0.6648  1.1130 
Phase 2 Subphase 1 Iteration 7 Progress: 19%
Phase 2 Subphase 1 Iteration 8 Progress: 19%
theta 10.41679 10.02690  8.03956 93.92446  2.15244  0.00000 -0.00953  0.24137  0.05764 -2.98857 -0.12430 -0.60830 -0.00166 -2.64232  0.25930  4.18662  0.02287 -0.57331  3.21318  0.95555  1.18837 52.82136  5.02213  0.16723  0.00000 -0.00192 -2.19132 -0.09748 -0.80903 -0.26749 -0.01114  0.00120  1.36256 -0.11493 -1.59443  3.57785 
ac  1.175  0.901  0.814  1.099  0.926  1.105  0.963 -0.227  0.631  0.849  0.499  1.012  0.116  0.094  0.942  0.778  1.371  1.129  0.938  1.418  1.407  0.762  1.075  0.710  1.128 -0.259  0.152  0.815  0.888  1.043  0.871 -0.720 -0.711 -0.230 -0.383  1.098 
Phase 2 Subphase 1 Iteration 9 Progress: 19%
Phase 2 Subphase 1 Iteration 10 Progress: 19%
theta  9.80406  9.25349  6.66268 93.92446  1.66069  0.00000 -0.01081  0.94982  0.05214 -2.50317 -0.11139 -0.49781 -0.00637 -2.33890  0.28010  4.70338  0.02232 -0.78991  3.42909  0.87728  1.32384 83.82305  4.63082 -0.39985  0.00000 -0.00175 -2.47808 -0.14457 -0.68709 -0.29238  0.11354 -0.00147  2.24793 -0.17597 -2.62821  4.96300 
ac  1.1683  0.8488  0.6932  1.1020  0.9328  1.0428  0.9158 -0.2080  0.6574  0.8630  0.4202  0.9879 -0.0147 -0.0214  0.8270  0.5525  1.1648  0.9079  0.9422  1.4215  1.2001  0.6752  0.9907  0.5232  1.1066 -0.3807  0.1730  0.8247  0.8394  1.0084  0.8135 -0.0892 -0.0808  0.2864  0.0373  0.8354 
Phase 2 Subphase 1 Iteration 1 Progress: 19%
Phase 2 Subphase 1 Iteration 2 Progress: 19%
Phase 2 Subphase 1 Iteration 3 Progress: 19%
Phase 2 Subphase 1 Iteration 4 Progress: 19%
Phase 2 Subphase 1 Iteration 5 Progress: 19%
Phase 2 Subphase 1 Iteration 6 Progress: 19%
Phase 2 Subphase 1 Iteration 7 Progress: 19%
Phase 2 Subphase 1 Iteration 8 Progress: 19%
Phase 2 Subphase 1 Iteration 9 Progress: 19%
Phase 2 Subphase 1 Iteration 10 Progress: 19%
Phase 2 Subphase 1 Iteration 1 Progress: 19%
Phase 2 Subphase 1 Iteration 2 Progress: 19%
Phase 2 Subphase 1 Iteration 3 Progress: 19%
Phase 2 Subphase 1 Iteration 4 Progress: 19%
Phase 2 Subphase 1 Iteration 5 Progress: 19%
Phase 2 Subphase 1 Iteration 6 Progress: 19%
Phase 2 Subphase 1 Iteration 7 Progress: 19%
Phase 2 Subphase 1 Iteration 8 Progress: 19%
Phase 2 Subphase 1 Iteration 9 Progress: 19%
Phase 2 Subphase 1 Iteration 10 Progress: 19%
Phase 2 Subphase 1 Iteration 1 Progress: 19%
Phase 2 Subphase 1 Iteration 2 Progress: 19%
Phase 2 Subphase 1 Iteration 3 Progress: 19%
Phase 2 Subphase 1 Iteration 4 Progress: 19%
Phase 2 Subphase 1 Iteration 5 Progress: 19%
Phase 2 Subphase 1 Iteration 6 Progress: 19%
Phase 2 Subphase 1 Iteration 7 Progress: 19%
Phase 2 Subphase 1 Iteration 8 Progress: 19%
Phase 2 Subphase 1 Iteration 9 Progress: 19%
Phase 2 Subphase 1 Iteration 10 Progress: 19%
Phase 2 Subphase 1 Iteration 100 Progress: 19%
theta  6.80e+00  1.81e+01  5.61e+00  9.39e+01  2.29e-01  0.00e+00 -1.47e-02  1.07e+00  4.27e-02 -2.01e+00 -9.96e-02 -4.60e-01 -4.30e-03 -5.52e+00  2.58e-01  6.22e+00  2.33e-02 -2.59e-01  5.26e+00  5.26e-01  6.41e-01  3.26e+03  1.11e+01 -1.19e-01  0.00e+00 -6.29e-04 -3.57e+00 -2.25e-01 -9.34e-01 -4.50e-01  1.40e-01  6.80e-04  2.71e+00 -5.72e-01 -9.90e+00  5.67e+01 
ac -0.9212 -0.7326 -0.5799 -2.1939 -0.9840  1.0263 -0.1544 -0.7593 -0.5330 -0.8799 -0.5480 -0.8295 -0.3871 -0.3717 -0.5487 -0.6260 -0.7158 -0.7294 -0.9923 -1.2222 -1.2776  1.1126 -0.7446  0.0359  0.6103  0.2817 -0.1665  0.4861  0.1448 -0.4074  0.0549 -0.0420 -0.0453  0.0571  0.4188 -0.3873 
Phase 2 Subphase 1 Iteration 200 Progress: 19%
theta  1.37e+01  1.58e+01  5.18e+00  9.39e+01  2.40e-01  0.00e+00 -1.37e-02  9.00e-01  3.65e-02 -1.97e+00 -1.32e-01 -4.58e-01 -2.85e-03 -5.14e+00  2.38e-01  6.00e+00  2.30e-02 -2.94e-01  5.28e+00  6.29e-01  9.99e-01  4.54e+03  6.03e+00 -2.71e-01  0.00e+00 -1.16e-03 -3.20e+00 -2.20e-01 -9.46e-01 -3.67e-01  1.44e-01 -3.01e-04  2.68e+00 -5.70e-01 -1.00e+01  7.23e+01 
ac -0.9186 -0.6784 -0.5913 -2.5363 -0.9622  1.0318 -0.1350 -0.8656 -0.5771 -0.8052 -0.5805 -0.8217 -0.4027 -0.3869 -0.5392 -0.6204 -0.7129 -0.7380 -0.9718 -1.1404 -1.2986  1.1156 -0.7655  0.0169  0.5962  0.3330 -0.1370  0.5370  0.1162 -0.5261  0.0200 -0.0516 -0.0551 -0.0287  0.4466 -0.4242 
theta  9.79e+00  8.48e+00  4.10e+00  9.39e+01  2.47e-01  0.00e+00 -1.08e-02  4.56e-01  5.39e-02 -1.94e+00 -8.36e-02 -4.58e-01  9.84e-04 -5.31e+00  2.58e-01  5.94e+00  2.04e-02 -3.22e-01  5.16e+00  8.03e-01  1.15e+00  3.35e+03  4.41e+00 -2.45e-01  0.00e+00  1.01e-03 -3.48e+00 -2.25e-01 -9.03e-01 -3.82e-01  1.56e-01  5.04e-03  2.42e+00 -5.62e-01 -9.72e+00  5.76e+01 
ac -0.9344 -0.6873 -0.5984 -2.5147 -0.9705  1.0277 -0.1386 -0.8765 -0.5776 -0.8209 -0.5858 -0.8357 -0.4086 -0.3925 -0.5464 -0.6280 -0.7276 -0.7454 -0.9797 -1.1490 -1.3076  1.1179 -0.7726  0.0258  0.5901  0.3324 -0.1272  0.5452  0.1129 -0.5125  0.0446 -0.0471 -0.0508 -0.0212  0.4484 -0.4263 
theta:  9.79e+00  8.48e+00  4.10e+00  9.39e+01  2.47e-01  0.00e+00 -1.08e-02  4.56e-01  5.39e-02 -1.94e+00 -8.36e-02 -4.58e-01  9.84e-04 -5.31e+00  2.58e-01  5.94e+00  2.04e-02 -3.22e-01  5.16e+00  8.03e-01  1.15e+00  3.35e+03  4.41e+00 -2.45e-01  0.00e+00  1.01e-03 -3.48e+00 -2.25e-01 -9.03e-01 -3.82e-01  1.56e-01  5.04e-03  2.42e+00 -5.62e-01 -9.72e+00  5.76e+01 

Start phase 2.2
Phase 2 Subphase 2 Iteration 1 Progress: 19%
Phase 2 Subphase 2 Iteration 2 Progress: 19%
Phase 2 Subphase 2 Iteration 3 Progress: 19%
Phase 2 Subphase 2 Iteration 4 Progress: 19%
Phase 2 Subphase 2 Iteration 5 Progress: 19%
Phase 2 Subphase 2 Iteration 6 Progress: 19%
Phase 2 Subphase 2 Iteration 7 Progress: 19%
Phase 2 Subphase 2 Iteration 8 Progress: 19%
Phase 2 Subphase 2 Iteration 9 Progress: 19%
Phase 2 Subphase 2 Iteration 10 Progress: 19%
Phase 2 Subphase 2 Iteration 1 Progress: 19%
Phase 2 Subphase 2 Iteration 2 Progress: 19%
Phase 2 Subphase 2 Iteration 3 Progress: 19%
Phase 2 Subphase 2 Iteration 4 Progress: 19%
Phase 2 Subphase 2 Iteration 5 Progress: 19%
Phase 2 Subphase 2 Iteration 6 Progress: 19%
Phase 2 Subphase 2 Iteration 7 Progress: 19%
Phase 2 Subphase 2 Iteration 8 Progress: 19%
Phase 2 Subphase 2 Iteration 9 Progress: 19%
Phase 2 Subphase 2 Iteration 10 Progress: 19%
Phase 2 Subphase 2 Iteration 1 Progress: 19%
Phase 2 Subphase 2 Iteration 2 Progress: 19%
Phase 2 Subphase 2 Iteration 3 Progress: 19%
Phase 2 Subphase 2 Iteration 4 Progress: 19%
Phase 2 Subphase 2 Iteration 5 Progress: 19%
Phase 2 Subphase 2 Iteration 6 Progress: 19%
Phase 2 Subphase 2 Iteration 7 Progress: 19%
Phase 2 Subphase 2 Iteration 8 Progress: 19%
Phase 2 Subphase 2 Iteration 9 Progress: 19%
Phase 2 Subphase 2 Iteration 10 Progress: 19%
Phase 2 Subphase 2 Iteration 1 Progress: 19%
Phase 2 Subphase 2 Iteration 2 Progress: 19%
Phase 2 Subphase 2 Iteration 3 Progress: 19%
Phase 2 Subphase 2 Iteration 4 Progress: 19%
Phase 2 Subphase 2 Iteration 5 Progress: 19%
Phase 2 Subphase 2 Iteration 6 Progress: 19%
Phase 2 Subphase 2 Iteration 7 Progress: 19%
Phase 2 Subphase 2 Iteration 8 Progress: 19%
Phase 2 Subphase 2 Iteration 9 Progress: 19%
Phase 2 Subphase 2 Iteration 10 Progress: 19%
Phase 2 Subphase 2 Iteration 100 Progress: 20%
theta  1.36e+01  7.91e+00  3.94e+00  9.39e+01  2.54e-02  0.00e+00 -1.14e-02  1.07e+00  3.41e-02 -1.81e+00 -8.87e-02 -4.12e-01 -3.41e-03 -2.78e+00  2.03e-01  4.65e+00  2.06e-02 -5.20e-01  5.03e+00  6.51e-01  1.13e+00  5.86e+03  6.65e+00 -3.69e-01  0.00e+00 -7.01e-04 -3.39e+00 -2.04e-01 -8.46e-01 -3.50e-01  1.32e-01  1.45e-03  3.50e+00 -5.06e-01 -8.71e+00  9.29e+01 
ac -0.9672 -0.9691 -0.1054  1.7414 -1.0325  1.1171 -0.8503 -0.4534 -1.2744 -1.4328 -0.7881 -0.9921 -0.9265 -0.8993 -0.5617 -0.7682 -1.1894 -1.0760 -1.0285 -1.7613 -3.2746  1.0330 -0.9959 -0.0153  0.5007  0.9653  0.8280  0.6583 -0.0565 -2.4211 -0.2767 -0.0574 -0.1036  2.7933  1.1056 -0.4676 
Phase 2 Subphase 2 Iteration 200 Progress: 20%
theta  1.33e+01  7.84e+00  3.96e+00  9.39e+01 -1.78e-02  0.00e+00 -1.13e-02  1.08e+00  3.48e-02 -1.79e+00 -8.86e-02 -4.09e-01 -3.25e-03 -2.92e+00  2.01e-01  4.54e+00  2.08e-02 -4.86e-01  5.07e+00  6.69e-01  1.10e+00  6.86e+03  7.00e+00 -4.08e-01  0.00e+00 -6.94e-04 -3.36e+00 -2.03e-01 -8.33e-01 -3.47e-01  1.36e-01  1.41e-03  3.71e+00 -4.98e-01 -8.60e+00  1.07e+02 
ac -0.9867 -0.9880 -0.1379  1.7696 -1.0532  1.1222 -0.8654 -0.4492 -0.7774 -1.5022 -0.8067 -1.0106 -0.9477 -0.9196 -0.5758 -0.7798 -1.2115 -1.0969 -1.0451 -1.8019 -3.6116  1.0337 -1.0147 -0.0204  0.4884  0.9681  0.9645  0.6174 -0.0828 -2.7253 -0.3311 -0.0545 -0.1176  3.1275  1.0978 -0.4754 
theta  8.01e+00  6.01e+00  3.54e+00  9.39e+01  6.24e-02  0.00e+00 -1.03e-02  9.32e-01  4.02e-02 -1.81e+00 -7.31e-02 -4.09e-01 -6.90e-04 -3.16e+00  2.07e-01  4.58e+00  2.05e-02 -4.65e-01  5.03e+00  8.14e-01  1.28e+00  6.02e+03  4.15e+00 -3.88e-01  0.00e+00 -3.82e-04 -3.39e+00 -2.03e-01 -8.77e-01 -3.42e-01  1.29e-01  2.86e-03  3.45e+00 -4.96e-01 -8.51e+00  9.53e+01 
ac -0.9827 -0.9839 -0.1362  1.7773 -1.0488  1.1236 -0.8617 -0.4492 -0.8111 -1.4973 -0.8038 -1.0049 -0.9447 -0.9169 -0.5741 -0.7791 -1.2065 -1.0901 -1.0394 -1.8047 -3.6254  1.0343 -1.0112 -0.0236  0.4840  0.9579  0.9603  0.6219 -0.0834 -2.7122 -0.3445 -0.0444 -0.1053  3.0747  1.0879 -0.4745 
theta:  8.01e+00  6.01e+00  3.54e+00  9.39e+01  6.24e-02  0.00e+00 -1.03e-02  9.32e-01  4.02e-02 -1.81e+00 -7.31e-02 -4.09e-01 -6.90e-04 -3.16e+00  2.07e-01  4.58e+00  2.05e-02 -4.65e-01  5.03e+00  8.14e-01  1.28e+00  6.02e+03  4.15e+00 -3.88e-01  0.00e+00 -3.82e-04 -3.39e+00 -2.03e-01 -8.77e-01 -3.42e-01  1.29e-01  2.86e-03  3.45e+00 -4.96e-01 -8.51e+00  9.53e+01 

Start phase 2.3
Phase 2 Subphase 3 Iteration 1 Progress: 20%
Phase 2 Subphase 3 Iteration 2 Progress: 20%
Phase 2 Subphase 3 Iteration 3 Progress: 20%
Phase 2 Subphase 3 Iteration 4 Progress: 20%
Phase 2 Subphase 3 Iteration 5 Progress: 20%
Phase 2 Subphase 3 Iteration 6 Progress: 20%
Phase 2 Subphase 3 Iteration 7 Progress: 20%
Phase 2 Subphase 3 Iteration 8 Progress: 20%
Phase 2 Subphase 3 Iteration 9 Progress: 20%
Phase 2 Subphase 3 Iteration 10 Progress: 20%
Phase 2 Subphase 3 Iteration 100 Progress: 20%
theta  6.86e+00  5.19e+00  3.68e+00  9.39e+01  5.84e-01  0.00e+00 -9.72e-03  9.37e-01  3.62e-02 -1.70e+00 -6.89e-02 -3.75e-01 -1.26e-03 -2.91e+00  1.89e-01  4.03e+00  2.02e-02 -4.83e-01  4.42e+00  7.92e-01  1.26e+00  6.62e+03  3.65e+00 -4.17e-01  0.00e+00 -9.61e-04 -3.47e+00 -1.95e-01 -8.33e-01 -3.40e-01  1.20e-01  1.93e-03  3.88e+00 -4.65e-01 -7.47e+00  1.03e+02 
ac -1.0787  0.6276  1.0219  0.9984  0.8557  0.9988  0.6198  0.7259  0.9669  0.8645  0.4096  0.0463 -0.2635  0.3520  0.9556  0.7824  0.8810  0.5232  0.8982  0.9005  0.9676  0.9971 -0.0734  0.9849  1.0009  1.0050  0.8773  1.0135  0.9988  0.7876  0.6364  0.9402  0.9239  0.9727  0.9611  1.0181 
Phase 2 Subphase 3 Iteration 1 Progress: 20%
Phase 2 Subphase 3 Iteration 2 Progress: 20%
Phase 2 Subphase 3 Iteration 3 Progress: 20%
Phase 2 Subphase 3 Iteration 4 Progress: 20%
Phase 2 Subphase 3 Iteration 5 Progress: 20%
Phase 2 Subphase 3 Iteration 6 Progress: 20%
Phase 2 Subphase 3 Iteration 7 Progress: 20%
Phase 2 Subphase 3 Iteration 8 Progress: 20%
Phase 2 Subphase 3 Iteration 9 Progress: 20%
Phase 2 Subphase 3 Iteration 10 Progress: 20%
Phase 2 Subphase 3 Iteration 100 Progress: 20%
theta  6.74e+00  5.21e+00  3.68e+00  9.39e+01  6.17e-01  0.00e+00 -9.65e-03  9.22e-01  3.55e-02 -1.70e+00 -6.16e-02 -3.64e-01 -1.29e-03 -2.93e+00  1.90e-01  4.03e+00  2.02e-02 -4.81e-01  4.39e+00  8.13e-01  1.27e+00  7.33e+03  3.75e+00 -4.48e-01  0.00e+00 -9.40e-04 -3.48e+00 -1.96e-01 -8.32e-01 -3.45e-01  1.14e-01  1.90e-03  3.98e+00 -4.74e-01 -7.75e+00  1.13e+02 
ac -0.528 -0.118  0.975  1.001  0.620  0.999  0.596  0.730  0.935  0.872  0.113 -0.166 -0.247  0.263  0.967  0.774  0.929  0.218  0.473  0.868  0.968  1.002 -0.193  0.962  0.988  0.968  0.878  1.006  0.895  1.032  0.780  1.022  1.032  0.974  0.949  0.930 
Phase 2 Subphase 3 Iteration 200 Progress: 21%
theta  6.92e+00  5.27e+00  3.70e+00  9.39e+01  6.11e-01  0.00e+00 -9.67e-03  9.19e-01  3.56e-02 -1.69e+00 -6.36e-02 -3.76e-01 -1.38e-03 -2.93e+00  1.92e-01  4.10e+00  2.04e-02 -4.96e-01  4.39e+00  8.09e-01  1.24e+00  7.95e+03  3.76e+00 -4.24e-01  0.00e+00 -1.39e-03 -3.70e+00 -1.98e-01 -8.48e-01 -3.49e-01  1.28e-01  1.78e-03  3.98e+00 -4.82e-01 -8.03e+00  1.21e+02 
ac -0.620 -0.230  1.000  0.999  0.507  0.999  0.630  0.799  0.894  0.831  0.199 -0.141 -0.209  0.358  0.978  0.783  0.881  0.283  0.387  0.881  0.989  1.002 -0.219  0.977  0.994  0.975  0.895  0.990  0.889  0.978  0.874  0.988  0.982  0.997  0.993  0.949 
theta  6.80e+00  5.20e+00  3.67e+00  9.39e+01  6.16e-01  0.00e+00 -9.68e-03  9.19e-01  3.60e-02 -1.69e+00 -6.56e-02 -3.74e-01 -1.33e-03 -2.93e+00  1.91e-01  4.06e+00  2.03e-02 -4.92e-01  4.39e+00  8.00e-01  1.26e+00  7.57e+03  3.71e+00 -4.31e-01  0.00e+00 -1.02e-03 -3.56e+00 -1.97e-01 -8.28e-01 -3.47e-01  1.14e-01  1.91e-03  3.95e+00 -4.77e-01 -7.84e+00  1.16e+02 
ac -0.6742 -0.3270  0.9943  0.9990  0.4679  0.9993  0.6654  0.8072  0.8822  0.8195  0.2189 -0.0827 -0.2305  0.3953  0.9845  0.8122  0.8690  0.2495  0.3337  0.8986  0.9800  1.0011 -0.2442  0.9780  0.9948  0.9788  0.9014  0.9925  0.9092  0.9611  0.8821  0.9618  0.9490  1.0037  1.0050  0.9534 
theta:  6.80e+00  5.20e+00  3.67e+00  9.39e+01  6.16e-01  0.00e+00 -9.68e-03  9.19e-01  3.60e-02 -1.69e+00 -6.56e-02 -3.74e-01 -1.33e-03 -2.93e+00  1.91e-01  4.06e+00  2.03e-02 -4.92e-01  4.39e+00  8.00e-01  1.26e+00  7.57e+03  3.71e+00 -4.31e-01  0.00e+00 -1.02e-03 -3.56e+00 -1.97e-01 -8.28e-01 -3.47e-01  1.14e-01  1.91e-03  3.95e+00 -4.77e-01 -7.84e+00  1.16e+02 

Start phase 2.4
Phase 2 Subphase 4 Iteration 1 Progress: 21%
Phase 2 Subphase 4 Iteration 2 Progress: 21%
Phase 2 Subphase 4 Iteration 3 Progress: 21%
Phase 2 Subphase 4 Iteration 4 Progress: 21%
Phase 2 Subphase 4 Iteration 5 Progress: 21%
Phase 2 Subphase 4 Iteration 6 Progress: 21%
Phase 2 Subphase 4 Iteration 7 Progress: 21%
Phase 2 Subphase 4 Iteration 8 Progress: 21%
Phase 2 Subphase 4 Iteration 9 Progress: 21%
Phase 2 Subphase 4 Iteration 10 Progress: 21%
Phase 2 Subphase 4 Iteration 100 Progress: 21%
theta  6.77e+00  5.23e+00  3.70e+00  9.39e+01  6.14e-01  0.00e+00 -9.65e-03  9.12e-01  3.63e-02 -1.68e+00 -6.44e-02 -3.71e-01 -1.32e-03 -2.97e+00  1.90e-01  4.06e+00  2.02e-02 -5.00e-01  4.39e+00  7.95e-01  1.28e+00  7.87e+03  3.61e+00 -4.30e-01  0.00e+00 -9.70e-04 -3.63e+00 -1.96e-01 -8.01e-01 -3.49e-01  1.00e-01  2.04e-03  4.00e+00 -4.79e-01 -7.88e+00  1.20e+02 
ac -0.319 -0.299  0.990  0.998  0.783  1.001  0.757  0.845  0.943  0.911  0.375  0.102  0.421  0.771  0.964  0.778  0.958  0.431  0.724  1.029  0.948  1.000  0.350  1.001  0.998  1.002  0.929  0.951  0.931  0.845  0.763  0.938  0.927  0.985  0.951  1.014 
Phase 2 Subphase 4 Iteration 200 Progress: 21%
theta  6.77e+00  5.16e+00  3.65e+00  9.39e+01  6.14e-01  0.00e+00 -9.70e-03  9.05e-01  3.61e-02 -1.69e+00 -6.43e-02 -3.76e-01 -1.35e-03 -2.94e+00  1.92e-01  4.08e+00  2.02e-02 -4.88e-01  4.39e+00  8.11e-01  1.25e+00  8.18e+03  3.72e+00 -4.46e-01  0.00e+00 -1.02e-03 -3.51e+00 -1.98e-01 -8.34e-01 -3.50e-01  1.14e-01  1.96e-03  4.02e+00 -4.73e-01 -7.76e+00  1.24e+02 
ac -0.2111 -0.0844  0.9898  0.9993  0.8502  1.0007  0.8206  0.8842  0.9632  0.9166  0.3625  0.1940  0.4933  0.7939  0.9514  0.7530  0.9409  0.5221  0.7781  0.9901  0.9727  1.0011  0.3790  0.9963  0.9993  1.0048  0.8568  0.9915  0.9624  0.8795  0.7567  0.9311  0.9146  0.9815  0.9589  1.0125 
Phase 2 Subphase 4 Iteration 300 Progress: 21%
theta  6.81e+00  5.19e+00  3.70e+00  9.39e+01  6.13e-01  0.00e+00 -9.75e-03  9.10e-01  3.56e-02 -1.68e+00 -6.43e-02 -3.67e-01 -1.34e-03 -2.92e+00  1.90e-01  4.05e+00  2.02e-02 -4.88e-01  4.39e+00  8.06e-01  1.25e+00  8.50e+03  3.73e+00 -4.46e-01  0.00e+00 -8.58e-04 -3.47e+00 -1.97e-01 -8.25e-01 -3.49e-01  1.13e-01  2.02e-03  3.95e+00 -4.75e-01 -7.76e+00  1.29e+02 
ac -0.2275 -0.0833  0.9981  0.9994  0.7914  1.0000  0.8563  0.8983  0.9633  0.8937  0.2724  0.1105  0.4731  0.7746  0.9538  0.7599  0.9448  0.4625  0.7223  0.9506  0.9629  0.9998  0.3296  0.9878  0.9993  1.0012  0.8602  0.9820  0.9576  0.8784  0.7798  0.9348  0.9203  0.9857  0.9736  1.0095 
theta  6.80e+00  5.20e+00  3.67e+00  9.39e+01  6.14e-01  0.00e+00 -9.69e-03  9.12e-01  3.60e-02 -1.68e+00 -6.56e-02 -3.74e-01 -1.34e-03 -2.93e+00  1.91e-01  4.06e+00  2.02e-02 -4.88e-01  4.39e+00  8.01e-01  1.26e+00  8.17e+03  3.70e+00 -4.35e-01  0.00e+00 -9.46e-04 -3.51e+00 -1.97e-01 -8.18e-01 -3.47e-01  1.12e-01  1.95e-03  3.99e+00 -4.76e-01 -7.81e+00  1.24e+02 
ac -0.2931 -0.0598  0.9889  1.0002  0.7772  0.9998  0.8339  0.8706  0.9819  0.9020  0.2939  0.0880  0.4653  0.7694  0.9550  0.7621  0.9338  0.4480  0.6814  0.9479  0.9683  1.0001  0.2807  0.9909  0.9998  0.9963  0.8806  0.9740  0.9601  0.8805  0.7954  0.9420  0.9267  0.9857  0.9669  0.9980 
theta:  6.80e+00  5.20e+00  3.67e+00  9.39e+01  6.14e-01  0.00e+00 -9.69e-03  9.12e-01  3.60e-02 -1.68e+00 -6.56e-02 -3.74e-01 -1.34e-03 -2.93e+00  1.91e-01  4.06e+00  2.02e-02 -4.88e-01  4.39e+00  8.01e-01  1.26e+00  8.17e+03  3.70e+00 -4.35e-01  0.00e+00 -9.46e-04 -3.51e+00 -1.97e-01 -8.18e-01 -3.47e-01  1.12e-01  1.95e-03  3.99e+00 -4.76e-01 -7.81e+00  1.24e+02 

Start phase 3 
Phase 3 Iteration 1 Progress 21%
Estimates, standard errors and convergence t-ratios

                                         Estimate    Standard    Convergence 
                                                       Error       t-ratio   
   1. rate constant mnet rate (period 1)    6.8014 (    0.2737 )     0.0502  
   2. rate constant mnet rate (period 2)    5.1979 (    0.4962 )    -0.0417  
   3. rate constant mnet rate (period 3)    3.6725 (    3.0344 )     1.6171  
   4. rate constant mnet rate (period 4)   93.9245 (        NA )    11.5660  
   5. eval mnet: degree (density)           0.6139 (    1.1305 )    -0.4150  
   6. eval mnet: betweenness                0.0000 (        NA )    57.6944  
   7. eval mnet: ranking ego and alt       -0.0097 (    0.0011 )     0.2606  
   8. eval mnet: ranking similarity         0.9115 (    0.6590 )    -0.3572  
   9. eval mnet: soloshow ego and alt       0.0360 (    0.0211 )     0.5530  
  10. eval mnet: soloshow similarity       -1.6840 (    0.2916 )    -0.4069  
  11. eval mnet: award ego and alt         -0.0656 (    0.0557 )    -0.1043  
  12. eval mnet: award similarity          -0.3741 (    0.1217 )    -0.0117  
  13. eval mnet: meanprice ego and alt     -0.0013 (    0.0004 )    -0.2975  
  14. eval mnet: meanprice similarity      -2.9326 (    0.8107 )     0.5075  
  15. eval mnet: festbiennal ego and alt    0.1906 (    0.0530 )    -1.2510  
  16. eval mnet: festbiennal similarity     4.0624 (    1.6031 )     0.3789  
  17. eval mnet: groupshow ego and alt      0.0202 (    0.0031 )     0.6826  
  18. eval mnet: groupshow similarity      -0.4885 (    0.2520 )    -0.1646  
  19. eval mnet: pnet                       4.3909 (    1.1150 )    -0.3353  
  20. rate constant pnet rate (period 1)    0.8008 (    0.1045 )     0.6825  
  21. rate constant pnet rate (period 2)    1.2600 (    0.1825 )     1.0952  
  22. rate constant pnet rate (period 3) 8170.2817 ( 1655.0256 )   -21.2389  
  23. rate constant pnet rate (period 4)    3.7009 (    0.3042 )    -0.1782  
  24. eval pnet: degree (density)          -0.4354 (    0.1680 )    -3.4411  
  25. eval pnet: betweenness                0.0000 (        NA )    16.1613  
  26. eval pnet: ranking ego and alt       -0.0009 (    0.0016 )    -4.0644  
  27. eval pnet: ranking similarity        -3.5106 (    0.8141 )     1.2164  
  28. eval pnet: soloshow ego and alt      -0.1968 (    0.0386 )     1.0972  
  29. eval pnet: soloshow similarity       -0.8181 (    1.4978 )    -0.8181  
  30. eval pnet: award ego and alt         -0.3474 (    0.2675 )     0.9122  
  31. eval pnet: award similarity           0.1118 (    0.2884 )    -0.4054  
  32. eval pnet: meanprice ego and alt      0.0019 (    0.0016 )     1.8009  
  33. eval pnet: meanprice similarity       3.9882 (    3.8648 )    -1.3668  
  34. eval pnet: festbiennal ego and alt   -0.4757 (    0.0767 )     1.3073  
  35. eval pnet: festbiennal similarity    -7.8133 (    1.9833 )    -1.2105  
  36. eval pnet: mnet                     124.1787 ( 1666.6566 )    -2.2674  

Overall maximum convergence ratio:   26.0749 


Total of 3282 iteration steps.

Covariance matrix of estimates (correlations below diagonal)

       0.075        0.020        0.056           NA       -0.055           NA        0.000       -0.010        0.000       -0.002        0.001        0.001        0.000       -0.007        0.000        0.005        0.000        0.000        0.053        0.000        0.002       20.601        0.010        0.005           NA        0.000       -0.042        0.001       -0.027        0.001       -0.006        0.000        0.149        0.001       -0.010      -20.625
       0.148        0.246        0.801           NA       -0.435           NA        0.000       -0.091        0.006       -0.025       -0.003        0.000        0.000        0.074       -0.003       -0.112        0.001       -0.032        0.427       -0.007        0.019       69.994        0.071        0.045           NA        0.000       -0.163        0.010       -0.323       -0.033       -0.065        0.000        1.216        0.010       -0.184      -70.476
       0.068        0.532        9.208           NA       -2.478           NA       -0.001       -1.116        0.054       -0.266       -0.088       -0.151        0.000        0.762       -0.094       -2.977        0.007       -0.478        2.436       -0.029        0.160     -324.064        0.481        0.373           NA        0.001        0.395        0.092       -3.526       -0.714       -0.618        0.001        5.031        0.044       -2.928      327.186
          NA           NA           NA           NA           NA           NA           NA           NA           NA           NA           NA           NA           NA           NA           NA           NA           NA           NA           NA           NA           NA           NA           NA           NA           NA           NA           NA           NA           NA           NA           NA           NA           NA           NA           NA           NA
      -0.177       -0.775       -0.722           NA        1.278           NA        0.001        0.423       -0.018        0.055        0.016        0.020        0.000       -0.233        0.017        0.670       -0.002        0.098       -1.260        0.018       -0.048     -160.013       -0.215       -0.131           NA        0.001        0.299       -0.025        1.197        0.140        0.228       -0.001       -2.948       -0.029        0.798      161.840
          NA           NA           NA           NA           NA           NA           NA           NA           NA           NA           NA           NA           NA           NA           NA           NA           NA           NA           NA           NA           NA           NA           NA           NA           NA           NA           NA           NA           NA           NA           NA           NA           NA           NA           NA           NA
      -0.169       -0.535       -0.176           NA        0.460           NA        0.000        0.000        0.000        0.000        0.000        0.000        0.000        0.000        0.000       -0.001        0.000        0.000       -0.001        0.000        0.000       -0.014        0.000        0.000           NA        0.000        0.001        0.000        0.000        0.000        0.000        0.000       -0.003        0.000        0.000        0.013
      -0.056       -0.278       -0.558           NA        0.567           NA        0.095        0.434       -0.009        0.004        0.015        0.024        0.000       -0.099        0.017        0.622       -0.001        0.036       -0.420        0.003       -0.013       47.407       -0.077       -0.058           NA        0.000       -0.101       -0.008        0.762        0.107        0.109        0.000       -0.567       -0.012        0.485      -47.914
       0.086        0.549        0.838           NA       -0.747           NA       -0.222       -0.634        0.000        0.000       -0.001       -0.001        0.000        0.005        0.000       -0.017        0.000       -0.003        0.018        0.000        0.001       -0.744        0.003        0.003           NA        0.000        0.002        0.001       -0.026       -0.004       -0.004        0.000        0.042        0.000       -0.019        0.743
      -0.020       -0.171       -0.301           NA        0.166           NA        0.070        0.022       -0.020        0.085        0.002        0.004        0.000       -0.020        0.003        0.086        0.000        0.020       -0.054        0.002       -0.001        8.240       -0.017       -0.008           NA        0.000       -0.011       -0.003        0.050        0.018        0.019        0.000       -0.072       -0.003        0.036       -8.222
       0.040       -0.108       -0.518           NA        0.247           NA       -0.257        0.419       -0.474        0.139        0.003        0.005        0.000       -0.009        0.001        0.047        0.000        0.008       -0.016        0.000       -0.002       -2.550       -0.004       -0.002           NA        0.000       -0.025       -0.001        0.048        0.010        0.007        0.000       -0.006        0.000        0.049        2.602
       0.035       -0.001       -0.409           NA        0.143           NA       -0.381        0.296       -0.365        0.120        0.725        0.015        0.000       -0.018        0.003        0.108        0.000        0.012       -0.020        0.001       -0.002       -8.199       -0.005       -0.002           NA        0.000       -0.054        0.000        0.080        0.019        0.013        0.000        0.065        0.000        0.077        8.358
      -0.105       -0.268       -0.435           NA        0.368           NA        0.155        0.312       -0.390        0.095        0.182        0.158        0.000        0.000        0.000        0.000        0.000        0.000        0.000        0.000        0.000        0.017        0.000        0.000           NA        0.000        0.000        0.000        0.000        0.000        0.000        0.000        0.000        0.000        0.000       -0.017
      -0.032        0.184        0.310           NA       -0.255           NA        0.006       -0.185        0.294       -0.087       -0.193       -0.181        0.624        0.657       -0.006       -0.195        0.001       -0.039        0.229       -0.003        0.006      -55.447        0.054        0.030           NA        0.000        0.056        0.007       -0.296       -0.058       -0.081        0.000        0.293        0.005       -0.257       54.950
       0.025       -0.120       -0.582           NA        0.289           NA       -0.260        0.493       -0.444        0.179        0.474        0.514        0.352       -0.145        0.003        0.079        0.000        0.005       -0.017        0.000       -0.001       -0.899       -0.003       -0.002           NA        0.000       -0.020       -0.001        0.042        0.011        0.007        0.000        0.029       -0.001        0.020        0.920
       0.012       -0.141       -0.612           NA        0.370           NA       -0.338        0.589       -0.501        0.183        0.528        0.551        0.379       -0.150        0.930        2.570       -0.002        0.177       -0.668        0.013       -0.038      -76.724       -0.121       -0.074           NA       -0.001       -0.599       -0.015        1.522        0.337        0.267        0.000        0.621       -0.033        0.907       77.832
       0.070        0.484        0.800           NA       -0.654           NA       -0.108       -0.511        0.764       -0.242       -0.420       -0.333       -0.394        0.275       -0.434       -0.505        0.000        0.000        0.002        0.000        0.000       -0.659        0.000        0.000           NA        0.000        0.000        0.000       -0.003       -0.001       -0.001        0.000        0.005        0.000       -0.002        0.664
       0.004       -0.254       -0.625           NA        0.344           NA       -0.168        0.214       -0.523        0.273        0.580        0.405        0.272       -0.188        0.370        0.439       -0.578        0.064       -0.098        0.001       -0.009       -5.592       -0.022       -0.013           NA        0.000       -0.067       -0.004        0.182        0.043        0.032        0.000       -0.221        0.001        0.239        5.723
       0.175        0.772        0.720           NA       -0.999           NA       -0.451       -0.572        0.750       -0.165       -0.251       -0.149       -0.367        0.254       -0.289       -0.374        0.654       -0.347        1.243       -0.018        0.047      156.635        0.212        0.128           NA       -0.001       -0.290        0.024       -1.188       -0.139       -0.226        0.001        2.895        0.028       -0.798     -158.465
      -0.008       -0.136       -0.090           NA        0.152           NA       -0.003        0.043       -0.064        0.056        0.059        0.084        0.067       -0.030        0.058        0.075       -0.095        0.048       -0.152        0.011        0.000       -3.974       -0.002       -0.001           NA        0.000        0.005        0.000        0.010        0.002        0.004        0.000       -0.033        0.000        0.008        4.078
       0.033        0.212        0.289           NA       -0.235           NA       -0.156       -0.112        0.291       -0.017       -0.164       -0.077       -0.156        0.042       -0.143       -0.129        0.239       -0.189        0.233       -0.015        0.033      -10.297        0.010        0.009           NA        0.000        0.003        0.002       -0.067       -0.011       -0.005        0.000        0.128        0.001       -0.039       10.354
       0.045        0.085       -0.065           NA       -0.086           NA       -0.008        0.043       -0.021        0.017       -0.028       -0.041        0.028       -0.041       -0.010       -0.029       -0.129       -0.013        0.085       -0.023       -0.034  2739109.872      176.800      -66.771           NA        0.322       -0.616       -4.357     -101.793       43.335       -1.069        0.404      724.238      -18.186     -383.452 -2758308.077
       0.117        0.469        0.521           NA       -0.626           NA       -0.309       -0.386        0.524       -0.188       -0.236       -0.143       -0.210        0.220       -0.192       -0.249        0.479       -0.292        0.624       -0.063        0.188        0.351        0.093        0.029           NA        0.000       -0.032        0.006       -0.226       -0.030       -0.036        0.000        0.512        0.006       -0.130     -178.723
       0.105        0.544        0.733           NA       -0.692           NA       -0.486       -0.521        0.713       -0.156       -0.224       -0.079       -0.378        0.222       -0.263       -0.275        0.684       -0.304        0.686       -0.047        0.280       -0.240        0.560        0.028           NA        0.000       -0.018        0.005       -0.157       -0.025       -0.017        0.000        0.351        0.006       -0.062       67.364
          NA           NA           NA           NA           NA           NA           NA           NA           NA           NA           NA           NA           NA           NA           NA           NA           NA           NA           NA           NA           NA           NA           NA           NA           NA           NA           NA           NA           NA           NA           NA           NA           NA           NA           NA           NA
      -0.186       -0.386        0.133           NA        0.352           NA        0.602       -0.047        0.064       -0.065       -0.544       -0.522        0.044        0.083       -0.361       -0.343       -0.001       -0.348       -0.347        0.051        0.007        0.122       -0.175       -0.283           NA        0.000        0.001        0.000        0.000        0.000        0.000        0.000       -0.002        0.000       -0.001       -0.326
      -0.188       -0.404        0.160           NA        0.325           NA        0.640       -0.188        0.103       -0.047       -0.558       -0.548       -0.022        0.084       -0.467       -0.459        0.081       -0.326       -0.319        0.057        0.019        0.000       -0.130       -0.128           NA        0.928        0.663        0.000       -0.316       -0.113       -0.015       -0.001       -1.526       -0.008       -0.451       -0.166
       0.068        0.516        0.785           NA       -0.571           NA       -0.491       -0.313        0.663       -0.300       -0.256       -0.081       -0.367        0.210       -0.276       -0.237        0.627       -0.450        0.563       -0.027        0.298       -0.068        0.473        0.837           NA       -0.042       -0.001        0.001       -0.029       -0.006       -0.003        0.000        0.085        0.001       -0.019        4.402
      -0.065       -0.434       -0.776           NA        0.707           NA        0.056        0.772       -0.820        0.114        0.579        0.436        0.377       -0.244        0.527        0.634       -0.679        0.481       -0.711        0.065       -0.246       -0.041       -0.496       -0.624           NA       -0.204       -0.259       -0.494        2.244        0.310        0.275       -0.001       -2.164       -0.010        1.755      102.763
       0.017       -0.246       -0.880           NA        0.465           NA       -0.196        0.608       -0.748        0.234        0.645        0.595        0.412       -0.267        0.744        0.785       -0.718        0.632       -0.467        0.061       -0.235        0.098       -0.367       -0.555           NA       -0.438       -0.518       -0.580        0.773        0.072        0.045        0.000       -0.120       -0.002        0.278      -43.604
      -0.073       -0.452       -0.706           NA        0.700           NA       -0.028        0.576       -0.584        0.221        0.422        0.379        0.223       -0.349        0.476        0.577       -0.580        0.441       -0.702        0.141       -0.104       -0.002       -0.414       -0.361           NA       -0.052       -0.065       -0.311        0.637        0.588        0.083        0.000       -0.278       -0.004        0.229        1.263
       0.123        0.544        0.275           NA       -0.588           NA       -0.541       -0.215        0.408       -0.001        0.033        0.191       -0.136        0.058        0.227        0.165        0.266       -0.137        0.587       -0.082        0.113        0.153        0.361        0.419           NA       -0.387       -0.492        0.430       -0.294        0.002       -0.194        0.000        0.006        0.000       -0.001       -0.406
       0.141        0.634        0.429           NA       -0.675           NA       -0.618       -0.223        0.520       -0.063       -0.029        0.138       -0.210        0.094        0.143        0.100        0.379       -0.227        0.672       -0.081        0.182        0.113        0.435        0.541           NA       -0.388       -0.485        0.571       -0.374       -0.116       -0.250        0.972       14.936        0.005       -2.023     -727.957
       0.054        0.264        0.191           NA       -0.335           NA       -0.258       -0.235        0.184       -0.128        0.026       -0.022       -0.177        0.087       -0.297       -0.273        0.258        0.061        0.329       -0.060        0.096       -0.143        0.272        0.454           NA       -0.352       -0.134        0.285       -0.087       -0.119       -0.192       -0.037        0.017        0.006        0.091       18.283
      -0.019       -0.187       -0.486           NA        0.356           NA       -0.139        0.371       -0.465        0.063        0.440        0.320        0.192       -0.160        0.192        0.285       -0.367        0.479       -0.361        0.038       -0.107       -0.117       -0.216       -0.185           NA       -0.352       -0.280       -0.242        0.591        0.525        0.400       -0.236       -0.264        0.600        3.933      386.283
      -0.045       -0.085        0.065           NA        0.086           NA        0.007       -0.044        0.021       -0.017        0.028        0.041       -0.028        0.041        0.010        0.029        0.129        0.014       -0.085        0.023        0.034       -1.000       -0.352        0.241           NA       -0.123        0.000        0.068        0.041       -0.098        0.003       -0.153       -0.113        0.143        0.117  2777744.205

Derivative matrix of expected statistics X by parameters:

      180.236         0.000         0.000         0.000        89.300     -2018.008      6937.812        -5.450       110.470         2.708         2.299         5.439    -10284.756         3.366      -108.900         2.368     -1529.167         2.608       167.806        -3.550         0.000         0.000         0.000         5.010      -442.016       237.586         0.416        23.426        -0.548        -0.406         0.495      -153.130         0.012        -0.697         0.116         0.000
        0.000        95.345         0.000         0.000        44.337     -2166.174     10062.994       -12.200        61.285        -1.661         8.213         1.798     -1744.003         0.587       -12.149        -0.271      -225.410         4.491        71.435         0.000        -4.985         0.000         0.000         9.588      -462.326       547.553        -0.450        78.950        -1.418         4.068         0.982       859.423        -0.342        15.533        -0.966         0.000
        0.000         0.000        51.184         0.000        10.161     -1341.729     -3106.401         7.343        -0.682         0.828        12.276        -0.619       616.954         0.031       -31.566         0.308      -240.936         0.809        -0.616         0.000         0.000         0.000         0.000         7.256     -1025.064       166.077         1.047       -10.482         0.692         8.068        -0.203      -356.330         0.255       -17.131         0.236         0.000
        0.000         0.000         0.000        31.047       -15.524      -715.230       279.188        -0.358        43.712        -0.472         2.333        -0.540       673.289        -0.154        16.762        -0.552       -36.015        -0.199       -30.686         0.000         0.000         0.000        -0.043        -1.702       149.128        77.848        -0.273         9.533         0.005        -0.042        -0.011       152.155         0.000         6.024        -0.177         0.000
       30.666        65.350       -19.979     -1879.377      1058.421     33664.054      7833.867       -22.530     -1891.941        36.506       -13.964         2.026    -62296.322        25.210      -737.087        23.569      3655.666        31.415      2037.898        -4.177        -3.282         0.000        15.010        53.512     -6760.738      1255.897        -3.520       172.686         2.135        82.332       -11.946      3527.774        -2.283       -62.246         1.620         0.000
     1771.511      3862.093       311.614    -31823.357     20224.509    845042.928   1412934.369     -2389.718    -37651.369       500.432      4675.294      -372.808  -1509817.762       684.450    -16259.158       441.993     47676.436       148.289     37384.357      -208.339       336.647         0.000        46.792      1280.508   -127588.281    252067.249      -215.204      3073.704       158.621      2829.138      -290.679    -85425.195         9.798     -2290.160        39.412         0.000
     2021.523     10904.528    -14402.661     24324.903      7950.991   -303347.879  22344324.863    -22959.635    -63466.917     -1708.887      1589.294      -433.389 -10350086.719      3397.855    -39032.520      2335.643   -566983.710      8303.162     15867.778      -108.842       752.984         0.000      2308.064       755.709   -290288.156   2370522.208     -2524.185     17302.514      -245.765        59.455      1903.925  -1441596.259       602.708     -8270.499       182.561         0.000
       -2.037       -13.847        25.763       -31.441        -9.031      -541.445    -22355.312        52.451       186.305         0.854       -58.222        10.756      5382.735        -1.364       -19.458        -0.411      -507.996         7.405       -19.116         0.362        -2.008         0.000        -1.123        -5.625       736.495     -2224.222         5.774         9.663        -0.180       -11.910        -0.674      -264.522         0.104        -6.719         0.324         0.000
       67.146      -128.168        69.055      1957.190     -1109.453    -32402.171    -83900.212       200.087     41659.002      -631.505      -806.869       248.793    117482.869       -70.160      1623.449      -117.348    -23123.392       110.843     -2182.414       -31.247       -34.508         0.000      -229.617        19.626     -5337.548    -18323.810         8.208      4341.159       -74.063        55.487        18.423     15407.965       -11.191       553.693       -25.330         0.000
       -0.866         1.183        -1.286       -34.560        19.691       194.983     -1093.619        -0.634      -611.277        37.629        18.130        -8.698      5168.702        -1.880       -24.575         2.005       643.663        -7.712        38.135         1.491        -0.988         0.000        14.744        -3.955       681.582      -123.161         0.540       -40.175         6.090         2.208         1.556      -114.594         0.044       -21.143         0.820         0.000
       -4.359         4.950       -12.816       177.617       -68.762     -1799.533       812.531       -51.471        -8.986         5.983      2169.353      -400.496     62396.671       -25.513       160.969        -4.489      3013.683      -109.233      -137.250         2.295         0.758         0.000        23.381        -3.692      1268.723       406.375        -4.083        69.673         6.767       235.886       -51.130     14101.051        -3.611       -81.008         1.506         0.000
        6.990        -1.358         3.542       -28.253        18.474       212.961      3430.903         6.856       195.577        -4.291      -393.741       303.335    -22880.051         9.912        -5.779        -0.473     -1346.771        18.337        37.260        -5.106         3.471         0.000        -0.589         2.894      -503.914      1599.924        -1.146       -20.383        -1.419       -18.584        43.000     -2959.709         0.695        -4.520        -0.274         0.000
    -4867.138     -1615.888      5403.115     62249.985    -39408.025  -1258501.260  -9082753.336      2709.700    154726.714      2600.499     74946.453    -17487.312 141218020.275    -58329.913     43549.963     -3440.687   1963593.656     -7381.152    -74730.814       421.232     -1618.897         0.000     -7697.885     -1555.536   -300833.142   -306539.865      -133.805    -16074.377      1572.655        30.243      1392.044  16365832.368     -7219.541      9131.631      -499.608         0.000
        2.508         0.993        -1.578       -23.011        15.102       412.253      2853.422        -0.416       -79.138        -0.677       -32.250         7.776    -57525.640        26.771       -11.442         0.921      -777.268         2.783        27.973        -0.149         0.921         0.000         2.199         0.928        51.435       -86.005         0.106         7.665        -0.795        -2.313        -0.003     -6838.322         3.284         1.592        -0.073         0.000
      -60.282       -26.198       -28.322       697.873      -416.673    -16254.771    -42518.754       -18.440      1602.573       -23.697        78.554        35.121     36542.774       -11.346      9135.465      -316.217     -5918.103        50.257      -791.600        11.714        19.344         0.000      -124.210        26.433     -4049.666     -8090.920        -8.948        41.525       -18.529      -148.826        36.845      6903.473        -1.488      2040.325       -71.707         0.000
        2.283         1.436        -0.186       -22.804        14.326       446.019      2334.765        -0.294      -128.769         2.326        -2.467        -1.526     -3934.834         1.142      -316.456        14.575       -27.307        -1.300        28.181        -0.159        -1.063         0.000         3.730        -0.366        50.346         3.926         0.551       -17.465         0.836         4.687        -1.283     -1337.838         0.437       -74.384         3.414         0.000
     -530.871      -296.686      -374.591     -4864.980      1434.954    125844.128   -722743.624      -444.514    -24523.530       430.728      2438.691      -701.923   2087219.600      -803.173     -3689.707       -57.383    842625.832       505.573      2843.300       115.390        26.981         0.000       746.183        18.658     28445.544    -86793.098        21.836     -1460.488       -99.725      -113.761         7.066    306145.901      -129.124     -1107.768        85.012         0.000
        4.556         2.823        -0.969       -20.819        18.493     -1176.852      8245.722         5.613       100.645        -6.296      -113.338        18.004    -12647.738         4.811        60.535        -1.607       311.811        79.110        35.412        -0.144        -0.116         0.000         7.168        -4.980       483.814      1130.236         0.240        69.614        -1.845       -15.197         2.495     -3632.590         1.932       -10.752         0.172         0.000
       21.153        35.071       -25.157     -1873.735      1020.872     35024.916      6016.925       -22.808     -2108.581        37.415       -23.636         2.398    -54407.063        21.747      -664.155        21.946      3766.362        27.536      2019.226        -1.316        -2.662         0.000        -0.938        29.530     -4949.565       432.603        -2.984       138.628         3.280        57.027        -4.449      2401.043        -2.071       -51.574         1.750         0.000
      -19.511         0.000         0.000         0.000        -9.905       872.757     -1109.129         0.429       -52.843         1.160       -25.970         0.080      -201.011         0.248       -17.448         0.070       364.424        -0.788       -26.164       152.722         0.000         0.000         0.000       -51.284     10641.183     -5663.814         1.823      -203.503        -1.346       -15.393        -2.605      8359.515        -3.175       -13.361         0.006         0.000
        0.000        -2.240         0.000         0.000        -4.738      2733.369       455.769        -3.373       -85.494         0.930        11.461        -3.174      1892.301        -0.524       -35.698         1.729       363.206        -0.891       -27.669         0.000        88.914         0.000         0.000       -12.212      5584.842     -4234.434         2.234      -112.261         2.433         5.722        -3.683      3651.730        -1.217       -35.337         1.441         0.000
        0.000         0.000         0.000         0.000         0.000         0.000         0.000         0.000         0.000         0.000         0.000         0.000         0.000         0.000         0.000         0.000         0.000         0.000         0.000         0.000         0.000         1.000         0.000         0.000         0.000         0.000         0.000         0.000         0.000         0.000         0.000         0.000         0.000         0.000         0.000         1.000
        0.000         0.000         0.000       -26.052        13.026       500.652      -499.473         0.548       -31.072         2.247        -4.540        -0.462     -2051.102         0.534       -12.627         0.348       244.020         0.634        19.814         0.000         0.000         0.000       144.279       -39.732      6562.447     -1274.804        -1.277       -17.483        -0.879       -15.129         0.050      2501.573        -0.565       -33.491         0.315         0.000
        8.081        18.099       -79.099       -45.905        15.156      6019.686     18062.306       -30.553       163.223       -33.640       194.298        -1.318    -15052.913         0.207       284.405       -34.574     -2543.936       -29.934       120.358       -12.592       -14.668         0.000       -70.987       215.597    -21611.987     53967.793       -85.704      -365.612       -26.966       137.447         3.123    -41324.389        18.351        79.680        -9.413         0.000
      204.897      1017.693     -8385.452      -651.839     -2216.560    312939.524   -263565.285      -453.702     31046.202     -1319.322     -3417.062      -953.968    281770.636      -230.934     21182.634     -1230.212    103563.035     -1166.994      2097.353       182.943       979.478         0.000       532.744      2559.444    185930.647    947415.500     -1886.621      7610.702      -814.062     -1511.078      -863.754   -478063.127       251.214     13429.821      -614.019         0.000
     1011.051      1201.639    -27992.348      -722.653      4466.724   1303247.178  11127537.823    -22883.819    -81648.351       119.051     45834.148       -58.443  -2758844.896      -150.327     77868.078     -4033.107    496357.246     -1378.142     13281.956      -824.066     -2748.187         0.000      -187.199        18.123      7651.814   9673718.856    -18766.766     72094.197     -2911.679     15710.753      1826.781  -5059908.707      1804.404     73549.462     -2142.120         0.000
        2.020        -1.766        70.777        -1.879       -16.848      -177.298    -24210.880        41.842       188.456        -3.027       -17.326         3.946      1852.741         1.483       -40.000         2.147      -520.840        -0.913       -23.170         0.647         2.815         0.000        -0.408         7.741      -746.630    -12799.977        35.133      -105.176         4.583         7.492        -1.514      1761.303         0.529      -130.760         3.696         0.000
       16.591       -12.623     -1023.177       111.270       119.926    -19642.284    246090.752      -280.859     -2080.138       136.797      -992.564      -352.367     68773.817       -36.544       185.971        43.736      4933.421       158.478       597.413        19.587       -16.245         0.000        79.804      -635.922     85166.568   -137629.553       153.112      9114.500       -59.767      -810.615      -151.675    260922.711      -129.073       996.529       -36.402         0.000
       -0.309        -0.447        -4.118        -2.808        -9.757      2180.517      1481.494        -9.480       151.573        -3.444         2.385         3.095      1132.879        -0.879        86.553        -4.525       319.978        -0.739        -5.493        -0.217         1.445         0.000        -0.646         7.303      -670.075      2264.724        -4.349       -33.493         4.294         0.271         2.448     -1672.289         1.210        31.418        -2.069         0.000
      -11.717         5.944       259.812       -23.120       112.325     -5201.071     49380.122       -53.203       972.011       -23.868       143.176       -65.352    -74281.784        30.348      -159.560       -17.349      1947.978        -2.315        99.842        -3.186         0.257         0.000        -0.421        57.400     -7592.350     12997.808        -3.698       876.718       -28.876       285.751       -48.062    -20026.210         7.850       232.649       -16.401         0.000
        3.658         3.210       125.583        -3.692        -3.173      2998.362      2040.545        -0.431      -117.391        -5.009        16.266        -0.459     -9973.051         7.563        17.189        -2.855       -80.007        -2.262       -37.832        -0.461        -1.766         0.000        -1.628       -18.233      4034.557      -307.446        -2.051        34.318        -1.391       -61.666        66.548      -700.804        -0.179        76.117        -3.427         0.000
    -1063.654      1055.443     95212.320      6775.793    -18272.765  -2345211.462 -34543028.832     61271.742    393598.022     -2580.673    -61870.325      -347.874   8534736.757     -2190.013   -164195.829      4180.587   -368269.545     -5600.598    -51749.165       965.642      2633.333         0.000      2893.538    -12499.718    887156.971  -4813474.992       904.570    178089.136     -3180.804    -26362.040     -3003.863  29689121.978    -12291.110     -9461.602       393.940         0.000
        0.489        -0.561       -42.061        -1.513         9.179       772.132     15601.561       -27.122      -200.164         1.170        31.154         0.544     -4759.429         1.477        63.695        -1.542       139.297         3.037        22.092        -0.413        -0.964         0.000        -0.846         6.941      -585.026      2170.496         0.421      -104.597         1.978        14.899         1.950    -13840.213         6.161        -2.529         0.120         0.000
      -21.078        15.007       118.238        68.431       261.478    -38125.281     47309.210       -25.813      -249.737        45.853       367.987        40.909     71044.709       -32.923      -510.456        35.053     -2581.937        48.243        73.642         6.159        -5.970         0.000       -22.884        45.493    -20383.240     41394.481       -67.298      -239.601        28.588       368.573        40.819     14995.811        -8.235      2215.149       -68.162         0.000
        1.040        -0.757        -3.572        -3.701        -7.419      1262.335     -1031.347         0.566       -36.667        -0.397       -11.522         0.408     -2825.696         1.228        18.711        -0.374       -47.929        -2.557        -0.411        -0.159         0.116         0.000         1.131        -2.492       676.327     -1500.394         2.035       -11.726        -0.145       -10.643        -0.725     -1146.521         0.545       -84.251         3.836         0.000
        0.000         0.000         0.000         0.000         0.000         0.000         0.000         0.000         0.000         0.000         0.000         0.000         0.000         0.000         0.000         0.000         0.000         0.000         0.000         0.000         0.000         1.000         0.000         0.000         0.000         0.000         0.000         0.000         0.000         0.000         0.000         0.000         0.000         0.000         0.000         1.000

Covariance matrix of X (correlations below diagonal):

     2319.477       -30.950       -23.722        34.145      1096.781    -20032.186     89594.912       -77.508      1763.394        25.731        29.475        42.478   -170406.744        54.457     -1464.181        33.122    -20787.239        39.223      2045.639       -60.742         3.070        26.842        25.586        74.833     -4875.095      -851.372         7.577       303.690        -7.922       -34.066        20.902    -16503.013         4.092      -219.890         7.645         5.164
       -0.024       735.542       -21.241       -39.869       341.201    -13383.137     84539.172      -101.885       668.412       -24.080       -41.102        31.548    -23924.460        11.355      -265.187         3.785      -322.917        30.319       554.758       -19.862       -38.494        19.247       -36.699        84.769     -5579.217      3159.003         2.960       584.268        -8.511        13.034        12.374      2402.194         0.066        11.322        -2.840         7.122
       -0.028        -0.044       313.597       -10.402       -13.957       468.789    -38207.091        68.622       -91.394         4.218        53.890        18.869     13463.118        -3.827      -129.483        -1.065      -624.382        -3.554      -123.171       -10.003         0.732        53.173        -4.172        28.140     -4134.979      -614.717        11.937      -179.720         5.193       -11.597         9.955      1596.328        -0.347       -29.750        -1.128       -24.945
        0.012        -0.024        -0.010      3698.297     -1830.921    -79855.421     85204.057       -46.876      3754.018       -47.324       261.335       -21.181     51118.680       -17.053      1008.421       -33.038    -16806.794        -6.414     -3635.076        -7.054         0.293         8.638       -57.598       -81.252      6014.219     11774.384        -4.243       270.219        10.367       -36.213        12.197     -1112.126         4.750       262.017       -12.923      -152.467
        0.553         0.305        -0.019        -0.731      1695.897     12407.769     66023.804       -91.867      -980.380        34.850       -83.744        43.372   -122509.162        40.399     -1363.356        34.283     -3279.635        43.115      3197.343       -33.494       -28.070         4.060        27.227       151.950    -13334.318      -117.698         4.284       204.468       -10.333        39.462        10.953    -14427.610         2.868      -270.282        10.105       106.327
       -0.173        -0.205         0.011        -0.546         0.125   5778357.047  -2932213.668     -1683.684    -61868.490     -1409.465       -79.658      -259.524   1788724.043      -840.282     -6279.505       331.526    888284.624     -4614.500     25607.726      2798.216      7602.608      1971.689      1286.873     -6245.602   1255983.209   -441188.804      -204.996    -30791.955      -511.132      -636.606     -1739.036   1280301.453      -535.093     -3646.421       223.922     -1374.793
        0.244         0.408        -0.283         0.184         0.210        -0.160  58233583.400    -56776.986      7517.372     -5339.266    -16816.588     11384.140 -21108768.417      6139.477   -105406.806      4132.044  -2647349.308     22572.351    117400.767     -5259.952     -2686.081     -1234.892     -1024.430      5855.665   -565508.979   5047992.879     -3495.513     51829.293     -2332.937      8943.707      1320.338  -4656039.695      1903.058     -9848.255       313.316     -6974.720
       -0.141        -0.329         0.339        -0.068        -0.195        -0.061        -0.652       130.300        24.878         5.779       -90.130         3.157        46.731         2.896       -24.081         0.065     -1612.291        17.320      -167.884        -5.895        -2.577         3.580        -2.294         0.267      -897.497     -2799.163        10.184       -17.058         4.074       -36.580         6.488      -504.889         0.003        -5.937         0.028         8.021
        0.117         0.079        -0.016         0.197        -0.076        -0.082         0.003         0.007     98536.256     -1505.767      -300.123       362.670   -233591.594        74.489      5515.515      -360.411    -22674.259       218.707     -2080.001       -25.556      -303.686       -80.881      -462.867       165.766    -14639.779      6540.345        27.147     14618.294      -201.852       402.925        33.981    105677.919       -41.954      2180.978      -107.750      -263.823
        0.060        -0.100         0.027        -0.088         0.096        -0.066        -0.079         0.057        -0.542        78.191        25.176       -11.860      6947.476        -2.750      -179.751        10.489       -74.780       -17.085        64.981         6.823        11.248         4.964        20.802        -9.147      1678.539     -1956.180         3.109      -201.241        13.582         0.211        -1.358     -3968.291         1.584       -82.240         3.828       -10.057
        0.009        -0.023         0.047         0.066        -0.031        -0.001        -0.034        -0.121        -0.015         0.044      4237.609      -690.324    157516.739       -68.485       -78.705         7.255      9089.813      -179.101      -232.011        -2.942       -14.828         3.434       -14.107        75.523     -8574.510     13387.539       -16.559      -415.077        25.828       543.389       -76.140      6001.686         2.028      -232.703         7.902        11.217
        0.041         0.053         0.049        -0.016         0.048        -0.005         0.069         0.013         0.053        -0.062        -0.487       473.454    -42814.748        18.546        55.795        -4.380     -3707.778        23.292        77.117         3.466        11.558        -7.955       -25.799        16.482     -2461.432     -2604.990        -0.260        20.401        -2.688       -37.800        70.853        30.702        -1.251        16.690        -0.705        57.095
       -0.196        -0.049         0.042         0.047        -0.165         0.041        -0.153         0.000        -0.041         0.044         0.134        -0.109 325102110.367   -138093.255    207448.109     -8145.031   6011519.204    -21529.735   -237024.409     14762.818     19103.172     14545.938     -3687.447    -28816.357   3478427.266  -4438358.601      -647.111   -142074.095      4527.275     32501.218     -6823.557  44572841.195    -19303.429     17913.282       -73.983    -20692.551
        0.142         0.052        -0.027        -0.035         0.123        -0.044         0.101         0.032         0.030        -0.039        -0.132         0.107        -0.960        63.620       -73.713         2.531     -2185.693         8.616        77.032        -5.067        -7.837        -7.106         2.171        11.973     -1406.562      1623.397         0.368        59.408        -2.004       -15.881         4.321    -18542.246         8.481        -4.071        -0.336         8.295
       -0.206        -0.066        -0.049         0.112        -0.224        -0.018        -0.094        -0.014         0.119        -0.138        -0.008         0.017         0.078        -0.063     21822.113      -762.944      6107.242        63.973     -2413.180        48.856       -80.530      -103.411       -17.941      -218.177     16335.694     -2426.827       -22.877       335.422       -47.288      -274.661        22.144     32676.110       -10.028      5230.305      -192.421      -268.166
        0.120         0.024        -0.011        -0.095         0.146         0.024         0.095         0.001        -0.201         0.207         0.019        -0.035        -0.079         0.055        -0.903        32.716      -520.149        -1.612        64.914        -1.967         3.620         1.466        -0.796         5.776      -569.065      -200.695         0.823       -33.268         2.575        12.454        -1.724     -2302.161         0.757      -193.380         8.487        13.213
       -0.304        -0.008        -0.025        -0.194        -0.056         0.260        -0.244        -0.099        -0.051        -0.006         0.098        -0.120         0.235        -0.193         0.029        -0.064   2020128.895     -1758.073     -6167.840      1076.124      1023.802      -356.788      2613.904     -1241.921    346865.219   -461312.858       -61.009      6869.773         5.943      2510.955      -783.012    704243.965      -241.785     -8465.067       231.482      -127.952
        0.067         0.092        -0.017        -0.009         0.086        -0.158         0.243         0.125         0.057        -0.159        -0.226         0.088        -0.098         0.089         0.036        -0.023        -0.102       147.914        86.465       -10.441        -7.143        -0.532        -6.594         7.321     -1652.471      2694.775        -0.053        84.617        -1.399       -32.001         5.621     -4711.862         1.567       -48.233         1.377         7.118
        0.536         0.258        -0.088        -0.755         0.981         0.135         0.194        -0.186        -0.084         0.093        -0.045         0.045        -0.166         0.122        -0.206         0.143        -0.055         0.090      6269.946       -77.167       -98.603       -38.904        26.082       227.200    -24075.394      -512.294         2.982       515.613       -20.949        74.479        11.344    -24100.239         3.143      -382.573        16.753       166.536
       -0.080        -0.047        -0.036        -0.007        -0.052         0.074        -0.044        -0.033        -0.005         0.049        -0.003         0.010         0.052        -0.040         0.021        -0.022         0.048        -0.055        -0.062       246.347         0.810         9.330        10.116       -87.578     17765.640    -11413.136         6.896      -244.232        -5.908       -24.310        -0.894     12310.608        -4.910        -3.993        -1.021         4.831
        0.004        -0.093         0.003         0.000        -0.045         0.207        -0.023        -0.015        -0.063         0.083        -0.015         0.035         0.069        -0.064        -0.036         0.042         0.047        -0.039        -0.082         0.003       232.527        -2.916         5.769       -41.455     15175.712    -15423.980        11.603      -445.548        10.935       -15.455         2.700      9421.664        -3.505       -72.952         3.825        14.098
        0.049         0.063         0.266         0.013         0.009         0.073        -0.014         0.028        -0.023         0.050         0.005        -0.032         0.071        -0.079        -0.062         0.023        -0.022        -0.004        -0.043         0.053        -0.017       127.871        -9.972        -6.144      3515.879     -7133.801         9.688        97.404        -2.457        -0.665         1.156      7907.085        -2.869       -63.976         0.213       -35.527
        0.016        -0.041        -0.007        -0.029         0.020         0.016        -0.004        -0.006        -0.045         0.071        -0.007        -0.036        -0.006         0.008        -0.004        -0.004         0.056        -0.016         0.010         0.020         0.011        -0.027      1083.754      -309.873     49731.573     -5206.795       -13.588      -169.198        -7.667       -94.968         2.784     17019.910        -2.508      -206.891         3.134      -554.253
        0.078         0.156         0.079        -0.067         0.184        -0.130         0.038         0.001         0.026        -0.052         0.058         0.038        -0.080         0.075        -0.074         0.050        -0.044         0.030         0.143        -0.279        -0.136        -0.027        -0.470       401.077    -44213.901     22088.608        -6.971      -196.581         9.572        99.752        10.628    -39455.180        15.015      -264.679         8.007       443.161
       -0.037        -0.075        -0.085         0.036        -0.118         0.191        -0.027        -0.029        -0.017         0.069        -0.048        -0.041         0.071        -0.065         0.040        -0.036         0.089        -0.050        -0.111         0.414         0.364         0.114         0.553        -0.808   7467088.487  -3092606.287      1352.434     31659.479      -837.114     -8178.594     -1570.091   4373526.699     -1568.392     15215.558      -778.822    -56029.875
       -0.005         0.030        -0.009         0.050        -0.001        -0.047         0.170        -0.063         0.005        -0.057         0.053        -0.031        -0.063         0.052        -0.004        -0.009        -0.083         0.057        -0.002        -0.187        -0.260        -0.162        -0.041         0.283        -0.291  15150566.551    -11948.362    -14218.775      -529.122     13582.235       437.528  -7839689.612      2895.710    -39272.901      1299.171      2499.041
        0.028         0.020         0.121        -0.013         0.019        -0.015        -0.082         0.161         0.016         0.063        -0.046        -0.002        -0.006         0.008        -0.028         0.026        -0.008        -0.001         0.007         0.079         0.137         0.154        -0.074        -0.063         0.089        -0.552        30.890       -25.556         3.891       -40.423         1.715      -552.860         0.484       -40.555         0.914         7.004
        0.035         0.120        -0.056         0.025         0.028        -0.071         0.038        -0.008         0.259        -0.127        -0.035         0.005        -0.044         0.041         0.013        -0.032         0.027         0.039         0.036        -0.087        -0.163         0.048        -0.029        -0.055         0.064        -0.020        -0.026     32302.011      -458.051        69.178        65.273     89967.283       -38.060      3824.058      -200.837      -996.907
       -0.030        -0.057         0.053         0.031        -0.046        -0.039        -0.056         0.065        -0.117         0.280         0.072        -0.023         0.046        -0.046        -0.058         0.082         0.001        -0.021        -0.048        -0.069         0.131        -0.040        -0.042         0.087        -0.056        -0.025         0.128        -0.465        30.097        -3.200        -0.155     -1039.252         0.340      -125.319         5.790        18.142
       -0.019         0.013        -0.018        -0.016         0.026        -0.007         0.032        -0.087         0.035         0.001         0.227        -0.047         0.049        -0.054        -0.051         0.059         0.048        -0.072         0.026        -0.042        -0.028        -0.002        -0.078         0.135        -0.081         0.095        -0.198         0.010        -0.016      1352.246      -149.851     10433.113        -4.143         7.388         3.665        16.812
        0.035         0.037         0.045         0.016         0.022        -0.059         0.014         0.046         0.009        -0.012        -0.095         0.263        -0.031         0.044         0.012        -0.024        -0.045         0.037         0.012        -0.005         0.014         0.008         0.007         0.043        -0.046         0.009         0.025         0.029        -0.002        -0.330       152.914     -9173.521         3.816        -3.703        -0.475         9.622
       -0.038         0.010         0.010        -0.002        -0.039         0.059        -0.067        -0.005         0.037        -0.050         0.010         0.000         0.273        -0.257         0.024        -0.044         0.055        -0.043        -0.034         0.087         0.068         0.077         0.057        -0.217         0.177        -0.222        -0.011         0.055        -0.021         0.031        -0.082  82139942.689    -35013.800     66631.609     -3629.770    -38925.700
        0.021         0.001        -0.005         0.020         0.017        -0.056         0.063         0.000        -0.034         0.045         0.008        -0.014        -0.269         0.267        -0.017         0.033        -0.043         0.032         0.010        -0.079        -0.058        -0.064        -0.019         0.188        -0.144         0.187         0.022        -0.053         0.016        -0.028         0.077        -0.970        15.875       -23.698         1.229        13.403
       -0.047         0.004        -0.017         0.044        -0.067        -0.016        -0.013        -0.005         0.071        -0.095        -0.037         0.008         0.010        -0.005         0.363        -0.346        -0.061        -0.041        -0.049        -0.003        -0.049        -0.058        -0.064        -0.135         0.057        -0.103        -0.075         0.218        -0.234         0.002        -0.003         0.075        -0.061      9530.463      -337.872      -355.053
        0.041        -0.027        -0.017        -0.055         0.064         0.024         0.011         0.001        -0.090         0.113         0.032        -0.008        -0.001        -0.011        -0.340         0.387         0.043         0.030         0.055        -0.017         0.066         0.005         0.025         0.104        -0.074         0.087         0.043        -0.292         0.276         0.026        -0.010        -0.105         0.081        -0.904        14.663        14.257
        0.004         0.009        -0.047        -0.083         0.086        -0.019        -0.030         0.023        -0.028        -0.038         0.006         0.087        -0.038         0.035        -0.060         0.077        -0.003         0.019         0.070         0.010         0.031        -0.104        -0.560         0.736        -0.682         0.021         0.042        -0.184         0.110         0.015         0.026        -0.143         0.112        -0.121         0.124       904.421
[1] "2020-11-13 04:55:18 GST"
Time difference of 1.299598 days
