nohup: ignoring input

Attaching package: ‘igraph’

The following objects are masked from ‘package:stats’:

    decompose, spectrum

The following object is masked from ‘package:base’:

    union

Warning message:
no DISPLAY variable so Tk is not available 

Attaching package: ‘xtable’

The following object is masked from ‘package:RSiena’:

    xtable

[1] "1"
[1] "/scratch/krm7/artwork/DATAandCODE/data/100_unique_id/p1"
There is no effect with short name transTrip, 
and with interaction1 = <>, interaction2 = <>, and type = <eval>, 
for dependent variable mnet .
See effectsDocumentation() for this effects object.
There is no effect with short name transTrip, 
and with interaction1 = <>, interaction2 = <>, and type = <eval>, 
for dependent variable pnet .
See effectsDocumentation() for this effects object.
  effectName include fix   test  initialValue parm
1 mnet: pnet TRUE    FALSE FALSE          0   0   
  effectName include fix   test  initialValue parm
1 pnet: mnet TRUE    FALSE FALSE          0   0   
  effectName                include fix   test  initialValue parm
1 mnet: ranking ego and alt TRUE    FALSE FALSE          0   0   
2 mnet: ranking similarity  TRUE    FALSE FALSE          0   0   
  effectName                 include fix   test  initialValue parm
1 mnet: soloshow ego and alt TRUE    FALSE FALSE          0   0   
2 mnet: soloshow similarity  TRUE    FALSE FALSE          0   0   
  effectName              include fix   test  initialValue parm
1 mnet: award ego and alt TRUE    FALSE FALSE          0   0   
2 mnet: award similarity  TRUE    FALSE FALSE          0   0   
  effectName                  include fix   test  initialValue parm
1 mnet: meanprice ego and alt TRUE    FALSE FALSE          0   0   
2 mnet: meanprice similarity  TRUE    FALSE FALSE          0   0   
  effectName                    include fix   test  initialValue parm
1 mnet: festbiennal ego and alt TRUE    FALSE FALSE          0   0   
2 mnet: festbiennal similarity  TRUE    FALSE FALSE          0   0   
  effectName                  include fix   test  initialValue parm
1 mnet: groupshow ego and alt TRUE    FALSE FALSE          0   0   
2 mnet: groupshow similarity  TRUE    FALSE FALSE          0   0   
  effectName                include fix   test  initialValue parm
1 pnet: ranking ego and alt TRUE    FALSE FALSE          0   0   
2 pnet: ranking similarity  TRUE    FALSE FALSE          0   0   
  effectName                 include fix   test  initialValue parm
1 pnet: soloshow ego and alt TRUE    FALSE FALSE          0   0   
2 pnet: soloshow similarity  TRUE    FALSE FALSE          0   0   
  effectName              include fix   test  initialValue parm
1 pnet: award ego and alt TRUE    FALSE FALSE          0   0   
2 pnet: award similarity  TRUE    FALSE FALSE          0   0   
  effectName                  include fix   test  initialValue parm
1 pnet: meanprice ego and alt TRUE    FALSE FALSE          0   0   
2 pnet: meanprice similarity  TRUE    FALSE FALSE          0   0   
  effectName                    include fix   test  initialValue parm
1 pnet: festbiennal ego and alt TRUE    FALSE FALSE          0   0   
2 pnet: festbiennal similarity  TRUE    FALSE FALSE          0   0   
[1] "/scratch/krm7/artwork/result/two_net_model_period_1_n_100_trans_traid"
siena07 will create an output file /scratch/krm7/artwork/result/two_net_model_period_1_n_100_trans_traid.txt .
[1] "2020-11-12 09:52:04 GST"
No X11 device available, forcing use of batch mode

Start phase 0 
theta: 15.799 12.325 44.157 21.171  0.199  0.000  0.000  0.000  0.000  0.000  0.000  0.000  0.000  0.000  0.000  0.000  0.000  0.000 47.752 48.035 27.352 37.451  0.193  0.000  0.000  0.000  0.000  0.000  0.000  0.000  0.000  0.000  0.000  0.000 

Start phase 1 
Phase 1 Iteration 1 Progress: 0%
Phase 1 Iteration 33 Progress: 0%
Phase 1 Iteration 65 Progress: 0%
Phase 1 Iteration 97 Progress: 0%
theta:  1.52e+01  1.21e+01  4.32e+01  2.10e+01  1.69e-01 -3.48e-07  1.09e-02  8.23e-04 -4.63e-03 -8.96e-03 -1.44e-02 -9.55e-05 -1.05e-01 -1.96e-03 -5.87e-03  1.24e-04  6.01e-06  5.39e-02  4.69e+01  4.71e+01  2.65e+01  3.70e+01  1.78e-01  1.50e-05  1.12e-02  2.90e-04  6.52e-04  4.25e-04 -5.78e-03  1.42e-05  3.36e-02 -3.98e-03 -1.10e-02  3.53e-02 

Start phase 2.1
Phase 2 Subphase 1 Iteration 1 Progress: 64%
Phase 2 Subphase 1 Iteration 2 Progress: 64%
theta  9.11e+00  9.37e+00  3.57e+01  1.80e+01  7.21e-02 -1.47e-04  1.91e-01  9.58e-03 -1.24e-01 -4.76e-02 -7.80e-02 -1.77e-04 -2.41e-01 -1.13e-02 -4.03e-02  9.54e-04 -3.73e-02  3.11e-01  4.02e+01  4.12e+01  1.92e+01  3.22e+01  1.26e-01 -9.59e-05 -3.95e-02  3.33e-03  2.47e-02  1.02e-02 -4.57e-02  1.03e-04  1.29e-01 -1.86e-02  6.85e-03  2.39e-01 
ac  2.0426  1.3868  1.2121  1.2508  1.0623  1.4099  1.4776  1.7717  3.0399  1.3930  1.7901  1.3933  1.4337  1.2160  1.2423  1.3200  1.5079  1.3631  1.2363  1.1761  1.4721  1.2577 -0.0571  1.3576  1.5656  1.3670  3.2859  1.9540  2.3839  1.2157  1.1859  0.8620  0.8857  1.4828 
Phase 2 Subphase 1 Iteration 3 Progress: 64%
Phase 2 Subphase 1 Iteration 4 Progress: 64%
theta  6.825698  6.207219 12.555087  7.685215 -0.366708 -0.000593  0.564734  0.026864 -0.409192 -0.150622 -0.235384 -0.000540 -0.575339 -0.027685 -0.212381  0.006053 -0.133205  1.247466 17.668780 19.157633 13.734553 15.164371 -0.067422 -0.000503 -0.327311  0.008486  0.106314  0.036431 -0.094090  0.000457  0.230353 -0.060936 -0.157678  0.811329 
ac 1.895 1.276 1.127 1.304 1.201 1.453 1.514 1.767 1.765 1.446 1.590 1.368 1.359 1.249 1.301 1.350 1.504 1.381 1.232 1.231 1.206 1.279 0.702 1.399 1.435 1.419 0.830 1.688 1.524 1.274 1.246 0.986 1.029 1.498 
Phase 2 Subphase 1 Iteration 5 Progress: 65%
Phase 2 Subphase 1 Iteration 6 Progress: 65%
theta  5.857865  5.088901 16.288975  8.629282 -0.945751 -0.001176  0.522011  0.028802 -0.436505 -0.185568 -0.216382 -0.001050 -1.052106 -0.001816 -0.187357  0.013936 -0.087283  2.143582 19.470693 20.229851 10.623578 15.863864 -0.199144 -0.000730 -0.711162  0.010709  0.290998  0.037733  0.003776  0.000668  0.266124 -0.092128 -0.606981  1.033055 
ac 1.847 1.256 1.161 1.331 1.376 1.452 1.510 1.768 1.510 1.465 1.548 1.345 1.334 1.231 1.295 1.344 1.496 1.380 1.245 1.256 1.191 1.287 0.908 1.398 1.417 1.375 0.673 1.700 1.585 1.288 1.264 1.029 1.072 1.497 
Phase 2 Subphase 1 Iteration 7 Progress: 65%
Phase 2 Subphase 1 Iteration 8 Progress: 65%
theta  5.278141  4.539022 15.747791  8.170249 -1.351117 -0.001556  0.564808  0.026346 -0.489336 -0.198029 -0.193027 -0.001477 -1.413117  0.025754  0.003332  0.019103  0.044832  2.697678 18.380248 18.963565  9.346255 14.847313 -0.226736 -0.000818 -0.875137  0.011785  0.343102  0.041989  0.052015  0.000846  0.311740 -0.105815 -0.911883  1.054798 
ac 1.825 1.252 1.168 1.332 1.397 1.453 1.511 1.764 1.471 1.466 1.535 1.344 1.334 1.233 1.294 1.344 1.495 1.380 1.244 1.260 1.192 1.286 0.912 1.397 1.388 1.365 0.688 1.699 1.583 1.290 1.267 1.030 1.073 1.497 
Phase 2 Subphase 1 Iteration 9 Progress: 65%
Phase 2 Subphase 1 Iteration 10 Progress: 65%
theta  4.876213  4.183751 14.771442  7.630278 -1.606762 -0.001884  0.574774  0.022913 -0.516354 -0.214432 -0.172083 -0.001719 -1.642937  0.049045  0.245531  0.022729  0.176066  3.039947 17.154665 17.672605  8.587520 13.831859 -0.228516 -0.000863 -0.913349  0.014095  0.342411  0.042089  0.064734  0.000953  0.338189 -0.113651 -1.068593  1.064398 
ac 1.816 1.251 1.170 1.330 1.399 1.452 1.511 1.759 1.469 1.464 1.538 1.343 1.330 1.233 1.294 1.344 1.492 1.380 1.239 1.259 1.192 1.282 0.912 1.397 1.389 1.365 0.710 1.680 1.552 1.290 1.268 1.027 1.068 1.495 
Phase 2 Subphase 1 Iteration 100 Progress: 66%
theta  2.304486  3.674437 15.946668 10.979970 -3.159465 -0.003230  0.744153  0.011560 -0.746392 -0.361600 -0.131043 -0.002460 -1.929407  0.145319  1.007707  0.043540  0.405449  5.878055 16.923348 15.325615  4.396544 14.250111 -0.138530 -0.000739 -0.802227  0.019463  0.344868  0.039191  0.056122  0.000576  0.126381 -0.114519 -0.844859  0.857061 
ac  0.5634  0.9687 -0.5106 -0.6179 -0.5541  0.8071  0.3903  1.5665 -0.2372  0.0326  0.3424  0.4238  0.1454  1.1098  1.1993  1.2562  0.6386 -0.3905  0.9001  0.4320 -0.5772  1.1702  0.6870  0.5736 -0.1528  1.1909 -0.5025  0.6826  0.5448  0.6069  0.4131  0.9233  0.7070  1.2777 
Phase 2 Subphase 1 Iteration 1 Progress: 66%
Phase 2 Subphase 1 Iteration 2 Progress: 66%
Phase 2 Subphase 1 Iteration 3 Progress: 66%
Phase 2 Subphase 1 Iteration 4 Progress: 66%
Phase 2 Subphase 1 Iteration 5 Progress: 66%
Phase 2 Subphase 1 Iteration 6 Progress: 66%
Phase 2 Subphase 1 Iteration 7 Progress: 66%
Phase 2 Subphase 1 Iteration 8 Progress: 66%
Phase 2 Subphase 1 Iteration 9 Progress: 66%
Phase 2 Subphase 1 Iteration 10 Progress: 66%
Phase 2 Subphase 1 Iteration 1 Progress: 66%
Phase 2 Subphase 1 Iteration 2 Progress: 66%
Phase 2 Subphase 1 Iteration 3 Progress: 67%
Phase 2 Subphase 1 Iteration 4 Progress: 67%
Phase 2 Subphase 1 Iteration 5 Progress: 67%
Phase 2 Subphase 1 Iteration 6 Progress: 67%
Phase 2 Subphase 1 Iteration 7 Progress: 67%
Phase 2 Subphase 1 Iteration 8 Progress: 67%
Phase 2 Subphase 1 Iteration 9 Progress: 67%
Phase 2 Subphase 1 Iteration 10 Progress: 67%
Phase 2 Subphase 1 Iteration 1 Progress: 67%
Phase 2 Subphase 1 Iteration 2 Progress: 67%
Phase 2 Subphase 1 Iteration 3 Progress: 67%
Phase 2 Subphase 1 Iteration 4 Progress: 67%
Phase 2 Subphase 1 Iteration 5 Progress: 67%
Phase 2 Subphase 1 Iteration 6 Progress: 67%
Phase 2 Subphase 1 Iteration 7 Progress: 67%
Phase 2 Subphase 1 Iteration 8 Progress: 67%
Phase 2 Subphase 1 Iteration 9 Progress: 67%
Phase 2 Subphase 1 Iteration 10 Progress: 67%
Phase 2 Subphase 1 Iteration 100 Progress: 68%
theta  2.570542  2.884228 12.236885  2.787027 -2.268590 -0.002768  0.552121  0.015761 -0.687691 -0.299850 -0.169782 -0.001891 -1.437709  0.107766  0.746509  0.033145  0.428929  4.169486 20.036439 20.572098 13.825187 15.679477 -0.193132 -0.000965 -0.797712  0.014997  0.300161  0.045370  0.026428  0.000782 -0.064196 -0.106489 -1.019525  0.993344 
ac -0.17380 -1.00135 -0.95884 -1.02196 -0.98448 -0.90334 -0.72001  0.22042 -0.98368 -0.53507 -0.24599 -0.41231 -0.24368  0.15927 -0.05432 -0.93977 -0.69901 -1.01596 -0.93232 -1.02387 -1.02994 -0.68200  0.00527 -0.99469 -1.01856 -0.54160 -0.94236 -0.91710 -0.97129 -0.88048 -0.86747 -0.03777 -0.77998 -0.77394 
Phase 2 Subphase 1 Iteration 200 Progress: 70%
theta  2.576432  2.891610 14.385785  1.388435 -2.535797 -0.002936  0.527216  0.015705 -0.733338 -0.324214 -0.181354 -0.001956 -1.487299  0.128592  0.829784  0.034887  0.461922  4.649058 20.241808 20.835491 13.411907 16.161255 -0.196821 -0.001022 -0.821604  0.016539  0.320342  0.051527  0.022089  0.000762 -0.070161 -0.107517 -1.014094  1.010912 
ac -0.2543 -1.0038 -0.9196 -1.0170 -0.9898 -0.9156 -0.7351  0.1536 -1.0123 -0.5878 -0.2557 -0.1680 -0.3154 -0.0534 -0.4695 -0.9404 -0.6275 -0.9867 -0.9569 -1.0199 -1.0295 -0.8501 -0.0313 -0.9936 -1.0100 -0.6381 -0.9491 -0.9165 -0.9755 -0.8861 -0.8720 -0.0560 -0.7748 -0.7597 
theta  3.114294  3.213931 13.008223  6.520203 -2.430021 -0.002712  0.578633  0.013924 -0.652788 -0.302034 -0.144406 -0.001934 -1.457626  0.114438  0.803412  0.034619  0.358019  4.489050 18.375258 17.910735  8.964886 14.956625 -0.171466 -0.000831 -0.786835  0.016021  0.307340  0.043723  0.039054  0.000674  0.025749 -0.110406 -0.955423  0.940883 
ac -0.2637 -1.0024 -0.9063 -1.0140 -0.9872 -0.9164 -0.7309  0.1077 -1.0185 -0.5991 -0.2807 -0.2632 -0.4766 -0.1219 -0.5125 -0.9229 -0.6021 -0.9834 -0.9536 -1.0161 -1.0285 -0.8311 -0.0503 -0.9878 -1.0062 -0.6497 -0.9487 -0.9229 -0.9684 -0.8811 -0.8672 -0.0621 -0.7726 -0.7673 
theta:  3.114294  3.213931 13.008223  6.520203 -2.430021 -0.002712  0.578633  0.013924 -0.652788 -0.302034 -0.144406 -0.001934 -1.457626  0.114438  0.803412  0.034619  0.358019  4.489050 18.375258 17.910735  8.964886 14.956625 -0.171466 -0.000831 -0.786835  0.016021  0.307340  0.043723  0.039054  0.000674  0.025749 -0.110406 -0.955423  0.940883 

Start phase 2.2
Phase 2 Subphase 2 Iteration 1 Progress: 70%
Phase 2 Subphase 2 Iteration 2 Progress: 70%
Phase 2 Subphase 2 Iteration 3 Progress: 70%
Phase 2 Subphase 2 Iteration 4 Progress: 70%
Phase 2 Subphase 2 Iteration 5 Progress: 70%
Phase 2 Subphase 2 Iteration 6 Progress: 70%
Phase 2 Subphase 2 Iteration 7 Progress: 70%
Phase 2 Subphase 2 Iteration 8 Progress: 70%
Phase 2 Subphase 2 Iteration 9 Progress: 70%
Phase 2 Subphase 2 Iteration 10 Progress: 70%
Phase 2 Subphase 2 Iteration 1 Progress: 70%
Phase 2 Subphase 2 Iteration 2 Progress: 70%
Phase 2 Subphase 2 Iteration 3 Progress: 70%
Phase 2 Subphase 2 Iteration 4 Progress: 70%
Phase 2 Subphase 2 Iteration 5 Progress: 70%
Phase 2 Subphase 2 Iteration 6 Progress: 70%
Phase 2 Subphase 2 Iteration 7 Progress: 70%
Phase 2 Subphase 2 Iteration 8 Progress: 70%
Phase 2 Subphase 2 Iteration 9 Progress: 70%
Phase 2 Subphase 2 Iteration 10 Progress: 71%
Phase 2 Subphase 2 Iteration 100 Progress: 72%
theta  4.232167  3.196389 13.159045  5.942094 -2.282127 -0.002453  0.515839  0.012996 -0.546717 -0.262391 -0.122331 -0.001848 -1.398907  0.097888  0.740501  0.031085  0.284368  4.196526 18.360696 17.711618  8.394201 14.994687 -0.178599 -0.000848 -0.786612  0.015736  0.308217  0.043101  0.034691  0.000690  0.009713 -0.110001 -0.963632  0.958376 
ac -0.6676 -0.5640 -0.3500 -0.3085 -0.1072 -0.3493 -0.3459 -0.3100 -0.1054 -0.2731 -0.1179 -0.0606 -0.0889 -0.0445 -0.1176 -0.0630 -0.3112 -0.2671 -0.3677 -0.2184 -0.4378  0.0845 -0.3631 -0.2956 -0.4035 -0.0317 -0.1489 -0.1784  0.0266 -0.0365 -0.0561 -0.0791 -0.1325 -0.3143 
Phase 2 Subphase 2 Iteration 200 Progress: 74%
theta  4.209360  3.238183 13.174894  5.889909 -2.284044 -0.002440  0.534400  0.013228 -0.550207 -0.261299 -0.122203 -0.001845 -1.402001  0.099394  0.750429  0.031107  0.272266  4.188832 18.309065 17.728770  8.418541 14.931544 -0.179067 -0.000843 -0.789189  0.015833  0.312144  0.043388  0.036169  0.000693  0.007023 -0.109846 -0.960128  0.958007 
ac -0.69054 -0.53692 -0.37035 -0.37966  0.07134 -0.06670 -0.13361 -0.05189 -0.04366 -0.34415 -0.19721 -0.01203 -0.00821  0.07964 -0.05927 -0.03061 -0.25610 -0.08895 -0.34712 -0.27444 -0.49638 -0.03990 -0.30684 -0.21905 -0.28680 -0.03261 -0.09704 -0.16303 -0.18580 -0.22829 -0.23388 -0.06823 -0.13345 -0.34370 
theta  4.186929  3.214411 13.124426  5.863081 -2.288255 -0.002450  0.515092  0.012923 -0.550942 -0.259183 -0.121251 -0.001842 -1.394691  0.098651  0.743018  0.031099  0.283330  4.202164 18.451857 17.789845  8.478902 14.999864 -0.179551 -0.000846 -0.790310  0.015629  0.305102  0.043542  0.036067  0.000689 -0.002116 -0.109895 -0.966262  0.960488 
ac -0.70131 -0.54222 -0.39977 -0.39164  0.06837 -0.04723 -0.11498 -0.04770 -0.06307 -0.28364 -0.13573  0.02859  0.04042  0.04400 -0.08637 -0.00797 -0.19712 -0.05157 -0.37004 -0.21199 -0.53993 -0.05929 -0.27386 -0.25907 -0.33268  0.01218 -0.05146 -0.18300 -0.15749 -0.24613 -0.24043 -0.05583 -0.12012 -0.30320 
theta:  4.186929  3.214411 13.124426  5.863081 -2.288255 -0.002450  0.515092  0.012923 -0.550942 -0.259183 -0.121251 -0.001842 -1.394691  0.098651  0.743018  0.031099  0.283330  4.202164 18.451857 17.789845  8.478902 14.999864 -0.179551 -0.000846 -0.790310  0.015629  0.305102  0.043542  0.036067  0.000689 -0.002116 -0.109895 -0.966262  0.960488 

Start phase 2.3
Phase 2 Subphase 3 Iteration 1 Progress: 74%
Phase 2 Subphase 3 Iteration 2 Progress: 74%
Phase 2 Subphase 3 Iteration 3 Progress: 74%
Phase 2 Subphase 3 Iteration 4 Progress: 74%
Phase 2 Subphase 3 Iteration 5 Progress: 74%
Phase 2 Subphase 3 Iteration 6 Progress: 74%
Phase 2 Subphase 3 Iteration 7 Progress: 74%
Phase 2 Subphase 3 Iteration 8 Progress: 74%
Phase 2 Subphase 3 Iteration 9 Progress: 74%
Phase 2 Subphase 3 Iteration 10 Progress: 74%
Phase 2 Subphase 3 Iteration 100 Progress: 76%
theta  4.151075  3.232751 13.093523  5.881094 -2.287934 -0.002444  0.515652  0.012989 -0.543329 -0.258672 -0.118494 -0.001839 -1.396941  0.098956  0.737861  0.031087  0.279397  4.202307 18.420936 17.735983  8.508802 15.010995 -0.178817 -0.000843 -0.787099  0.015508  0.305785  0.044186  0.037533  0.000689  0.002601 -0.109687 -0.968153  0.959518 
ac -0.3577 -0.1688 -0.3261 -0.5239  0.1941 -0.1371  0.0733 -0.4657 -0.3673 -0.2149 -0.3376 -0.0101  0.0111  0.1891 -0.1240 -0.0423  0.3307  0.2511 -0.1245 -0.2442 -0.5223 -0.0850 -0.0535 -0.1805 -0.1179 -0.0170  0.0165 -0.1670  0.0216 -0.2899 -0.2065 -0.1395 -0.0680  0.1215 
Phase 2 Subphase 3 Iteration 200 Progress: 77%
theta  4.182815  3.213260 13.168906  5.871396 -2.290329 -0.002465  0.516515  0.012788 -0.550283 -0.259350 -0.122000 -0.001850 -1.417392  0.099678  0.748167  0.031136  0.285700  4.204926 18.466240 17.798203  8.543006 15.051316 -0.178826 -0.000846 -0.792697  0.015641  0.302640  0.043362  0.034378  0.000684 -0.003027 -0.109667 -0.965575  0.960020 
ac -0.31869 -0.18443 -0.37710 -0.23481  0.10249 -0.01652  0.06604 -0.23249 -0.21426 -0.25073 -0.21145 -0.07590 -0.08558  0.06171 -0.05948  0.01648  0.20768  0.23769 -0.01271 -0.21095 -0.51950  0.00206 -0.17729 -0.14268 -0.15133 -0.01712 -0.02837 -0.08462 -0.04780 -0.17792 -0.11781 -0.20840 -0.22281 -0.00358 
theta  4.191462  3.211709 13.111983  5.864678 -2.289163 -0.002456  0.514480  0.013016 -0.548978 -0.259159 -0.121596 -0.001842 -1.399539  0.098945  0.744740  0.031103  0.282834  4.203930 18.466060 17.785866  8.483802 14.997226 -0.179726 -0.000846 -0.790099  0.015624  0.305150  0.043459  0.035971  0.000688 -0.001067 -0.109850 -0.965948  0.960746 
ac -0.447496 -0.144674 -0.376990 -0.230718  0.108158 -0.038322  0.044134 -0.171941 -0.178168 -0.303350 -0.241554 -0.077139 -0.089001  0.062298 -0.007497  0.099306  0.089157  0.237107  0.008262 -0.144603 -0.419874 -0.011024 -0.169695 -0.045921 -0.106247 -0.044210 -0.000888 -0.110130 -0.022536 -0.125022 -0.074510 -0.161466 -0.180353 -0.022483 
theta:  4.191462  3.211709 13.111983  5.864678 -2.289163 -0.002456  0.514480  0.013016 -0.548978 -0.259159 -0.121596 -0.001842 -1.399539  0.098945  0.744740  0.031103  0.282834  4.203930 18.466060 17.785866  8.483802 14.997226 -0.179726 -0.000846 -0.790099  0.015624  0.305150  0.043459  0.035971  0.000688 -0.001067 -0.109850 -0.965948  0.960746 

Start phase 2.4
Phase 2 Subphase 4 Iteration 1 Progress: 77%
Phase 2 Subphase 4 Iteration 2 Progress: 77%
Phase 2 Subphase 4 Iteration 3 Progress: 77%
Phase 2 Subphase 4 Iteration 4 Progress: 78%
Phase 2 Subphase 4 Iteration 5 Progress: 78%
Phase 2 Subphase 4 Iteration 6 Progress: 78%
Phase 2 Subphase 4 Iteration 7 Progress: 78%
Phase 2 Subphase 4 Iteration 8 Progress: 78%
Phase 2 Subphase 4 Iteration 9 Progress: 78%
Phase 2 Subphase 4 Iteration 10 Progress: 78%
Phase 2 Subphase 4 Iteration 100 Progress: 79%
theta  4.161823  3.189931 13.082676  5.889032 -2.292043 -0.002460  0.513358  0.013389 -0.546925 -0.260983 -0.124093 -0.001840 -1.400517  0.098668  0.742580  0.031077  0.287534  4.209984 18.495402 17.754337  8.447268 14.963590 -0.178950 -0.000847 -0.792289  0.015759  0.307817  0.043991  0.036697  0.000691  0.001885 -0.109953 -0.964434  0.960311 
ac -0.2015 -0.2072 -0.1886  0.0306 -0.0550 -0.1670 -0.0678 -0.1390 -0.1400  0.2042  0.1839  0.0716  0.0839  0.1280  0.2418  0.0428 -0.2800 -0.0535 -0.1818 -0.0898 -0.1682  0.0357  0.1323 -0.1131 -0.1316 -0.0821 -0.0873 -0.1315 -0.0639  0.0810  0.1420 -0.1529  0.0289  0.0824 
Phase 2 Subphase 4 Iteration 200 Progress: 81%
theta  4.202337  3.202106 13.116257  5.888080 -2.297376 -0.002449  0.520867  0.012905 -0.551747 -0.259213 -0.122662 -0.001850 -1.399127  0.098579  0.742256  0.031114  0.282010  4.216906 18.483043 17.751372  8.497002 14.937362 -0.180522 -0.000843 -0.789081  0.015627  0.307532  0.043842  0.036845  0.000695  0.000972 -0.110060 -0.967884  0.960869 
ac -0.14761 -0.11525 -0.32985 -0.11508 -0.06593 -0.11201  0.01729  0.00243 -0.11911  0.16195  0.01065  0.03843  0.03754  0.15159  0.26719  0.06684 -0.14500 -0.02182 -0.17698 -0.01237  0.03965 -0.04220  0.08155 -0.22123 -0.12488 -0.02189  0.05740 -0.05633 -0.16676 -0.08031 -0.07378 -0.04839 -0.00508 -0.02577 
Phase 2 Subphase 4 Iteration 300 Progress: 83%
theta  4.161017  3.209914 13.088208  5.890249 -2.294802 -0.002457  0.519801  0.013054 -0.546529 -0.260894 -0.118714 -0.001848 -1.401093  0.099442  0.747024  0.031155  0.281596  4.215764 18.428171 17.815788  8.501333 14.990056 -0.179687 -0.000843 -0.789044  0.015703  0.307416  0.043976  0.037118  0.000689 -0.000568 -0.109735 -0.964574  0.960477 
ac -0.15157 -0.02516 -0.25343 -0.11111  0.00496 -0.04267  0.02318 -0.00732 -0.10618  0.09726 -0.01479  0.00406 -0.00481  0.19551  0.20388  0.11403 -0.09267  0.02784 -0.18134 -0.04493 -0.04454 -0.14294  0.07632 -0.13060 -0.09464  0.01288 -0.07949 -0.08070 -0.18416 -0.05978 -0.05541 -0.09731 -0.07470 -0.06517 
theta  4.185211  3.209251 13.111989  5.867625 -2.294149 -0.002458  0.515278  0.013085 -0.549901 -0.260054 -0.121681 -0.001845 -1.398141  0.098971  0.746334  0.031110  0.283951  4.212645 18.444312 17.788088  8.481683 14.980742 -0.179531 -0.000845 -0.790659  0.015695  0.306030  0.043700  0.036665  0.000692  0.001637 -0.109723 -0.964453  0.960490 
ac -0.117187  0.000892 -0.189312 -0.164052 -0.033791 -0.031571 -0.010453 -0.037513 -0.199153  0.020964 -0.086625 -0.050483 -0.059307  0.102432  0.102084  0.019669 -0.107324 -0.024003 -0.116474 -0.076183 -0.081846 -0.139503  0.084324 -0.159804 -0.168624  0.007471 -0.144948 -0.105314 -0.184618 -0.021915 -0.036145 -0.112697 -0.065546 -0.004741 
theta:  4.185211  3.209251 13.111989  5.867625 -2.294149 -0.002458  0.515278  0.013085 -0.549901 -0.260054 -0.121681 -0.001845 -1.398141  0.098971  0.746334  0.031110  0.283951  4.212645 18.444312 17.788088  8.481683 14.980742 -0.179531 -0.000845 -0.790659  0.015695  0.306030  0.043700  0.036665  0.000692  0.001637 -0.109723 -0.964453  0.960490 

Start phase 3 
Phase 3 Iteration 1 Progress 84%
Estimates, standard errors and convergence t-ratios

                                         Estimate   Standard   Convergence 
                                                      Error      t-ratio   
   1. rate constant mnet rate (period 1)  4.1852  ( 0.2270   )    0.0152   
   2. rate constant mnet rate (period 2)  3.2093  ( 0.1958   )    0.0293   
   3. rate constant mnet rate (period 3) 13.1120  ( 0.7422   )   -0.0035   
   4. rate constant mnet rate (period 4)  5.8676  ( 0.3023   )    0.0083   
   5. eval mnet: degree (density)        -2.2941  ( 0.3494   )    0.0217   
   6. eval mnet: ranking ego and alt     -0.0025  ( 0.0004   )    0.0232   
   7. eval mnet: ranking similarity       0.5153  ( 0.2755   )   -0.0203   
   8. eval mnet: soloshow ego and alt     0.0131  ( 0.0091   )   -0.0347   
   9. eval mnet: soloshow similarity     -0.5499  ( 0.1656   )    0.0146   
  10. eval mnet: award ego and alt       -0.2601  ( 0.0554   )   -0.0184   
  11. eval mnet: award similarity        -0.1217  ( 0.1214   )   -0.0104   
  12. eval mnet: meanprice ego and alt   -0.0018  ( 0.0007   )    0.0588   
  13. eval mnet: meanprice similarity    -1.3981  ( 0.7756   )   -0.0448   
  14. eval mnet: festbiennal ego and alt  0.0990  ( 0.0329   )   -0.0022   
  15. eval mnet: festbiennal similarity   0.7463  ( 0.3614   )    0.0129   
  16. eval mnet: groupshow ego and alt    0.0311  ( 0.0032   )   -0.0312   
  17. eval mnet: groupshow similarity     0.2840  ( 0.1922   )   -0.0026   
  18. eval mnet: pnet                     4.2126  ( 0.6093   )    0.0628   
  19. rate constant pnet rate (period 1) 18.4443  ( 0.7601   )   -0.0077   
  20. rate constant pnet rate (period 2) 17.7881  ( 0.6284   )    0.0739   
  21. rate constant pnet rate (period 3)  8.4817  ( 0.4003   )   -0.0212   
  22. rate constant pnet rate (period 4) 14.9807  ( 0.6985   )   -0.0374   
  23. eval pnet: degree (density)        -0.1795  ( 0.0245   )    0.0541   
  24. eval pnet: ranking ego and alt     -0.0008  ( 0.0002   )    0.0222   
  25. eval pnet: ranking similarity      -0.7907  ( 0.1275   )   -0.0206   
  26. eval pnet: soloshow ego and alt     0.0157  ( 0.0043   )    0.0061   
  27. eval pnet: soloshow similarity      0.3060  ( 0.0867   )   -0.0141   
  28. eval pnet: award ego and alt        0.0437  ( 0.0285   )    0.0100   
  29. eval pnet: award similarity         0.0367  ( 0.0686   )    0.0000   
  30. eval pnet: meanprice ego and alt    0.0007  ( 0.0004   )    0.0166   
  31. eval pnet: meanprice similarity     0.0016  ( 0.4925   )   -0.0123   
  32. eval pnet: festbiennal ego and alt -0.1097  ( 0.0162   )   -0.0105   
  33. eval pnet: festbiennal similarity  -0.9645  ( 0.1884   )    0.0130   
  34. eval pnet: mnet                     0.9605  ( 0.0416   )    0.0431   

Overall maximum convergence ratio:    0.1726 


Total of 2600 iteration steps.

Covariance matrix of estimates (correlations below diagonal)

       0.052        0.000        0.032        0.009        0.021        0.000       -0.001        0.000        0.003        0.001       -0.001        0.000        0.010       -0.001       -0.012        0.000       -0.001       -0.036       -0.002        0.004       -0.001        0.004        0.000        0.000        0.000        0.000        0.000        0.000        0.000        0.000        0.003        0.000        0.001       -0.001
       0.010        0.038        0.007       -0.001        0.006        0.000        0.001        0.000        0.001        0.001        0.001        0.000        0.006        0.000       -0.003        0.000       -0.001       -0.012        0.004        0.010        0.000       -0.005        0.000        0.000       -0.001        0.000        0.000        0.000        0.000        0.000        0.001        0.000       -0.001        0.000
       0.190        0.050        0.551        0.069        0.202        0.000       -0.020        0.000        0.026        0.008       -0.009        0.000        0.094       -0.009       -0.094       -0.001       -0.002       -0.358       -0.018       -0.001        0.022        0.056        0.004        0.000       -0.001        0.000        0.005        0.001        0.004        0.000       -0.012        0.000       -0.004       -0.008
       0.138       -0.013        0.309        0.091        0.040        0.000       -0.003        0.000        0.004        0.001       -0.002        0.000        0.029       -0.002       -0.019        0.000       -0.001       -0.071       -0.007        0.001        0.002        0.005        0.001        0.000        0.000        0.000        0.002        0.001        0.002        0.000       -0.002        0.000        0.002       -0.002
       0.260        0.095        0.780        0.383        0.122        0.000       -0.010        0.000        0.017        0.005       -0.005        0.000        0.059       -0.006       -0.055       -0.001       -0.002       -0.212       -0.023        0.003        0.012        0.030        0.002        0.000       -0.001        0.000        0.003        0.000        0.002        0.000        0.005        0.000        0.000       -0.004
       0.123        0.002        0.266        0.122        0.421        0.000        0.000        0.000        0.000        0.000        0.000        0.000        0.000        0.000        0.000        0.000        0.000        0.000        0.000        0.000        0.000        0.000        0.000        0.000        0.000        0.000        0.000        0.000        0.000        0.000        0.000        0.000        0.000        0.000
      -0.014        0.011       -0.100       -0.040       -0.106        0.515        0.076        0.000       -0.006       -0.001        0.001        0.000       -0.020        0.000        0.002        0.000       -0.012        0.017        0.001        0.002        0.000       -0.003        0.000        0.000       -0.002        0.000        0.000        0.001        0.001        0.000        0.003        0.000       -0.001        0.000
       0.079       -0.023        0.044        0.059        0.106        0.001       -0.040        0.000        0.001        0.000        0.000        0.000        0.000        0.000        0.000        0.000        0.000       -0.001        0.000        0.000        0.000        0.000        0.000        0.000        0.000        0.000        0.000        0.000        0.000        0.000        0.000        0.000        0.000        0.000
       0.090        0.034        0.210        0.086        0.288        0.017       -0.125        0.421        0.027        0.001        0.000        0.000        0.007       -0.001       -0.011        0.000       -0.006       -0.029       -0.008        0.002        0.003        0.003        0.000        0.000       -0.001        0.000       -0.001        0.000        0.001        0.000        0.003        0.000        0.000       -0.001
       0.092        0.057        0.190        0.048        0.236        0.028       -0.041       -0.007        0.073        0.003        0.004        0.000        0.003        0.000       -0.002        0.000        0.000       -0.008       -0.002       -0.001        0.001        0.001        0.000        0.000        0.000        0.000        0.000        0.000        0.000        0.000        0.000        0.000        0.000        0.000
      -0.021        0.022       -0.101       -0.054       -0.112       -0.022        0.022        0.003        0.009        0.647        0.015        0.000       -0.001        0.000        0.004        0.000       -0.001        0.009       -0.003        0.001        0.002       -0.007        0.000        0.000        0.000        0.000        0.000        0.000       -0.001        0.000        0.000        0.000        0.001        0.000
       0.114        0.062        0.329        0.188        0.430        0.101       -0.136        0.078        0.112        0.099       -0.054        0.000        0.001        0.000        0.000        0.000        0.000        0.000        0.000        0.000        0.000        0.000        0.000        0.000        0.000        0.000        0.000        0.000        0.000        0.000        0.000        0.000        0.000        0.000
       0.055        0.040        0.164        0.122        0.218        0.012       -0.095        0.020        0.052        0.069       -0.015        0.932        0.602       -0.005       -0.041       -0.001       -0.006       -0.103       -0.011        0.008        0.011        0.033        0.000        0.000       -0.002        0.000        0.002        0.000       -0.001        0.000       -0.003        0.000       -0.004       -0.001
      -0.179       -0.053       -0.379       -0.216       -0.488       -0.223        0.016       -0.115       -0.195       -0.109        0.108       -0.311       -0.189        0.001        0.010        0.000        0.000        0.010        0.001        0.000       -0.001       -0.002        0.000        0.000        0.000        0.000        0.000        0.000        0.000        0.000        0.000        0.000        0.000        0.000
      -0.140       -0.039       -0.351       -0.175       -0.432       -0.193        0.018       -0.049       -0.188       -0.102        0.101       -0.248       -0.146        0.847        0.131        0.000        0.003        0.096        0.016       -0.005       -0.012       -0.016       -0.001        0.000        0.002        0.000       -0.001        0.000       -0.001        0.000        0.001        0.000       -0.002        0.002
      -0.230       -0.054       -0.567       -0.261       -0.722       -0.305        0.054       -0.361       -0.318       -0.273        0.061       -0.457       -0.280        0.330        0.306        0.000        0.000        0.001        0.000        0.000        0.000        0.000        0.000        0.000        0.000        0.000        0.000        0.000        0.000        0.000        0.000        0.000        0.000        0.000
      -0.033       -0.015       -0.017       -0.014       -0.033       -0.318       -0.233       -0.218       -0.198        0.046       -0.034       -0.032       -0.037        0.036        0.045        0.166        0.037        0.004        0.004       -0.004        0.003        0.004        0.000        0.000        0.000        0.000       -0.001        0.000        0.000        0.000        0.000        0.000        0.002        0.000
      -0.259       -0.101       -0.791       -0.386       -0.994       -0.406        0.099       -0.110       -0.287       -0.231        0.121       -0.433       -0.218        0.487        0.435        0.719        0.033        0.371        0.038       -0.003       -0.024       -0.052       -0.004        0.000        0.002        0.000       -0.005        0.000       -0.004        0.000       -0.007        0.000       -0.001        0.006
      -0.014        0.024       -0.031       -0.030       -0.087       -0.064        0.007       -0.052       -0.066       -0.052       -0.035       -0.028       -0.018        0.049        0.058        0.112        0.031        0.083        0.578       -0.006       -0.022        0.025       -0.003        0.000        0.004        0.000       -0.005        0.000        0.001        0.000        0.005       -0.001       -0.006        0.004
       0.026        0.081       -0.002        0.007        0.012        0.001        0.010        0.040        0.014       -0.018        0.015        0.013        0.017       -0.012       -0.023       -0.033       -0.029       -0.007       -0.013        0.395        0.003       -0.011        0.000        0.000       -0.005        0.000       -0.003       -0.001       -0.003        0.000       -0.002        0.000        0.003       -0.001
      -0.006        0.000        0.074        0.013        0.088       -0.023        0.000        0.006        0.049        0.064        0.033        0.047        0.035       -0.099       -0.080       -0.066        0.045       -0.097       -0.073        0.011        0.160        0.011        0.000        0.000        0.001        0.000        0.002        0.000        0.001        0.000       -0.003        0.000       -0.001        0.001
       0.024       -0.036        0.107        0.023        0.125        0.052       -0.014       -0.052        0.030        0.039       -0.078        0.076        0.062       -0.105       -0.065       -0.044        0.027       -0.122        0.047       -0.025        0.040        0.488       -0.003        0.000       -0.001        0.000       -0.003        0.002        0.005        0.000       -0.006        0.000       -0.009        0.006
       0.050        0.045        0.244        0.127        0.239        0.134        0.024        0.042        0.078        0.061       -0.020        0.062        0.017       -0.133       -0.150       -0.203       -0.059       -0.236       -0.134       -0.014       -0.021       -0.150        0.001        0.000        0.000        0.000        0.000        0.000        0.000        0.000        0.000        0.000        0.000       -0.001
      -0.034       -0.005       -0.092       -0.004       -0.136       -0.148       -0.057       -0.048       -0.067       -0.033       -0.001       -0.048       -0.030        0.079        0.086        0.137        0.028        0.134        0.069       -0.030        0.020        0.015       -0.222        0.000        0.000        0.000        0.000        0.000        0.000        0.000        0.000        0.000        0.000        0.000
       0.010       -0.022       -0.013        0.002       -0.030       -0.088       -0.049       -0.057       -0.032        0.033        0.026       -0.015       -0.016        0.086        0.054        0.043        0.006        0.028        0.037       -0.067        0.028       -0.012       -0.009        0.661        0.016        0.000       -0.002        0.000        0.000        0.000       -0.006        0.000       -0.001        0.000
       0.062       -0.020        0.077        0.055        0.075        0.039        0.009        0.019       -0.001        0.026       -0.032        0.051        0.042       -0.065       -0.070       -0.084       -0.023       -0.074       -0.012        0.030        0.036       -0.046        0.126       -0.167       -0.153        0.000        0.000        0.000        0.000        0.000        0.000        0.000        0.000        0.000
       0.012       -0.015        0.085        0.091        0.089        0.061        0.001        0.008       -0.043        0.089        0.039        0.055        0.035       -0.059       -0.037       -0.088       -0.049       -0.088       -0.082       -0.064        0.052       -0.052        0.038       -0.220       -0.153        0.388        0.008        0.000        0.000        0.000       -0.002        0.000       -0.002        0.000
       0.008       -0.042        0.036        0.075        0.026        0.040        0.064        0.026       -0.001       -0.098       -0.061        0.010        0.013       -0.029       -0.006       -0.032       -0.010       -0.023       -0.021       -0.064        0.014        0.076       -0.018        0.002       -0.012       -0.061       -0.013        0.001        0.001        0.000        0.000        0.000        0.000        0.000
       0.025       -0.002        0.079        0.087        0.094        0.067        0.036        0.018        0.045       -0.075       -0.088        0.007       -0.015       -0.073       -0.048       -0.067       -0.010       -0.094        0.026       -0.062        0.019        0.100       -0.045        0.038       -0.023        0.034       -0.012        0.737        0.005        0.000        0.001        0.000        0.001        0.000
       0.016       -0.001       -0.076       -0.024       -0.023       -0.002        0.013       -0.010        0.020        0.002        0.017       -0.027       -0.017        0.031        0.032        0.002        0.002        0.032        0.026        0.000       -0.025       -0.040       -0.025       -0.015       -0.099       -0.123       -0.067       -0.016        0.028        0.000        0.000        0.000        0.000        0.000
       0.024        0.012       -0.034       -0.014        0.031        0.030        0.021       -0.005        0.031        0.017        0.001        0.000       -0.008        0.010        0.007       -0.039        0.002       -0.022        0.013       -0.007       -0.013       -0.018       -0.008       -0.048       -0.096       -0.108       -0.042       -0.005        0.026        0.946        0.243        0.000        0.002       -0.001
       0.011        0.004       -0.015        0.025       -0.019       -0.008        0.010        0.006        0.003        0.002        0.008       -0.011       -0.003        0.010       -0.020       -0.007        0.016        0.019       -0.046        0.040       -0.015       -0.040        0.102       -0.018       -0.035       -0.152       -0.095        0.075        0.035       -0.027        0.000        0.000        0.003        0.000
       0.019       -0.018       -0.027        0.039        0.006       -0.013       -0.020       -0.010        0.002        0.039        0.024       -0.028       -0.028        0.012       -0.033        0.005        0.045       -0.007       -0.041        0.021       -0.013       -0.066        0.083       -0.018       -0.053       -0.052       -0.107        0.028        0.043        0.011        0.022        0.821        0.035       -0.001
      -0.087       -0.042       -0.255       -0.120       -0.265       -0.140       -0.007       -0.010       -0.131       -0.084       -0.026       -0.096       -0.045        0.138        0.161        0.231        0.048        0.254        0.116       -0.023        0.069        0.221       -0.770        0.256        0.001       -0.120       -0.031        0.044        0.082       -0.035       -0.069       -0.102       -0.082        0.002

Derivative matrix of expected statistics X by parameters:

      174.960         0.000         0.000         0.000        11.134     -3038.449         5.284        46.631         0.122       -25.660         7.553      1748.122        -1.077        22.578        -0.883        -7.294         3.233        31.446         2.256         0.000         0.000         0.000         6.989      1376.336        -1.906        37.945         0.859        -0.469        -0.530     -1231.750         0.835         9.799        -0.724       -11.615
        0.000       173.781         0.000         0.000        23.828       510.653        -0.085        30.667        -3.888       -13.997         3.146     -1250.745         0.746       -31.761         1.773        24.094         0.828        51.967         0.000        -3.502         0.000         0.000         1.163     -1120.799         1.916        34.713        -2.314         4.614        -1.174       -90.677        -0.450       -16.538         1.995        -8.584
        0.000         0.000       128.073         0.000        36.771      2402.055        -1.980        54.414         1.422       -12.479         3.509      2494.360        -2.284         3.231         0.146       -85.858        -2.320        67.645         0.000         0.000         0.027         0.000         2.144      -203.070         0.742        26.423        -0.116         3.457        -0.934       475.541        -0.366        -7.913         0.663        -4.299
        0.000         0.000         0.000       149.705        26.391      1557.510        -1.355        -3.688         1.739        18.307        -3.898       546.904        -0.135         8.725        -0.559       697.047        -1.045        25.320         0.000         0.000         0.000        10.323         3.394     -1218.526         1.123        -0.921        -1.582        -2.018         0.175      -178.433         0.179        -4.182        -0.648        -8.621
       -5.952        19.001       159.785        43.943      1056.208    -31444.032        22.424       104.166       -15.496        -4.644       -21.915     24550.013       -17.516       145.128       -13.744      2212.997       -28.214      1371.833         6.692       -38.881        72.968       -72.845       165.525     -1818.925        -6.459       104.110       -13.290       -36.612        -1.544     -6513.230         3.258        42.533        -4.283       237.908
    -1148.719       -14.678     11655.541      4476.860    -16553.978  38282892.212    -30809.535     72145.792      6946.326     17998.084     -7286.501  -2655273.368      2302.487      5185.417      -170.583    -50707.491     12728.223    -22233.117      5995.859      3664.782      4519.686     -1406.937     -3870.861   4918043.462     -1927.919     51858.508      -942.338      5199.827      -871.817    507648.116      -569.899     -8841.300       415.358     -5759.378
        2.051        -0.327        -8.942        -2.131        14.328    -30600.514        57.178        92.098         1.460       -14.938         6.760      7547.203        -4.918        31.867        -1.850       610.033         3.492        18.845       -11.317        -6.571        -4.612        -2.918        -0.065     -2983.129         6.640       -44.349         1.280         1.444        -3.460      2725.696        -1.826        11.476        -0.611         5.782
       39.503        58.594       161.927       -80.587        35.030     50744.405       128.205     40874.834      -786.535       989.924      -256.906     56243.486        -6.479      3173.954      -233.871     57909.141       204.418      -240.086        29.837      -172.327       283.901       252.926      -255.508    -10484.521        22.245      3152.977       -86.762       -40.030        25.770    -11165.578         4.417       283.544       -18.684      -396.561
        0.682        -5.138        12.104         9.776         3.407      6457.336         0.059      -752.129       104.104         8.829        -2.995      1916.642        -1.039       -30.669         5.051       100.211        10.854        11.749        -3.217        -3.503       -11.206        -9.229         8.885       201.882         0.260       -32.540        13.675        17.267        -6.071      2218.160        -1.889       -10.909         1.445        13.769
      -12.967         3.703       -14.321        45.670         2.640     23683.360       -18.851      1103.859        -1.027      1745.749      -523.864     34159.680       -22.500       151.163        -7.237     10131.692       -53.203        21.926        -8.444        20.484        28.903       -17.101        12.179      3222.433        -3.466       188.546       -21.495       232.125       -52.581     13183.742       -10.642        41.066        -5.391        14.314
       -2.400        -4.568         3.993       -14.776        -3.743     -7535.819         7.688      -282.860        -2.963      -536.427       288.860     -8707.631         4.778       -31.648         0.587     -2988.787        17.118        -7.712       -10.084        -4.023       -24.717        -2.727        -3.058     -3183.217         2.459       -13.682        -0.325       -64.147        27.760      -423.822         0.418         9.493         1.652         3.437
     2191.568     -1727.822      -251.932      2109.181     10286.056  -2882258.552      5488.566     27722.605      1410.182     39711.647    -11737.718  57836409.330    -45669.766     90880.373     -3928.897   1456796.727     -3445.224     34178.873     -2565.648     -2044.705     -5025.871     -5316.214       271.360  -2526854.950       393.610    -55435.164      -511.937     10877.017     -1415.195   6915001.511     -5151.069     -3599.478       359.237      3949.820
       -0.970         1.047         0.207        -0.600        -7.061      2800.417        -3.634        15.633        -0.697       -26.707         7.995    -46049.766        39.958       -51.880         2.059      -863.173         3.035       -24.731         1.978         3.239         4.134         2.291         0.218      2038.134        -0.132        42.075         0.423        -9.159         1.740     -5430.481         4.348         6.099        -0.721        -2.415
       41.739        -4.861       -87.436        18.951        97.159     29741.560         4.329      3056.087       -34.833       108.359       -15.264     79961.593       -45.404      7609.130      -531.385     11477.752         8.933       146.111       -59.355        21.857        11.125        99.206       -17.984     40438.648       -53.682        30.738       -33.129         9.459        11.847     21866.886       -17.949       908.732       -65.826       -72.169
       -1.484         0.115         7.413        -0.212        -5.339     -2187.732         0.562      -221.817         4.965        -3.222        -0.444     -4074.972         2.516      -532.644        54.649      -709.036        -1.167       -10.718         2.175         0.768         2.936       -10.094         1.413     -1833.670         2.193        18.996         1.856        -5.445         0.169     -2671.378         2.060       -70.937         6.785         4.215
      154.320        42.668       -86.318       455.317       947.423    -93165.965       485.311     59781.672      -180.374      8923.216     -2713.648   1467262.160      -846.502     14207.851      -784.088    688181.699     -1287.025       596.452       349.793         4.301       -98.264      -819.419      -123.491   -151990.082        56.135      7503.493       -22.426       870.497      -298.424    176071.093       -67.495      3576.012      -163.277       -54.616
       -0.287        -0.812         4.001         3.413        -8.295     12152.892         3.953       171.954        16.224       -56.064        18.456     -2396.068         2.481         3.161        -0.587     -1158.456        76.853       -17.839         7.096        -1.573        -4.845         5.541        -6.233      1552.508         0.638        26.320         5.033       -15.974         2.795      1825.231        -1.359         7.792        -0.890       -16.004
       14.020        15.635       222.936        55.839       632.763     -5309.016         0.760       -59.133         3.696        12.614       -20.376     26143.851       -19.771        19.691        -6.798      -485.034       -11.986       904.372         3.829       -19.239        52.668       -21.900       102.007     -2541.178        -2.311        37.233        -4.533       -16.496         2.043     -4496.314         2.310       -32.420        -0.273       106.063
        0.646         0.000         0.000         0.000        -0.282       115.831        -0.514        -0.586         0.027         0.911        -0.418      -239.034         0.105        -0.890        -0.151       -13.199         0.078        -7.665        76.086         0.000         0.000         0.000         4.798      -221.112        -0.507         6.586         0.586         4.271        -1.407     -1017.138         0.545        -8.433         0.424        -1.360
        0.000        -3.939         0.000         0.000         0.514       485.702        -0.363       -17.850         0.192         3.792        -1.602       334.129        -0.115        -1.503         0.195        33.793         0.211        -6.802         0.000        96.206         0.000         0.000         6.800      -378.010         0.913       -25.453         1.818         0.909         0.973      -119.243         0.249        -6.994         0.026         8.052
        0.000         0.000         9.893         0.000         0.478       545.250        -0.806        10.018         0.072         1.329        -1.268       323.369        -0.314       -12.027         0.947        -6.914         0.908       -24.265         0.000         0.000       118.615         0.000        -2.282       242.024        -0.356       -16.600         1.032         2.170         0.237     -1009.815         0.605       -38.461         1.893       -11.775
        0.000         0.000         0.000         2.514        -4.722       137.345        -0.064        25.703        -0.050        -1.629         0.656       409.948        -0.423         3.787        -0.020         2.654         0.091       -14.786         0.000         0.000         0.000        77.538        -5.436       720.851        -0.196        14.715         0.348        -1.325        -0.319       657.936        -0.768       -18.485         1.490       -25.967
       91.282       -12.962       128.186        46.385       653.543    -14209.346        -4.391      -571.009        22.709        -5.243        12.265     10655.396        -5.323        66.769        -5.859       883.773       -41.646       682.652        58.205       124.908       -11.918      -351.960      3408.607     17029.872       -24.845      -993.094        -2.841      -258.357        79.627    -16835.717        16.159      -572.118        32.652      2708.895
     9442.419     -4315.270      -496.182     -8001.393    -12441.820  21764808.832    -13645.361     16747.576      3986.353      5950.233     -7557.267  -3125214.926      2623.894     51733.529     -3116.999   -311339.242     10548.908    -16869.277     -7949.349     10435.000      1762.507     12563.392      7037.522 139705877.414   -111805.784   -128870.193     24908.362     27842.034     -9069.849  -7431940.398      5341.201    -47260.676      1162.170   -118118.199
      -12.718        10.483         5.442         4.752         5.835    -14034.902        30.513        59.719        -0.082        -3.933         7.248      1777.889        -1.075       -48.041         2.319       570.683         0.557         7.042        -3.500         3.632         1.665        -4.347       -13.771   -112245.305       191.345       502.672        -6.161       -11.119         7.192     13956.558        -7.367       119.473        -4.901        97.581
       93.940       281.689       478.328         1.826        44.625     55948.273        55.746     23364.700      -517.927       208.213      -100.286      9048.916        10.069      1579.378       -86.437     37978.036        42.724        62.628       179.765      -503.469      -132.251       139.510      -373.766   -143281.043       512.225    108161.626     -1980.514      2749.228     -1043.950    190303.760       -45.338      9546.495      -614.908      1340.768
        5.395       -10.415        -3.427       -10.324        -0.790      3306.810         0.637      -492.480        64.893        -5.092        -1.317      2157.128        -1.218       -29.395         4.548      -200.188        11.112         6.514         4.822         6.556         2.042         7.887         3.266     25518.029        -7.376     -1990.256       265.035       -16.772        13.410      2280.616        -1.601       -41.056         8.582       -37.964
      -38.008        39.978        -3.166       -32.053       -31.132      9206.006         0.294       570.117         7.146      1023.590      -303.704     18037.182       -15.297      -254.173        23.978      4391.659       -34.097       -20.607        45.441       -55.197         6.756        14.259      -127.968     23306.877       -10.951      2565.383       -23.379      4600.583     -1419.059     81542.954       -57.408      -568.771        61.455        -4.188
        7.416        -6.698         9.279         9.162         3.367     -1160.715        -4.127      -147.774        -2.795      -294.624       167.670     -2602.695         2.575        80.535        -7.358     -1528.318        13.559         9.085       -24.156        59.285         2.942       -22.526        37.313     -8012.915         6.522      -992.862        15.759     -1421.461       764.524    -26114.963        17.912       127.629       -18.734       -40.838
    -9540.670      -976.669     -1661.891     -5853.797     -4440.357    733930.309      2966.359     67492.353      1700.165     24099.907     -1955.273  31063350.404    -25587.471     44439.133     -3198.334    899044.896     -1122.121     -3871.115    -14509.849      -899.933     -1422.034     -2031.129     -7226.293  -6625859.087     14245.152    181002.739      1849.195     76391.831    -24437.282  97999573.087    -77546.111     94164.692     -3807.507      3566.940
        8.160        -0.275         1.341         4.144         2.697      -275.137        -1.727       -37.196        -1.151       -18.019         1.033    -25694.498        22.622       -25.685         1.873      -573.982         2.132         2.279         5.568         4.384         0.996        -3.564         7.301      4974.293        -7.474       -47.256        -0.722       -52.124        16.140    -77502.878        68.034       -39.212         1.145         5.143
       23.936       -58.013      -135.014        -8.242        43.730      1775.058        11.710      2117.745       -43.687       -36.456       -10.411     36923.665       -21.621      4600.177      -333.939     12179.217        29.624       -17.211       -67.077        -1.725      -137.484      -247.548      -163.460    -60061.613       121.421      9418.937       -35.221      -473.276       117.573     82177.745       -27.888     20191.799     -1401.814       531.759
       -3.082         6.860        15.215        -6.921        -8.517      -695.983        -0.475      -144.178         4.989         0.689         1.785     -2360.163         1.262      -336.944        34.047      -624.761        -1.109        -1.891         8.625        -7.491         8.486        12.776         8.492      1248.477        -4.545      -605.145         8.005        52.526       -16.893     -2943.036        -0.007     -1392.283       138.161       -29.010
       -2.175        -0.990        28.415         9.710       406.692    -13125.764         7.067      -426.765        21.116        67.779        -8.285     10812.494        -6.564       -14.764         1.076      1039.610       -28.681       568.754      -140.946        32.231       -78.879      -431.667      1402.219   -122360.121       110.830      1266.044       -34.415       -15.965       -28.145      3254.820         7.107       464.110       -20.734      2546.870

Covariance matrix of X (correlations below diagonal):

     1470.378       -14.888       -25.891        71.572        99.333    -23206.796        48.638      1013.509        -8.449      -161.797        38.103     15468.277        -8.719        19.166        -0.514     -1087.439        25.365       271.906        66.407        51.568       -52.463        -6.186        59.068     14412.308       -11.641      1416.623        -9.548       -17.319        -6.043    -13227.571        13.151       223.797       -13.705      -180.760
       -0.012      1130.408      -114.361       -78.534        89.360    -22213.352        23.892      -100.329       -36.404       -57.158        22.423     -9998.561         7.491      -249.710        14.737      1055.213        -8.498       241.460        65.927        -1.414       -27.126       -88.419        48.491     -1790.081         7.319       174.712       -36.176       -70.697        30.357    -15737.848         8.394       -17.512         3.741       -29.019
       -0.012        -0.059      3357.683        22.803       993.411     52995.219       -74.605       728.512        54.155      -302.177        88.277     36513.552       -44.832        92.015        -6.827     -5243.766       -73.546      1735.929       203.238       -22.718       158.504       115.782       307.836     40477.811       -17.787      1748.180        18.652       226.577       -30.510       685.168       -15.936        71.859       -24.835      -320.364
        0.045        -0.056         0.009      1726.868       382.579     11110.094        -7.365       132.641        25.073       193.016       -35.632     -8638.089        16.281       -67.610         5.055      9843.052       -11.010       363.006        25.646        11.922       -50.821       169.234       149.858     17473.894        -2.114       161.662        25.945        81.870        15.211      4012.640        -5.198       -54.216        -4.437      -115.277
        0.062         0.063         0.408         0.219      1765.118     23377.222       -53.512      -254.963         7.385        -1.674         0.638     16689.737       -13.001       -31.178        -5.918      -842.780       -57.272      2298.106       -14.592        84.330        -9.437      -145.623       704.792     11797.990       -17.274       669.734         2.192        76.510       -20.240     -3491.317         0.576       142.975       -25.032       512.655
       -0.060        -0.066         0.091         0.027         0.055 101565758.713    -91455.287     57582.566     15780.828     23923.645    -11026.336  -6713674.043      4897.511     40711.744     -3254.475   -497633.171     24331.771     12042.718      -905.486     15013.415     -9872.970      4877.506    -13199.110  43199283.375    -34602.037    109109.645      2891.441    -10925.107     10842.654   1030724.995     -1227.729    -24767.549       745.936    -20364.173
        0.100         0.056        -0.102        -0.014        -0.101        -0.718       159.606       550.031        -7.495       -26.808        20.378     14449.474        -8.063        68.055        -3.745      2115.984        13.808       -60.289       -26.442       -20.240        12.266       -11.119       -11.427    -32960.486        67.839       122.569        -2.282        60.984       -25.266      8121.614        -3.541       116.109        -8.682         5.967
        0.084        -0.009         0.040         0.010        -0.019         0.018         0.139     98720.400     -1953.665      2337.585      -584.809    272539.858      -135.053      7604.708      -557.056    129956.121       457.951      -928.356       209.784      -463.676       449.767       489.530       327.498    -55430.939        98.870     44048.496      -963.552      1611.243      -468.981      9438.274       -17.132      3670.086      -245.733       508.477
       -0.015        -0.071         0.062         0.040         0.012         0.103        -0.039        -0.411       229.426         1.155         6.397     -2064.084         2.307      -119.422        13.061      -308.964        25.111        55.890       -42.195       -38.515        10.754         8.631       -32.264      4164.911        -4.023      -966.322       109.535         0.646         7.387      7551.901        -5.242       -55.718         5.474       -46.831
       -0.064        -0.026        -0.080         0.071        -0.001         0.036        -0.032         0.114         0.001      4279.688     -1283.730     82077.638       -49.802      -124.428         3.897     23711.797      -167.084      -104.087       -54.625       -68.050        89.035       176.010        66.380      1794.702        29.913       590.271        16.455      1775.893      -565.020     49508.914       -35.621      -387.243        41.380       321.189
        0.039         0.026         0.060        -0.034         0.001        -0.043         0.064        -0.074         0.017        -0.775       640.600    -23357.030        12.872        74.156         0.763     -7330.550        53.695        30.559       -45.653         7.057       -25.838       -90.488       -42.639    -13744.550         9.702      -411.719        -2.169      -507.915       283.022      6976.719        -7.054        37.990         1.742      -108.832
        0.036        -0.026         0.055        -0.018         0.035        -0.059         0.101         0.076        -0.012         0.110        -0.081 128984889.316   -102901.185    155731.723     -8858.233   3272883.121     -4178.305     77115.338     12353.185     -2530.627    -23310.999    -11027.192        96.489  -3027286.921      5370.986   -165084.817      5095.987     34648.424     -5093.343  53565428.409    -43888.857     -7589.463      -609.819     24949.976
       -0.024         0.024        -0.082         0.041        -0.033         0.051        -0.067        -0.045         0.016        -0.080         0.054        -0.957        89.575       -76.546         4.386     -1926.445         4.484       -57.465       -13.683        11.987        18.617         6.489        -5.502      2604.703        -3.306       181.230        -3.173       -18.081        -0.137    -43891.336        38.852        46.248        -2.920       -19.631
        0.004        -0.057         0.012        -0.013        -0.006         0.031         0.041         0.186        -0.061        -0.015         0.023         0.105        -0.062     16910.382     -1171.699     31426.847        -9.606       363.809      -168.595       219.170      -560.753       -85.831        31.584      1118.210        80.299      3035.661      -160.441      -329.748        22.620     42211.753        -3.823      8557.814      -547.859       -55.999
       -0.001         0.041        -0.011         0.011        -0.013        -0.030        -0.028        -0.165         0.080         0.006         0.003        -0.073         0.043        -0.839       115.233     -1895.543         2.131       -31.343         4.398       -17.150        34.944        -1.931        -9.797      1321.823        -7.320      -215.999        14.217        30.880        -4.419     -4821.941         2.040      -620.219        55.407        10.297
       -0.022         0.024        -0.070         0.184        -0.016        -0.038         0.130         0.322        -0.016         0.282        -0.225         0.224        -0.158         0.188        -0.137   1653894.887     -3191.065     -2286.873      4203.531      -804.493     -1714.026      1045.630      1620.993   -453162.206      1307.083     55285.969      -177.578      6743.679     -2995.539   1377703.417      -860.106     11437.885      -148.703      4653.875
        0.050        -0.019        -0.096        -0.020        -0.103         0.182         0.082         0.110         0.125        -0.192         0.160        -0.028         0.036        -0.006         0.015        -0.187       176.065      -100.874         7.797        -5.731        31.736         9.250       -78.766     15811.364        -4.169       114.711        12.076       -80.096        29.081      -645.936         3.413        44.841         0.536       -84.799
        0.105         0.107         0.445         0.130         0.813         0.018        -0.071        -0.044         0.055        -0.024         0.018         0.101        -0.090         0.042        -0.043        -0.026        -0.113      4530.001      -187.086      -129.758      -430.397      -417.812       714.721      7708.295       -21.874       602.035        34.773       282.478       -94.383     21692.710       -18.642       373.333       -51.607       585.682
        0.030         0.034         0.061         0.011        -0.006        -0.002        -0.036         0.012        -0.049        -0.015        -0.031         0.019        -0.025        -0.023         0.007         0.057         0.010        -0.048      3298.641       -41.316      -208.029       132.281        61.120    -24515.286        -7.406      1462.073       -60.256       -34.748         7.811    -51982.776        24.928      -519.506        19.145      -276.832
        0.022        -0.001        -0.007         0.005         0.033         0.025        -0.027        -0.025        -0.042        -0.017         0.005        -0.004         0.021         0.028        -0.027        -0.010        -0.007        -0.032        -0.012      3607.021        36.787       -50.897       205.271     15754.395       -19.805      -280.501       -30.937      -184.159        74.836      4521.958         5.142       258.252       -37.865       208.848
       -0.029        -0.017         0.058        -0.026        -0.005        -0.021         0.021         0.031         0.015         0.029        -0.022        -0.044         0.042        -0.092         0.070        -0.028         0.051        -0.137        -0.077         0.013      2190.757        18.015        27.622      -322.958        26.811        52.094        58.389        97.099        -2.050    -30576.457        22.099      -831.094        39.083       -51.415
       -0.003        -0.051         0.039         0.079        -0.067         0.009        -0.017         0.030         0.011         0.052        -0.069        -0.019         0.013        -0.013        -0.003         0.016         0.013        -0.120         0.044        -0.016         0.007      2687.148      -397.058     13985.956        -2.905       759.188       -39.526        48.283         4.971    -22691.524         1.068      -668.946        20.683      -895.643
        0.029         0.027         0.100         0.068         0.316        -0.025        -0.017         0.020        -0.040         0.019        -0.032         0.000        -0.011         0.005        -0.017         0.024        -0.112         0.200         0.020         0.064         0.011        -0.144      2823.691      -747.835       -25.967      -135.113       -23.106      -341.519       109.511      8713.395       -16.182      -478.895        37.205      1989.186
        0.025        -0.004         0.047         0.028         0.019         0.287        -0.175        -0.012         0.018         0.002        -0.036        -0.018         0.018         0.001         0.008        -0.024         0.080         0.008        -0.029         0.018         0.000         0.018        -0.001 222908121.322   -180056.753   -325719.480     36648.758     17751.272      8389.252  -4968853.063      4596.158   -147621.791      7596.569   -202581.922
       -0.017         0.013        -0.018        -0.003        -0.024        -0.197         0.309         0.018        -0.015         0.026         0.022         0.027        -0.020         0.035        -0.039         0.058        -0.018        -0.019        -0.007        -0.019         0.033        -0.003        -0.028        -0.693       302.777       881.819       -16.556         9.898        -5.434     23431.562       -13.313       338.814       -23.976       167.527
        0.090         0.013         0.074         0.009         0.039         0.026         0.024         0.342        -0.155         0.022        -0.040        -0.035         0.047         0.057        -0.049         0.105         0.021         0.022         0.062        -0.011         0.003         0.036        -0.006        -0.053         0.123    168421.414     -3155.977      4049.566     -1327.811    209170.752       -43.529     14076.097      -967.225      2374.612
       -0.012        -0.053         0.016         0.031         0.003         0.014        -0.009        -0.150         0.354         0.012        -0.004         0.022        -0.016        -0.060         0.065        -0.007         0.044         0.025        -0.051        -0.025         0.061        -0.037        -0.021         0.120        -0.047        -0.376       418.486        -8.801        19.103     -2576.304         4.048       114.234        -6.402       -44.247
       -0.005        -0.024         0.045         0.023         0.021        -0.013         0.056         0.059         0.000         0.314        -0.232         0.035        -0.022        -0.029         0.033         0.061        -0.070         0.049        -0.007        -0.035         0.024         0.011        -0.074         0.014         0.007         0.114        -0.005      7475.456     -2292.420    175274.258      -125.557      -270.009        66.545       -84.303
       -0.005         0.026        -0.015         0.011        -0.014         0.031        -0.058        -0.043         0.014        -0.251         0.325        -0.013         0.000         0.005        -0.012        -0.068         0.064        -0.041         0.004         0.036        -0.001         0.003         0.060         0.016        -0.009        -0.094         0.027        -0.771      1182.643    -49718.308        35.413        27.269       -15.779        -4.066
       -0.027        -0.037         0.001         0.008        -0.007         0.008         0.051         0.002         0.039         0.060         0.022         0.373        -0.367         0.026        -0.036         0.085        -0.004         0.026        -0.072         0.006        -0.052        -0.035         0.013        -0.026         0.107         0.040        -0.010         0.161        -0.114 159512952.084   -127361.791     50699.645       520.140     50133.632
        0.032         0.024        -0.026        -0.012         0.001        -0.011        -0.026        -0.005        -0.033        -0.051        -0.026        -0.365         0.388        -0.003         0.018        -0.063         0.024        -0.026         0.041         0.008         0.045         0.002        -0.029         0.029        -0.072        -0.010         0.019        -0.137         0.097        -0.952       112.221        47.152        -5.170       -34.315
        0.032        -0.003         0.007        -0.007         0.019        -0.014         0.051         0.065        -0.020        -0.033         0.008        -0.004         0.027         0.364        -0.320         0.049         0.019         0.031        -0.050         0.024        -0.098        -0.071        -0.050        -0.055         0.108         0.190         0.031        -0.017         0.004         0.022         0.025     32657.330     -2226.356      1018.829
       -0.025         0.008        -0.029        -0.007        -0.041         0.005        -0.047        -0.054         0.025         0.043         0.005        -0.004        -0.021        -0.290         0.355        -0.008         0.003        -0.053         0.023        -0.043         0.057         0.027         0.048         0.035        -0.095        -0.162        -0.022         0.053        -0.032         0.003        -0.034        -0.847       211.729       -55.527
       -0.074        -0.014        -0.087        -0.044         0.191        -0.032         0.007         0.025        -0.048         0.077        -0.067         0.034        -0.033        -0.007         0.015         0.057        -0.100         0.136        -0.076         0.055        -0.017        -0.271         0.587        -0.213         0.151         0.091        -0.034        -0.015        -0.002         0.062        -0.051         0.088        -0.060      4066.306
[1] "2020-11-12 10:26:48 GST"
Time difference of 34.72392 mins
