nohup: ignoring input

Attaching package: ‘igraph’

The following objects are masked from ‘package:stats’:

    decompose, spectrum

The following object is masked from ‘package:base’:

    union

Warning message:
no DISPLAY variable so Tk is not available 

Attaching package: ‘xtable’

The following object is masked from ‘package:RSiena’:

    xtable

[1] "3"
[1] "/scratch/krm7/artwork/DATAandCODE/data/100_unique_id/p3"
  effectName              include fix   test  initialValue parm
1 mnet: transitive triads TRUE    FALSE FALSE          0   0   
  effectName              include fix   test  initialValue parm
1 pnet: transitive triads TRUE    FALSE FALSE          0   0   
  effectName include fix   test  initialValue parm
1 mnet: pnet TRUE    FALSE FALSE          0   0   
  effectName include fix   test  initialValue parm
1 pnet: mnet TRUE    FALSE FALSE          0   0   
  effectName                include fix   test  initialValue parm
1 mnet: ranking ego and alt TRUE    FALSE FALSE          0   0   
2 mnet: ranking similarity  TRUE    FALSE FALSE          0   0   
  effectName                 include fix   test  initialValue parm
1 mnet: soloshow ego and alt TRUE    FALSE FALSE          0   0   
2 mnet: soloshow similarity  TRUE    FALSE FALSE          0   0   
  effectName              include fix   test  initialValue parm
1 mnet: award ego and alt TRUE    FALSE FALSE          0   0   
2 mnet: award similarity  TRUE    FALSE FALSE          0   0   
  effectName                  include fix   test  initialValue parm
1 mnet: meanprice ego and alt TRUE    FALSE FALSE          0   0   
2 mnet: meanprice similarity  TRUE    FALSE FALSE          0   0   
  effectName                    include fix   test  initialValue parm
1 mnet: festbiennal ego and alt TRUE    FALSE FALSE          0   0   
2 mnet: festbiennal similarity  TRUE    FALSE FALSE          0   0   
  effectName                  include fix   test  initialValue parm
1 mnet: groupshow ego and alt TRUE    FALSE FALSE          0   0   
2 mnet: groupshow similarity  TRUE    FALSE FALSE          0   0   
  effectName                include fix   test  initialValue parm
1 pnet: ranking ego and alt TRUE    FALSE FALSE          0   0   
2 pnet: ranking similarity  TRUE    FALSE FALSE          0   0   
  effectName                 include fix   test  initialValue parm
1 pnet: soloshow ego and alt TRUE    FALSE FALSE          0   0   
2 pnet: soloshow similarity  TRUE    FALSE FALSE          0   0   
  effectName              include fix   test  initialValue parm
1 pnet: award ego and alt TRUE    FALSE FALSE          0   0   
2 pnet: award similarity  TRUE    FALSE FALSE          0   0   
  effectName                  include fix   test  initialValue parm
1 pnet: meanprice ego and alt TRUE    FALSE FALSE          0   0   
2 pnet: meanprice similarity  TRUE    FALSE FALSE          0   0   
  effectName                    include fix   test  initialValue parm
1 pnet: festbiennal ego and alt TRUE    FALSE FALSE          0   0   
2 pnet: festbiennal similarity  TRUE    FALSE FALSE          0   0   
[1] "/scratch/krm7/artwork/result/two_net_model_period_3_n_100_trans"
siena07 will create an output file /scratch/krm7/artwork/result/two_net_model_period_3_n_100_trans.txt .
[1] "2020-11-16 10:19:51 GST"
No X11 device available, forcing use of batch mode

Start phase 0 
theta: 26.95 16.81  8.04 93.92  1.36  0.00  0.00  0.00  0.00  0.00  0.00  0.00  0.00  0.00  0.00  0.00  0.00  0.00  0.00  2.55  2.67 11.56 12.97  1.41  0.00  0.00  0.00  0.00  0.00  0.00  0.00  0.00  0.00  0.00  0.00  0.00 

Start phase 1 
Phase 1 Iteration 1 Progress: 0%
Phase 1 Iteration 41 Progress: 0%
Phase 1 Iteration 81 Progress: 0%
theta:  2.69e+01  1.68e+01  8.03e+00  9.29e+01  1.36e+00  1.61e-05  5.06e-06  4.38e-04  6.91e-05  1.30e-03 -4.53e-05  7.94e-04  3.28e-06  1.18e-02 -3.83e-04 -5.02e-03  2.25e-05  4.21e-04  3.53e-04  2.54e+00  2.66e+00  1.15e+01  1.30e+01  1.43e+00 -3.15e-04  9.60e-06  2.05e-02 -2.88e-04  8.86e-03  3.20e-03  2.42e-03 -4.77e-06 -1.71e-02  8.76e-04  2.58e-02  1.11e-03 

Start phase 2.1
Phase 2 Subphase 1 Iteration 1 Progress: 67%
Phase 2 Subphase 1 Iteration 2 Progress: 67%
theta  2.57e+01  1.59e+01  6.66e+00  4.65e+01  1.34e+00 -4.73e-05 -1.43e-04  3.48e-02  8.58e-03  2.29e-01  1.97e-02  5.23e-02 -7.43e-05  6.27e-01 -6.09e-03  2.90e-01  2.51e-03  6.38e-02  3.08e-02  1.90e+00  1.74e+00  6.53e+00  3.92e+01  1.81e+00 -4.74e-04  1.68e-03  4.46e+00 -4.03e-02  3.41e+00  9.95e-01  8.00e-01 -7.83e-04 -1.32e+00  4.80e-02  2.92e+00 -5.61e-01 
ac   1.0250   1.0139   1.2675   1.3147   1.3045   0.9976   1.0660   1.0916 -28.2964   0.5891   1.1704   0.9847   0.5448   0.5098   0.4673   0.1059   1.1764   0.9111   1.2753   1.0385   1.0382   0.5888   0.4798   0.6137   0.7866   1.7191  -0.0132  -0.1804  -0.0209   0.1756  -0.0181   0.5329   0.6380   0.0560   0.0318   0.6652 
Phase 2 Subphase 1 Iteration 3 Progress: 67%
Phase 2 Subphase 1 Iteration 4 Progress: 67%
theta  2.16e+01  1.31e+01  2.32e+00  3.87e+01  1.31e+00 -2.46e-04 -6.10e-04  1.44e-01  3.55e-02  9.49e-01  8.21e-02  2.15e-01 -3.20e-04  2.57e+00 -2.41e-02  1.22e+00  1.04e-02  2.64e-01  1.27e-01  1.32e+00  1.25e+00  5.04e+00  1.22e+02  2.99e+00 -9.78e-04  6.97e-03  1.85e+01 -1.67e-01  1.42e+01  4.14e+00  3.33e+00 -3.25e-03 -5.46e+00  1.97e-01  1.21e+01 -2.34e+00 
ac  1.024  0.994  1.119  1.378  1.337  1.001  1.082  1.136 -0.112  0.657  1.227  0.969  0.645  0.634  0.627  0.531  1.235  0.905  1.309  0.853  1.063  0.965  0.694  0.721  0.814  0.913  0.706  0.687  0.698  0.674  0.691  0.524  0.339  0.760  0.755  0.753 
Phase 2 Subphase 1 Iteration 5 Progress: 67%
Phase 2 Subphase 1 Iteration 6 Progress: 67%
theta  1.71e+01  9.94e+00  3.05e+00  3.39e+01  1.27e+00 -4.65e-04 -1.14e-03  2.65e-01  6.57e-02  1.76e+00  1.52e-01  3.98e-01 -5.94e-04  4.75e+00 -4.44e-02  2.27e+00  1.92e-02  4.89e-01  2.35e-01  1.03e+00  1.06e+00  4.35e+00  2.15e+02  4.31e+00 -1.55e-03  1.29e-02  3.43e+01 -3.09e-01  2.62e+01  7.66e+00  6.16e+00 -6.01e-03 -1.01e+01  3.65e-01  2.23e+01 -4.33e+00 
ac 1.038 1.016 1.236 1.379 1.288 1.000 1.088 1.156 0.503 0.782 1.142 0.958 0.795 0.792 0.786 0.751 1.254 0.918 1.265 0.862 1.073 1.027 0.816 0.832 0.878 1.018 0.850 0.831 0.832 0.805 0.826 0.560 0.634 0.875 0.868 0.845 
Phase 2 Subphase 1 Iteration 7 Progress: 67%
Phase 2 Subphase 1 Iteration 8 Progress: 67%
theta  1.25e+01  6.66e+00  2.95e+00  3.07e+01  1.22e+00 -6.88e-04 -1.68e-03  3.91e-01  9.71e-02  2.59e+00  2.25e-01  5.87e-01 -8.79e-04  7.01e+00 -6.53e-02  3.35e+00  2.83e-02  7.20e-01  3.47e-01  9.13e-01  9.53e-01  3.93e+00  3.11e+02  5.69e+00 -2.15e-03  1.91e-02  5.07e+01 -4.56e-01  3.88e+01  1.13e+01  9.10e+00 -8.88e-03 -1.49e+01  5.39e-01  3.30e+01 -6.40e+00 
ac 1.064 1.059 1.245 1.377 1.238 1.001 1.097 1.168 0.730 0.865 1.035 0.968 0.882 0.880 0.875 0.858 1.254 0.942 1.221 0.871 1.077 1.042 0.874 0.877 0.907 1.079 0.907 0.887 0.883 0.862 0.883 0.677 0.758 0.910 0.907 0.887 
Phase 2 Subphase 1 Iteration 9 Progress: 67%
Phase 2 Subphase 1 Iteration 10 Progress: 67%
theta  14.05847   3.75352   2.77048  28.34429   1.18020  -0.00091  -0.00224   0.51756   0.12900   3.44068   0.29842   0.77902  -0.00117   9.31078  -0.08664   4.45774   0.03763   0.95390   0.46185   0.83941   0.87969   3.63050 409.80527   7.09658  -0.00277   0.02534  67.39773  -0.60676  51.54773  15.04611  12.10032  -0.01181 -19.82786   0.71605  43.88887  -8.51382 
ac 0.942 0.992 1.226 1.379 1.227 1.020 1.106 1.173 0.971 0.959 0.945 0.989 0.928 0.929 0.977 0.986 1.242 0.980 1.213 0.877 1.080 1.047 0.905 0.906 0.928 1.091 0.938 0.916 0.912 0.888 0.903 0.742 0.824 0.926 0.925 0.912 
Phase 2 Subphase 1 Iteration 1 Progress: 67%
Phase 2 Subphase 1 Iteration 2 Progress: 67%
Phase 2 Subphase 1 Iteration 3 Progress: 67%
Phase 2 Subphase 1 Iteration 4 Progress: 67%
Phase 2 Subphase 1 Iteration 5 Progress: 67%
Phase 2 Subphase 1 Iteration 6 Progress: 67%
Phase 2 Subphase 1 Iteration 7 Progress: 67%
Phase 2 Subphase 1 Iteration 8 Progress: 67%
Phase 2 Subphase 1 Iteration 9 Progress: 67%
Phase 2 Subphase 1 Iteration 10 Progress: 67%
Phase 2 Subphase 1 Iteration 100 Progress: 69%
theta  8.01e+00  8.55e+00  7.78e-01  2.90e+01  6.97e-01 -4.59e-03 -1.46e-02  1.45e+00  6.15e-01  1.36e+01  1.37e+00  3.09e+00 -3.87e-03  3.97e+01 -3.30e-01  1.98e+01  1.60e-01  2.36e+00  2.53e+00  1.44e-01  1.92e-01  1.12e+00  1.92e+03  2.99e+01 -2.57e-02  1.23e-01  3.27e+02 -3.06e+00  2.54e+02  7.41e+01  6.01e+01 -5.89e-02 -9.73e+01  3.51e+00  2.13e+02 -3.98e+01 
ac 0.978 0.972 0.959 0.838 0.970 1.004 1.008 0.952 0.912 0.996 1.000 1.000 1.000 1.001 0.995 0.994 0.977 0.995 0.972 0.935 0.866 0.670 0.996 1.000 1.003 0.859 1.018 0.989 1.002 1.004 1.008 0.994 1.004 0.989 0.999 1.001 
Phase 2 Subphase 1 Iteration 200 Progress: 70%
theta  5.11e+00  4.66e+00  2.18e+00  5.16e+01  2.43e-01 -9.01e-03 -2.44e-02  2.58e+00  1.08e+00  2.45e+01  2.36e+00  5.43e+00 -7.02e-03  7.20e+01 -6.16e-01  3.50e+01  2.89e-01  4.50e+00  4.59e+00  3.58e-01  4.15e-01  4.74e+00  3.43e+03  5.24e+01 -4.53e-02  2.21e-01  5.86e+02 -5.45e+00  4.54e+02  1.32e+02  1.07e+02 -1.05e-01 -1.74e+02  6.28e+00  3.82e+02 -7.12e+01 
ac 0.9288 0.9680 0.8612 0.0633 0.6521 0.8512 0.9941 1.2095 0.5593 1.0690 0.7911 1.1768 1.0446 1.0413 1.0755 1.0718 1.0314 1.1142 0.6613 0.6196 0.4957 0.8371 1.0525 1.0124 1.0077 0.8330 0.9679 0.8138 0.9119 1.0079 1.0101 1.0350 1.1063 0.8071 0.8612 1.0127 
theta  7.50e+00  6.84e+00  3.20e+00  7.58e+01  6.16e-01 -4.90e-03 -1.52e-02  1.70e+00  6.75e-01  1.54e+01  1.49e+00  3.44e+00 -4.48e-03  4.47e+01 -3.82e-01  2.19e+01  1.80e-01  2.92e+00  2.78e+00  5.25e-01  6.09e-01  6.96e+00  2.13e+03  3.28e+01 -2.68e-02  1.36e-01  3.62e+02 -3.36e+00  2.80e+02  8.17e+01  6.62e+01 -6.48e-02 -1.07e+02  3.87e+00  2.36e+02 -4.41e+01 
ac 0.9293 0.9680 0.8612 0.0634 0.6611 0.8570 0.9947 1.1986 0.6025 1.0651 0.8013 1.1723 1.0419 1.0388 1.0711 1.0675 1.0294 1.1095 0.6696 0.6231 0.4987 0.8375 1.0491 1.0118 1.0073 0.8287 0.9700 0.8211 0.9156 1.0075 1.0095 1.0313 1.1003 0.8150 0.8674 1.0123 
theta:  7.50e+00  6.84e+00  3.20e+00  7.58e+01  6.16e-01 -4.90e-03 -1.52e-02  1.70e+00  6.75e-01  1.54e+01  1.49e+00  3.44e+00 -4.48e-03  4.47e+01 -3.82e-01  2.19e+01  1.80e-01  2.92e+00  2.78e+00  5.25e-01  6.09e-01  6.96e+00  2.13e+03  3.28e+01 -2.68e-02  1.36e-01  3.62e+02 -3.36e+00  2.80e+02  8.17e+01  6.62e+01 -6.48e-02 -1.07e+02  3.87e+00  2.36e+02 -4.41e+01 

Start phase 2.2
Phase 2 Subphase 2 Iteration 1 Progress: 70%
Phase 2 Subphase 2 Iteration 2 Progress: 70%
Phase 2 Subphase 2 Iteration 3 Progress: 70%
Phase 2 Subphase 2 Iteration 4 Progress: 70%
Phase 2 Subphase 2 Iteration 5 Progress: 70%
Phase 2 Subphase 2 Iteration 6 Progress: 70%
Phase 2 Subphase 2 Iteration 7 Progress: 70%
Phase 2 Subphase 2 Iteration 8 Progress: 70%
Phase 2 Subphase 2 Iteration 9 Progress: 70%
Phase 2 Subphase 2 Iteration 10 Progress: 71%
Phase 2 Subphase 2 Iteration 1 Progress: 71%
Phase 2 Subphase 2 Iteration 2 Progress: 71%
Phase 2 Subphase 2 Iteration 3 Progress: 71%
Phase 2 Subphase 2 Iteration 4 Progress: 71%
Phase 2 Subphase 2 Iteration 5 Progress: 71%
Phase 2 Subphase 2 Iteration 6 Progress: 71%
Phase 2 Subphase 2 Iteration 7 Progress: 71%
Phase 2 Subphase 2 Iteration 8 Progress: 71%
Phase 2 Subphase 2 Iteration 9 Progress: 71%
Phase 2 Subphase 2 Iteration 10 Progress: 71%
Phase 2 Subphase 2 Iteration 100 Progress: 72%
theta  7.36e+00  7.51e+00  2.70e+00  1.33e+01  6.70e-01 -5.49e-03 -1.73e-02  1.38e+00  7.12e-01  1.51e+01  1.53e+00  3.32e+00 -3.97e-03  4.56e+01 -3.72e-01  2.23e+01  1.84e-01  2.25e+00  3.12e+00  1.28e-01  1.19e-01  4.73e+00  2.27e+03  3.55e+01 -3.42e-02  1.46e-01  3.87e+02 -3.65e+00  3.02e+02  8.80e+01  7.14e+01 -7.01e-02 -1.15e+02  4.17e+00  2.53e+02 -4.66e+01 
ac  0.7813  1.0186  1.1592 -0.0784  1.5165  1.3375  0.9231  0.5055  0.5480  0.9914  1.5583  0.7438  0.9912  0.9915  0.9944  1.0007  1.2553  0.9835  1.5411  0.1169  0.0656  1.3939  0.8952  1.0018  1.0582  0.2830  1.2630  1.6656  1.3604  0.9842  0.9382  0.7486  0.8380  1.7188  1.5392  1.0073 
Phase 2 Subphase 2 Iteration 200 Progress: 74%
theta  9.09e+00  9.68e+00  3.57e+00  8.85e+00  7.50e-01 -5.34e-03 -1.77e-02  1.02e+00  6.97e-01  1.40e+01  1.45e+00  3.00e+00 -3.35e-03  4.38e+01 -3.47e-01  2.11e+01  1.76e-01  1.64e+00  3.20e+00  4.24e-01  7.50e-01  7.26e+00  2.26e+03  3.56e+01 -3.80e-02  1.46e-01  3.85e+02 -3.65e+00  3.02e+02  8.79e+01  7.14e+01 -7.01e-02 -1.15e+02  4.17e+00  2.51e+02 -4.59e+01 
ac  1.066571  1.066847  1.472734 -0.057319  1.701340  1.561657  0.836652  0.532870  0.433857  0.951335  2.021277  0.700591  0.972908  0.973915  0.952784  0.961337  1.475849  1.029798  1.900468  0.121414 -0.000733  1.654715  0.849143  0.968996  1.031335  0.394971  1.217036  1.755236  1.344908  0.959479  0.923079  0.719999  0.816185  1.542640  1.449417  0.973652 
theta  7.63e+00  7.84e+00  3.01e+00  2.61e+01  6.86e-01 -5.40e-03 -1.72e-02  1.31e+00  7.06e-01  1.49e+01  1.51e+00  3.25e+00 -3.86e-03  4.52e+01 -3.67e-01  2.20e+01  1.82e-01  2.15e+00  3.12e+00  3.52e-01  5.14e-01  6.09e+00  2.26e+03  3.54e+01 -3.47e-02  1.46e-01  3.86e+02 -3.63e+00  3.01e+02  8.77e+01  7.12e+01 -6.98e-02 -1.15e+02  4.16e+00  2.52e+02 -4.63e+01 
ac  1.1076  1.0658  1.4562 -0.0572  1.6438  1.6176  0.8203  0.5461  0.4116  0.9445  2.1453  0.6917  0.9704  0.9715  0.9458  0.9549  1.5253  1.0451  1.9421  0.1025  0.1115  1.6056  0.8396  0.9620  1.0242  0.3678  1.2039  1.7326  1.3287  0.9556  0.9214  0.7142  0.8125  1.4748  1.4027  0.9661 
theta:  7.63e+00  7.84e+00  3.01e+00  2.61e+01  6.86e-01 -5.40e-03 -1.72e-02  1.31e+00  7.06e-01  1.49e+01  1.51e+00  3.25e+00 -3.86e-03  4.52e+01 -3.67e-01  2.20e+01  1.82e-01  2.15e+00  3.12e+00  3.52e-01  5.14e-01  6.09e+00  2.26e+03  3.54e+01 -3.47e-02  1.46e-01  3.86e+02 -3.63e+00  3.01e+02  8.77e+01  7.12e+01 -6.98e-02 -1.15e+02  4.16e+00  2.52e+02 -4.63e+01 

Start phase 2.3
Phase 2 Subphase 3 Iteration 1 Progress: 74%
Phase 2 Subphase 3 Iteration 2 Progress: 74%
Phase 2 Subphase 3 Iteration 3 Progress: 74%
Phase 2 Subphase 3 Iteration 4 Progress: 74%
Phase 2 Subphase 3 Iteration 5 Progress: 74%
Phase 2 Subphase 3 Iteration 6 Progress: 74%
Phase 2 Subphase 3 Iteration 7 Progress: 74%
Phase 2 Subphase 3 Iteration 8 Progress: 74%
Phase 2 Subphase 3 Iteration 9 Progress: 74%
Phase 2 Subphase 3 Iteration 10 Progress: 74%
Phase 2 Subphase 3 Iteration 100 Progress: 76%
theta  7.61e+00  8.17e+00  2.81e+00  1.01e+01  7.24e-01 -5.39e-03 -1.79e-02  1.11e+00  7.09e-01  1.44e+01  1.49e+00  3.11e+00 -3.51e-03  4.47e+01 -3.55e-01  2.16e+01  1.80e-01  1.81e+00  3.23e+00  2.78e-01  4.55e-01  5.38e+00  2.29e+03  3.61e+01 -3.76e-02  1.48e-01  3.91e+02 -3.70e+00  3.06e+02  8.91e+01  7.24e+01 -7.11e-02 -1.17e+02  4.23e+00  2.55e+02 -4.67e+01 
ac  1.0323  1.0499  1.3343 -0.0373  1.4846  1.4065  0.8690  0.4541  0.4782  0.9379  1.6833  0.6845  0.9624  0.9643  0.9399  0.9479  1.3431  0.9817  1.5729  0.7229  0.5302  1.4830  0.8661  0.9282  0.9757  0.5202  1.1590  1.4816  1.2192  0.9311  0.8998  0.7234  0.7937  1.3437  1.2752  0.9314 
Phase 2 Subphase 3 Iteration 200 Progress: 77%
theta  8.71e+00  9.37e+00  3.53e+00  6.78e+00  7.75e-01 -5.20e-03 -1.81e-02  8.58e-01  6.98e-01  1.37e+01  1.43e+00  2.89e+00 -3.08e-03  4.35e+01 -3.38e-01  2.08e+01  1.75e-01  1.43e+00  3.28e+00  4.96e-01  8.99e-01  7.39e+00  2.28e+03  3.62e+01 -4.01e-02  1.48e-01  3.90e+02 -3.71e+00  3.05e+02  8.90e+01  7.24e+01 -7.11e-02 -1.17e+02  4.23e+00  2.54e+02 -4.62e+01 
ac  1.1642  1.0426  1.2762 -0.0348  0.9557  1.6877  0.8002  0.5137  0.3899  0.9127  2.1593  0.6479  0.9559  0.9581  0.9167  0.9285  1.5893  1.0636  1.5037  0.6451  0.6126  1.3409  0.8218  0.8913  0.9470  0.6576  1.1426  1.5622  1.2119  0.9058  0.8870  0.7125  0.7831  1.2829  1.2322  0.8947 
theta  8.03e+00  8.63e+00  3.15e+00  2.34e+01  7.43e-01 -5.30e-03 -1.79e-02  1.01e+00  7.04e-01  1.41e+01  1.46e+00  3.02e+00 -3.36e-03  4.42e+01 -3.49e-01  2.13e+01  1.78e-01  1.68e+00  3.24e+00  4.38e-01  7.43e-01  6.55e+00  2.29e+03  3.61e+01 -3.84e-02  1.48e-01  3.90e+02 -3.70e+00  3.05e+02  8.89e+01  7.23e+01 -7.10e-02 -1.17e+02  4.22e+00  2.54e+02 -4.64e+01 
ac  1.1466  1.0386  1.2334 -0.0374  0.2058  1.8486  0.7671  0.5606  0.3542  0.9036  2.4443  0.6339  0.9545  0.9569  0.9079  0.9213  1.7107  1.1128  1.0914  0.6218  0.9759  1.2819  0.8028  0.8769  0.9351  0.6113  1.1280  1.5648  1.2002  0.8968  0.8820  0.7030  0.7811  1.2465  1.2033  0.8805 
theta:  8.03e+00  8.63e+00  3.15e+00  2.34e+01  7.43e-01 -5.30e-03 -1.79e-02  1.01e+00  7.04e-01  1.41e+01  1.46e+00  3.02e+00 -3.36e-03  4.42e+01 -3.49e-01  2.13e+01  1.78e-01  1.68e+00  3.24e+00  4.38e-01  7.43e-01  6.55e+00  2.29e+03  3.61e+01 -3.84e-02  1.48e-01  3.90e+02 -3.70e+00  3.05e+02  8.89e+01  7.23e+01 -7.10e-02 -1.17e+02  4.22e+00  2.54e+02 -4.64e+01 

Start phase 2.4
Phase 2 Subphase 4 Iteration 1 Progress: 78%
Phase 2 Subphase 4 Iteration 2 Progress: 78%
Phase 2 Subphase 4 Iteration 3 Progress: 78%
Phase 2 Subphase 4 Iteration 4 Progress: 78%
Phase 2 Subphase 4 Iteration 5 Progress: 78%
Phase 2 Subphase 4 Iteration 6 Progress: 78%
Phase 2 Subphase 4 Iteration 7 Progress: 78%
Phase 2 Subphase 4 Iteration 8 Progress: 78%
Phase 2 Subphase 4 Iteration 9 Progress: 78%
Phase 2 Subphase 4 Iteration 10 Progress: 78%
Phase 2 Subphase 4 Iteration 100 Progress: 80%
theta  8.63e+00  9.50e+00  3.48e+00  1.29e+01  7.92e-01 -5.04e-03 -1.80e-02  7.54e-01  6.93e-01  1.34e+01  1.41e+00  2.81e+00 -2.94e-03  4.31e+01 -3.33e-01  2.05e+01  1.73e-01  1.31e+00  3.29e+00  5.46e-01  1.06e+00  7.45e+00  2.28e+03  3.62e+01 -4.09e-02  1.48e-01  3.89e+02 -3.71e+00  3.05e+02  8.90e+01  7.24e+01 -7.11e-02 -1.17e+02  4.23e+00  2.54e+02 -4.60e+01 
ac  1.0617  1.0119  1.0810 -0.0453  1.2482  1.2312  0.8899  0.5188  0.5020  0.9474  1.3684  0.7342  0.9660  0.9681  0.9462  0.9514  1.2062  0.9749  1.2789  0.6804  1.2440  1.0960  0.8966  0.9372  0.9636  0.6442  1.0571  1.1470  1.0647  0.9408  0.9252  0.7597  0.8390  1.0748  1.0646  0.9389 
Phase 2 Subphase 4 Iteration 200 Progress: 81%
theta    9.0706   10.1745    3.7629    8.8406    0.8309   -0.0048   -0.0181    0.5370    0.6834   12.8643    1.3629    2.6393   -0.0026   42.1079   -0.3204   19.8680    0.1688    1.0169    3.3338    0.7029    1.4181    8.4633 2270.2945   36.2835   -0.0428    0.1474  387.9234   -3.7069  304.5145   88.8501   72.3066   -0.0711 -116.3653    4.2306  252.9209  -45.5920 
ac  1.0634  1.0133  1.0956 -0.0316  1.2990  1.4332  0.8296  0.5237  0.4039  0.9198  1.7368  0.6581  0.9551  0.9579  0.9214  0.9302  1.3586  1.0118  1.4927  0.7032  1.1868  1.1064  0.8494  0.9009  0.9378  0.5310  1.0700  1.2289  1.0851  0.9098  0.8869  0.7030  0.7959  1.0939  1.0795  0.9034 
Phase 2 Subphase 4 Iteration 300 Progress: 83%
theta  9.32e+00  1.06e+01  3.92e+00  6.98e+00  8.61e-01 -4.60e-03 -1.81e-02  3.66e-01  6.76e-01  1.24e+01  1.33e+00  2.51e+00 -2.35e-03  4.14e+01 -3.11e-01  1.94e+01  1.66e-01  8.00e-01  3.36e+00  8.17e-01  1.69e+00  9.09e+00  2.26e+03  3.63e+01 -4.43e-02  1.47e-01  3.87e+02 -3.71e+00  3.04e+02  8.87e+01  7.23e+01 -7.11e-02 -1.16e+02  4.23e+00  2.52e+02 -4.53e+01 
ac  1.060  1.013  1.095 -0.032  0.915  1.588  0.787  0.547  0.356  0.906  2.023  0.620  0.951  0.954  0.909  0.920  1.472  1.051  1.412  1.018  1.143  1.102  0.823  0.881  0.923  0.468  1.071  1.271  1.094  0.895  0.876  0.696  0.788  1.098  1.081  0.884 
theta  9.01e+00  1.01e+01  3.75e+00  2.34e+01  8.24e-01 -4.83e-03 -1.81e-02  5.75e-01  6.85e-01  1.30e+01  1.37e+00  2.67e+00 -2.67e-03  4.23e+01 -3.23e-01  2.00e+01  1.69e-01  1.07e+00  3.32e+00  7.12e-01  1.41e+00  8.50e+00  2.27e+03  3.62e+01 -4.24e-02  1.47e-01  3.88e+02 -3.70e+00  3.04e+02  8.88e+01  7.23e+01 -7.11e-02 -1.16e+02  4.23e+00  2.53e+02 -4.56e+01 
ac  1.059  1.013  1.091 -0.033  0.269  1.690  0.752  0.568  0.326  0.898  2.222  0.599  0.954  0.957  0.903  0.917  1.553  1.083  0.985  1.172  1.122  1.099  0.803  0.867  0.913  0.439  1.069  1.298  1.099  0.887  0.872  0.680  0.784  1.100  1.082  0.870 
theta:  9.01e+00  1.01e+01  3.75e+00  2.34e+01  8.24e-01 -4.83e-03 -1.81e-02  5.75e-01  6.85e-01  1.30e+01  1.37e+00  2.67e+00 -2.67e-03  4.23e+01 -3.23e-01  2.00e+01  1.69e-01  1.07e+00  3.32e+00  7.12e-01  1.41e+00  8.50e+00  2.27e+03  3.62e+01 -4.24e-02  1.47e-01  3.88e+02 -3.70e+00  3.04e+02  8.88e+01  7.23e+01 -7.11e-02 -1.16e+02  4.23e+00  2.53e+02 -4.56e+01 

Start phase 3 
Phase 3 Iteration 1 Progress 85%
Estimates, standard errors and convergence t-ratios

                                         Estimate    Standard      Convergence 
                                                       Error         t-ratio   
   1. rate constant mnet rate (period 1)    9.0075 (      2.0851 )      7.5092 
   2. rate constant mnet rate (period 2)   10.0624 (      8.1123 )     21.2211 
   3. rate constant mnet rate (period 3)    3.7535 (      0.2764 )      9.0069 
   4. rate constant mnet rate (period 4)   23.3693 (    114.3395 )    -13.5043 
   5. eval mnet: degree (density)           0.8237 (      4.7932 )    -22.2097 
   6. eval mnet: transitive triads         -0.0048 (      0.4544 )    -50.1514 
   7. eval mnet: ranking ego and alt       -0.0181 (      0.0830 )     10.0059 
   8. eval mnet: ranking similarity         0.5747 (     14.4331 )      7.5298 
   9. eval mnet: soloshow ego and alt       0.6846 (      3.0990 )    -17.5963 
  10. eval mnet: soloshow similarity       12.9640 (     21.2143 )     45.9481 
  11. eval mnet: award ego and alt          1.3702 (      2.7606 )     13.3660 
  12. eval mnet: award similarity           2.6705 (     18.5678 )     11.0060 
  13. eval mnet: meanprice ego and alt     -0.0027 (      0.0601 )   -107.0238 
  14. eval mnet: meanprice similarity      42.2631 (    307.7164 )    116.7992 
  15. eval mnet: festbiennal ego and alt   -0.3228 (      4.9923 )    -68.9213 
  16. eval mnet: festbiennal similarity    19.9757 (     45.5117 )     71.6866 
  17. eval mnet: groupshow ego and alt      0.1695 (      0.6465 )     25.8001 
  18. eval mnet: groupshow similarity       1.0736 (     37.9259 )     14.8096 
  19. eval mnet: pnet                       3.3236 (     43.5859 )    -24.7898 
  20. rate constant pnet rate (period 1)    0.7117 (      0.7217 )      1.0010 
  21. rate constant pnet rate (period 2)    1.4072 (      1.8609 )      6.0246 
  22. rate constant pnet rate (period 3)    8.4952 (      5.4232 )     20.0543 
  23. rate constant pnet rate (period 4) 2270.1315 (  33991.4452 )    136.7871 
  24. eval pnet: degree (density)          36.2428 (  30357.2134 )    -74.2170 
  25. eval pnet: transitive triads         -0.0424 ( 151657.2134 )    -73.0740 
  26. eval pnet: ranking ego and alt        0.1474 (      0.1332 )     -0.0475 
  27. eval pnet: ranking similarity       387.8517 (     68.7042 )     44.6013 
  28. eval pnet: soloshow ego and alt      -3.7036 (      3.9022 )    -28.0900 
  29. eval pnet: soloshow similarity      304.3607 (    128.3705 )     41.7211 
  30. eval pnet: award ego and alt         88.8000 (     11.3154 )     63.1878 
  31. eval pnet: award similarity          72.2577 (     13.7197 )    -28.3724 
  32. eval pnet: meanprice ego and alt     -0.0711 (      0.1704 )      6.4358 
  33. eval pnet: meanprice similarity    -116.3094 (    375.3388 )    -10.2223 
  34. eval pnet: festbiennal ego and alt    4.2275 (  33887.6622 )    -18.9367 
  35. eval pnet: festbiennal similarity   252.8761 (  33799.7686 )     21.6728 
  36. eval pnet: mnet                     -45.6319 (  27594.4452 )    -76.6984 

Overall maximum convergence ratio:  546.4649 


Total of 2376 iteration steps.

Covariance matrix of estimates (correlations below diagonal)

 4.348000e+00  1.670300e+01  3.110000e-01  2.333980e+02  8.495000e+00  9.310000e-01  1.710000e-01  2.892400e+01 -6.364000e+00  3.739900e+01 -5.685000e+00 -3.831100e+01 -1.230000e-01 -6.347490e+02  1.027400e+01  8.584000e+01 -1.333000e+00  7.660600e+01 -8.994300e+01  1.414000e+00 -3.832000e+00 -1.113200e+01 -1.957029e+03 -1.264011e+03  1.093741e+04  2.740000e-01  1.407400e+02 -8.008000e+00  2.635200e+02  2.308200e+01 -2.725400e+01  3.500000e-01  7.723710e+02 -4.775123e+03 -1.705671e+03 -1.217317e+03
 9.870000e-01  6.581000e+01  1.183000e+00  9.206770e+02  3.248400e+01  3.669000e+00  6.690000e-01  1.128070e+02 -2.488900e+01  1.495780e+02 -2.234600e+01 -1.501680e+02 -4.860000e-01 -2.492421e+03  4.037500e+01  3.409880e+02 -5.222000e+00  3.025900e+02 -3.526650e+02  5.618000e+00 -1.503600e+01 -4.377600e+01 -8.456989e+03 -5.572861e+03  4.656920e+04  1.079000e+00  5.534520e+02 -3.154100e+01  1.038659e+03  9.093600e+01 -1.079590e+02  1.379000e+00  3.037897e+03 -1.957553e+04 -7.355944e+03 -5.529569e+03
 5.410000e-01  5.280000e-01  7.600000e-02  1.497500e+01  9.190000e-01  6.100000e-02  1.300000e-02  2.518000e+00 -5.010000e-01  1.366000e+00 -4.110000e-01 -2.769000e+00 -8.000000e-03 -4.607400e+01  7.040000e-01  3.985000e+00 -1.000000e-01  4.623000e+00 -6.631000e+00  7.900000e-02 -2.810000e-01 -7.500000e-01 -7.157400e+01 -8.364000e+00 -3.213100e+01  1.900000e-02  1.063500e+01 -5.340000e-01  1.785700e+01  1.709000e+00 -1.555000e+00  2.400000e-02  5.281000e+01  1.543560e+02 -4.170400e+01 -2.720000e-01
 9.790000e-01  9.930000e-01  4.740000e-01  1.307352e+04  4.257570e+02  5.192100e+01  9.284000e+00  1.533747e+03 -3.438750e+02  2.230496e+03 -3.122830e+02 -2.101933e+03 -6.872000e+00 -3.483179e+04  5.686630e+02  5.000293e+03 -7.261400e+01  4.327289e+03 -4.920401e+03  8.103000e+01 -2.101780e+02 -6.179740e+02 -1.380670e+05 -9.493149e+04  7.563218e+05  1.513300e+01  7.681857e+03 -4.457320e+02  1.463804e+04  1.264288e+03 -1.553822e+03  1.944800e+01  4.280583e+04 -3.061161e+05 -1.226168e+05 -9.329104e+04
 8.500000e-01  8.350000e-01  6.940000e-01  7.770000e-01  2.297500e+01  1.724000e+00  3.490000e-01  6.479700e+01 -1.335800e+01  4.940400e+01 -1.116600e+01 -7.614900e+01 -2.300000e-01 -1.257299e+03  1.969800e+01  1.307890e+02 -2.714000e+00  1.347930e+02 -1.805660e+02  2.334000e+00 -7.633000e+00 -2.105200e+01  4.060810e+02  1.470674e+03 -2.717187e+03  5.290000e-01  2.837730e+02 -1.500200e+01  4.968640e+02  4.584600e+01 -4.579000e+01  6.640000e-01  1.472070e+03 -1.644715e+03  9.884270e+02  1.487430e+03
 9.830000e-01  9.950000e-01  4.880000e-01  9.990000e-01  7.910000e-01  2.060000e-01  3.700000e-02  6.161000e+00 -1.376000e+00  8.751000e+00 -1.246000e+00 -8.378000e+00 -2.700000e-02 -1.389320e+02  2.264000e+00  1.969200e+01 -2.900000e-01  1.715400e+01 -1.963300e+01  3.210000e-01 -8.380000e-01 -2.458000e+00 -5.135740e+02 -3.510050e+02  2.843187e+03  6.000000e-02  3.070100e+01 -1.773000e+00  5.826000e+01  5.053000e+00 -6.148000e+00  7.700000e-02  1.703550e+02 -1.168979e+03 -4.563590e+02 -3.484230e+02
 9.870000e-01  9.940000e-01  5.690000e-01  9.790000e-01  8.790000e-01  9.840000e-01  7.000000e-03  1.179000e+00 -2.570000e-01  1.444000e+00 -2.280000e-01 -1.533000e+00 -5.000000e-03 -2.546800e+01  4.100000e-01  3.343000e+00 -5.400000e-02  3.033000e+00 -3.609000e+00  5.600000e-02 -1.540000e-01 -4.440000e-01 -7.104400e+01 -4.376000e+01  3.955880e+02  1.100000e-02  5.686000e+00 -3.190000e-01  1.053800e+01  9.330000e-01 -1.076000e+00  1.400000e-02  3.083200e+01 -1.758140e+02 -6.015300e+01 -4.417100e+01
 9.610000e-01  9.630000e-01  6.310000e-01  9.290000e-01  9.370000e-01  9.390000e-01  9.850000e-01  2.083140e+02 -4.422200e+01  2.183260e+02 -3.862000e+01 -2.590350e+02 -8.170000e-01 -4.312689e+03  6.858100e+01  5.221110e+02 -9.141000e+00  4.950540e+02 -6.129290e+02  8.987000e+00 -2.602400e+01 -7.394800e+01 -8.538966e+03 -4.372174e+03  4.822359e+04  1.850000e+00  9.729270e+02 -5.317600e+01  1.760885e+03  1.590420e+02 -1.738890e+02  2.334000e+00  5.156426e+03 -2.394591e+04 -6.665205e+03 -4.628381e+03
-9.850000e-01 -9.900000e-01 -5.850000e-01 -9.700000e-01 -8.990000e-01 -9.770000e-01 -9.990000e-01 -9.890000e-01  9.604000e+00 -5.253600e+01  8.493000e+00  5.714200e+01  1.820000e-01  9.485330e+02 -1.525000e+01 -1.228080e+02  2.000000e+00 -1.121440e+02  1.345720e+02 -2.055000e+00  5.725000e+00  1.648100e+01  2.513590e+03  1.490309e+03 -1.389429e+04 -4.080000e-01 -2.117300e+02  1.185000e+01 -3.910760e+02 -3.470400e+01  3.961100e+01 -5.190000e-01 -1.145639e+03  6.302909e+03  2.085874e+03  1.479160e+03
 8.450000e-01  8.690000e-01  2.330000e-01  9.200000e-01  4.860000e-01  9.080000e-01  8.210000e-01  7.130000e-01 -7.990000e-01  4.500450e+02 -5.010800e+01 -3.387110e+02 -1.156000e+00 -5.585634e+03  9.397300e+01  9.523430e+02 -1.140400e+01  7.574330e+02 -7.835590e+02  1.466200e+01 -3.373500e+01 -1.030740e+02 -3.448944e+04 -2.659174e+04  1.885448e+05  2.466000e+00  1.198878e+03 -7.469800e+01  2.427180e+03  1.989560e+02 -2.785100e+02  3.235000e+00  7.091210e+03 -6.828846e+04 -3.271658e+04 -2.611627e+04
-9.880000e-01 -9.980000e-01 -5.390000e-01 -9.890000e-01 -8.440000e-01 -9.930000e-01 -9.970000e-01 -9.690000e-01  9.930000e-01 -8.560000e-01  7.621000e+00  5.107600e+01  1.650000e-01  8.485680e+02 -1.371100e+01 -1.145710e+02  1.780000e+00 -1.024420e+02  1.200630e+02 -1.900000e+00  5.116000e+00  1.486200e+01  2.435888e+03  1.515959e+03 -1.382616e+04 -3.670000e-01 -1.889060e+02  1.071000e+01 -3.530800e+02 -3.103300e+01  3.653600e+01 -4.680000e-01 -1.032012e+03  6.243020e+03  2.072842e+03  1.536084e+03
-9.900000e-01 -9.970000e-01 -5.400000e-01 -9.900000e-01 -8.560000e-01 -9.930000e-01 -9.950000e-01 -9.670000e-01  9.930000e-01 -8.600000e-01  9.960000e-01  3.447650e+02  1.110000e+00  5.705818e+03 -9.247700e+01 -7.770080e+02  1.197700e+01 -6.907050e+02  8.085320e+02 -1.276300e+01  3.447200e+01  1.001680e+02  1.717512e+04  1.060857e+04 -9.372741e+04 -2.463000e+00 -1.262572e+03  7.207200e+01 -2.370124e+03 -2.069640e+02  2.458520e+02 -3.154000e+00 -6.950686e+03  4.071498e+04  1.470068e+04  1.037106e+04
-9.830000e-01 -9.960000e-01 -4.910000e-01 -9.990000e-01 -7.970000e-01 -1.000000e+00 -9.850000e-01 -9.410000e-01  9.780000e-01 -9.060000e-01  9.930000e-01  9.940000e-01  4.000000e-03  1.839700e+01 -3.000000e-01 -2.605000e+00  3.800000e-02 -2.270000e+00  2.600000e+00 -4.200000e-02  1.110000e-01  3.250000e-01  6.696600e+01  4.516500e+01 -3.707080e+02 -8.000000e-03 -4.064000e+00  2.350000e-01 -7.711000e+00 -6.690000e-01  8.130000e-01 -1.000000e-02 -2.255300e+01  1.542200e+02  5.910500e+01  4.462400e+01
-9.890000e-01 -9.980000e-01 -5.420000e-01 -9.900000e-01 -8.520000e-01 -9.940000e-01 -9.980000e-01 -9.710000e-01  9.950000e-01 -8.560000e-01  9.990000e-01  9.990000e-01  9.940000e-01  9.468939e+04 -1.531619e+03 -1.280547e+04  1.987030e+02 -1.143027e+04  1.340686e+04 -2.115730e+02  5.712600e+02  1.659279e+03  2.943254e+05  1.880010e+05 -1.632037e+06 -4.091800e+01 -2.104273e+04  1.194846e+03 -3.936246e+04 -3.455601e+03  4.067933e+03 -5.225700e+01 -1.151809e+05  7.068792e+05  2.531083e+05  1.870156e+05
 9.870000e-01  9.970000e-01  5.100000e-01  9.960000e-01  8.230000e-01  9.980000e-01  9.900000e-01  9.520000e-01 -9.860000e-01  8.870000e-01 -9.950000e-01 -9.980000e-01 -9.980000e-01 -9.970000e-01  2.492300e+01  2.137990e+02 -3.206000e+00  1.875060e+02 -2.167450e+02  3.482000e+00 -9.246000e+00 -2.702100e+01 -5.523241e+03 -3.703569e+03  3.014609e+04  6.630000e-01  3.383560e+02 -1.945200e+01  6.394840e+02  5.562200e+01 -6.685100e+01  8.500000e-01  1.872727e+03 -1.240415e+04 -4.855535e+03 -3.608075e+03
 9.050000e-01  9.240000e-01  3.170000e-01  9.610000e-01  6.000000e-01  9.520000e-01  8.860000e-01  7.950000e-01 -8.710000e-01  9.860000e-01 -9.120000e-01 -9.190000e-01 -9.520000e-01 -9.140000e-01  9.410000e-01  2.071314e+03 -2.636800e+01  1.685242e+03 -1.802153e+03  3.209500e+01 -7.735300e+01 -2.333780e+02 -7.275758e+04 -5.433136e+04  3.938337e+05  5.610000e+00  2.766290e+03 -1.684770e+02  5.494452e+03  4.576880e+02 -6.117400e+02  7.325000e+00  1.607583e+04 -1.467408e+05 -6.725616e+04 -5.204241e+04
-9.890000e-01 -9.960000e-01 -5.620000e-01 -9.820000e-01 -8.760000e-01 -9.870000e-01 -9.990000e-01 -9.800000e-01  9.980000e-01 -8.310000e-01  9.970000e-01  9.980000e-01  9.880000e-01  9.990000e-01 -9.930000e-01 -8.960000e-01  4.180000e-01 -2.376800e+01  2.816400e+01 -4.380000e-01  1.199000e+00  3.469000e+00  5.688370e+02  3.507340e+02 -3.129530e+03 -8.600000e-02 -4.420700e+01  2.496000e+00 -8.227000e+01 -7.252000e+00  8.429000e+00 -1.090000e-01 -2.409500e+02  1.372366e+03  4.836740e+02  3.487420e+02
 9.690000e-01  9.830000e-01  4.410000e-01  9.980000e-01  7.410000e-01  9.950000e-01  9.640000e-01  9.040000e-01 -9.540000e-01  9.410000e-01 -9.780000e-01 -9.810000e-01 -9.950000e-01 -9.790000e-01  9.900000e-01  9.760000e-01 -9.690000e-01  1.438374e+03 -1.613379e+03  2.703800e+01 -6.898800e+01 -2.039800e+02 -4.714052e+04 -3.294175e+04  2.592773e+05  4.974000e+00  2.508715e+03 -1.471500e+02  4.824665e+03  4.132500e+02 -5.178920e+02  6.415000e+00  1.411191e+04 -1.040576e+05 -4.243129e+04 -3.225709e+04
-9.900000e-01 -9.970000e-01 -5.510000e-01 -9.870000e-01 -8.640000e-01 -9.910000e-01 -9.980000e-01 -9.740000e-01  9.960000e-01 -8.470000e-01  9.980000e-01  9.990000e-01  9.920000e-01  1.000000e+00 -9.960000e-01 -9.080000e-01  9.990000e-01 -9.760000e-01  1.899730e+03 -2.979700e+01  8.093900e+01  2.347000e+02  3.968573e+04  2.483839e+04 -2.192155e+05 -5.787000e+00 -2.977695e+03  1.689250e+02 -5.562610e+03 -4.885540e+02  5.733340e+02 -7.391000e+00 -1.629391e+04  9.564526e+04  3.399444e+04  2.468804e+04
 9.400000e-01  9.600000e-01  3.950000e-01  9.820000e-01  6.750000e-01  9.780000e-01  9.330000e-01  8.630000e-01 -9.190000e-01  9.580000e-01 -9.540000e-01 -9.520000e-01 -9.770000e-01 -9.530000e-01  9.660000e-01  9.770000e-01 -9.380000e-01  9.880000e-01 -9.470000e-01  5.210000e-01 -1.276000e+00 -3.798000e+00 -2.055130e+02  1.933300e+01  1.680909e+03  9.200000e-02  4.639200e+01 -2.746000e+00  8.997200e+01  7.661000e+00 -9.806000e+00  1.190000e-01  2.625880e+02 -1.348543e+03 -1.215520e+02 -2.291500e+01
-9.880000e-01 -9.960000e-01 -5.460000e-01 -9.880000e-01 -8.560000e-01 -9.910000e-01 -9.950000e-01 -9.690000e-01  9.930000e-01 -8.550000e-01  9.960000e-01  9.980000e-01  9.920000e-01  9.980000e-01 -9.950000e-01 -9.130000e-01  9.970000e-01 -9.770000e-01  9.980000e-01 -9.500000e-01  3.463000e+00  1.001500e+01  3.512384e+03  2.746210e+03 -1.582005e+04 -2.470000e-01 -1.267020e+02  7.210000e+00 -2.372550e+02 -2.078200e+01  2.455300e+01 -3.150000e-01 -6.952360e+02  3.517173e+03  3.371896e+03  2.638697e+03
-9.840000e-01 -9.950000e-01 -5.000000e-01 -9.970000e-01 -8.100000e-01 -9.980000e-01 -9.860000e-01 -9.450000e-01  9.810000e-01 -8.960000e-01  9.930000e-01  9.950000e-01  9.980000e-01  9.940000e-01 -9.980000e-01 -9.460000e-01  9.890000e-01 -9.920000e-01  9.930000e-01 -9.700000e-01  9.920000e-01  2.941100e+01  1.341755e+04  1.068939e+04 -6.822736e+04 -7.190000e-01 -3.664110e+02  2.112000e+01 -6.940650e+02 -6.025000e+01  7.288800e+01 -9.230000e-01 -2.031719e+03  2.149101e+04  1.267507e+04  9.824194e+03
-2.800000e-02 -3.100000e-02 -8.000000e-03 -3.600000e-02  2.000000e-03 -3.300000e-02 -2.500000e-02 -1.700000e-02  2.400000e-02 -4.800000e-02  2.600000e-02  2.700000e-02  3.300000e-02  2.800000e-02 -3.300000e-02 -4.700000e-02  2.600000e-02 -3.700000e-02  2.700000e-02 -8.000000e-03  5.600000e-02  7.300000e-02  1.155418e+09  1.028323e+09 -5.098968e+09 -1.372850e+02 -6.436323e+04  4.339896e+03 -1.418521e+05 -1.219557e+04  1.577462e+04 -1.868790e+02 -4.046208e+05  8.267536e+08  1.145530e+09  9.316325e+08
-2.000000e-02 -2.300000e-02 -1.000000e-03 -2.700000e-02  1.000000e-02 -2.500000e-02 -1.700000e-02 -1.000000e-02  1.600000e-02 -4.100000e-02  1.800000e-02  1.900000e-02  2.500000e-02  2.000000e-02 -2.400000e-02 -3.900000e-02  1.800000e-02 -2.900000e-02  1.900000e-02  1.000000e-03  4.900000e-02  6.500000e-02  9.970000e-01  9.215604e+08 -4.546184e+09 -9.010400e+01 -4.160568e+04  2.939239e+03 -9.585387e+04 -8.357733e+03  1.083179e+04 -1.249030e+02 -2.686912e+05  7.240373e+08  1.025563e+09  8.365807e+08
 3.500000e-02  3.800000e-02 -1.000000e-03  4.400000e-02 -4.000000e-03  4.100000e-02  3.100000e-02  2.200000e-02 -3.000000e-02  5.900000e-02 -3.300000e-02 -3.300000e-02 -4.100000e-02 -3.500000e-02  4.000000e-02  5.700000e-02 -3.200000e-02  4.500000e-02 -3.300000e-02  1.500000e-02 -5.600000e-02 -8.300000e-02 -9.890000e-01 -9.870000e-01  2.299991e+10  7.726260e+02  3.688463e+05 -2.398444e+04  7.943965e+05  6.957072e+04 -8.789179e+04  1.028157e+03  2.227975e+06 -4.143388e+09 -5.047340e+09 -4.113989e+09
 9.870000e-01  9.990000e-01  5.240000e-01  9.940000e-01  8.290000e-01  9.970000e-01  9.940000e-01  9.620000e-01 -9.890000e-01  8.730000e-01 -9.990000e-01 -9.960000e-01 -9.970000e-01 -9.990000e-01  9.970000e-01  9.260000e-01 -9.950000e-01  9.850000e-01 -9.970000e-01  9.620000e-01 -9.960000e-01 -9.950000e-01 -3.000000e-02 -2.200000e-02  3.800000e-02  1.800000e-02  9.100000e+00 -5.180000e-01  1.707500e+01  1.496000e+00 -1.776000e+00  2.300000e-02  4.989200e+01 -3.358500e+02 -1.180830e+02 -9.003900e+01
 9.820000e-01  9.930000e-01  5.600000e-01  9.780000e-01  8.620000e-01  9.830000e-01  9.980000e-01  9.810000e-01 -9.940000e-01  8.230000e-01 -9.960000e-01 -9.900000e-01 -9.840000e-01 -9.950000e-01  9.860000e-01  8.850000e-01 -9.950000e-01  9.630000e-01 -9.940000e-01  9.360000e-01 -9.910000e-01 -9.830000e-01 -2.800000e-02 -2.000000e-02  3.500000e-02  9.950000e-01  4.720266e+03 -2.641170e+02  8.733168e+03  7.762390e+02 -8.910370e+02  1.155000e+01  2.547189e+04 -1.656497e+05 -5.435332e+04 -4.228737e+04
-9.840000e-01 -9.960000e-01 -4.960000e-01 -9.990000e-01 -8.020000e-01 -1.000000e+00 -9.870000e-01 -9.440000e-01  9.800000e-01 -9.020000e-01  9.940000e-01  9.950000e-01  1.000000e+00  9.950000e-01 -9.990000e-01 -9.490000e-01  9.890000e-01 -9.940000e-01  9.930000e-01 -9.750000e-01  9.930000e-01  9.980000e-01  3.300000e-02  2.500000e-02 -4.100000e-02 -9.970000e-01 -9.850000e-01  1.522700e+01 -5.004200e+02 -4.344100e+01  5.268900e+01 -6.650000e-01 -1.463842e+03  9.915747e+03  3.838867e+03  2.909896e+03
 9.850000e-01  9.970000e-01  5.030000e-01  9.970000e-01  8.070000e-01  9.990000e-01  9.900000e-01  9.500000e-01 -9.830000e-01  8.910000e-01 -9.960000e-01 -9.940000e-01 -9.990000e-01 -9.960000e-01  9.980000e-01  9.400000e-01 -9.910000e-01  9.910000e-01 -9.940000e-01  9.710000e-01 -9.930000e-01 -9.970000e-01 -3.300000e-02 -2.500000e-02  4.100000e-02  9.990000e-01  9.900000e-01 -9.990000e-01  1.647898e+04  1.437798e+03 -1.725159e+03  2.185100e+01  4.812564e+04 -3.361496e+05 -1.240530e+05 -9.516306e+04
 9.780000e-01  9.910000e-01  5.470000e-01  9.770000e-01  8.450000e-01  9.830000e-01  9.940000e-01  9.740000e-01 -9.900000e-01  8.290000e-01 -9.930000e-01 -9.850000e-01 -9.820000e-01 -9.920000e-01  9.850000e-01  8.890000e-01 -9.910000e-01  9.630000e-01 -9.910000e-01  9.380000e-01 -9.870000e-01 -9.820000e-01 -3.200000e-02 -2.400000e-02  4.100000e-02  9.930000e-01  9.980000e-01 -9.840000e-01  9.900000e-01  1.280390e+02 -1.465880e+02  1.898000e+00  4.185736e+03 -3.002983e+04 -1.044566e+04 -8.429701e+03
-9.530000e-01 -9.700000e-01 -4.100000e-01 -9.910000e-01 -6.960000e-01 -9.860000e-01 -9.450000e-01 -8.780000e-01  9.320000e-01 -9.570000e-01  9.650000e-01  9.650000e-01  9.860000e-01  9.640000e-01 -9.760000e-01 -9.800000e-01  9.500000e-01 -9.950000e-01  9.590000e-01 -9.900000e-01  9.620000e-01  9.800000e-01  3.400000e-02  2.600000e-02 -4.200000e-02 -9.720000e-01 -9.450000e-01  9.840000e-01 -9.800000e-01 -9.440000e-01  1.882290e+02 -2.294000e+00 -5.043863e+03  3.593820e+04  1.433417e+04  1.086091e+04
 9.860000e-01  9.970000e-01  5.040000e-01  9.980000e-01  8.130000e-01  9.990000e-01  9.890000e-01  9.490000e-01 -9.830000e-01  8.950000e-01 -9.950000e-01 -9.970000e-01 -9.990000e-01 -9.970000e-01  9.990000e-01  9.440000e-01 -9.920000e-01  9.930000e-01 -9.950000e-01  9.710000e-01 -9.950000e-01 -9.980000e-01 -3.200000e-02 -2.400000e-02  4.000000e-02  9.980000e-01  9.870000e-01 -1.000000e+00  9.990000e-01  9.840000e-01 -9.810000e-01  2.900000e-02  6.396000e+01 -4.276460e+02 -1.641510e+02 -1.228340e+02
 9.870000e-01  9.980000e-01  5.090000e-01  9.970000e-01  8.180000e-01  9.990000e-01  9.900000e-01  9.520000e-01 -9.850000e-01  8.910000e-01 -9.960000e-01 -9.970000e-01 -9.990000e-01 -9.970000e-01  9.990000e-01  9.410000e-01 -9.930000e-01  9.910000e-01 -9.960000e-01  9.690000e-01 -9.950000e-01 -9.980000e-01 -3.200000e-02 -2.400000e-02  3.900000e-02  9.980000e-01  9.880000e-01 -9.990000e-01  9.990000e-01  9.860000e-01 -9.790000e-01  1.000000e+00  1.408792e+05 -9.320874e+05 -3.542714e+05 -2.645343e+05
-6.800000e-02 -7.100000e-02  1.600000e-02 -7.900000e-02 -1.000000e-02 -7.600000e-02 -6.300000e-02 -4.900000e-02  6.000000e-02 -9.500000e-02  6.700000e-02  6.500000e-02  7.600000e-02  6.800000e-02 -7.300000e-02 -9.500000e-02  6.300000e-02 -8.100000e-02  6.500000e-02 -5.500000e-02  5.600000e-02  1.170000e-01  7.180000e-01  7.040000e-01 -8.060000e-01 -7.400000e-02 -7.100000e-02  7.500000e-02 -7.700000e-02 -7.800000e-02  7.700000e-02 -7.400000e-02 -7.300000e-02  1.148374e+09  7.917926e+08  6.443798e+08
-2.400000e-02 -2.700000e-02 -4.000000e-03 -3.200000e-02  6.000000e-03 -3.000000e-02 -2.100000e-02 -1.400000e-02  2.000000e-02 -4.600000e-02  2.200000e-02  2.300000e-02  2.900000e-02  2.400000e-02 -2.900000e-02 -4.400000e-02  2.200000e-02 -3.300000e-02  2.300000e-02 -5.000000e-03  5.400000e-02  6.900000e-02  9.970000e-01  1.000000e+00 -9.850000e-01 -2.600000e-02 -2.300000e-02  2.900000e-02 -2.900000e-02 -2.700000e-02  3.100000e-02 -2.800000e-02 -2.800000e-02  6.910000e-01  1.142424e+09  9.307633e+08
-2.100000e-02 -2.500000e-02  0.000000e+00 -3.000000e-02  1.100000e-02 -2.800000e-02 -1.900000e-02 -1.200000e-02  1.700000e-02 -4.500000e-02  2.000000e-02  2.000000e-02  2.700000e-02  2.200000e-02 -2.600000e-02 -4.100000e-02  2.000000e-02 -3.100000e-02  2.100000e-02 -1.000000e-03  5.100000e-02  6.600000e-02  9.930000e-01  9.990000e-01 -9.830000e-01 -2.500000e-02 -2.200000e-02  2.700000e-02 -2.700000e-02 -2.700000e-02  2.900000e-02 -2.600000e-02 -2.600000e-02  6.890000e-01  9.980000e-01  7.614534e+08

Derivative matrix of expected statistics X by parameters:

      204.543         0.000         0.000         0.000        12.288      -349.131      2150.599        -1.682       155.771         3.382         6.098         7.330    -30783.339        11.809      -173.666         5.303       243.761         4.944        11.111         2.238         0.000         0.000         0.000         0.000         0.000      -109.477         0.011       -16.318         0.985        -0.317        -0.199       557.148        -0.202         0.000         0.000         0.000
        0.000       131.095         0.000         0.000       -24.157     -1534.622      2715.628        -2.585       -64.938         2.462       -12.145         8.615    -14842.518         7.078       -77.507         3.530      1123.621         6.947       -54.407         0.000         2.745         0.000         0.000         0.000         0.000      -121.384         0.391       -40.147         1.360         2.318         0.055       627.938        -0.210         0.000         0.000         0.000
        0.000         0.000       198.085         0.000       -73.913     -5078.325    -10364.776        13.764       295.677        10.997        32.164         3.855    -28307.738        12.509      -377.779        13.775      1735.495         0.586      -158.057         0.000         0.000         2.786         0.000         0.000         0.000       453.546        -0.158       -21.639         0.294         2.100         0.403     10182.256        -5.061         0.000         0.000         0.000
        0.000         0.000         0.000       121.043       -60.522     -1998.650      -532.878        -2.425       278.611        -1.919        27.659        -5.714      6753.906        -2.862        56.698        -2.215       466.396        -0.083      -113.103         0.000         0.000         0.000         0.000         0.000         0.000      -212.533         0.813       -83.433         1.381       -18.760         4.019     -1666.955         0.782         0.000         0.000         0.000
      -16.503       -40.589       -18.279      -221.663       353.633     15727.473     14703.666        -9.955      -579.597        -2.673        38.195       -22.848     12234.717        -5.875       -21.107        -2.311     -4818.906       -12.157       664.226         9.375         5.485         3.350         0.000         0.000         0.000      1920.492        -1.222       -64.146         4.383        47.622        -9.879      1880.882        -1.494         0.000         0.000         0.000
     -603.571     -3797.738      -824.134    -10442.903     17833.695    934180.611    666735.058      -122.212    -32415.081      -414.921      1246.753     -1748.849   -387534.566        -1.071     -8508.172        87.669   -269156.547      -357.756     33910.076       168.649       364.742       -25.586         0.000         0.000         0.000    108909.470       -51.309      -473.991       114.744      2087.103      -167.018    236400.582      -115.643         0.000         0.000         0.000
      666.960      4162.180      1236.203     -6682.187      9832.193    408824.247  10459526.689     -7292.480   -114543.021      1409.908      1851.034      3003.047 -11902478.036      4494.181    -74387.818      2754.073   -681830.896      3991.685     16653.446       746.167      2394.388      -367.685         0.000         0.000         0.000   -648602.507       292.194    -31209.383      1485.871      4869.024     -2037.087   2114945.798      -728.540         0.000         0.000         0.000
       -3.938        -8.870        -1.903         5.480        -2.960       112.826     -8029.845        22.044        31.635         0.470       -21.531         0.440      4593.982        -1.379        38.830        -1.964      -650.219         1.218        -4.026        -1.551        -1.611        -0.448         0.000         0.000         0.000        33.114        -1.079         7.906        -1.087        -2.813         0.975     -2676.904         1.178         0.000         0.000         0.000
     -170.368       -71.147       -44.366       705.241      -369.375    -13181.491    -72736.796         6.992     21762.131      -385.922       222.016      -131.892    339428.677      -137.831      4899.332      -193.635     10862.418        58.442      -734.663       -36.343         3.563        23.891         0.000         0.000         0.000     -6025.906        11.490     -1719.940        24.928      -322.115        71.149    -37207.603        11.513         0.000         0.000         0.000
       -2.569         4.188         2.864        -4.221        -3.499      -381.226      1137.154        -0.447      -389.494        21.441         2.014         1.475      -739.666         0.026       -47.357         2.213      -323.349        -3.776        -6.642        -0.348         1.152        -3.357         0.000         0.000         0.000       111.987        -0.114        10.369        -0.904         6.641        -2.010      1196.568        -0.325         0.000         0.000         0.000
       -1.613        13.029        -8.276        29.123       -18.096      -710.615      1020.989       -27.455       239.248        -4.716       941.019      -191.382     56089.571       -28.522      -131.067         2.674       890.830       -45.244       -45.309        11.566        15.722        -4.935         0.000         0.000         0.000      3190.885         1.150      -618.242        18.749      -110.192        40.722    -10709.954         2.812         0.000         0.000         0.000
       12.678         9.638        -3.627       -21.460         9.493      -218.695      4476.683         1.254      -189.590         5.376      -217.670       152.586    -21239.606         8.815       -25.139        -0.014     -1453.569         7.959        14.838        -3.382       -10.841         3.424         0.000         0.000         0.000     -1405.686        -1.589       266.636       -10.099        36.037       -16.211      5671.470        -1.731         0.000         0.000         0.000
   -20362.741     -1591.261     -1691.508     18083.368    -11514.647   -998831.005  -9419986.478      -293.638    276625.368       689.011     65431.166    -21076.062  61506156.886    -22983.134     -2997.075      1021.761   3379905.089     -4302.348    -17360.788      3660.742      4420.493     -1509.879         0.000         0.000         0.000   1217211.883      -262.578   -112712.758      4004.820     -5803.968      2327.856  -4931440.185      1439.322         0.000         0.000         0.000
        6.377         4.157         0.202        -7.320         3.515       293.407      3752.729         0.323      -120.304        -0.749       -31.978         8.747    -23679.041        10.675        12.850        -1.028     -1402.189         2.428         5.329        -0.950        -0.599         0.353         0.000         0.000         0.000      -404.471        -0.040        38.058        -0.721         5.130        -1.436      1967.734        -0.796         0.000         0.000         0.000
     -106.420       102.996       -40.445       259.891       -61.192     -5360.328    -61911.154        27.243      5133.224       -45.077      -144.508        13.207      3738.086        13.233      7307.681      -254.571     10215.707        50.980       -83.297        22.782       -57.083        65.252         0.000         0.000         0.000      1582.542         2.331       385.339       -22.332        64.995       -15.384    -14209.456         2.316         0.000         0.000         0.000
        2.951        -3.683         1.827       -11.168         0.141        27.813      2177.557        -1.235      -194.186         1.825         5.780        -1.186      1252.602        -1.142      -257.790        11.173      -270.037        -1.756        -1.447        -0.218         2.323        -0.126         0.000         0.000         0.000      -110.446        -0.082       -24.496         1.057         1.825        -0.548       811.672        -0.162         0.000         0.000         0.000
    -1123.532       488.139        93.661       605.941     -3040.446   -153137.593   -586807.484      -559.894     14548.579      -405.555       334.466     -1504.851   3283303.971     -1360.867     14930.883      -488.232    574226.466       496.727     -5388.165       259.772        54.070        10.625         0.000         0.000         0.000     88243.217         7.821      1512.622        81.883       486.713        50.898   -204330.155        65.741         0.000         0.000         0.000
       -5.979        11.228        -1.932         9.336        -6.394       -53.825      3690.795         1.518       -45.556        -1.676       -59.171        11.959     -4293.107         2.042        31.596        -0.737       395.623        40.927       -13.807        -0.866         0.845         0.735         0.000         0.000         0.000      -443.221        -0.475        34.783        -0.373         9.742        -4.290      1020.066        -0.274         0.000         0.000         0.000
       -7.620       -31.860        -9.313      -136.491       279.568     11960.525     13644.014         4.989      -993.849        20.156       174.075       -55.816     16437.487       -10.038      -130.466         2.879     -7304.020       -26.850       551.909         9.367        -4.955        -3.992         0.000         0.000         0.000       418.063        -0.251      -160.398         1.118       -12.942         1.303     -4331.919         2.455         0.000         0.000         0.000
       28.441         0.000         0.000         0.000        -1.641      -302.344       563.936         0.975       -49.952         2.729        19.964         1.973     -2259.302         0.796         0.707         0.304       306.704         1.528       -11.505       188.979         0.000         0.000         0.000         0.000         0.000     -1176.989        14.472     -1154.724        48.996        85.466         4.020       968.101        -3.080         0.000         0.000         0.000
        0.000        22.771         0.000         0.000        -7.604      -103.083      1082.400         1.248      -270.309         7.146         3.502         0.023     -4481.255         1.497      -171.995         7.415      -350.560         1.708       -21.237         0.000       220.906         0.000         0.000         0.000         0.000      1497.983         7.396     -2786.383        98.662        51.024        -4.950     -9534.753         0.313         0.000         0.000         0.000
        0.000         0.000         1.014         0.000        -0.317       -47.468      -389.251         0.197        19.748        -0.049         1.362        -0.062       406.759        -0.208         5.639        -0.176        25.900         0.041        -0.831         0.000         0.000       179.545         0.000         0.000         0.000       897.378         4.901       -49.228        10.947        88.851       -15.998     -1015.417        -0.029         0.000         0.000         0.000
        0.000         0.000         0.000         0.000         0.000         0.000         0.000         0.000         0.000         0.000         0.000         0.000         0.000         0.000         0.000         0.000         0.000         0.000         0.000         0.000         0.000         0.000         1.000         1.000         1.000         0.000         0.000         0.000         0.000         0.000         0.000         0.000         0.000         1.000         1.000         1.000
        0.000         0.000         0.000         0.000         0.000         0.000         0.000         0.000         0.000         0.000         0.000         0.000         0.000         0.000         0.000         0.000         0.000         0.000         0.000         0.000         0.000         0.000         1.000         1.000         1.000         0.000         0.000         0.000         0.000         0.000         0.000         0.000         0.000         1.000         1.000         1.000
        0.000         0.000         0.000         0.000         0.000         0.000         0.000         0.000         0.000         0.000         0.000         0.000         0.000         0.000         0.000         0.000         0.000         0.000         0.000         0.000         0.000         0.000         1.000         1.000         1.000         0.000         0.000         0.000         0.000         0.000         0.000         0.000         0.000         1.000         1.000         1.000
     -101.184      -318.454     -1129.132    -14603.698      8276.793    334976.349   1042884.535      1338.037    -65089.487      2753.111     -4388.406      7590.821  -6889750.864      2102.604     25057.234      -694.662   -931757.596       569.541      7317.165        31.720      -244.501      1550.605         0.000         0.000         0.000    237970.123       380.564     -6890.598       618.757     -2007.326      -595.960   2455504.554      -722.134         0.000         0.000         0.000
       -0.027         0.828         0.015        46.312       -24.098      -628.676      -856.999        -4.108       137.293         5.564       -12.000         2.136      1657.380        -0.366        33.894        -0.002        24.830         5.396       -31.126         0.072         0.404        -4.986         0.000         0.000         0.000      -216.456         1.474        -9.487        -1.646        -4.071         0.502        15.073        -0.084         0.000         0.000         0.000
       12.065        27.664         1.228      1245.865      -638.831    -11055.352     97468.324       -86.994      -906.036       114.446      -633.757       282.137   -300654.401       101.025      -939.450        45.381     -9133.952       280.633     -1553.301        -1.722        18.911       -97.474         0.000         0.000         0.000     -8509.510       -14.619       185.401       -20.463       418.921      -245.931    147476.891       -45.651         0.000         0.000         0.000
        0.204        -0.498         0.131       -22.221        11.450       369.285      1187.360         2.596       -35.546         4.247         0.055         7.033       977.957         0.421       -10.028        -1.458         7.039       -10.314        27.903         0.032        -0.425         1.899         0.000         0.000         0.000      -557.512         0.030        41.704         0.303        -7.336         2.850        84.686        -1.053         0.000         0.000         0.000
       -0.065         0.072         2.074      -143.768        72.299      1545.367     -8751.974        -1.311      -303.836       -55.035       111.954      -117.541      -868.200         2.619       -57.597         5.360      2577.440        19.575        67.307        -0.418         2.173         5.617         0.000         0.000         0.000      4327.295       -11.624       -88.128         5.598        87.556       -21.635     -3210.441         3.474         0.000         0.000         0.000
        0.270         0.220         1.227       153.205       -77.052     -1801.264      8629.684         0.142       694.537        10.388       -46.154        33.518     -2293.720        -1.796       -61.758        -3.032     -1311.132         3.780      -124.375        -0.175        -0.102         0.811         0.000         0.000         0.000     -3207.257         7.443      -220.951         0.753       -75.003        18.248      -794.018         0.111         0.000         0.000         0.000
     -310.087        67.148      3057.188   -126475.664     62970.119   1936064.089  -6073777.823      -171.783   -233665.328      5970.558    -60263.755     26290.182  -6911972.334      3134.129    -71324.561     -1370.932  -1405048.459    -12029.731     90955.084       -68.542       -29.875     -1565.136         0.000         0.000         0.000   2584251.872      2799.738     93576.319     -6938.177     40618.181    -12639.940  12930759.332     -5550.138         0.000         0.000         0.000
        0.165         0.117        -1.360        48.095       -23.982      -808.440      2779.762        -0.156       128.249        -4.498        19.870        -8.114      3374.418        -1.135        10.289         0.889       548.217         4.963       -32.776        -0.001         0.065         1.111         0.000         0.000         0.000     -1277.115        -1.389       -48.719         2.814       -13.822         3.174     -5641.606         2.660         0.000         0.000         0.000
        0.000         0.000         0.000         0.000         0.000         0.000         0.000         0.000         0.000         0.000         0.000         0.000         0.000         0.000         0.000         0.000         0.000         0.000         0.000         0.000         0.000         0.000         1.000         1.000         1.000         0.000         0.000         0.000         0.000         0.000         0.000         0.000         0.000         1.000         1.000         1.000
        0.000         0.000         0.000         0.000         0.000         0.000         0.000         0.000         0.000         0.000         0.000         0.000         0.000         0.000         0.000         0.000         0.000         0.000         0.000         0.000         0.000         0.000         1.000         1.000         1.000         0.000         0.000         0.000         0.000         0.000         0.000         0.000         0.000         1.000         1.000         1.000
        0.000         0.000         0.000         0.000         0.000         0.000         0.000         0.000         0.000         0.000         0.000         0.000         0.000         0.000         0.000         0.000         0.000         0.000         0.000         0.000         0.000         0.000         1.000         1.000         1.000         0.000         0.000         0.000         0.000         0.000         0.000         0.000         0.000         1.000         1.000         1.000

Covariance matrix of X (correlations below diagonal):

     3567.089       -20.414        14.029         9.106       254.113     -3716.991     41540.945       -25.353      2635.906        74.270       -11.988       191.373   -536446.194       213.598     -3022.790        88.923       488.397        98.849       255.430        40.525        71.542      -192.666        48.372        -0.213      -742.255     -5428.465         0.668      -618.081        29.316       -77.060         4.737    -16968.507         6.438      -263.417        13.407        53.233
       -0.007      2334.447       -39.120       124.959      -543.256    -30521.802     31771.635       -35.230     -1180.812        48.299       -64.464       122.164   -230283.033       102.408     -1191.884        53.732     25447.806       122.936     -1180.262        -3.214        64.274       -57.635       -49.479        19.378      1254.455      6613.360        -9.657     -1333.744        33.556        85.037       -48.770     14998.885        -8.700      -582.258        22.303        45.603
        0.006        -0.021      1471.824       122.925      -552.699    -37020.013    -66023.143        86.786      2543.774        68.478       271.309        31.177   -209848.401        89.286     -2742.068        98.805     13078.599        13.242     -1188.311        28.963       -62.153        22.239       -29.675        23.200       618.090      2069.542        -0.501       538.199       -20.768        40.496         3.008     93035.707       -41.753       618.019       -26.807        45.963
        0.002         0.039         0.049      4300.479     -2193.493    -74392.296    -18880.535       -85.245      9474.711       -35.272       978.490      -239.754    212298.139       -93.970      1322.521       -51.409     17191.688        -8.296     -4110.233         4.195       -73.431       -61.829      -947.344       588.415     25874.073     -1073.300        18.944     -1779.055        -1.239      -572.757        70.204    -85429.678        44.448       204.006       -11.250      1149.390
        0.095        -0.252        -0.323        -0.749      1995.526     85034.360     76795.221        -3.311     -6509.701        -3.768      -626.876       112.782    -61625.169        28.007       146.343       -11.985    -34925.966        -8.696      3765.575       -26.048        33.909       -20.246       513.029      -277.973    -11427.621     -1499.558        -8.170      1269.455       -13.161       231.534       -30.908     -8501.203         1.569       -91.956         4.596      -548.201
       -0.030        -0.309        -0.472        -0.555         0.931   4178744.122   4119677.931      -708.876   -300770.130     -1226.557    -26851.763      2240.075     49241.937       -67.115     31092.496     -1365.862  -1890644.773      -741.444    163367.310     -1940.452      1976.469       436.467     19067.300    -10574.117   -430613.250    -58770.600      -147.117     42028.689      -365.087      6826.558      -651.615  -1207962.849       443.472    -11593.147       532.149    -21296.245
        0.118         0.111        -0.291        -0.049         0.291         0.341  35016655.030    -24912.718   -603769.406      5869.977    -32743.650     13161.127 -35178821.333     14078.508   -167138.349      6118.640  -3593870.645     11490.776    142420.681        34.689      5095.168     -7466.160      1602.794     -1444.300    -99765.019   -964999.358     -1029.269    -93189.986       960.419      7816.005     -6164.816  -5681988.105      2643.220    -49107.976      2249.956      -569.196
       -0.053        -0.091         0.284        -0.163        -0.009        -0.043        -0.528        63.556        19.098         2.286       -40.878         6.429     -6579.366         3.824      -125.369         3.488      -715.228         7.013       -12.302        -4.485        -0.108        23.001        13.542       -16.405      -686.060     -1981.658         1.947        96.076         1.299        12.006         1.607      9858.371        -4.405        24.034        -0.642       -29.731
        0.139        -0.077         0.209         0.456        -0.460        -0.465        -0.322         0.008    100248.479     -1370.234      3500.384      -916.035    909031.363      -430.255     14105.928      -614.354    145588.950       -75.507    -12377.076       -73.131      -995.071       242.482     -2368.449      1611.939     76780.725     36220.671       -77.652      4867.367      -296.904     -1720.714       485.906        23.196         8.325      6567.013      -272.531      3067.013
        0.148         0.119         0.212        -0.064        -0.010        -0.071         0.118         0.034        -0.515        70.725        -7.906        19.336    -31511.753        13.986      -435.781        17.741      -914.433         3.115       -22.803         9.928        19.394       -10.283        26.602       -20.588     -1284.723      -960.640         2.378      -219.729         7.961        32.224       -12.172      4837.287        -1.982      -163.593         6.727       -36.330
       -0.004        -0.025         0.130         0.274        -0.258        -0.242        -0.102        -0.094         0.203        -0.017      2958.332      -655.458    197785.895       -92.215      -222.935         8.604      9004.158      -128.013     -1248.828        56.597       -24.715       -65.679      -448.168       274.171     12209.085      1058.909        20.074     -1367.178        21.950      -420.658       100.216    -15215.781         4.224        -5.320        -7.952       514.090
        0.166         0.131         0.042        -0.190         0.131         0.057         0.115         0.042        -0.150         0.119        -0.625       371.466   -106904.957        47.059      -363.418        12.686     -3454.142        37.644       186.563        -0.608         4.370        25.308       103.030       -65.180     -3182.759       121.486        -4.623       386.765        -5.385       165.453       -54.285     14271.348        -5.864       -38.909         3.276      -127.294
       -0.487        -0.258        -0.296         0.175        -0.075         0.001        -0.322        -0.045         0.156        -0.203         0.197        -0.301 340421239.504   -135169.637   1329455.763    -44854.290   7477350.036    -48550.568    -35027.647     -6571.677    -22211.229      5207.933    -50839.280     38129.523   1775007.937   1084539.362      2762.051    163865.571    -11472.066    -49849.095     13513.660 -18373650.409     10653.621    101450.069     -5010.588     67605.686
        0.466         0.276         0.303        -0.187         0.082        -0.004         0.310         0.062        -0.177         0.217        -0.221         0.318        -0.954        58.959      -530.196        17.690     -3186.990        19.811        19.609         2.572         7.123        -8.680        24.854       -14.155      -575.099      -663.787        -1.243       -38.198         3.847        18.196        -4.016     10852.054        -5.439       -25.063         1.550       -24.780
       -0.293        -0.143        -0.413         0.117         0.019         0.088        -0.163        -0.091         0.258        -0.300        -0.024        -0.109         0.417        -0.399     29891.914     -1055.667     25380.839      -136.785       953.408       -82.430      -361.689        85.278      -310.485       345.793     19898.545     26424.204       -58.261      5123.590      -113.942      -179.120        63.964   -320584.197       154.923      1965.166       -88.488       561.042
        0.226         0.169         0.391        -0.119        -0.041        -0.101         0.157         0.066        -0.295         0.320         0.024         0.100        -0.369         0.350        -0.927        43.386      -925.820         4.205       -45.413         4.420        17.062        -1.476        11.709       -15.480      -899.098      -591.682         1.674      -269.077         6.324        12.355        -4.221     13576.376        -6.213      -105.723         4.388       -27.111
        0.005         0.332         0.215         0.165        -0.493        -0.583        -0.383        -0.057         0.290        -0.069         0.104        -0.113         0.256        -0.262         0.093        -0.089   2514706.603       475.530    -67172.928      1435.969      -853.765     -1347.674      -675.186       623.914      -678.313    383731.943      -391.217       344.025       121.436      2844.044      -369.862    458583.571      -261.419      8295.816      -365.752      1442.177
        0.167         0.257         0.035        -0.013        -0.020        -0.037         0.196         0.089        -0.024         0.037        -0.237         0.197        -0.265         0.260        -0.080         0.064         0.030        98.381       -32.136         0.405         6.412        -5.361        19.417       -12.655      -667.112       344.184        -3.633       -37.058         2.402        33.467       -11.022     -3025.011         1.053       -32.817         1.496       -21.751
        0.050        -0.286        -0.362        -0.733         0.986         0.935         0.282        -0.018        -0.457        -0.032        -0.269         0.113        -0.022         0.030         0.065        -0.081        -0.496        -0.038      7304.786       -60.276        37.310       -22.660       999.879      -517.952    -20869.979     -2579.223       -16.912      2787.997       -37.039       413.567       -50.988    -24704.357         7.695        20.243         0.340     -1023.207
        0.041        -0.004         0.046         0.004        -0.036        -0.058         0.000        -0.034        -0.014         0.072         0.063        -0.002        -0.022         0.020        -0.029         0.041         0.055         0.002        -0.043       269.268        -0.361       -16.083       -10.975       -71.972     -7877.513       103.323        17.805     -1653.595        70.663       112.252         5.445    -11033.196        -0.273       -85.916         3.303      -150.966
        0.048         0.053        -0.065        -0.045         0.030         0.039         0.035        -0.001        -0.126         0.092        -0.018         0.009        -0.048         0.037        -0.084         0.104        -0.022         0.026         0.018        -0.001       622.175       -32.097         9.949      -269.670    -17900.615       875.044        20.952     -7757.766       273.656       119.766        -6.942    -25920.071        -0.355     -5202.047       227.626      -485.456
       -0.059        -0.022         0.011        -0.017        -0.008         0.004        -0.023         0.052         0.014        -0.022        -0.022         0.024         0.005        -0.021         0.009        -0.004        -0.015        -0.010        -0.005        -0.018        -0.023      3036.825        15.151     -1351.820    -77334.979     11262.647        89.604      -251.430       185.796      1499.901      -290.481    -18269.043         3.215       818.675       -19.064     -2768.621
        0.035        -0.044        -0.033        -0.621         0.494         0.401         0.012         0.073        -0.322         0.136        -0.354         0.230        -0.119         0.139        -0.077         0.076        -0.018         0.084         0.503        -0.029         0.017         0.012       540.441      -260.156    -11380.528      3681.369       -10.345      1231.580       -20.123       259.177       -27.850     16708.962       -10.622       277.921        -7.890      -521.638
        0.000         0.013         0.019         0.288        -0.200        -0.166        -0.008        -0.066         0.163        -0.078         0.162        -0.108         0.066        -0.059         0.064        -0.075         0.013        -0.041        -0.194        -0.141        -0.347        -0.787        -0.359       972.598     55806.871     -3537.008       -51.537      3558.900      -229.327      -899.134       161.896      4450.085         9.359      1915.272       -95.658      1882.164
       -0.007         0.014         0.009         0.214        -0.138        -0.114        -0.009        -0.047         0.131        -0.083         0.122        -0.089         0.052        -0.041         0.062        -0.074         0.000        -0.036        -0.132        -0.260        -0.389        -0.760        -0.265         0.969   3412025.046   -286920.029     -3352.295    237800.609    -14724.663    -52362.511      8441.223   1186079.722       230.232    116781.485     -5777.228    108433.883
       -0.031         0.047         0.018        -0.006        -0.011        -0.010        -0.055        -0.085         0.039        -0.039         0.007         0.002         0.020        -0.029         0.052        -0.031         0.082         0.012        -0.010         0.002         0.012         0.069         0.054        -0.039        -0.053   8648311.197     -8246.190    -37894.145      1607.601     20356.745      -495.031  -3582371.417      1082.963    -77081.961      3425.564    -17496.647
        0.002        -0.038        -0.002         0.054        -0.034        -0.014        -0.033         0.046        -0.046         0.053         0.070        -0.045         0.028        -0.030        -0.063         0.048        -0.046        -0.069        -0.037         0.204         0.158         0.306        -0.084        -0.311        -0.342        -0.528        28.174      -314.513        14.693       -16.224        11.393     -6706.789         2.226      -100.418         4.168       -87.797
       -0.028        -0.076         0.039        -0.074         0.078         0.056        -0.043         0.033         0.042        -0.072        -0.069         0.055         0.024        -0.014         0.081        -0.112         0.001        -0.010         0.090        -0.277        -0.854        -0.013         0.145         0.313         0.353        -0.035        -0.163    132647.590     -4150.974     -1296.135        47.154    210026.277        58.172     70168.374     -3068.079      6335.871
        0.036         0.052        -0.040        -0.001        -0.022        -0.013         0.012         0.012        -0.070         0.070         0.030        -0.021        -0.046         0.037        -0.049         0.071         0.006         0.018        -0.032         0.320         0.815         0.250        -0.064        -0.546        -0.592         0.041         0.206        -0.846       181.294       157.741       -22.364     -7259.831        -2.734     -2363.237       103.913      -434.142
       -0.027         0.037         0.022        -0.182         0.108         0.070         0.028         0.031        -0.114         0.080        -0.162         0.179        -0.056         0.050        -0.022         0.039         0.037         0.070         0.101         0.143         0.100         0.569         0.233        -0.602        -0.592         0.145        -0.064        -0.074         0.245      2291.483      -697.166      6071.702        -5.791      -255.825        24.151     -1861.855
        0.005        -0.057         0.004         0.061        -0.039        -0.018        -0.059         0.011         0.087        -0.082         0.105        -0.160         0.042        -0.030         0.021        -0.036        -0.013        -0.063        -0.034         0.019        -0.016        -0.300        -0.068         0.295         0.260        -0.010         0.122         0.007        -0.094        -0.828       309.069    -11062.337         2.820        79.601        -5.561       320.255
       -0.020         0.022         0.173        -0.093        -0.014        -0.042        -0.069         0.088         0.000         0.041        -0.020         0.053        -0.071         0.101        -0.132         0.147         0.021        -0.022        -0.021        -0.048        -0.074        -0.024         0.051         0.010         0.046        -0.087        -0.090         0.041        -0.039         0.009        -0.045 195987623.639    -79135.660    133879.147     -4620.731     19632.377
        0.018        -0.030        -0.181         0.113         0.006         0.036         0.074        -0.092         0.004        -0.039         0.013        -0.051         0.096        -0.118         0.149        -0.157        -0.027         0.018         0.015        -0.003        -0.002         0.010        -0.076         0.050         0.021         0.061         0.070         0.027        -0.034        -0.020         0.027        -0.939        36.278        32.436        -2.104        13.025
       -0.017        -0.047         0.063         0.012        -0.008        -0.022        -0.033         0.012         0.081        -0.076         0.000        -0.008         0.022        -0.013         0.045        -0.063         0.021        -0.013         0.001        -0.021        -0.818         0.058         0.047         0.241         0.248        -0.103        -0.074         0.755        -0.688        -0.021         0.018         0.037         0.021     65043.890     -2777.677      3357.054
        0.020         0.042        -0.063        -0.016         0.009         0.024         0.034        -0.007        -0.078         0.072        -0.013         0.015        -0.025         0.018        -0.046         0.060        -0.021         0.014         0.000         0.018         0.826        -0.031        -0.031        -0.278        -0.283         0.105         0.071        -0.763         0.699         0.046        -0.029        -0.030        -0.032        -0.986       122.028      -168.063
        0.015         0.015         0.019         0.285        -0.200        -0.170        -0.002        -0.061         0.158        -0.070         0.154        -0.107         0.060        -0.053         0.053        -0.067         0.015        -0.036        -0.195        -0.150        -0.317        -0.817        -0.365         0.982         0.955        -0.097        -0.269         0.283        -0.525        -0.633         0.296         0.023         0.035         0.214        -0.248      3776.963
[1] "2020-11-16 20:49:14 GST"
Time difference of 10.48964 hours
