nohup: ignoring input
               year  ...  elite_award_received
count  57859.000000  ...          57859.000000
mean    2008.175029  ...              0.317289
std        4.541383  ...              0.465425
min     1996.000000  ...              0.000000
25%     2005.000000  ...              0.000000
50%     2009.000000  ...              0.000000
75%     2012.000000  ...              1.000000
max     2014.000000  ...              1.000000

[8 rows x 104 columns]
col_0
price_usd    57859
dtype: int64 

(19, 1) 

year                  year                        1.000000
                      height                     -0.059804
                      width                      -0.065688
                      case_id                     0.049252
                      size_inchsqr               -0.011152
                                                    ...   
elite_award_received  elite_school               -0.024767
                      elite_school_NA             0.365429
                      non_elite_school           -0.171755
                      elite_award_not_received   -1.000000
                      elite_award_received        1.000000
Length: 10816, dtype: float64
elite_award_received        elite_award_not_received     -1.000000
elite_award_not_received    elite_award_received         -1.000000
gender_male                 gender_female                -0.998123
gender_female               gender_male                  -0.998123
Continent___Europe          Country___USA                -0.932268
                                                            ...   
price_inch_prev_10_mean     price_inch_prev_10_mean       1.000000
price_inch_prev_10_min      price_inch_prev_10_min        1.000000
price_inch_prev_10_max      price_inch_prev_10_max        1.000000
price_same_size_prev_3_max  price_same_size_prev_3_max    1.000000
elite_award_received        elite_award_received          1.000000
Length: 10816, dtype: float64
elite_award_received          elite_award_not_received       -1.000000
elite_award_not_received      elite_award_received           -1.000000
gender_male                   gender_female                  -0.998123
gender_female                 gender_male                    -0.998123
Continent___Europe            Country___USA                  -0.932268
                                                                ...   
Country___Japan               price_same_size_prev_10_max    -0.000047
min_price                     price_same_size_prev_10_mean   -0.000015
price_same_size_prev_10_mean  min_price                      -0.000015
edu_abroad                    price_inch_prev_7_max          -0.000001
price_inch_prev_7_max         edu_abroad                     -0.000001
Length: 4462, dtype: float64
elite_award_received        elite_award_not_received     -1.000000
elite_award_not_received    elite_award_received         -1.000000
gender_male                 gender_female                -0.998123
gender_female               gender_male                  -0.998123
Continent___Europe          Country___USA                -0.932268
                                                            ...   
price_inch_prev_10_mean     price_inch_prev_10_mean       1.000000
price_inch_prev_10_min      price_inch_prev_10_min        1.000000
price_inch_prev_10_max      price_inch_prev_10_max        1.000000
price_same_size_prev_3_max  price_same_size_prev_3_max    1.000000
elite_award_received        elite_award_received          1.000000
Length: 486, dtype: float64

LinearRegression feature Importance:
Feature: 0, Score: -961617424271836.25000
Feature: 1, Score: -4407292032941058.50000
Feature: 2, Score: 1314453204921324.75000
Feature: 3, Score: -1320487244435131.75000
Feature: 4, Score: 490831904139700.81250
Feature: 5, Score: 269225862332419.68750
Feature: 6, Score: 298369324881883.12500
Feature: 7, Score: 742053938477829.50000
Feature: 8, Score: 610025402041461.50000
Feature: 9, Score: 52375339824080.50000
Feature: 10, Score: 713110573936871.00000
Feature: 11, Score: 305104335729914.75000
Feature: 12, Score: 1114323926047459.25000
Feature: 13, Score: -4400964532137982.50000
Feature: 14, Score: 1768301738374869.00000
Feature: 15, Score: 2002323860493938.00000
Feature: 16, Score: 1859709458095120.75000
Feature: 17, Score: 1750890208731412.00000
Feature: 18, Score: 414876534691250.37500
Feature: 19, Score: 247992671178327.12500
Feature: 20, Score: 260458047341008.56250
Feature: 21, Score: 348905221584856.62500
Feature: 22, Score: 1211.18750
Feature: 23, Score: -412.75000
Feature: 24, Score: 454.68750
Feature: 25, Score: -4086.87500
Feature: 26, Score: 661.21875
Feature: 27, Score: 8202.31250
Feature: 28, Score: -513.79688
Feature: 29, Score: 6176.11719
Feature: 30, Score: 7.53125
Feature: 31, Score: -2310.42188
Feature: 32, Score: -1109908742023003.37500
Feature: 33, Score: -1144435222813307.00000
Feature: 34, Score: -314170637871845.25000
Feature: 35, Score: -447703591789004.37500
Feature: 36, Score: -608766560423748.25000
Feature: 37, Score: 759821263126955.87500
Feature: 38, Score: 759821263126269.75000
Feature: 39, Score: 9347892980941302.00000
Feature: 40, Score: 5426037976001666.00000
Feature: 41, Score: -16657718374645.87500
Feature: 42, Score: 28518255934484.25000
Feature: 43, Score: -6542671755703.25000
Feature: 44, Score: -5464629828105.75000
Feature: 45, Score: -1018.06250
Feature: 46, Score: -334193711436420.18750
Feature: 47, Score: -5450025966953397.00000
Feature: 48, Score: -5457552880425687.00000
Feature: 49, Score: -3608180455328427.00000
Feature: 50, Score: -1738.25000
Feature: 51, Score: 1346.62500
Feature: 52, Score: -3526.87500
Feature: 53, Score: -3258.00000
Feature: 54, Score: 3332.25000
Feature: 55, Score: -1423.25000
Feature: 56, Score: -1148.50000
Feature: 57, Score: -2365811052659712.00000
Feature: 58, Score: 10196576569873728.00000
Feature: 59, Score: 8455.15625
Feature: 60, Score: -10496.12500
Feature: 61, Score: -596.37500
Feature: 62, Score: -395.79688
Feature: 63, Score: 581.43750
Feature: 64, Score: -1615.87500
Feature: 65, Score: 3767.81250
Feature: 66, Score: -5963.18750
Feature: 67, Score: 764.75000
Feature: 68, Score: -9594.78125
Feature: 69, Score: 11137.37500
Feature: 70, Score: -151.00000
Feature: 71, Score: -10839.93750
Feature: 72, Score: 12736.56250
Feature: 73, Score: 2036.32031
Feature: 74, Score: 391.56250
Feature: 75, Score: 234.75000
Feature: 76, Score: 1232.43750
Feature: 77, Score: 104.56250
Feature: 78, Score: 5580.31250
Feature: 79, Score: -1693.37500
Feature: 80, Score: 4982.00000
Feature: 81, Score: -9916.75000
Feature: 82, Score: 612.06250
Feature: 83, Score: -2996.50000
Feature: 84, Score: 1489.50000
Feature: 85, Score: 1161.15625
Feature: 86, Score: 6119.11719
Feature: 87, Score: -4157.12500
Feature: 88, Score: 2754.18750
Feature: 89, Score: -5603.90625
Feature: 90, Score: 3914.14062
Feature: 91, Score: -1033.15625
Feature: 92, Score: 3881.75000
Feature: 93, Score: 588.25000
Feature: 94, Score: 2561.06250
Feature: 95, Score: 3543.46875
Feature: 96, Score: 1319.25000
Feature: 97, Score: -416.14062
Feature: 98, Score: -3149.31250
Feature: 99, Score: -2210.35938
Feature: 100, Score: -4037458358912971.00000
Feature: 101, Score: -917.68750
Feature: 102, Score: 2218.75000

DecisionTreeRegressor feature Importance:
Feature: 0, Score: 0.00003
Feature: 1, Score: 0.00003
Feature: 2, Score: 0.00010
Feature: 3, Score: 0.00012
Feature: 4, Score: 0.00035
Feature: 5, Score: 0.00000
Feature: 6, Score: 0.00000
Feature: 7, Score: 0.00024
Feature: 8, Score: 0.00002
Feature: 9, Score: 0.00000
Feature: 10, Score: 0.00000
Feature: 11, Score: 0.00000
Feature: 12, Score: 0.00015
Feature: 13, Score: 0.00002
Feature: 14, Score: 0.00071
Feature: 15, Score: 0.00022
Feature: 16, Score: 0.00024
Feature: 17, Score: 0.00019
Feature: 18, Score: 0.00003
Feature: 19, Score: 0.00019
Feature: 20, Score: 0.00000
Feature: 21, Score: 0.00002
Feature: 22, Score: 0.00997
Feature: 23, Score: 0.00471
Feature: 24, Score: 0.00353
Feature: 25, Score: 0.00290
Feature: 26, Score: 0.00309
Feature: 27, Score: 0.00376
Feature: 28, Score: 0.00292
Feature: 29, Score: 0.00157
Feature: 30, Score: 0.00662
Feature: 31, Score: 0.00328
Feature: 32, Score: 0.00000
Feature: 33, Score: 0.00001
Feature: 34, Score: 0.00017
Feature: 35, Score: 0.00007
Feature: 36, Score: 0.00011
Feature: 37, Score: 0.00297
Feature: 38, Score: 0.00027
Feature: 39, Score: 0.00018
Feature: 40, Score: 0.00001
Feature: 41, Score: 0.01449
Feature: 42, Score: 0.69806
Feature: 43, Score: 0.00904
Feature: 44, Score: 0.00258
Feature: 45, Score: 0.00066
Feature: 46, Score: 0.00000
Feature: 47, Score: 0.00013
Feature: 48, Score: 0.00010
Feature: 49, Score: 0.00008
Feature: 50, Score: 0.00573
Feature: 51, Score: 0.00557
Feature: 52, Score: 0.09884
Feature: 53, Score: 0.00297
Feature: 54, Score: 0.00391
Feature: 55, Score: 0.00259
Feature: 56, Score: 0.00146
Feature: 57, Score: 0.00005
Feature: 58, Score: 0.00016
Feature: 59, Score: 0.00128
Feature: 60, Score: 0.00251
Feature: 61, Score: 0.00131
Feature: 62, Score: 0.00120
Feature: 63, Score: 0.00144
Feature: 64, Score: 0.00173
Feature: 65, Score: 0.00256
Feature: 66, Score: 0.00098
Feature: 67, Score: 0.00175
Feature: 68, Score: 0.00956
Feature: 69, Score: 0.00101
Feature: 70, Score: 0.00068
Feature: 71, Score: 0.00241
Feature: 72, Score: 0.00138
Feature: 73, Score: 0.00405
Feature: 74, Score: 0.00316
Feature: 75, Score: 0.00106
Feature: 76, Score: 0.00237
Feature: 77, Score: 0.00103
Feature: 78, Score: 0.00097
Feature: 79, Score: 0.00239
Feature: 80, Score: 0.00281
Feature: 81, Score: 0.00244
Feature: 82, Score: 0.00238
Feature: 83, Score: 0.00415
Feature: 84, Score: 0.00599
Feature: 85, Score: 0.00216
Feature: 86, Score: 0.00166
Feature: 87, Score: 0.00329
Feature: 88, Score: 0.00650
Feature: 89, Score: 0.00100
Feature: 90, Score: 0.00071
Feature: 91, Score: 0.00138
Feature: 92, Score: 0.00264
Feature: 93, Score: 0.00571
Feature: 94, Score: 0.00110
Feature: 95, Score: 0.00240
Feature: 96, Score: 0.00158
Feature: 97, Score: 0.00246
Feature: 98, Score: 0.00159
Feature: 99, Score: 0.00124
Feature: 100, Score: 0.00007
Feature: 101, Score: 0.00479
Feature: 102, Score: 0.00188

RandomForestRegressor feature Importance:
Feature: 0, Score: 0.00002
Feature: 1, Score: 0.00014
Feature: 2, Score: 0.00015
Feature: 3, Score: 0.00026
Feature: 4, Score: 0.00005
Feature: 5, Score: 0.00005
Feature: 6, Score: 0.00002
Feature: 7, Score: 0.00012
Feature: 8, Score: 0.00008
Feature: 9, Score: 0.00000
Feature: 10, Score: 0.00008
Feature: 11, Score: 0.00000
Feature: 12, Score: 0.00027
Feature: 13, Score: 0.00019
Feature: 14, Score: 0.00053
Feature: 15, Score: 0.00021
Feature: 16, Score: 0.00021
Feature: 17, Score: 0.00032
Feature: 18, Score: 0.00010
Feature: 19, Score: 0.00041
Feature: 20, Score: 0.00004
Feature: 21, Score: 0.00015
Feature: 22, Score: 0.00832
Feature: 23, Score: 0.00488
Feature: 24, Score: 0.00545
Feature: 25, Score: 0.00239
Feature: 26, Score: 0.00405
Feature: 27, Score: 0.00455
Feature: 28, Score: 0.00438
Feature: 29, Score: 0.00184
Feature: 30, Score: 0.00292
Feature: 31, Score: 0.00245
Feature: 32, Score: 0.00005
Feature: 33, Score: 0.00009
Feature: 34, Score: 0.00025
Feature: 35, Score: 0.00014
Feature: 36, Score: 0.00017
Feature: 37, Score: 0.00037
Feature: 38, Score: 0.00021
Feature: 39, Score: 0.00026
Feature: 40, Score: 0.00004
Feature: 41, Score: 0.13462
Feature: 42, Score: 0.36253
Feature: 43, Score: 0.10959
Feature: 44, Score: 0.00288
Feature: 45, Score: 0.00073
Feature: 46, Score: 0.00000
Feature: 47, Score: 0.00021
Feature: 48, Score: 0.00018
Feature: 49, Score: 0.00024
Feature: 50, Score: 0.00224
Feature: 51, Score: 0.00410
Feature: 52, Score: 0.21137
Feature: 53, Score: 0.00313
Feature: 54, Score: 0.00449
Feature: 55, Score: 0.00339
Feature: 56, Score: 0.00275
Feature: 57, Score: 0.00025
Feature: 58, Score: 0.00017
Feature: 59, Score: 0.00267
Feature: 60, Score: 0.00265
Feature: 61, Score: 0.00292
Feature: 62, Score: 0.00187
Feature: 63, Score: 0.00232
Feature: 64, Score: 0.00237
Feature: 65, Score: 0.00182
Feature: 66, Score: 0.00177
Feature: 67, Score: 0.00189
Feature: 68, Score: 0.00257
Feature: 69, Score: 0.00236
Feature: 70, Score: 0.00193
Feature: 71, Score: 0.00239
Feature: 72, Score: 0.00234
Feature: 73, Score: 0.00282
Feature: 74, Score: 0.00247
Feature: 75, Score: 0.00198
Feature: 76, Score: 0.00316
Feature: 77, Score: 0.00189
Feature: 78, Score: 0.00166
Feature: 79, Score: 0.00247
Feature: 80, Score: 0.00181
Feature: 81, Score: 0.00174
Feature: 82, Score: 0.00203
Feature: 83, Score: 0.00411
Feature: 84, Score: 0.00558
Feature: 85, Score: 0.00452
Feature: 86, Score: 0.00265
Feature: 87, Score: 0.00266
Feature: 88, Score: 0.00415
Feature: 89, Score: 0.00200
Feature: 90, Score: 0.00311
Feature: 91, Score: 0.00286
Feature: 92, Score: 0.00238
Feature: 93, Score: 0.00418
Feature: 94, Score: 0.00246
Feature: 95, Score: 0.00186
Feature: 96, Score: 0.00177
Feature: 97, Score: 0.00221
Feature: 98, Score: 0.00240
Feature: 99, Score: 0.00192
Feature: 100, Score: 0.00018
Feature: 101, Score: 0.00326
Feature: 102, Score: 0.00276

XGBRegressor feature Importance:
Feature: 0, Score: 0.00095
Feature: 1, Score: 0.00034
Feature: 2, Score: 0.00089
Feature: 3, Score: 0.00203
Feature: 4, Score: 0.00027
Feature: 5, Score: 0.00183
Feature: 6, Score: 0.00056
Feature: 7, Score: 0.00020
Feature: 8, Score: 0.00063
Feature: 9, Score: 0.00000
Feature: 10, Score: 0.00058
Feature: 11, Score: 0.00000
Feature: 12, Score: 0.00038
Feature: 13, Score: 0.00000
Feature: 14, Score: 0.00044
Feature: 15, Score: 0.00065
Feature: 16, Score: 0.00043
Feature: 17, Score: 0.00059
Feature: 18, Score: 0.00028
Feature: 19, Score: 0.00510
Feature: 20, Score: 0.00000
Feature: 21, Score: 0.00162
Feature: 22, Score: 0.00295
Feature: 23, Score: 0.00228
Feature: 24, Score: 0.00325
Feature: 25, Score: 0.00150
Feature: 26, Score: 0.00314
Feature: 27, Score: 0.00262
Feature: 28, Score: 0.00454
Feature: 29, Score: 0.01006
Feature: 30, Score: 0.00799
Feature: 31, Score: 0.00645
Feature: 32, Score: 0.00326
Feature: 33, Score: 0.00000
Feature: 34, Score: 0.00309
Feature: 35, Score: 0.00115
Feature: 36, Score: 0.00340
Feature: 37, Score: 0.02238
Feature: 38, Score: 0.00000
Feature: 39, Score: 0.00168
Feature: 40, Score: 0.00000
Feature: 41, Score: 0.01567
Feature: 42, Score: 0.31595
Feature: 43, Score: 0.06737
Feature: 44, Score: 0.00196
Feature: 45, Score: 0.00253
Feature: 46, Score: 0.00000
Feature: 47, Score: 0.00211
Feature: 48, Score: 0.00000
Feature: 49, Score: 0.00360
Feature: 50, Score: 0.00192
Feature: 51, Score: 0.00291
Feature: 52, Score: 0.30802
Feature: 53, Score: 0.00871
Feature: 54, Score: 0.00678
Feature: 55, Score: 0.00638
Feature: 56, Score: 0.00273
Feature: 57, Score: 0.00000
Feature: 58, Score: 0.00419
Feature: 59, Score: 0.00307
Feature: 60, Score: 0.00445
Feature: 61, Score: 0.00344
Feature: 62, Score: 0.00227
Feature: 63, Score: 0.00362
Feature: 64, Score: 0.00468
Feature: 65, Score: 0.00374
Feature: 66, Score: 0.00408
Feature: 67, Score: 0.00421
Feature: 68, Score: 0.00800
Feature: 69, Score: 0.00296
Feature: 70, Score: 0.00157
Feature: 71, Score: 0.00364
Feature: 72, Score: 0.00299
Feature: 73, Score: 0.00333
Feature: 74, Score: 0.00385
Feature: 75, Score: 0.00216
Feature: 76, Score: 0.00367
Feature: 77, Score: 0.00241
Feature: 78, Score: 0.00285
Feature: 79, Score: 0.00499
Feature: 80, Score: 0.00348
Feature: 81, Score: 0.00344
Feature: 82, Score: 0.00178
Feature: 83, Score: 0.00338
Feature: 84, Score: 0.00481
Feature: 85, Score: 0.00556
Feature: 86, Score: 0.00213
Feature: 87, Score: 0.00177
Feature: 88, Score: 0.00507
Feature: 89, Score: 0.00272
Feature: 90, Score: 0.00456
Feature: 91, Score: 0.00202
Feature: 92, Score: 0.00347
Feature: 93, Score: 0.00296
Feature: 94, Score: 0.00110
Feature: 95, Score: 0.00234
Feature: 96, Score: 0.00389
Feature: 97, Score: 0.00315
Feature: 98, Score: 0.00337
Feature: 99, Score: 0.00210
Feature: 100, Score: 0.00596
Feature: 101, Score: 0.00291
Feature: 102, Score: 0.00369

Model training and Evaluation with full and top features:

RandomForestRegressor traning and evaluation
Variance score for full features: 0.79
Variance score for top features: 0.79

LinearRegression traning and evaluation
Variance score for full features: 0.77
Variance score for top features: 0.10

DecisionTreeRegressor traning and evaluation
Variance score for full features: 0.54
Variance score for top features: 0.62

XGBRegressor traning and evaluation
Variance score for full features: 0.79
Variance score for top features: 0.77

Features Importance with RFE:

Column: 0, Selected False, Rank: 40.000
Column: 1, Selected False, Rank: 45.000
Column: 2, Selected False, Rank: 56.000
Column: 3, Selected False, Rank: 25.000
Column: 4, Selected False, Rank: 24.000
Column: 5, Selected True, Rank: 1.000
Column: 6, Selected False, Rank: 33.000
Column: 7, Selected False, Rank: 16.000
Column: 8, Selected False, Rank: 28.000
Column: 9, Selected False, Rank: 42.000
Column: 10, Selected False, Rank: 52.000
Column: 11, Selected False, Rank: 5.000
Column: 12, Selected True, Rank: 1.000
Column: 13, Selected False, Rank: 26.000
Column: 14, Selected False, Rank: 15.000
Column: 15, Selected False, Rank: 38.000
Column: 16, Selected False, Rank: 35.000
Column: 17, Selected False, Rank: 51.000
Column: 18, Selected False, Rank: 46.000
Column: 19, Selected False, Rank: 39.000
Column: 20, Selected False, Rank: 10.000
Column: 21, Selected False, Rank: 14.000
Column: 22, Selected False, Rank: 12.000
Column: 23, Selected True, Rank: 1.000
Column: 24, Selected False, Rank: 41.000
Column: 25, Selected False, Rank: 55.000
Column: 26, Selected True, Rank: 1.000
Column: 27, Selected False, Rank: 19.000
Column: 28, Selected False, Rank: 50.000
Column: 29, Selected False, Rank: 88.000
Column: 30, Selected False, Rank: 92.000
Column: 31, Selected False, Rank: 93.000
Column: 32, Selected False, Rank: 77.000
Column: 33, Selected False, Rank: 89.000
Column: 34, Selected False, Rank: 95.000
Column: 35, Selected False, Rank: 78.000
Column: 36, Selected False, Rank: 94.000
Column: 37, Selected False, Rank: 62.000
Column: 38, Selected False, Rank: 59.000
Column: 39, Selected False, Rank: 91.000
Column: 40, Selected False, Rank: 67.000
Column: 41, Selected False, Rank: 66.000
Column: 42, Selected False, Rank: 87.000
Column: 43, Selected False, Rank: 74.000
Column: 44, Selected False, Rank: 75.000
Column: 45, Selected False, Rank: 90.000
Column: 46, Selected False, Rank: 86.000
Column: 47, Selected False, Rank: 82.000
Column: 48, Selected False, Rank: 71.000
Column: 49, Selected False, Rank: 73.000
Column: 50, Selected False, Rank: 85.000
Column: 51, Selected False, Rank: 7.000
Column: 52, Selected False, Rank: 57.000
Column: 53, Selected False, Rank: 29.000
Column: 54, Selected False, Rank: 9.000
Column: 55, Selected False, Rank: 21.000
Column: 56, Selected False, Rank: 4.000
Column: 57, Selected False, Rank: 27.000
Column: 58, Selected False, Rank: 17.000
Column: 59, Selected True, Rank: 1.000
Column: 60, Selected True, Rank: 1.000
Column: 61, Selected False, Rank: 36.000
Column: 62, Selected False, Rank: 8.000
Column: 63, Selected False, Rank: 23.000
Column: 64, Selected False, Rank: 11.000
Column: 65, Selected False, Rank: 13.000
Column: 66, Selected False, Rank: 31.000
Column: 67, Selected False, Rank: 37.000
Column: 68, Selected False, Rank: 22.000
Column: 69, Selected False, Rank: 47.000
Column: 70, Selected False, Rank: 32.000
Column: 71, Selected False, Rank: 3.000
Column: 72, Selected False, Rank: 30.000
Column: 73, Selected True, Rank: 1.000
Column: 74, Selected False, Rank: 34.000
Column: 75, Selected False, Rank: 58.000
Column: 76, Selected True, Rank: 1.000
Column: 77, Selected False, Rank: 20.000
Column: 78, Selected True, Rank: 1.000
Column: 79, Selected False, Rank: 6.000
Column: 80, Selected False, Rank: 48.000
Column: 81, Selected False, Rank: 53.000
Column: 82, Selected False, Rank: 49.000
Column: 83, Selected False, Rank: 54.000
Column: 84, Selected False, Rank: 2.000
Column: 85, Selected False, Rank: 43.000
Column: 86, Selected False, Rank: 44.000
Column: 87, Selected False, Rank: 18.000
Column: 88, Selected False, Rank: 96.000
Column: 89, Selected False, Rank: 72.000
Column: 90, Selected False, Rank: 70.000
Column: 91, Selected False, Rank: 84.000
Column: 92, Selected False, Rank: 76.000
Column: 93, Selected False, Rank: 79.000
Column: 94, Selected False, Rank: 69.000
Column: 95, Selected False, Rank: 83.000
Column: 96, Selected False, Rank: 60.000
Column: 97, Selected False, Rank: 80.000
Column: 98, Selected False, Rank: 61.000
Column: 99, Selected False, Rank: 68.000
Column: 100, Selected False, Rank: 81.000
Column: 101, Selected False, Rank: 64.000
Column: 102, Selected False, Rank: 63.000
Column: 103, Selected False, Rank: 65.000

[False False False False False  True False False False False False False
  True False False False False False False False False False False  True
 False False  True False False False False False False False False False
 False False False False False False False False False False False False
 False False False False False False False False False False False  True
  True False False False False False False False False False False False
 False  True False False  True False  True False False False False False
 False False False False False False False False False False False False
 False False False False False False False False]
[40 45 56 25 24  1 33 16 28 42 52  5  1 26 15 38 35 51 46 39 10 14 12  1
 41 55  1 19 50 88 92 93 77 89 95 78 94 62 59 91 67 66 87 74 75 90 86 82
 71 73 85  7 57 29  9 21  4 27 17  1  1 36  8 23 11 13 31 37 22 47 32  3
 30  1 34 58  1 20  1  6 48 53 49 54  2 43 44 18 96 72 70 84 76 79 69 83
 60 80 61 68 81 64 63 65]

# evaluate RFE for regression

MAE: -22894.632 (817.865)

